[ 2020-07-30T08:37:08+08:00 ] 223.88.36.110 /
INFO: [ app_init ] --START--
INFO: Run Behavior\BuildLiteBehavior [ RunTime:0.000000s ]
INFO: [ app_init ] --END-- [ RunTime:0.000976s ]
INFO: [ app_begin ] --START--
INFO: Run Behavior\ReadHtmlCacheBehavior [ RunTime:0.002929s ]
INFO: [ app_begin ] --END-- [ RunTime:0.002929s ]
INFO: [ view_parse ] --START--
INFO: [ template_filter ] --START--
INFO: Run Behavior\ContentReplaceBehavior [ RunTime:0.000000s ]
INFO: [ template_filter ] --END-- [ RunTime:0.000000s ]
INFO: Run Behavior\ParseTemplateBehavior [ RunTime:0.019530s ]
INFO: [ view_parse ] --END-- [ RunTime:0.019530s ]
INFO: [ view_filter ] --START--
INFO: Run Behavior\WriteHtmlCacheBehavior [ RunTime:0.001953s ]
INFO: [ view_filter ] --END-- [ RunTime:0.002929s ]
INFO: [ app_end ] --START--
INFO: Run Behavior\ShowPageTraceBehavior [ RunTime:0.002930s ]
INFO: [ app_end ] --END-- [ RunTime:0.002930s ]

[ 2020-07-30T08:37:21+08:00 ] 223.88.36.110 /
INFO: [ app_init ] --START--
INFO: Run Behavior\BuildLiteBehavior [ RunTime:0.000000s ]
INFO: [ app_init ] --END-- [ RunTime:0.000976s ]
INFO: [ app_begin ] --START--
INFO: Run Behavior\ReadHtmlCacheBehavior [ RunTime:0.001953s ]
INFO: [ app_begin ] --END-- [ RunTime:0.002929s ]
SQL: SHOW COLUMNS FROM `c_users` [ RunTime:0.0029s ]
SQL: SELECT * FROM `c_users` WHERE `username` = '李倩' AND `password` = 'e57c9c8b15a82745dd4ecbead593094f' LIMIT 1   [ RunTime:0.0000s ]
SQL: SHOW COLUMNS FROM `c_log` [ RunTime:0.0029s ]
SQL: INSERT INTO `c_log` (`name`,`t`,`ip`,`log`) VALUES ('李倩','1596069441','223.88.36.110','登录成功') [ RunTime:0.0010s ]
INFO: [ view_parse ] --START--
INFO: [ template_filter ] --START--
INFO: Run Behavior\ContentReplaceBehavior [ RunTime:0.000000s ]
INFO: [ template_filter ] --END-- [ RunTime:0.000000s ]
NOTIC: [8] Undefined variable: error C:\wwwroot\oa.52lvu.cn\Runtime\Cache\Home\cf67dc478d0f9143c4e32b762444702a.php 第 6 行.
INFO: Run Behavior\ParseTemplateBehavior [ RunTime:0.018553s ]
INFO: [ view_parse ] --END-- [ RunTime:0.018553s ]
INFO: [ view_filter ] --START--
INFO: Run Behavior\WriteHtmlCacheBehavior [ RunTime:0.002930s ]
INFO: [ view_filter ] --END-- [ RunTime:0.002930s ]
INFO: [ app_end ] --START--
INFO: Run Behavior\ShowPageTraceBehavior [ RunTime:0.002929s ]
INFO: [ app_end ] --END-- [ RunTime:0.002929s ]

[ 2020-07-30T08:55:45+08:00 ] 223.88.36.121 /
INFO: [ app_init ] --START--
INFO: Run Behavior\BuildLiteBehavior [ RunTime:0.000000s ]
INFO: [ app_init ] --END-- [ RunTime:0.000977s ]
INFO: [ app_begin ] --START--
INFO: Run Behavior\ReadHtmlCacheBehavior [ RunTime:0.002930s ]
INFO: [ app_begin ] --END-- [ RunTime:0.002930s ]
INFO: [ view_parse ] --START--
INFO: [ template_filter ] --START--
INFO: Run Behavior\ContentReplaceBehavior [ RunTime:0.000000s ]
INFO: [ template_filter ] --END-- [ RunTime:0.000000s ]
INFO: Run Behavior\ParseTemplateBehavior [ RunTime:0.018554s ]
INFO: [ view_parse ] --END-- [ RunTime:0.018554s ]
INFO: [ view_filter ] --START--
INFO: Run Behavior\WriteHtmlCacheBehavior [ RunTime:0.001953s ]
INFO: [ view_filter ] --END-- [ RunTime:0.002929s ]
INFO: [ app_end ] --START--
INFO: Run Behavior\ShowPageTraceBehavior [ RunTime:0.002930s ]
INFO: [ app_end ] --END-- [ RunTime:0.002930s ]

[ 2020-07-30T09:44:48+08:00 ] 47.98.103.141 /
INFO: [ app_init ] --START--
INFO: Run Behavior\BuildLiteBehavior [ RunTime:0.000000s ]
INFO: [ app_init ] --END-- [ RunTime:0.000977s ]
INFO: [ app_begin ] --START--
INFO: Run Behavior\ReadHtmlCacheBehavior [ RunTime:0.002929s ]
INFO: [ app_begin ] --END-- [ RunTime:0.002929s ]
INFO: [ view_parse ] --START--
INFO: [ template_filter ] --START--
INFO: Run Behavior\ContentReplaceBehavior [ RunTime:0.000000s ]
INFO: [ template_filter ] --END-- [ RunTime:0.000000s ]
INFO: Run Behavior\ParseTemplateBehavior [ RunTime:0.018553s ]
INFO: [ view_parse ] --END-- [ RunTime:0.018553s ]
INFO: [ view_filter ] --START--
INFO: Run Behavior\WriteHtmlCacheBehavior [ RunTime:0.002930s ]
INFO: [ view_filter ] --END-- [ RunTime:0.002930s ]
INFO: [ app_end ] --START--
INFO: Run Behavior\ShowPageTraceBehavior [ RunTime:0.002929s ]
INFO: [ app_end ] --END-- [ RunTime:0.002929s ]

[ 2020-07-30T15:58:09+08:00 ] 223.88.36.110 /
INFO: [ app_init ] --START--
INFO: Run Behavior\BuildLiteBehavior [ RunTime:0.000000s ]
INFO: [ app_init ] --END-- [ RunTime:0.001953s ]
INFO: [ app_begin ] --START--
INFO: Run Behavior\ReadHtmlCacheBehavior [ RunTime:0.002930s ]
INFO: [ app_begin ] --END-- [ RunTime:0.002930s ]
INFO: [ view_parse ] --START--
INFO: [ template_filter ] --START--
INFO: Run Behavior\ContentReplaceBehavior [ RunTime:0.000000s ]
INFO: [ template_filter ] --END-- [ RunTime:0.000000s ]
INFO: Run Behavior\ParseTemplateBehavior [ RunTime:0.021483s ]
INFO: [ view_parse ] --END-- [ RunTime:0.021483s ]
INFO: [ view_filter ] --START--
INFO: Run Behavior\WriteHtmlCacheBehavior [ RunTime:0.003906s ]
INFO: [ view_filter ] --END-- [ RunTime:0.003906s ]
INFO: [ app_end ] --START--
INFO: Run Behavior\ShowPageTraceBehavior [ RunTime:0.002929s ]
INFO: [ app_end ] --END-- [ RunTime:0.002929s ]

[ 2020-07-30T15:58:33+08:00 ] 223.88.36.110 /
INFO: [ app_init ] --START--
INFO: Run Behavior\BuildLiteBehavior [ RunTime:0.000000s ]
INFO: [ app_init ] --END-- [ RunTime:0.001953s ]
INFO: [ app_begin ] --START--
INFO: Run Behavior\ReadHtmlCacheBehavior [ RunTime:0.002929s ]
INFO: [ app_begin ] --END-- [ RunTime:0.002929s ]
SQL: SHOW COLUMNS FROM `c_users` [ RunTime:0.0029s ]
SQL: SELECT * FROM `c_users` WHERE `username` = '刘梦如' AND `password` = 'f710f489f77028d87f3d2c220c2052ca' LIMIT 1   [ RunTime:0.0000s ]
SQL: SHOW COLUMNS FROM `c_log` [ RunTime:0.0020s ]
NOTIC: [8] A session had already been started - ignoring session_start() C:\wwwroot\oa.52lvu.cn\Application\Common\Common\function.php 第 1497 行.
NOTIC: [8] Undefined index: user C:\wwwroot\oa.52lvu.cn\Application\Common\Common\function.php 第 1498 行.
SQL: INSERT INTO `c_log` (`name`,`t`,`ip`,`log`) VALUES ('','1596095913','223.88.36.110','登录失败') [ RunTime:0.0010s ]
INFO: [ view_parse ] --START--
INFO: [ template_filter ] --START--
INFO: Run Behavior\ContentReplaceBehavior [ RunTime:0.000000s ]
INFO: [ template_filter ] --END-- [ RunTime:0.000000s ]
NOTIC: [8] Undefined variable: message C:\wwwroot\oa.52lvu.cn\Runtime\Cache\Home\cf67dc478d0f9143c4e32b762444702a.php 第 6 行.
INFO: Run Behavior\ParseTemplateBehavior [ RunTime:0.018553s ]
INFO: [ view_parse ] --END-- [ RunTime:0.018553s ]
INFO: [ view_filter ] --START--
INFO: Run Behavior\WriteHtmlCacheBehavior [ RunTime:0.001953s ]
INFO: [ view_filter ] --END-- [ RunTime:0.002930s ]

[ 2020-07-30T15:58:36+08:00 ] 223.88.36.110 /
INFO: [ app_init ] --START--
INFO: Run Behavior\BuildLiteBehavior [ RunTime:0.000000s ]
INFO: [ app_init ] --END-- [ RunTime:0.000976s ]
INFO: [ app_begin ] --START--
INFO: Run Behavior\ReadHtmlCacheBehavior [ RunTime:0.002929s ]
INFO: [ app_begin ] --END-- [ RunTime:0.002929s ]
INFO: [ view_parse ] --START--
INFO: [ template_filter ] --START--
INFO: Run Behavior\ContentReplaceBehavior [ RunTime:0.000976s ]
INFO: [ template_filter ] --END-- [ RunTime:0.000976s ]
INFO: Run Behavior\ParseTemplateBehavior [ RunTime:0.018554s ]
INFO: [ view_parse ] --END-- [ RunTime:0.019530s ]
INFO: [ view_filter ] --START--
INFO: Run Behavior\WriteHtmlCacheBehavior [ RunTime:0.002929s ]
INFO: [ view_filter ] --END-- [ RunTime:0.002929s ]
INFO: [ app_end ] --START--
INFO: Run Behavior\ShowPageTraceBehavior [ RunTime:0.002930s ]
INFO: [ app_end ] --END-- [ RunTime:0.002930s ]

[ 2020-07-30T15:58:44+08:00 ] 223.88.36.110 /
INFO: [ app_init ] --START--
INFO: Run Behavior\BuildLiteBehavior [ RunTime:0.000000s ]
INFO: [ app_init ] --END-- [ RunTime:0.001953s ]
INFO: [ app_begin ] --START--
INFO: Run Behavior\ReadHtmlCacheBehavior [ RunTime:0.002930s ]
INFO: [ app_begin ] --END-- [ RunTime:0.002930s ]
SQL: SHOW COLUMNS FROM `c_users` [ RunTime:0.0029s ]
SQL: SELECT * FROM `c_users` WHERE `username` = '刘梦如' AND `password` = 'c21fe75001354d686d2fa167cf3770fa' LIMIT 1   [ RunTime:0.0000s ]
SQL: SHOW COLUMNS FROM `c_log` [ RunTime:0.0029s ]
NOTIC: [8] A session had already been started - ignoring session_start() C:\wwwroot\oa.52lvu.cn\Application\Common\Common\function.php 第 1497 行.
NOTIC: [8] Undefined index: user C:\wwwroot\oa.52lvu.cn\Application\Common\Common\function.php 第 1498 行.
SQL: INSERT INTO `c_log` (`name`,`t`,`ip`,`log`) VALUES ('','1596095924','223.88.36.110','登录失败') [ RunTime:0.0000s ]
INFO: [ view_parse ] --START--
INFO: [ template_filter ] --START--
INFO: Run Behavior\ContentReplaceBehavior [ RunTime:0.000000s ]
INFO: [ template_filter ] --END-- [ RunTime:0.000000s ]
NOTIC: [8] Undefined variable: message C:\wwwroot\oa.52lvu.cn\Runtime\Cache\Home\cf67dc478d0f9143c4e32b762444702a.php 第 6 行.
INFO: Run Behavior\ParseTemplateBehavior [ RunTime:0.018553s ]
INFO: [ view_parse ] --END-- [ RunTime:0.018553s ]
INFO: [ view_filter ] --START--
INFO: Run Behavior\WriteHtmlCacheBehavior [ RunTime:0.002930s ]
INFO: [ view_filter ] --END-- [ RunTime:0.002930s ]

[ 2020-07-30T15:58:47+08:00 ] 223.88.36.110 /
INFO: [ app_init ] --START--
INFO: Run Behavior\BuildLiteBehavior [ RunTime:0.000000s ]
INFO: [ app_init ] --END-- [ RunTime:0.001953s ]
INFO: [ app_begin ] --START--
INFO: Run Behavior\ReadHtmlCacheBehavior [ RunTime:0.002930s ]
INFO: [ app_begin ] --END-- [ RunTime:0.002930s ]
INFO: [ view_parse ] --START--
INFO: [ template_filter ] --START--
INFO: Run Behavior\ContentReplaceBehavior [ RunTime:0.000000s ]
INFO: [ template_filter ] --END-- [ RunTime:0.000000s ]
INFO: Run Behavior\ParseTemplateBehavior [ RunTime:0.017577s ]
INFO: [ view_parse ] --END-- [ RunTime:0.018553s ]
INFO: [ view_filter ] --START--
INFO: Run Behavior\WriteHtmlCacheBehavior [ RunTime:0.001953s ]
INFO: [ view_filter ] --END-- [ RunTime:0.001953s ]
INFO: [ app_end ] --START--
INFO: Run Behavior\ShowPageTraceBehavior [ RunTime:0.001953s ]
INFO: [ app_end ] --END-- [ RunTime:0.002930s ]

[ 2020-07-30T15:59:00+08:00 ] 223.88.36.110 /
INFO: [ app_init ] --START--
INFO: Run Behavior\BuildLiteBehavior [ RunTime:0.000000s ]
INFO: [ app_init ] --END-- [ RunTime:0.000977s ]
INFO: [ app_begin ] --START--
INFO: Run Behavior\ReadHtmlCacheBehavior [ RunTime:0.001953s ]
INFO: [ app_begin ] --END-- [ RunTime:0.002929s ]
SQL: SHOW COLUMNS FROM `c_users` [ RunTime:0.0029s ]
SQL: SELECT * FROM `c_users` WHERE `username` = '刘梦如' AND `password` = '293be4d93c49c10762abdba9610b306a' LIMIT 1   [ RunTime:0.0010s ]
SQL: SHOW COLUMNS FROM `c_log` [ RunTime:0.0020s ]
SQL: INSERT INTO `c_log` (`name`,`t`,`ip`,`log`) VALUES ('刘梦如','1596095940','223.88.36.110','登录成功') [ RunTime:0.0010s ]
INFO: [ view_parse ] --START--
INFO: [ template_filter ] --START--
INFO: Run Behavior\ContentReplaceBehavior [ RunTime:0.000000s ]
INFO: [ template_filter ] --END-- [ RunTime:0.000000s ]
NOTIC: [8] Undefined variable: error C:\wwwroot\oa.52lvu.cn\Runtime\Cache\Home\cf67dc478d0f9143c4e32b762444702a.php 第 6 行.
INFO: Run Behavior\ParseTemplateBehavior [ RunTime:0.017577s ]
INFO: [ view_parse ] --END-- [ RunTime:0.017577s ]
INFO: [ view_filter ] --START--
INFO: Run Behavior\WriteHtmlCacheBehavior [ RunTime:0.001953s ]
INFO: [ view_filter ] --END-- [ RunTime:0.001953s ]
INFO: [ app_end ] --START--
INFO: Run Behavior\ShowPageTraceBehavior [ RunTime:0.002930s ]
INFO: [ app_end ] --END-- [ RunTime:0.002930s ]

[ 2020-07-30T16:10:10+08:00 ] 61.151.178.180 /
INFO: [ app_init ] --START--
INFO: Run Behavior\BuildLiteBehavior [ RunTime:0.000000s ]
INFO: [ app_init ] --END-- [ RunTime:0.000977s ]
INFO: [ app_begin ] --START--
INFO: Run Behavior\ReadHtmlCacheBehavior [ RunTime:0.001953s ]
INFO: [ app_begin ] --END-- [ RunTime:0.001953s ]
INFO: [ view_parse ] --START--
INFO: [ template_filter ] --START--
INFO: Run Behavior\ContentReplaceBehavior [ RunTime:0.000977s ]
INFO: [ template_filter ] --END-- [ RunTime:0.000977s ]
INFO: Run Behavior\ParseTemplateBehavior [ RunTime:0.017577s ]
INFO: [ view_parse ] --END-- [ RunTime:0.018553s ]
INFO: [ view_filter ] --START--
INFO: Run Behavior\WriteHtmlCacheBehavior [ RunTime:0.001953s ]
INFO: [ view_filter ] --END-- [ RunTime:0.001953s ]
INFO: [ app_end ] --START--
INFO: Run Behavior\ShowPageTraceBehavior [ RunTime:0.001953s ]
INFO: [ app_end ] --END-- [ RunTime:0.001953s ]

[ 2020-07-30T16:24:05+08:00 ] 223.88.36.110 /
INFO: [ app_init ] --START--
INFO: Run Behavior\BuildLiteBehavior [ RunTime:0.000000s ]
INFO: [ app_init ] --END-- [ RunTime:0.000976s ]
INFO: [ app_begin ] --START--
INFO: Run Behavior\ReadHtmlCacheBehavior [ RunTime:0.002929s ]
INFO: [ app_begin ] --END-- [ RunTime:0.002929s ]
INFO: [ view_parse ] --START--
INFO: [ template_filter ] --START--
INFO: Run Behavior\ContentReplaceBehavior [ RunTime:0.000000s ]
INFO: [ template_filter ] --END-- [ RunTime:0.000000s ]
INFO: Run Behavior\ParseTemplateBehavior [ RunTime:0.017577s ]
INFO: [ view_parse ] --END-- [ RunTime:0.017577s ]
INFO: [ view_filter ] --START--
INFO: Run Behavior\WriteHtmlCacheBehavior [ RunTime:0.001953s ]
INFO: [ view_filter ] --END-- [ RunTime:0.002930s ]
INFO: [ app_end ] --START--
INFO: Run Behavior\ShowPageTraceBehavior [ RunTime:0.002929s ]
INFO: [ app_end ] --END-- [ RunTime:0.002929s ]

[ 2020-07-30T16:24:26+08:00 ] 223.88.36.110 /
INFO: [ app_init ] --START--
INFO: Run Behavior\BuildLiteBehavior [ RunTime:0.000000s ]
INFO: [ app_init ] --END-- [ RunTime:0.000977s ]
INFO: [ app_begin ] --START--
INFO: Run Behavior\ReadHtmlCacheBehavior [ RunTime:0.001953s ]
INFO: [ app_begin ] --END-- [ RunTime:0.001953s ]
SQL: SHOW COLUMNS FROM `c_users` [ RunTime:0.0029s ]
SQL: SELECT * FROM `c_users` WHERE `username` = '张家礼' AND `password` = '9dc1f38ba3f3964ac878095abce3bb15' LIMIT 1   [ RunTime:0.0010s ]
SQL: SHOW COLUMNS FROM `c_log` [ RunTime:0.0020s ]
SQL: INSERT INTO `c_log` (`name`,`t`,`ip`,`log`) VALUES ('张家礼','1596097466','223.88.36.110','登录成功') [ RunTime:0.0010s ]
INFO: [ view_parse ] --START--
INFO: [ template_filter ] --START--
INFO: Run Behavior\ContentReplaceBehavior [ RunTime:0.000000s ]
INFO: [ template_filter ] --END-- [ RunTime:0.000977s ]
NOTIC: [8] Undefined variable: error C:\wwwroot\oa.52lvu.cn\Runtime\Cache\Home\cf67dc478d0f9143c4e32b762444702a.php 第 6 行.
INFO: Run Behavior\ParseTemplateBehavior [ RunTime:0.018553s ]
INFO: [ view_parse ] --END-- [ RunTime:0.018553s ]
INFO: [ view_filter ] --START--
INFO: Run Behavior\WriteHtmlCacheBehavior [ RunTime:0.002930s ]
INFO: [ view_filter ] --END-- [ RunTime:0.002930s ]
INFO: [ app_end ] --START--
INFO: Run Behavior\ShowPageTraceBehavior [ RunTime:0.002929s ]
INFO: [ app_end ] --END-- [ RunTime:0.002929s ]

[ 2020-07-30T16:26:57+08:00 ] 223.88.36.110 /
INFO: [ app_init ] --START--
INFO: Run Behavior\BuildLiteBehavior [ RunTime:0.000000s ]
INFO: [ app_init ] --END-- [ RunTime:0.000977s ]
INFO: [ app_begin ] --START--
INFO: Run Behavior\ReadHtmlCacheBehavior [ RunTime:0.001953s ]
INFO: [ app_begin ] --END-- [ RunTime:0.002930s ]
INFO: [ view_parse ] --START--
INFO: [ template_filter ] --START--
INFO: Run Behavior\ContentReplaceBehavior [ RunTime:0.000000s ]
INFO: [ template_filter ] --END-- [ RunTime:0.000000s ]
INFO: Run Behavior\ParseTemplateBehavior [ RunTime:0.018554s ]
INFO: [ view_parse ] --END-- [ RunTime:0.018554s ]
INFO: [ view_filter ] --START--
INFO: Run Behavior\WriteHtmlCacheBehavior [ RunTime:0.001953s ]
INFO: [ view_filter ] --END-- [ RunTime:0.002929s ]
INFO: [ app_end ] --START--
INFO: Run Behavior\ShowPageTraceBehavior [ RunTime:0.002930s ]
INFO: [ app_end ] --END-- [ RunTime:0.002930s ]

[ 2020-07-30T16:27:16+08:00 ] 223.88.36.110 /
INFO: [ app_init ] --START--
INFO: Run Behavior\BuildLiteBehavior [ RunTime:0.000000s ]
INFO: [ app_init ] --END-- [ RunTime:0.000976s ]
INFO: [ app_begin ] --START--
INFO: Run Behavior\ReadHtmlCacheBehavior [ RunTime:0.002929s ]
INFO: [ app_begin ] --END-- [ RunTime:0.002929s ]
SQL: SHOW COLUMNS FROM `c_users` [ RunTime:0.0020s ]
SQL: SELECT * FROM `c_users` WHERE `username` = '张家礼' AND `password` = '9dc1f38ba3f3964ac878095abce3bb15' LIMIT 1   [ RunTime:0.0000s ]
SQL: SHOW COLUMNS FROM `c_log` [ RunTime:0.0020s ]
SQL: INSERT INTO `c_log` (`name`,`t`,`ip`,`log`) VALUES ('张家礼','1596097636','223.88.36.110','登录成功') [ RunTime:0.0000s ]
INFO: [ view_parse ] --START--
INFO: [ template_filter ] --START--
INFO: Run Behavior\ContentReplaceBehavior [ RunTime:0.000000s ]
INFO: [ template_filter ] --END-- [ RunTime:0.000000s ]
NOTIC: [8] Undefined variable: error C:\wwwroot\oa.52lvu.cn\Runtime\Cache\Home\cf67dc478d0f9143c4e32b762444702a.php 第 6 行.
INFO: Run Behavior\ParseTemplateBehavior [ RunTime:0.018553s ]
INFO: [ view_parse ] --END-- [ RunTime:0.018553s ]
INFO: [ view_filter ] --START--
INFO: Run Behavior\WriteHtmlCacheBehavior [ RunTime:0.002930s ]
INFO: [ view_filter ] --END-- [ RunTime:0.002930s ]
INFO: [ app_end ] --START--
INFO: Run Behavior\ShowPageTraceBehavior [ RunTime:0.002929s ]
INFO: [ app_end ] --END-- [ RunTime:0.002929s ]

[ 2020-07-30T16:35:43+08:00 ] 223.88.36.110 /
INFO: [ app_init ] --START--
INFO: Run Behavior\BuildLiteBehavior [ RunTime:0.000000s ]
INFO: [ app_init ] --END-- [ RunTime:0.001953s ]
INFO: [ app_begin ] --START--
INFO: Run Behavior\ReadHtmlCacheBehavior [ RunTime:0.002929s ]
INFO: [ app_begin ] --END-- [ RunTime:0.002929s ]
INFO: [ view_parse ] --START--
INFO: [ template_filter ] --START--
INFO: Run Behavior\ContentReplaceBehavior [ RunTime:0.000000s ]
INFO: [ template_filter ] --END-- [ RunTime:0.000000s ]
INFO: Run Behavior\ParseTemplateBehavior [ RunTime:0.017577s ]
INFO: [ view_parse ] --END-- [ RunTime:0.017577s ]
INFO: [ view_filter ] --START--
INFO: Run Behavior\WriteHtmlCacheBehavior [ RunTime:0.002930s ]
INFO: [ view_filter ] --END-- [ RunTime:0.002930s ]
INFO: [ app_end ] --START--
INFO: Run Behavior\ShowPageTraceBehavior [ RunTime:0.002929s ]
INFO: [ app_end ] --END-- [ RunTime:0.002929s ]

[ 2020-07-30T16:36:06+08:00 ] 223.88.36.110 /
INFO: [ app_init ] --START--
INFO: Run Behavior\BuildLiteBehavior [ RunTime:0.000000s ]
INFO: [ app_init ] --END-- [ RunTime:0.000977s ]
INFO: [ app_begin ] --START--
INFO: Run Behavior\ReadHtmlCacheBehavior [ RunTime:0.002930s ]
INFO: [ app_begin ] --END-- [ RunTime:0.002930s ]
SQL: SHOW COLUMNS FROM `c_users` [ RunTime:0.0029s ]
SQL: SELECT * FROM `c_users` WHERE `username` = '张家礼' AND `password` = '9dc1f38ba3f3964ac878095abce3bb15' LIMIT 1   [ RunTime:0.0000s ]
SQL: SHOW COLUMNS FROM `c_log` [ RunTime:0.0029s ]
SQL: INSERT INTO `c_log` (`name`,`t`,`ip`,`log`) VALUES ('张家礼','1596098166','223.88.36.110','登录成功') [ RunTime:0.0010s ]
INFO: [ view_parse ] --START--
INFO: [ template_filter ] --START--
INFO: Run Behavior\ContentReplaceBehavior [ RunTime:0.000000s ]
INFO: [ template_filter ] --END-- [ RunTime:0.000976s ]
NOTIC: [8] Undefined variable: error C:\wwwroot\oa.52lvu.cn\Runtime\Cache\Home\cf67dc478d0f9143c4e32b762444702a.php 第 6 行.
INFO: Run Behavior\ParseTemplateBehavior [ RunTime:0.018554s ]
INFO: [ view_parse ] --END-- [ RunTime:0.018554s ]
INFO: [ view_filter ] --START--
INFO: Run Behavior\WriteHtmlCacheBehavior [ RunTime:0.002929s ]
INFO: [ view_filter ] --END-- [ RunTime:0.002929s ]
INFO: [ app_end ] --START--
INFO: Run Behavior\ShowPageTraceBehavior [ RunTime:0.002930s ]
INFO: [ app_end ] --END-- [ RunTime:0.002930s ]

