[ 2021-07-05T08:22:18+08:00 ] 115.60.62.179 /
INFO: [ app_init ] --START--
INFO: Run Behavior\BuildLiteBehavior [ RunTime:0.000028s ]
INFO: [ app_init ] --END-- [ RunTime:0.001359s ]
INFO: [ app_begin ] --START--
INFO: Run Behavior\ReadHtmlCacheBehavior [ RunTime:0.002600s ]
INFO: [ app_begin ] --END-- [ RunTime:0.002736s ]
INFO: [ view_parse ] --START--
INFO: [ template_filter ] --START--
INFO: Run Behavior\ContentReplaceBehavior [ RunTime:0.000159s ]
INFO: [ template_filter ] --END-- [ RunTime:0.000295s ]
INFO: Run Behavior\ParseTemplateBehavior [ RunTime:0.018286s ]
INFO: [ view_parse ] --END-- [ RunTime:0.018440s ]
INFO: [ view_filter ] --START--
INFO: Run Behavior\WriteHtmlCacheBehavior [ RunTime:0.001947s ]
INFO: [ view_filter ] --END-- [ RunTime:0.002062s ]
INFO: [ app_end ] --START--
INFO: Run Behavior\ShowPageTraceBehavior [ RunTime:0.002121s ]
INFO: [ app_end ] --END-- [ RunTime:0.002246s ]

[ 2021-07-05T08:30:43+08:00 ] 123.149.100.200 /index.php
INFO: [ app_init ] --START--
INFO: Run Behavior\BuildLiteBehavior [ RunTime:0.000028s ]
INFO: [ app_init ] --END-- [ RunTime:0.000906s ]
INFO: [ app_begin ] --START--
INFO: Run Behavior\ReadHtmlCacheBehavior [ RunTime:0.001818s ]
INFO: [ app_begin ] --END-- [ RunTime:0.001946s ]
INFO: [ view_parse ] --START--
INFO: [ template_filter ] --START--
INFO: Run Behavior\ContentReplaceBehavior [ RunTime:0.000133s ]
INFO: [ template_filter ] --END-- [ RunTime:0.000274s ]
INFO: Run Behavior\ParseTemplateBehavior [ RunTime:0.014243s ]
INFO: [ view_parse ] --END-- [ RunTime:0.014397s ]
INFO: [ view_filter ] --START--
INFO: Run Behavior\WriteHtmlCacheBehavior [ RunTime:0.001698s ]
INFO: [ view_filter ] --END-- [ RunTime:0.001809s ]
INFO: [ app_end ] --START--
INFO: Run Behavior\ShowPageTraceBehavior [ RunTime:0.001891s ]
INFO: [ app_end ] --END-- [ RunTime:0.002016s ]

[ 2021-07-05T08:47:05+08:00 ] 115.60.59.173 /
INFO: [ app_init ] --START--
INFO: Run Behavior\BuildLiteBehavior [ RunTime:0.000029s ]
INFO: [ app_init ] --END-- [ RunTime:0.000918s ]
INFO: [ app_begin ] --START--
INFO: Run Behavior\ReadHtmlCacheBehavior [ RunTime:0.001829s ]
INFO: [ app_begin ] --END-- [ RunTime:0.001964s ]
INFO: [ view_parse ] --START--
INFO: [ template_filter ] --START--
INFO: Run Behavior\ContentReplaceBehavior [ RunTime:0.000120s ]
INFO: [ template_filter ] --END-- [ RunTime:0.000249s ]
INFO: Run Behavior\ParseTemplateBehavior [ RunTime:0.013363s ]
INFO: [ view_parse ] --END-- [ RunTime:0.013504s ]
INFO: [ view_filter ] --START--
INFO: Run Behavior\WriteHtmlCacheBehavior [ RunTime:0.001610s ]
INFO: [ view_filter ] --END-- [ RunTime:0.001728s ]
INFO: [ app_end ] --START--
INFO: Run Behavior\ShowPageTraceBehavior [ RunTime:0.001853s ]
INFO: [ app_end ] --END-- [ RunTime:0.001976s ]

[ 2021-07-05T08:47:22+08:00 ] 115.60.59.173 /index.php/
INFO: [ app_init ] --START--
INFO: Run Behavior\BuildLiteBehavior [ RunTime:0.000030s ]
INFO: [ app_init ] --END-- [ RunTime:0.000883s ]
INFO: [ app_begin ] --START--
INFO: Run Behavior\ReadHtmlCacheBehavior [ RunTime:0.001765s ]
INFO: [ app_begin ] --END-- [ RunTime:0.001893s ]
INFO: [ view_parse ] --START--
INFO: [ template_filter ] --START--
INFO: Run Behavior\ContentReplaceBehavior [ RunTime:0.000115s ]
INFO: [ template_filter ] --END-- [ RunTime:0.000235s ]
INFO: Run Behavior\ParseTemplateBehavior [ RunTime:0.012885s ]
INFO: [ view_parse ] --END-- [ RunTime:0.013015s ]
INFO: [ view_filter ] --START--
INFO: Run Behavior\WriteHtmlCacheBehavior [ RunTime:0.001662s ]
INFO: [ view_filter ] --END-- [ RunTime:0.001784s ]
INFO: [ app_end ] --START--
INFO: Run Behavior\ShowPageTraceBehavior [ RunTime:0.001765s ]
INFO: [ app_end ] --END-- [ RunTime:0.001880s ]

[ 2021-07-05T08:48:36+08:00 ] 115.60.59.173 /index.php/
INFO: [ app_init ] --START--
INFO: Run Behavior\BuildLiteBehavior [ RunTime:0.000037s ]
INFO: [ app_init ] --END-- [ RunTime:0.000872s ]
INFO: [ app_begin ] --START--
INFO: Run Behavior\ReadHtmlCacheBehavior [ RunTime:0.001754s ]
INFO: [ app_begin ] --END-- [ RunTime:0.001886s ]
SQL: SHOW COLUMNS FROM `c_users` [ RunTime:0.0023s ]
SQL: SELECT * FROM `c_users` WHERE `username` = 'fxtadmin' AND `password` = 'b5716abd3bb2722cb34cde3c2f7d8d7e' LIMIT 1   [ RunTime:0.0003s ]
SQL: SHOW COLUMNS FROM `c_log` [ RunTime:0.0029s ]
SQL: INSERT INTO `c_log` (`name`,`t`,`ip`,`log`) VALUES ('fxtadmin','1625446115','115.60.59.173','登录成功') [ RunTime:0.0007s ]
INFO: [ view_parse ] --START--
INFO: [ template_filter ] --START--
INFO: Run Behavior\ContentReplaceBehavior [ RunTime:0.000163s ]
INFO: [ template_filter ] --END-- [ RunTime:0.000369s ]
NOTIC: [8] Undefined variable: error C:\wwwroot\oa.52lvu.cn\Runtime\Cache\Home\cf67dc478d0f9143c4e32b762444702a.php 第 6 行.
INFO: Run Behavior\ParseTemplateBehavior [ RunTime:0.020209s ]
INFO: [ view_parse ] --END-- [ RunTime:0.020421s ]
INFO: [ view_filter ] --START--
INFO: Run Behavior\WriteHtmlCacheBehavior [ RunTime:0.002487s ]
INFO: [ view_filter ] --END-- [ RunTime:0.002674s ]
INFO: [ app_end ] --START--
INFO: Run Behavior\ShowPageTraceBehavior [ RunTime:0.002663s ]
INFO: [ app_end ] --END-- [ RunTime:0.002846s ]

[ 2021-07-05T08:56:51+08:00 ] 115.60.59.173 /index.php/
INFO: [ app_init ] --START--
INFO: Run Behavior\BuildLiteBehavior [ RunTime:0.000034s ]
INFO: [ app_init ] --END-- [ RunTime:0.000969s ]
INFO: [ app_begin ] --START--
INFO: Run Behavior\ReadHtmlCacheBehavior [ RunTime:0.001942s ]
INFO: [ app_begin ] --END-- [ RunTime:0.002094s ]
INFO: [ view_parse ] --START--
INFO: [ template_filter ] --START--
INFO: Run Behavior\ContentReplaceBehavior [ RunTime:0.000175s ]
INFO: [ template_filter ] --END-- [ RunTime:0.000327s ]
INFO: Run Behavior\ParseTemplateBehavior [ RunTime:0.014771s ]
INFO: [ view_parse ] --END-- [ RunTime:0.014916s ]
INFO: [ view_filter ] --START--
INFO: Run Behavior\WriteHtmlCacheBehavior [ RunTime:0.001856s ]
INFO: [ view_filter ] --END-- [ RunTime:0.001972s ]
INFO: [ app_end ] --START--
INFO: Run Behavior\ShowPageTraceBehavior [ RunTime:0.001925s ]
INFO: [ app_end ] --END-- [ RunTime:0.002041s ]

[ 2021-07-05T08:56:57+08:00 ] 115.60.59.173 /index.php/
INFO: [ app_init ] --START--
INFO: Run Behavior\BuildLiteBehavior [ RunTime:0.000029s ]
INFO: [ app_init ] --END-- [ RunTime:0.000880s ]
INFO: [ app_begin ] --START--
INFO: Run Behavior\ReadHtmlCacheBehavior [ RunTime:0.001796s ]
INFO: [ app_begin ] --END-- [ RunTime:0.001929s ]
SQL: SHOW COLUMNS FROM `c_users` [ RunTime:0.0024s ]
SQL: SELECT * FROM `c_users` WHERE `username` = '徐琳茜' AND `password` = '508df4cb2f4d8f80519256258cfb975f' LIMIT 1   [ RunTime:0.0002s ]
SQL: SHOW COLUMNS FROM `c_log` [ RunTime:0.0018s ]
SQL: INSERT INTO `c_log` (`name`,`t`,`ip`,`log`) VALUES ('徐琳茜','1625446617','115.60.59.173','登录成功') [ RunTime:0.0002s ]
INFO: [ view_parse ] --START--
INFO: [ template_filter ] --START--
INFO: Run Behavior\ContentReplaceBehavior [ RunTime:0.000124s ]
INFO: [ template_filter ] --END-- [ RunTime:0.000278s ]
NOTIC: [8] Undefined variable: error C:\wwwroot\oa.52lvu.cn\Runtime\Cache\Home\cf67dc478d0f9143c4e32b762444702a.php 第 6 行.
INFO: Run Behavior\ParseTemplateBehavior [ RunTime:0.015473s ]
INFO: [ view_parse ] --END-- [ RunTime:0.015615s ]
INFO: [ view_filter ] --START--
INFO: Run Behavior\WriteHtmlCacheBehavior [ RunTime:0.001904s ]
INFO: [ view_filter ] --END-- [ RunTime:0.002036s ]
INFO: [ app_end ] --START--
INFO: Run Behavior\ShowPageTraceBehavior [ RunTime:0.001847s ]
INFO: [ app_end ] --END-- [ RunTime:0.001968s ]

[ 2021-07-05T08:57:16+08:00 ] 115.60.59.173 /index.php
INFO: [ app_init ] --START--
INFO: Run Behavior\BuildLiteBehavior [ RunTime:0.000030s ]
INFO: [ app_init ] --END-- [ RunTime:0.000913s ]
INFO: [ app_begin ] --START--
INFO: Run Behavior\ReadHtmlCacheBehavior [ RunTime:0.001799s ]
INFO: [ app_begin ] --END-- [ RunTime:0.001939s ]
INFO: [ view_parse ] --START--
INFO: [ template_filter ] --START--
INFO: Run Behavior\ContentReplaceBehavior [ RunTime:0.000129s ]
INFO: [ template_filter ] --END-- [ RunTime:0.000264s ]
INFO: Run Behavior\ParseTemplateBehavior [ RunTime:0.014515s ]
INFO: [ view_parse ] --END-- [ RunTime:0.014660s ]
INFO: [ view_filter ] --START--
INFO: Run Behavior\WriteHtmlCacheBehavior [ RunTime:0.001881s ]
INFO: [ view_filter ] --END-- [ RunTime:0.002002s ]
INFO: [ app_end ] --START--
INFO: Run Behavior\ShowPageTraceBehavior [ RunTime:0.001838s ]
INFO: [ app_end ] --END-- [ RunTime:0.001967s ]

[ 2021-07-05T08:57:31+08:00 ] 115.60.59.173 /index.php
INFO: [ app_init ] --START--
INFO: Run Behavior\BuildLiteBehavior [ RunTime:0.000029s ]
INFO: [ app_init ] --END-- [ RunTime:0.000928s ]
INFO: [ app_begin ] --START--
INFO: Run Behavior\ReadHtmlCacheBehavior [ RunTime:0.001958s ]
INFO: [ app_begin ] --END-- [ RunTime:0.002097s ]
SQL: SHOW COLUMNS FROM `c_users` [ RunTime:0.0020s ]
SQL: SELECT * FROM `c_users` WHERE `username` = '王沿' AND `password` = 'c2610f901735286e712ef0a11df1535b' LIMIT 1   [ RunTime:0.0002s ]
SQL: SHOW COLUMNS FROM `c_log` [ RunTime:0.0016s ]
SQL: INSERT INTO `c_log` (`name`,`t`,`ip`,`log`) VALUES ('王沿','1625446651','115.60.59.173','登录成功') [ RunTime:0.0002s ]
INFO: [ view_parse ] --START--
INFO: [ template_filter ] --START--
INFO: Run Behavior\ContentReplaceBehavior [ RunTime:0.000105s ]
INFO: [ template_filter ] --END-- [ RunTime:0.000231s ]
NOTIC: [8] Undefined variable: error C:\wwwroot\oa.52lvu.cn\Runtime\Cache\Home\cf67dc478d0f9143c4e32b762444702a.php 第 6 行.
INFO: Run Behavior\ParseTemplateBehavior [ RunTime:0.013835s ]
INFO: [ view_parse ] --END-- [ RunTime:0.013970s ]
INFO: [ view_filter ] --START--
INFO: Run Behavior\WriteHtmlCacheBehavior [ RunTime:0.001707s ]
INFO: [ view_filter ] --END-- [ RunTime:0.001824s ]
INFO: [ app_end ] --START--
INFO: Run Behavior\ShowPageTraceBehavior [ RunTime:0.001820s ]
INFO: [ app_end ] --END-- [ RunTime:0.001947s ]

[ 2021-07-05T08:58:34+08:00 ] 180.163.220.68 /index.php
INFO: [ app_init ] --START--
INFO: Run Behavior\BuildLiteBehavior [ RunTime:0.000029s ]
INFO: [ app_init ] --END-- [ RunTime:0.000899s ]
INFO: [ app_begin ] --START--
INFO: Run Behavior\ReadHtmlCacheBehavior [ RunTime:0.001791s ]
INFO: [ app_begin ] --END-- [ RunTime:0.001944s ]
INFO: [ view_parse ] --START--
INFO: [ template_filter ] --START--
INFO: Run Behavior\ContentReplaceBehavior [ RunTime:0.000146s ]
INFO: [ template_filter ] --END-- [ RunTime:0.000324s ]
INFO: Run Behavior\ParseTemplateBehavior [ RunTime:0.016260s ]
INFO: [ view_parse ] --END-- [ RunTime:0.016412s ]
INFO: [ view_filter ] --START--
INFO: Run Behavior\WriteHtmlCacheBehavior [ RunTime:0.002241s ]
INFO: [ view_filter ] --END-- [ RunTime:0.002352s ]
INFO: [ app_end ] --START--
INFO: Run Behavior\ShowPageTraceBehavior [ RunTime:0.002971s ]
INFO: [ app_end ] --END-- [ RunTime:0.003106s ]

[ 2021-07-05T08:58:34+08:00 ] 180.163.220.66 /index.php
INFO: [ app_init ] --START--
INFO: Run Behavior\BuildLiteBehavior [ RunTime:0.000030s ]
INFO: [ app_init ] --END-- [ RunTime:0.000983s ]
INFO: [ app_begin ] --START--
INFO: Run Behavior\ReadHtmlCacheBehavior [ RunTime:0.002002s ]
INFO: [ app_begin ] --END-- [ RunTime:0.002173s ]
INFO: [ view_parse ] --START--
INFO: [ template_filter ] --START--
INFO: Run Behavior\ContentReplaceBehavior [ RunTime:0.000162s ]
INFO: [ template_filter ] --END-- [ RunTime:0.000307s ]
INFO: Run Behavior\ParseTemplateBehavior [ RunTime:0.013794s ]
INFO: [ view_parse ] --END-- [ RunTime:0.013933s ]
INFO: [ view_filter ] --START--
INFO: Run Behavior\WriteHtmlCacheBehavior [ RunTime:0.001628s ]
INFO: [ view_filter ] --END-- [ RunTime:0.001757s ]
INFO: [ app_end ] --START--
INFO: Run Behavior\ShowPageTraceBehavior [ RunTime:0.001804s ]
INFO: [ app_end ] --END-- [ RunTime:0.001916s ]

[ 2021-07-05T08:59:32+08:00 ] 180.163.220.67 /
INFO: [ app_init ] --START--
INFO: Run Behavior\BuildLiteBehavior [ RunTime:0.000028s ]
INFO: [ app_init ] --END-- [ RunTime:0.000946s ]
INFO: [ app_begin ] --START--
INFO: Run Behavior\ReadHtmlCacheBehavior [ RunTime:0.002019s ]
INFO: [ app_begin ] --END-- [ RunTime:0.002152s ]
INFO: [ view_parse ] --START--
INFO: [ template_filter ] --START--
INFO: Run Behavior\ContentReplaceBehavior [ RunTime:0.000117s ]
INFO: [ template_filter ] --END-- [ RunTime:0.000243s ]
INFO: Run Behavior\ParseTemplateBehavior [ RunTime:0.013589s ]
INFO: [ view_parse ] --END-- [ RunTime:0.013732s ]
INFO: [ view_filter ] --START--
INFO: Run Behavior\WriteHtmlCacheBehavior [ RunTime:0.001896s ]
INFO: [ view_filter ] --END-- [ RunTime:0.002014s ]
INFO: [ app_end ] --START--
INFO: Run Behavior\ShowPageTraceBehavior [ RunTime:0.001888s ]
INFO: [ app_end ] --END-- [ RunTime:0.002005s ]

[ 2021-07-05T08:59:32+08:00 ] 180.163.220.3 /
INFO: [ app_init ] --START--
INFO: Run Behavior\BuildLiteBehavior [ RunTime:0.000040s ]
INFO: [ app_init ] --END-- [ RunTime:0.000986s ]
INFO: [ app_begin ] --START--
INFO: Run Behavior\ReadHtmlCacheBehavior [ RunTime:0.002461s ]
INFO: [ app_begin ] --END-- [ RunTime:0.002622s ]
INFO: [ view_parse ] --START--
INFO: [ template_filter ] --START--
INFO: Run Behavior\ContentReplaceBehavior [ RunTime:0.000205s ]
INFO: [ template_filter ] --END-- [ RunTime:0.000466s ]
INFO: Run Behavior\ParseTemplateBehavior [ RunTime:0.017067s ]
INFO: [ view_parse ] --END-- [ RunTime:0.017209s ]
INFO: [ view_filter ] --START--
INFO: Run Behavior\WriteHtmlCacheBehavior [ RunTime:0.001768s ]
INFO: [ view_filter ] --END-- [ RunTime:0.001898s ]
INFO: [ app_end ] --START--
INFO: Run Behavior\ShowPageTraceBehavior [ RunTime:0.001969s ]
INFO: [ app_end ] --END-- [ RunTime:0.002085s ]

[ 2021-07-05T09:02:36+08:00 ] 223.88.11.161 /index.php/
INFO: [ app_init ] --START--
INFO: Run Behavior\BuildLiteBehavior [ RunTime:0.000038s ]
INFO: [ app_init ] --END-- [ RunTime:0.001014s ]
INFO: [ app_begin ] --START--
INFO: Run Behavior\ReadHtmlCacheBehavior [ RunTime:0.002169s ]
INFO: [ app_begin ] --END-- [ RunTime:0.002326s ]
INFO: [ view_parse ] --START--
INFO: [ template_filter ] --START--
INFO: Run Behavior\ContentReplaceBehavior [ RunTime:0.000123s ]
INFO: [ template_filter ] --END-- [ RunTime:0.000253s ]
INFO: Run Behavior\ParseTemplateBehavior [ RunTime:0.013907s ]
INFO: [ view_parse ] --END-- [ RunTime:0.014052s ]
INFO: [ view_filter ] --START--
INFO: Run Behavior\WriteHtmlCacheBehavior [ RunTime:0.001715s ]
INFO: [ view_filter ] --END-- [ RunTime:0.001832s ]
INFO: [ app_end ] --START--
INFO: Run Behavior\ShowPageTraceBehavior [ RunTime:0.001859s ]
INFO: [ app_end ] --END-- [ RunTime:0.001978s ]

[ 2021-07-05T09:02:46+08:00 ] 223.88.11.161 /index.php/
INFO: [ app_init ] --START--
INFO: Run Behavior\BuildLiteBehavior [ RunTime:0.000030s ]
INFO: [ app_init ] --END-- [ RunTime:0.001074s ]
INFO: [ app_begin ] --START--
INFO: Run Behavior\ReadHtmlCacheBehavior [ RunTime:0.002091s ]
INFO: [ app_begin ] --END-- [ RunTime:0.002242s ]
SQL: SHOW COLUMNS FROM `c_users` [ RunTime:0.0025s ]
SQL: SELECT * FROM `c_users` WHERE `username` = '李倩' AND `password` = '2b2988d5353fe5f7d0a272b269d318b9' LIMIT 1   [ RunTime:0.0002s ]
SQL: SHOW COLUMNS FROM `c_log` [ RunTime:0.0024s ]
SQL: INSERT INTO `c_log` (`name`,`t`,`ip`,`log`) VALUES ('李倩','1625446966','223.88.11.161','登录成功') [ RunTime:0.0004s ]
INFO: [ view_parse ] --START--
INFO: [ template_filter ] --START--
INFO: Run Behavior\ContentReplaceBehavior [ RunTime:0.000116s ]
INFO: [ template_filter ] --END-- [ RunTime:0.000278s ]
NOTIC: [8] Undefined variable: error C:\wwwroot\oa.52lvu.cn\Runtime\Cache\Home\cf67dc478d0f9143c4e32b762444702a.php 第 6 行.
INFO: Run Behavior\ParseTemplateBehavior [ RunTime:0.017159s ]
INFO: [ view_parse ] --END-- [ RunTime:0.017307s ]
INFO: [ view_filter ] --START--
INFO: Run Behavior\WriteHtmlCacheBehavior [ RunTime:0.002071s ]
INFO: [ view_filter ] --END-- [ RunTime:0.002199s ]
INFO: [ app_end ] --START--
INFO: Run Behavior\ShowPageTraceBehavior [ RunTime:0.002256s ]
INFO: [ app_end ] --END-- [ RunTime:0.002392s ]

[ 2021-07-05T09:43:42+08:00 ] 106.15.192.48 /
INFO: [ app_init ] --START--
INFO: Run Behavior\BuildLiteBehavior [ RunTime:0.000030s ]
INFO: [ app_init ] --END-- [ RunTime:0.000911s ]
INFO: [ app_begin ] --START--
INFO: Run Behavior\ReadHtmlCacheBehavior [ RunTime:0.001881s ]
INFO: [ app_begin ] --END-- [ RunTime:0.002013s ]
INFO: [ view_parse ] --START--
INFO: [ template_filter ] --START--
INFO: Run Behavior\ContentReplaceBehavior [ RunTime:0.000120s ]
INFO: [ template_filter ] --END-- [ RunTime:0.000248s ]
INFO: Run Behavior\ParseTemplateBehavior [ RunTime:0.013735s ]
INFO: [ view_parse ] --END-- [ RunTime:0.013881s ]
INFO: [ view_filter ] --START--
INFO: Run Behavior\WriteHtmlCacheBehavior [ RunTime:0.001678s ]
INFO: [ view_filter ] --END-- [ RunTime:0.001789s ]
INFO: [ app_end ] --START--
INFO: Run Behavior\ShowPageTraceBehavior [ RunTime:0.001884s ]
INFO: [ app_end ] --END-- [ RunTime:0.002007s ]

[ 2021-07-05T09:45:56+08:00 ] 115.60.144.253 /
INFO: [ app_init ] --START--
INFO: Run Behavior\BuildLiteBehavior [ RunTime:0.000030s ]
INFO: [ app_init ] --END-- [ RunTime:0.000973s ]
INFO: [ app_begin ] --START--
INFO: Run Behavior\ReadHtmlCacheBehavior [ RunTime:0.001858s ]
INFO: [ app_begin ] --END-- [ RunTime:0.001998s ]
INFO: [ view_parse ] --START--
INFO: [ template_filter ] --START--
INFO: Run Behavior\ContentReplaceBehavior [ RunTime:0.000134s ]
INFO: [ template_filter ] --END-- [ RunTime:0.000283s ]
INFO: Run Behavior\ParseTemplateBehavior [ RunTime:0.013216s ]
INFO: [ view_parse ] --END-- [ RunTime:0.013354s ]
INFO: [ view_filter ] --START--
INFO: Run Behavior\WriteHtmlCacheBehavior [ RunTime:0.001633s ]
INFO: [ view_filter ] --END-- [ RunTime:0.001747s ]
INFO: [ app_end ] --START--
INFO: Run Behavior\ShowPageTraceBehavior [ RunTime:0.001741s ]
INFO: [ app_end ] --END-- [ RunTime:0.001856s ]

[ 2021-07-05T09:47:54+08:00 ] 115.60.59.173 /index.php
INFO: [ app_init ] --START--
INFO: Run Behavior\BuildLiteBehavior [ RunTime:0.000039s ]
INFO: [ app_init ] --END-- [ RunTime:0.000981s ]
INFO: [ app_begin ] --START--
INFO: Run Behavior\ReadHtmlCacheBehavior [ RunTime:0.002062s ]
INFO: [ app_begin ] --END-- [ RunTime:0.002245s ]
INFO: [ view_parse ] --START--
INFO: [ template_filter ] --START--
INFO: Run Behavior\ContentReplaceBehavior [ RunTime:0.000118s ]
INFO: [ template_filter ] --END-- [ RunTime:0.000254s ]
INFO: Run Behavior\ParseTemplateBehavior [ RunTime:0.014054s ]
INFO: [ view_parse ] --END-- [ RunTime:0.014202s ]
INFO: [ view_filter ] --START--
INFO: Run Behavior\WriteHtmlCacheBehavior [ RunTime:0.001810s ]
INFO: [ view_filter ] --END-- [ RunTime:0.001927s ]
INFO: [ app_end ] --START--
INFO: Run Behavior\ShowPageTraceBehavior [ RunTime:0.001831s ]
INFO: [ app_end ] --END-- [ RunTime:0.001948s ]

[ 2021-07-05T09:48:03+08:00 ] 115.60.59.173 /index.php
INFO: [ app_init ] --START--
INFO: Run Behavior\BuildLiteBehavior [ RunTime:0.000029s ]
INFO: [ app_init ] --END-- [ RunTime:0.000912s ]
INFO: [ app_begin ] --START--
INFO: Run Behavior\ReadHtmlCacheBehavior [ RunTime:0.001925s ]
INFO: [ app_begin ] --END-- [ RunTime:0.002074s ]
SQL: SHOW COLUMNS FROM `c_users` [ RunTime:0.0019s ]
SQL: SELECT * FROM `c_users` WHERE `username` = '王沿' AND `password` = 'c2610f901735286e712ef0a11df1535b' LIMIT 1   [ RunTime:0.0002s ]
SQL: SHOW COLUMNS FROM `c_log` [ RunTime:0.0018s ]
SQL: INSERT INTO `c_log` (`name`,`t`,`ip`,`log`) VALUES ('王沿','1625449683','115.60.59.173','登录成功') [ RunTime:0.0003s ]
INFO: [ view_parse ] --START--
INFO: [ template_filter ] --START--
INFO: Run Behavior\ContentReplaceBehavior [ RunTime:0.000139s ]
INFO: [ template_filter ] --END-- [ RunTime:0.000291s ]
NOTIC: [8] Undefined variable: error C:\wwwroot\oa.52lvu.cn\Runtime\Cache\Home\cf67dc478d0f9143c4e32b762444702a.php 第 6 行.
INFO: Run Behavior\ParseTemplateBehavior [ RunTime:0.015012s ]
INFO: [ view_parse ] --END-- [ RunTime:0.015166s ]
INFO: [ view_filter ] --START--
INFO: Run Behavior\WriteHtmlCacheBehavior [ RunTime:0.001760s ]
INFO: [ view_filter ] --END-- [ RunTime:0.001875s ]
INFO: [ app_end ] --START--
INFO: Run Behavior\ShowPageTraceBehavior [ RunTime:0.001881s ]
INFO: [ app_end ] --END-- [ RunTime:0.001998s ]

[ 2021-07-05T10:28:12+08:00 ] 115.60.59.173 /
INFO: [ app_init ] --START--
INFO: Run Behavior\BuildLiteBehavior [ RunTime:0.000029s ]
INFO: [ app_init ] --END-- [ RunTime:0.000897s ]
INFO: [ app_begin ] --START--
INFO: Run Behavior\ReadHtmlCacheBehavior [ RunTime:0.001769s ]
INFO: [ app_begin ] --END-- [ RunTime:0.001901s ]
INFO: [ view_parse ] --START--
INFO: [ template_filter ] --START--
INFO: Run Behavior\ContentReplaceBehavior [ RunTime:0.000115s ]
INFO: [ template_filter ] --END-- [ RunTime:0.000240s ]
INFO: Run Behavior\ParseTemplateBehavior [ RunTime:0.012943s ]
INFO: [ view_parse ] --END-- [ RunTime:0.013073s ]
INFO: [ view_filter ] --START--
INFO: Run Behavior\WriteHtmlCacheBehavior [ RunTime:0.001720s ]
INFO: [ view_filter ] --END-- [ RunTime:0.001832s ]
INFO: [ app_end ] --START--
INFO: Run Behavior\ShowPageTraceBehavior [ RunTime:0.001771s ]
INFO: [ app_end ] --END-- [ RunTime:0.001886s ]

[ 2021-07-05T10:37:06+08:00 ] 115.60.59.173 /index.php
INFO: [ app_init ] --START--
INFO: Run Behavior\BuildLiteBehavior [ RunTime:0.000031s ]
INFO: [ app_init ] --END-- [ RunTime:0.001110s ]
INFO: [ app_begin ] --START--
INFO: Run Behavior\ReadHtmlCacheBehavior [ RunTime:0.002045s ]
INFO: [ app_begin ] --END-- [ RunTime:0.002186s ]
INFO: [ view_parse ] --START--
INFO: [ template_filter ] --START--
INFO: Run Behavior\ContentReplaceBehavior [ RunTime:0.000135s ]
INFO: [ template_filter ] --END-- [ RunTime:0.000266s ]
INFO: Run Behavior\ParseTemplateBehavior [ RunTime:0.014464s ]
INFO: [ view_parse ] --END-- [ RunTime:0.014622s ]
INFO: [ view_filter ] --START--
INFO: Run Behavior\WriteHtmlCacheBehavior [ RunTime:0.001660s ]
INFO: [ view_filter ] --END-- [ RunTime:0.001800s ]
INFO: [ app_end ] --START--
INFO: Run Behavior\ShowPageTraceBehavior [ RunTime:0.002088s ]
INFO: [ app_end ] --END-- [ RunTime:0.002233s ]

[ 2021-07-05T10:37:15+08:00 ] 115.60.59.173 /index.php
INFO: [ app_init ] --START--
INFO: Run Behavior\BuildLiteBehavior [ RunTime:0.000039s ]
INFO: [ app_init ] --END-- [ RunTime:0.001001s ]
INFO: [ app_begin ] --START--
INFO: Run Behavior\ReadHtmlCacheBehavior [ RunTime:0.002024s ]
INFO: [ app_begin ] --END-- [ RunTime:0.002162s ]
SQL: SHOW COLUMNS FROM `c_users` [ RunTime:0.0022s ]
SQL: SELECT * FROM `c_users` WHERE `username` = '王沿' AND `password` = 'c2610f901735286e712ef0a11df1535b' LIMIT 1   [ RunTime:0.0001s ]
SQL: SHOW COLUMNS FROM `c_log` [ RunTime:0.0017s ]
SQL: INSERT INTO `c_log` (`name`,`t`,`ip`,`log`) VALUES ('王沿','1625452635','115.60.59.173','登录成功') [ RunTime:0.0003s ]
INFO: [ view_parse ] --START--
INFO: [ template_filter ] --START--
INFO: Run Behavior\ContentReplaceBehavior [ RunTime:0.000103s ]
INFO: [ template_filter ] --END-- [ RunTime:0.000220s ]
NOTIC: [8] Undefined variable: error C:\wwwroot\oa.52lvu.cn\Runtime\Cache\Home\cf67dc478d0f9143c4e32b762444702a.php 第 6 行.
INFO: Run Behavior\ParseTemplateBehavior [ RunTime:0.013011s ]
INFO: [ view_parse ] --END-- [ RunTime:0.013132s ]
INFO: [ view_filter ] --START--
INFO: Run Behavior\WriteHtmlCacheBehavior [ RunTime:0.001625s ]
INFO: [ view_filter ] --END-- [ RunTime:0.001734s ]
INFO: [ app_end ] --START--
INFO: Run Behavior\ShowPageTraceBehavior [ RunTime:0.001783s ]
INFO: [ app_end ] --END-- [ RunTime:0.001896s ]

[ 2021-07-05T10:38:47+08:00 ] 47.101.45.14 /
INFO: [ app_init ] --START--
INFO: Run Behavior\BuildLiteBehavior [ RunTime:0.000043s ]
INFO: [ app_init ] --END-- [ RunTime:0.000949s ]
INFO: [ app_begin ] --START--
INFO: Run Behavior\ReadHtmlCacheBehavior [ RunTime:0.001881s ]
INFO: [ app_begin ] --END-- [ RunTime:0.002022s ]
INFO: [ view_parse ] --START--
INFO: [ template_filter ] --START--
INFO: Run Behavior\ContentReplaceBehavior [ RunTime:0.000150s ]
INFO: [ template_filter ] --END-- [ RunTime:0.000297s ]
INFO: Run Behavior\ParseTemplateBehavior [ RunTime:0.015230s ]
INFO: [ view_parse ] --END-- [ RunTime:0.015417s ]
INFO: [ view_filter ] --START--
INFO: Run Behavior\WriteHtmlCacheBehavior [ RunTime:0.001856s ]
INFO: [ view_filter ] --END-- [ RunTime:0.001984s ]
INFO: [ app_end ] --START--
INFO: Run Behavior\ShowPageTraceBehavior [ RunTime:0.002177s ]
INFO: [ app_end ] --END-- [ RunTime:0.002348s ]

[ 2021-07-05T10:40:57+08:00 ] 115.60.59.173 /index.php
INFO: [ app_init ] --START--
INFO: Run Behavior\BuildLiteBehavior [ RunTime:0.000029s ]
INFO: [ app_init ] --END-- [ RunTime:0.000917s ]
INFO: [ app_begin ] --START--
INFO: Run Behavior\ReadHtmlCacheBehavior [ RunTime:0.001834s ]
INFO: [ app_begin ] --END-- [ RunTime:0.001966s ]
INFO: [ view_parse ] --START--
INFO: [ template_filter ] --START--
INFO: Run Behavior\ContentReplaceBehavior [ RunTime:0.000128s ]
INFO: [ template_filter ] --END-- [ RunTime:0.000262s ]
INFO: Run Behavior\ParseTemplateBehavior [ RunTime:0.013517s ]
INFO: [ view_parse ] --END-- [ RunTime:0.013653s ]
INFO: [ view_filter ] --START--
INFO: Run Behavior\WriteHtmlCacheBehavior [ RunTime:0.001645s ]
INFO: [ view_filter ] --END-- [ RunTime:0.001767s ]
INFO: [ app_end ] --START--
INFO: Run Behavior\ShowPageTraceBehavior [ RunTime:0.001851s ]
INFO: [ app_end ] --END-- [ RunTime:0.001968s ]

[ 2021-07-05T10:41:04+08:00 ] 115.60.59.173 /index.php
INFO: [ app_init ] --START--
INFO: Run Behavior\BuildLiteBehavior [ RunTime:0.000035s ]
INFO: [ app_init ] --END-- [ RunTime:0.000882s ]
INFO: [ app_begin ] --START--
INFO: Run Behavior\ReadHtmlCacheBehavior [ RunTime:0.001756s ]
INFO: [ app_begin ] --END-- [ RunTime:0.001890s ]
SQL: SHOW COLUMNS FROM `c_users` [ RunTime:0.0027s ]
SQL: SELECT * FROM `c_users` WHERE `username` = '王沿' AND `password` = 'c2610f901735286e712ef0a11df1535b' LIMIT 1   [ RunTime:0.0002s ]
SQL: SHOW COLUMNS FROM `c_log` [ RunTime:0.0018s ]
SQL: INSERT INTO `c_log` (`name`,`t`,`ip`,`log`) VALUES ('王沿','1625452864','115.60.59.173','登录成功') [ RunTime:0.0003s ]
INFO: [ view_parse ] --START--
INFO: [ template_filter ] --START--
INFO: Run Behavior\ContentReplaceBehavior [ RunTime:0.000105s ]
INFO: [ template_filter ] --END-- [ RunTime:0.000233s ]
NOTIC: [8] Undefined variable: error C:\wwwroot\oa.52lvu.cn\Runtime\Cache\Home\cf67dc478d0f9143c4e32b762444702a.php 第 6 行.
INFO: Run Behavior\ParseTemplateBehavior [ RunTime:0.015523s ]
INFO: [ view_parse ] --END-- [ RunTime:0.015661s ]
INFO: [ view_filter ] --START--
INFO: Run Behavior\WriteHtmlCacheBehavior [ RunTime:0.001686s ]
INFO: [ view_filter ] --END-- [ RunTime:0.001798s ]
INFO: [ app_end ] --START--
INFO: Run Behavior\ShowPageTraceBehavior [ RunTime:0.001970s ]
INFO: [ app_end ] --END-- [ RunTime:0.002093s ]

[ 2021-07-05T10:44:26+08:00 ] 115.60.59.173 /index.php
INFO: [ app_init ] --START--
INFO: Run Behavior\BuildLiteBehavior [ RunTime:0.000029s ]
INFO: [ app_init ] --END-- [ RunTime:0.000888s ]
INFO: [ app_begin ] --START--
INFO: Run Behavior\ReadHtmlCacheBehavior [ RunTime:0.001803s ]
INFO: [ app_begin ] --END-- [ RunTime:0.001940s ]
INFO: [ view_parse ] --START--
INFO: [ template_filter ] --START--
INFO: Run Behavior\ContentReplaceBehavior [ RunTime:0.000191s ]
INFO: [ template_filter ] --END-- [ RunTime:0.000407s ]
INFO: Run Behavior\ParseTemplateBehavior [ RunTime:0.019839s ]
INFO: [ view_parse ] --END-- [ RunTime:0.020013s ]
INFO: [ view_filter ] --START--
INFO: Run Behavior\WriteHtmlCacheBehavior [ RunTime:0.002758s ]
INFO: [ view_filter ] --END-- [ RunTime:0.002945s ]
INFO: [ app_end ] --START--
INFO: Run Behavior\ShowPageTraceBehavior [ RunTime:0.002872s ]
INFO: [ app_end ] --END-- [ RunTime:0.003067s ]

[ 2021-07-05T10:44:34+08:00 ] 115.60.59.173 /index.php
INFO: [ app_init ] --START--
INFO: Run Behavior\BuildLiteBehavior [ RunTime:0.000030s ]
INFO: [ app_init ] --END-- [ RunTime:0.000952s ]
INFO: [ app_begin ] --START--
INFO: Run Behavior\ReadHtmlCacheBehavior [ RunTime:0.001879s ]
INFO: [ app_begin ] --END-- [ RunTime:0.002021s ]
SQL: SHOW COLUMNS FROM `c_users` [ RunTime:0.0024s ]
SQL: SELECT * FROM `c_users` WHERE `username` = '王沿' AND `password` = 'c2610f901735286e712ef0a11df1535b' LIMIT 1   [ RunTime:0.0002s ]
SQL: SHOW COLUMNS FROM `c_log` [ RunTime:0.0018s ]
SQL: INSERT INTO `c_log` (`name`,`t`,`ip`,`log`) VALUES ('王沿','1625453074','115.60.59.173','登录成功') [ RunTime:0.0003s ]
INFO: [ view_parse ] --START--
INFO: [ template_filter ] --START--
INFO: Run Behavior\ContentReplaceBehavior [ RunTime:0.000111s ]
INFO: [ template_filter ] --END-- [ RunTime:0.000255s ]
NOTIC: [8] Undefined variable: error C:\wwwroot\oa.52lvu.cn\Runtime\Cache\Home\cf67dc478d0f9143c4e32b762444702a.php 第 6 行.
INFO: Run Behavior\ParseTemplateBehavior [ RunTime:0.014559s ]
INFO: [ view_parse ] --END-- [ RunTime:0.014688s ]
INFO: [ view_filter ] --START--
INFO: Run Behavior\WriteHtmlCacheBehavior [ RunTime:0.001659s ]
INFO: [ view_filter ] --END-- [ RunTime:0.001773s ]
INFO: [ app_end ] --START--
INFO: Run Behavior\ShowPageTraceBehavior [ RunTime:0.001998s ]
INFO: [ app_end ] --END-- [ RunTime:0.002131s ]

[ 2021-07-05T11:07:28+08:00 ] 115.60.144.253 /
INFO: [ app_init ] --START--
INFO: Run Behavior\BuildLiteBehavior [ RunTime:0.000032s ]
INFO: [ app_init ] --END-- [ RunTime:0.001123s ]
INFO: [ app_begin ] --START--
INFO: Run Behavior\ReadHtmlCacheBehavior [ RunTime:0.002264s ]
INFO: [ app_begin ] --END-- [ RunTime:0.002455s ]
INFO: [ view_parse ] --START--
INFO: [ template_filter ] --START--
INFO: Run Behavior\ContentReplaceBehavior [ RunTime:0.000186s ]
INFO: [ template_filter ] --END-- [ RunTime:0.000391s ]
INFO: Run Behavior\ParseTemplateBehavior [ RunTime:0.017970s ]
INFO: [ view_parse ] --END-- [ RunTime:0.018155s ]
INFO: [ view_filter ] --START--
INFO: Run Behavior\WriteHtmlCacheBehavior [ RunTime:0.002242s ]
INFO: [ view_filter ] --END-- [ RunTime:0.002403s ]
INFO: [ app_end ] --START--
INFO: Run Behavior\ShowPageTraceBehavior [ RunTime:0.002009s ]
INFO: [ app_end ] --END-- [ RunTime:0.002150s ]

[ 2021-07-05T11:07:28+08:00 ] 115.60.144.253 /
INFO: [ app_init ] --START--
INFO: Run Behavior\BuildLiteBehavior [ RunTime:0.000030s ]
INFO: [ app_init ] --END-- [ RunTime:0.000899s ]
INFO: [ app_begin ] --START--
INFO: Run Behavior\ReadHtmlCacheBehavior [ RunTime:0.002816s ]
INFO: [ app_begin ] --END-- [ RunTime:0.003016s ]
INFO: [ view_parse ] --START--
INFO: [ template_filter ] --START--
INFO: Run Behavior\ContentReplaceBehavior [ RunTime:0.000179s ]
INFO: [ template_filter ] --END-- [ RunTime:0.000401s ]
INFO: Run Behavior\ParseTemplateBehavior [ RunTime:0.019363s ]
INFO: [ view_parse ] --END-- [ RunTime:0.019589s ]
INFO: [ view_filter ] --START--
INFO: Run Behavior\WriteHtmlCacheBehavior [ RunTime:0.002329s ]
INFO: [ view_filter ] --END-- [ RunTime:0.002563s ]
INFO: [ app_end ] --START--
INFO: Run Behavior\ShowPageTraceBehavior [ RunTime:0.002442s ]
INFO: [ app_end ] --END-- [ RunTime:0.002610s ]

[ 2021-07-05T11:07:39+08:00 ] 115.60.144.253 /
INFO: [ app_init ] --START--
INFO: Run Behavior\BuildLiteBehavior [ RunTime:0.000029s ]
INFO: [ app_init ] --END-- [ RunTime:0.000895s ]
INFO: [ app_begin ] --START--
INFO: Run Behavior\ReadHtmlCacheBehavior [ RunTime:0.001767s ]
INFO: [ app_begin ] --END-- [ RunTime:0.001912s ]
SQL: SHOW COLUMNS FROM `c_users` [ RunTime:0.0025s ]
SQL: SELECT * FROM `c_users` WHERE `username` = 'fxtadmin' AND `password` = 'b5716abd3bb2722cb34cde3c2f7d8d7e' LIMIT 1   [ RunTime:0.0002s ]
SQL: SHOW COLUMNS FROM `c_log` [ RunTime:0.0027s ]
SQL: INSERT INTO `c_log` (`name`,`t`,`ip`,`log`) VALUES ('fxtadmin','1625454459','115.60.144.253','登录成功') [ RunTime:0.0003s ]
INFO: [ view_parse ] --START--
INFO: [ template_filter ] --START--
INFO: Run Behavior\ContentReplaceBehavior [ RunTime:0.000104s ]
INFO: [ template_filter ] --END-- [ RunTime:0.000243s ]
NOTIC: [8] Undefined variable: error C:\wwwroot\oa.52lvu.cn\Runtime\Cache\Home\cf67dc478d0f9143c4e32b762444702a.php 第 6 行.
INFO: Run Behavior\ParseTemplateBehavior [ RunTime:0.013959s ]
INFO: [ view_parse ] --END-- [ RunTime:0.014094s ]
INFO: [ view_filter ] --START--
INFO: Run Behavior\WriteHtmlCacheBehavior [ RunTime:0.001710s ]
INFO: [ view_filter ] --END-- [ RunTime:0.001829s ]
INFO: [ app_end ] --START--
INFO: Run Behavior\ShowPageTraceBehavior [ RunTime:0.001834s ]
INFO: [ app_end ] --END-- [ RunTime:0.001950s ]

[ 2021-07-05T13:56:34+08:00 ] 47.101.178.254 /
INFO: [ app_init ] --START--
INFO: Run Behavior\BuildLiteBehavior [ RunTime:0.000030s ]
INFO: [ app_init ] --END-- [ RunTime:0.001559s ]
INFO: [ app_begin ] --START--
INFO: Run Behavior\ReadHtmlCacheBehavior [ RunTime:0.002270s ]
INFO: [ app_begin ] --END-- [ RunTime:0.002411s ]
INFO: [ view_parse ] --START--
INFO: [ template_filter ] --START--
INFO: Run Behavior\ContentReplaceBehavior [ RunTime:0.000136s ]
INFO: [ template_filter ] --END-- [ RunTime:0.000262s ]
INFO: Run Behavior\ParseTemplateBehavior [ RunTime:0.015169s ]
INFO: [ view_parse ] --END-- [ RunTime:0.015328s ]
INFO: [ view_filter ] --START--
INFO: Run Behavior\WriteHtmlCacheBehavior [ RunTime:0.002105s ]
INFO: [ view_filter ] --END-- [ RunTime:0.002224s ]
INFO: [ app_end ] --START--
INFO: Run Behavior\ShowPageTraceBehavior [ RunTime:0.002257s ]
INFO: [ app_end ] --END-- [ RunTime:0.002390s ]

[ 2021-07-05T14:13:00+08:00 ] 115.60.59.173 /index.php
INFO: [ app_init ] --START--
INFO: Run Behavior\BuildLiteBehavior [ RunTime:0.000030s ]
INFO: [ app_init ] --END-- [ RunTime:0.000942s ]
INFO: [ app_begin ] --START--
INFO: Run Behavior\ReadHtmlCacheBehavior [ RunTime:0.001854s ]
INFO: [ app_begin ] --END-- [ RunTime:0.001986s ]
INFO: [ view_parse ] --START--
INFO: [ template_filter ] --START--
INFO: Run Behavior\ContentReplaceBehavior [ RunTime:0.000137s ]
INFO: [ template_filter ] --END-- [ RunTime:0.000268s ]
INFO: Run Behavior\ParseTemplateBehavior [ RunTime:0.013655s ]
INFO: [ view_parse ] --END-- [ RunTime:0.013798s ]
INFO: [ view_filter ] --START--
INFO: Run Behavior\WriteHtmlCacheBehavior [ RunTime:0.001680s ]
INFO: [ view_filter ] --END-- [ RunTime:0.001798s ]
INFO: [ app_end ] --START--
INFO: Run Behavior\ShowPageTraceBehavior [ RunTime:0.001807s ]
INFO: [ app_end ] --END-- [ RunTime:0.001925s ]

[ 2021-07-05T14:13:10+08:00 ] 115.60.59.173 /index.php
INFO: [ app_init ] --START--
INFO: Run Behavior\BuildLiteBehavior [ RunTime:0.000030s ]
INFO: [ app_init ] --END-- [ RunTime:0.000952s ]
INFO: [ app_begin ] --START--
INFO: Run Behavior\ReadHtmlCacheBehavior [ RunTime:0.001869s ]
INFO: [ app_begin ] --END-- [ RunTime:0.002020s ]
SQL: SHOW COLUMNS FROM `c_users` [ RunTime:0.0028s ]
SQL: SELECT * FROM `c_users` WHERE `username` = '王沿' AND `password` = 'c2610f901735286e712ef0a11df1535b' LIMIT 1   [ RunTime:0.0002s ]
SQL: SHOW COLUMNS FROM `c_log` [ RunTime:0.0032s ]
SQL: INSERT INTO `c_log` (`name`,`t`,`ip`,`log`) VALUES ('王沿','1625465590','115.60.59.173','登录成功') [ RunTime:0.0007s ]
INFO: [ view_parse ] --START--
INFO: [ template_filter ] --START--
INFO: Run Behavior\ContentReplaceBehavior [ RunTime:0.000131s ]
INFO: [ template_filter ] --END-- [ RunTime:0.000289s ]
NOTIC: [8] Undefined variable: error C:\wwwroot\oa.52lvu.cn\Runtime\Cache\Home\cf67dc478d0f9143c4e32b762444702a.php 第 6 行.
INFO: Run Behavior\ParseTemplateBehavior [ RunTime:0.015041s ]
INFO: [ view_parse ] --END-- [ RunTime:0.015186s ]
INFO: [ view_filter ] --START--
INFO: Run Behavior\WriteHtmlCacheBehavior [ RunTime:0.002282s ]
INFO: [ view_filter ] --END-- [ RunTime:0.002452s ]
INFO: [ app_end ] --START--
INFO: Run Behavior\ShowPageTraceBehavior [ RunTime:0.001951s ]
INFO: [ app_end ] --END-- [ RunTime:0.002068s ]

[ 2021-07-05T14:27:13+08:00 ] 123.150.174.182 /
INFO: [ app_init ] --START--
INFO: Run Behavior\BuildLiteBehavior [ RunTime:0.000032s ]
INFO: [ app_init ] --END-- [ RunTime:0.000991s ]
INFO: [ app_begin ] --START--
INFO: Run Behavior\ReadHtmlCacheBehavior [ RunTime:0.001867s ]
INFO: [ app_begin ] --END-- [ RunTime:0.002003s ]
INFO: [ view_parse ] --START--
INFO: [ template_filter ] --START--
INFO: Run Behavior\ContentReplaceBehavior [ RunTime:0.000123s ]
INFO: [ template_filter ] --END-- [ RunTime:0.000299s ]
INFO: Run Behavior\ParseTemplateBehavior [ RunTime:0.013942s ]
INFO: [ view_parse ] --END-- [ RunTime:0.014111s ]
INFO: [ view_filter ] --START--
INFO: Run Behavior\WriteHtmlCacheBehavior [ RunTime:0.001763s ]
INFO: [ view_filter ] --END-- [ RunTime:0.001891s ]
INFO: [ app_end ] --START--
INFO: Run Behavior\ShowPageTraceBehavior [ RunTime:0.002075s ]
INFO: [ app_end ] --END-- [ RunTime:0.002198s ]

[ 2021-07-05T14:28:03+08:00 ] 106.34.63.54 /
INFO: [ app_init ] --START--
INFO: Run Behavior\BuildLiteBehavior [ RunTime:0.000032s ]
INFO: [ app_init ] --END-- [ RunTime:0.001167s ]
INFO: [ app_begin ] --START--
INFO: Run Behavior\ReadHtmlCacheBehavior [ RunTime:0.002111s ]
INFO: [ app_begin ] --END-- [ RunTime:0.002260s ]
SQL: SHOW COLUMNS FROM `c_users` [ RunTime:0.0022s ]
SQL: SELECT * FROM `c_users` WHERE `username` = '李雪静' AND `password` = 'a65daa2d77588f2fb99257b639871940' LIMIT 1   [ RunTime:0.0002s ]
SQL: SHOW COLUMNS FROM `c_log` [ RunTime:0.0018s ]
SQL: INSERT INTO `c_log` (`name`,`t`,`ip`,`log`) VALUES ('李雪静','1625466483','106.34.63.54','登录成功') [ RunTime:0.0003s ]
INFO: [ view_parse ] --START--
INFO: [ template_filter ] --START--
INFO: Run Behavior\ContentReplaceBehavior [ RunTime:0.000103s ]
INFO: [ template_filter ] --END-- [ RunTime:0.000227s ]
NOTIC: [8] Undefined variable: error C:\wwwroot\oa.52lvu.cn\Runtime\Cache\Home\cf67dc478d0f9143c4e32b762444702a.php 第 6 行.
INFO: Run Behavior\ParseTemplateBehavior [ RunTime:0.014527s ]
INFO: [ view_parse ] --END-- [ RunTime:0.014708s ]
INFO: [ view_filter ] --START--
INFO: Run Behavior\WriteHtmlCacheBehavior [ RunTime:0.001635s ]
INFO: [ view_filter ] --END-- [ RunTime:0.001747s ]
INFO: [ app_end ] --START--
INFO: Run Behavior\ShowPageTraceBehavior [ RunTime:0.001805s ]
INFO: [ app_end ] --END-- [ RunTime:0.001932s ]

[ 2021-07-05T15:49:27+08:00 ] 115.60.59.173 /index.php/
INFO: [ app_init ] --START--
INFO: Run Behavior\BuildLiteBehavior [ RunTime:0.000030s ]
INFO: [ app_init ] --END-- [ RunTime:0.001458s ]
INFO: [ app_begin ] --START--
INFO: Run Behavior\ReadHtmlCacheBehavior [ RunTime:0.002215s ]
INFO: [ app_begin ] --END-- [ RunTime:0.002354s ]
INFO: [ view_parse ] --START--
INFO: [ template_filter ] --START--
INFO: Run Behavior\ContentReplaceBehavior [ RunTime:0.000141s ]
INFO: [ template_filter ] --END-- [ RunTime:0.000274s ]
INFO: Run Behavior\ParseTemplateBehavior [ RunTime:0.016860s ]
INFO: [ view_parse ] --END-- [ RunTime:0.017006s ]
INFO: [ view_filter ] --START--
INFO: Run Behavior\WriteHtmlCacheBehavior [ RunTime:0.001996s ]
INFO: [ view_filter ] --END-- [ RunTime:0.002141s ]
INFO: [ app_end ] --START--
INFO: Run Behavior\ShowPageTraceBehavior [ RunTime:0.002332s ]
INFO: [ app_end ] --END-- [ RunTime:0.002456s ]

[ 2021-07-05T15:49:28+08:00 ] 115.60.59.173 /index.php/
INFO: [ app_init ] --START--
INFO: Run Behavior\BuildLiteBehavior [ RunTime:0.000031s ]
INFO: [ app_init ] --END-- [ RunTime:0.001001s ]
INFO: [ app_begin ] --START--
INFO: Run Behavior\ReadHtmlCacheBehavior [ RunTime:0.001891s ]
INFO: [ app_begin ] --END-- [ RunTime:0.002039s ]
INFO: [ view_parse ] --START--
INFO: [ template_filter ] --START--
INFO: Run Behavior\ContentReplaceBehavior [ RunTime:0.000124s ]
INFO: [ template_filter ] --END-- [ RunTime:0.000254s ]
INFO: Run Behavior\ParseTemplateBehavior [ RunTime:0.013741s ]
INFO: [ view_parse ] --END-- [ RunTime:0.013879s ]
INFO: [ view_filter ] --START--
INFO: Run Behavior\WriteHtmlCacheBehavior [ RunTime:0.001628s ]
INFO: [ view_filter ] --END-- [ RunTime:0.001739s ]
INFO: [ app_end ] --START--
INFO: Run Behavior\ShowPageTraceBehavior [ RunTime:0.001836s ]
INFO: [ app_end ] --END-- [ RunTime:0.001952s ]

[ 2021-07-05T15:49:31+08:00 ] 115.60.59.173 /index.php/
INFO: [ app_init ] --START--
INFO: Run Behavior\BuildLiteBehavior [ RunTime:0.000030s ]
INFO: [ app_init ] --END-- [ RunTime:0.000963s ]
INFO: [ app_begin ] --START--
INFO: Run Behavior\ReadHtmlCacheBehavior [ RunTime:0.001968s ]
INFO: [ app_begin ] --END-- [ RunTime:0.002139s ]
SQL: SHOW COLUMNS FROM `c_users` [ RunTime:0.0029s ]
SQL: SELECT * FROM `c_users` WHERE `username` = '徐琳茜' AND `password` = '508df4cb2f4d8f80519256258cfb975f' LIMIT 1   [ RunTime:0.0002s ]
SQL: SHOW COLUMNS FROM `c_log` [ RunTime:0.0030s ]
SQL: INSERT INTO `c_log` (`name`,`t`,`ip`,`log`) VALUES ('徐琳茜','1625471371','115.60.59.173','登录成功') [ RunTime:0.0007s ]
INFO: [ view_parse ] --START--
INFO: [ template_filter ] --START--
INFO: Run Behavior\ContentReplaceBehavior [ RunTime:0.000126s ]
INFO: [ template_filter ] --END-- [ RunTime:0.000268s ]
NOTIC: [8] Undefined variable: error C:\wwwroot\oa.52lvu.cn\Runtime\Cache\Home\cf67dc478d0f9143c4e32b762444702a.php 第 6 行.
INFO: Run Behavior\ParseTemplateBehavior [ RunTime:0.015770s ]
INFO: [ view_parse ] --END-- [ RunTime:0.015963s ]
INFO: [ view_filter ] --START--
INFO: Run Behavior\WriteHtmlCacheBehavior [ RunTime:0.001917s ]
INFO: [ view_filter ] --END-- [ RunTime:0.002071s ]
INFO: [ app_end ] --START--
INFO: Run Behavior\ShowPageTraceBehavior [ RunTime:0.001816s ]
INFO: [ app_end ] --END-- [ RunTime:0.001960s ]

[ 2021-07-05T16:14:29+08:00 ] 115.60.59.173 /index.php/
INFO: [ app_init ] --START--
INFO: Run Behavior\BuildLiteBehavior [ RunTime:0.000034s ]
INFO: [ app_init ] --END-- [ RunTime:0.000910s ]
INFO: [ app_begin ] --START--
INFO: Run Behavior\ReadHtmlCacheBehavior [ RunTime:0.001827s ]
INFO: [ app_begin ] --END-- [ RunTime:0.001957s ]
INFO: [ view_parse ] --START--
INFO: [ template_filter ] --START--
INFO: Run Behavior\ContentReplaceBehavior [ RunTime:0.000145s ]
INFO: [ template_filter ] --END-- [ RunTime:0.000291s ]
INFO: Run Behavior\ParseTemplateBehavior [ RunTime:0.013266s ]
INFO: [ view_parse ] --END-- [ RunTime:0.013404s ]
INFO: [ view_filter ] --START--
INFO: Run Behavior\WriteHtmlCacheBehavior [ RunTime:0.001658s ]
INFO: [ view_filter ] --END-- [ RunTime:0.001779s ]
INFO: [ app_end ] --START--
INFO: Run Behavior\ShowPageTraceBehavior [ RunTime:0.001762s ]
INFO: [ app_end ] --END-- [ RunTime:0.001884s ]

[ 2021-07-05T16:14:34+08:00 ] 115.60.59.173 /index.php/
INFO: [ app_init ] --START--
INFO: Run Behavior\BuildLiteBehavior [ RunTime:0.000032s ]
INFO: [ app_init ] --END-- [ RunTime:0.001009s ]
INFO: [ app_begin ] --START--
INFO: Run Behavior\ReadHtmlCacheBehavior [ RunTime:0.001800s ]
INFO: [ app_begin ] --END-- [ RunTime:0.001940s ]
SQL: SHOW COLUMNS FROM `c_users` [ RunTime:0.0025s ]
SQL: SELECT * FROM `c_users` WHERE `username` = '徐琳茜' AND `password` = '508df4cb2f4d8f80519256258cfb975f' LIMIT 1   [ RunTime:0.0002s ]
SQL: SHOW COLUMNS FROM `c_log` [ RunTime:0.0024s ]
SQL: INSERT INTO `c_log` (`name`,`t`,`ip`,`log`) VALUES ('徐琳茜','1625472874','115.60.59.173','登录成功') [ RunTime:0.0004s ]
INFO: [ view_parse ] --START--
INFO: [ template_filter ] --START--
INFO: Run Behavior\ContentReplaceBehavior [ RunTime:0.000124s ]
INFO: [ template_filter ] --END-- [ RunTime:0.000252s ]
NOTIC: [8] Undefined variable: error C:\wwwroot\oa.52lvu.cn\Runtime\Cache\Home\cf67dc478d0f9143c4e32b762444702a.php 第 6 行.
INFO: Run Behavior\ParseTemplateBehavior [ RunTime:0.014537s ]
INFO: [ view_parse ] --END-- [ RunTime:0.014668s ]
INFO: [ view_filter ] --START--
INFO: Run Behavior\WriteHtmlCacheBehavior [ RunTime:0.001711s ]
INFO: [ view_filter ] --END-- [ RunTime:0.001832s ]
INFO: [ app_end ] --START--
INFO: Run Behavior\ShowPageTraceBehavior [ RunTime:0.001864s ]
INFO: [ app_end ] --END-- [ RunTime:0.001995s ]

[ 2021-07-05T16:29:22+08:00 ] 115.60.144.253 /
INFO: [ app_init ] --START--
INFO: Run Behavior\BuildLiteBehavior [ RunTime:0.000030s ]
INFO: [ app_init ] --END-- [ RunTime:0.000988s ]
INFO: [ app_begin ] --START--
INFO: Run Behavior\ReadHtmlCacheBehavior [ RunTime:0.002340s ]
INFO: [ app_begin ] --END-- [ RunTime:0.002575s ]
INFO: [ view_parse ] --START--
INFO: [ template_filter ] --START--
INFO: Run Behavior\ContentReplaceBehavior [ RunTime:0.000118s ]
INFO: [ template_filter ] --END-- [ RunTime:0.000250s ]
INFO: Run Behavior\ParseTemplateBehavior [ RunTime:0.014273s ]
INFO: [ view_parse ] --END-- [ RunTime:0.014412s ]
INFO: [ view_filter ] --START--
INFO: Run Behavior\WriteHtmlCacheBehavior [ RunTime:0.001717s ]
INFO: [ view_filter ] --END-- [ RunTime:0.001832s ]
INFO: [ app_end ] --START--
INFO: Run Behavior\ShowPageTraceBehavior [ RunTime:0.001900s ]
INFO: [ app_end ] --END-- [ RunTime:0.002015s ]

[ 2021-07-05T16:29:22+08:00 ] 115.60.144.253 /
INFO: [ app_init ] --START--
INFO: Run Behavior\BuildLiteBehavior [ RunTime:0.000039s ]
INFO: [ app_init ] --END-- [ RunTime:0.000961s ]
INFO: [ app_begin ] --START--
INFO: Run Behavior\ReadHtmlCacheBehavior [ RunTime:0.001894s ]
INFO: [ app_begin ] --END-- [ RunTime:0.002029s ]
INFO: [ view_parse ] --START--
INFO: [ template_filter ] --START--
INFO: Run Behavior\ContentReplaceBehavior [ RunTime:0.000123s ]
INFO: [ template_filter ] --END-- [ RunTime:0.000250s ]
INFO: Run Behavior\ParseTemplateBehavior [ RunTime:0.013616s ]
INFO: [ view_parse ] --END-- [ RunTime:0.013791s ]
INFO: [ view_filter ] --START--
INFO: Run Behavior\WriteHtmlCacheBehavior [ RunTime:0.001629s ]
INFO: [ view_filter ] --END-- [ RunTime:0.001743s ]
INFO: [ app_end ] --START--
INFO: Run Behavior\ShowPageTraceBehavior [ RunTime:0.001902s ]
INFO: [ app_end ] --END-- [ RunTime:0.002021s ]

[ 2021-07-05T16:53:36+08:00 ] 115.60.59.173 /index.php/
INFO: [ app_init ] --START--
INFO: Run Behavior\BuildLiteBehavior [ RunTime:0.000029s ]
INFO: [ app_init ] --END-- [ RunTime:0.000901s ]
INFO: [ app_begin ] --START--
INFO: Run Behavior\ReadHtmlCacheBehavior [ RunTime:0.001759s ]
INFO: [ app_begin ] --END-- [ RunTime:0.001902s ]
INFO: [ view_parse ] --START--
INFO: [ template_filter ] --START--
INFO: Run Behavior\ContentReplaceBehavior [ RunTime:0.000120s ]
INFO: [ template_filter ] --END-- [ RunTime:0.000276s ]
INFO: Run Behavior\ParseTemplateBehavior [ RunTime:0.013758s ]
INFO: [ view_parse ] --END-- [ RunTime:0.013892s ]
INFO: [ view_filter ] --START--
INFO: Run Behavior\WriteHtmlCacheBehavior [ RunTime:0.001638s ]
INFO: [ view_filter ] --END-- [ RunTime:0.001771s ]
INFO: [ app_end ] --START--
INFO: Run Behavior\ShowPageTraceBehavior [ RunTime:0.001867s ]
INFO: [ app_end ] --END-- [ RunTime:0.001980s ]

[ 2021-07-05T16:53:46+08:00 ] 115.60.59.173 /index.php/
INFO: [ app_init ] --START--
INFO: Run Behavior\BuildLiteBehavior [ RunTime:0.000031s ]
INFO: [ app_init ] --END-- [ RunTime:0.000910s ]
INFO: [ app_begin ] --START--
INFO: Run Behavior\ReadHtmlCacheBehavior [ RunTime:0.001724s ]
INFO: [ app_begin ] --END-- [ RunTime:0.001879s ]
SQL: SHOW COLUMNS FROM `c_users` [ RunTime:0.0020s ]
SQL: SELECT * FROM `c_users` WHERE `username` = '王东阳' AND `password` = '7cec85c75537840dad40251576e5b757' LIMIT 1   [ RunTime:0.0003s ]
SQL: SHOW COLUMNS FROM `c_log` [ RunTime:0.0016s ]
NOTIC: [8] A session had already been started - ignoring session_start() C:\wwwroot\oa.52lvu.cn\Application\Common\Common\function.php 第 1497 行.
NOTIC: [8] Undefined index: user C:\wwwroot\oa.52lvu.cn\Application\Common\Common\function.php 第 1498 行.
SQL: INSERT INTO `c_log` (`name`,`t`,`ip`,`log`) VALUES ('','1625475226','115.60.59.173','登录失败') [ RunTime:0.0003s ]
INFO: [ view_parse ] --START--
INFO: [ template_filter ] --START--
INFO: Run Behavior\ContentReplaceBehavior [ RunTime:0.000154s ]
INFO: [ template_filter ] --END-- [ RunTime:0.000349s ]
NOTIC: [8] Undefined variable: message C:\wwwroot\oa.52lvu.cn\Runtime\Cache\Home\cf67dc478d0f9143c4e32b762444702a.php 第 6 行.
INFO: Run Behavior\ParseTemplateBehavior [ RunTime:0.018536s ]
INFO: [ view_parse ] --END-- [ RunTime:0.018704s ]
INFO: [ view_filter ] --START--
INFO: Run Behavior\WriteHtmlCacheBehavior [ RunTime:0.002376s ]
INFO: [ view_filter ] --END-- [ RunTime:0.002552s ]

[ 2021-07-05T16:53:49+08:00 ] 115.60.59.173 /index.php/
INFO: [ app_init ] --START--
INFO: Run Behavior\BuildLiteBehavior [ RunTime:0.000039s ]
INFO: [ app_init ] --END-- [ RunTime:0.000958s ]
INFO: [ app_begin ] --START--
INFO: Run Behavior\ReadHtmlCacheBehavior [ RunTime:0.002016s ]
INFO: [ app_begin ] --END-- [ RunTime:0.002152s ]
INFO: [ view_parse ] --START--
INFO: [ template_filter ] --START--
INFO: Run Behavior\ContentReplaceBehavior [ RunTime:0.000181s ]
INFO: [ template_filter ] --END-- [ RunTime:0.000377s ]
INFO: Run Behavior\ParseTemplateBehavior [ RunTime:0.015757s ]
INFO: [ view_parse ] --END-- [ RunTime:0.015906s ]
INFO: [ view_filter ] --START--
INFO: Run Behavior\WriteHtmlCacheBehavior [ RunTime:0.001770s ]
INFO: [ view_filter ] --END-- [ RunTime:0.001937s ]
INFO: [ app_end ] --START--
INFO: Run Behavior\ShowPageTraceBehavior [ RunTime:0.001975s ]
INFO: [ app_end ] --END-- [ RunTime:0.002095s ]

[ 2021-07-05T16:53:56+08:00 ] 115.60.59.173 /index.php/
INFO: [ app_init ] --START--
INFO: Run Behavior\BuildLiteBehavior [ RunTime:0.000032s ]
INFO: [ app_init ] --END-- [ RunTime:0.000958s ]
INFO: [ app_begin ] --START--
INFO: Run Behavior\ReadHtmlCacheBehavior [ RunTime:0.001855s ]
INFO: [ app_begin ] --END-- [ RunTime:0.001995s ]
SQL: SHOW COLUMNS FROM `c_users` [ RunTime:0.0021s ]
SQL: SELECT * FROM `c_users` WHERE `username` = '王东阳' AND `password` = 'e10adc3949ba59abbe56e057f20f883e' LIMIT 1   [ RunTime:0.0002s ]
SQL: SHOW COLUMNS FROM `c_log` [ RunTime:0.0019s ]
SQL: INSERT INTO `c_log` (`name`,`t`,`ip`,`log`) VALUES ('王东阳','1625475236','115.60.59.173','登录成功') [ RunTime:0.0003s ]
INFO: [ view_parse ] --START--
INFO: [ template_filter ] --START--
INFO: Run Behavior\ContentReplaceBehavior [ RunTime:0.000108s ]
INFO: [ template_filter ] --END-- [ RunTime:0.000254s ]
NOTIC: [8] Undefined variable: error C:\wwwroot\oa.52lvu.cn\Runtime\Cache\Home\cf67dc478d0f9143c4e32b762444702a.php 第 6 行.
INFO: Run Behavior\ParseTemplateBehavior [ RunTime:0.014397s ]
INFO: [ view_parse ] --END-- [ RunTime:0.014547s ]
INFO: [ view_filter ] --START--
INFO: Run Behavior\WriteHtmlCacheBehavior [ RunTime:0.001786s ]
INFO: [ view_filter ] --END-- [ RunTime:0.001923s ]
INFO: [ app_end ] --START--
INFO: Run Behavior\ShowPageTraceBehavior [ RunTime:0.002755s ]
INFO: [ app_end ] --END-- [ RunTime:0.002913s ]

[ 2021-07-05T18:58:33+08:00 ] 123.150.174.182 /
INFO: [ app_init ] --START--
INFO: Run Behavior\BuildLiteBehavior [ RunTime:0.000032s ]
INFO: [ app_init ] --END-- [ RunTime:0.001338s ]
INFO: [ app_begin ] --START--
INFO: Run Behavior\ReadHtmlCacheBehavior [ RunTime:0.002279s ]
INFO: [ app_begin ] --END-- [ RunTime:0.002414s ]
INFO: [ view_parse ] --START--
INFO: [ template_filter ] --START--
INFO: Run Behavior\ContentReplaceBehavior [ RunTime:0.000124s ]
INFO: [ template_filter ] --END-- [ RunTime:0.000250s ]
INFO: Run Behavior\ParseTemplateBehavior [ RunTime:0.016752s ]
INFO: [ view_parse ] --END-- [ RunTime:0.016936s ]
INFO: [ view_filter ] --START--
INFO: Run Behavior\WriteHtmlCacheBehavior [ RunTime:0.002584s ]
INFO: [ view_filter ] --END-- [ RunTime:0.002726s ]
INFO: [ app_end ] --START--
INFO: Run Behavior\ShowPageTraceBehavior [ RunTime:0.002198s ]
INFO: [ app_end ] --END-- [ RunTime:0.002315s ]

[ 2021-07-05T18:58:43+08:00 ] 106.34.63.54 /
INFO: [ app_init ] --START--
INFO: Run Behavior\BuildLiteBehavior [ RunTime:0.000030s ]
INFO: [ app_init ] --END-- [ RunTime:0.000909s ]
INFO: [ app_begin ] --START--
INFO: Run Behavior\ReadHtmlCacheBehavior [ RunTime:0.001826s ]
INFO: [ app_begin ] --END-- [ RunTime:0.001962s ]
SQL: SHOW COLUMNS FROM `c_users` [ RunTime:0.0028s ]
SQL: SELECT * FROM `c_users` WHERE `username` = '李雪静' AND `password` = 'a65daa2d77588f2fb99257b639871940' LIMIT 1   [ RunTime:0.0002s ]
SQL: SHOW COLUMNS FROM `c_log` [ RunTime:0.0032s ]
SQL: INSERT INTO `c_log` (`name`,`t`,`ip`,`log`) VALUES ('李雪静','1625482723','106.34.63.54','登录成功') [ RunTime:0.0006s ]
INFO: [ view_parse ] --START--
INFO: [ template_filter ] --START--
INFO: Run Behavior\ContentReplaceBehavior [ RunTime:0.000126s ]
INFO: [ template_filter ] --END-- [ RunTime:0.000278s ]
NOTIC: [8] Undefined variable: error C:\wwwroot\oa.52lvu.cn\Runtime\Cache\Home\cf67dc478d0f9143c4e32b762444702a.php 第 6 行.
INFO: Run Behavior\ParseTemplateBehavior [ RunTime:0.016502s ]
INFO: [ view_parse ] --END-- [ RunTime:0.016662s ]
INFO: [ view_filter ] --START--
INFO: Run Behavior\WriteHtmlCacheBehavior [ RunTime:0.001709s ]
INFO: [ view_filter ] --END-- [ RunTime:0.001821s ]
INFO: [ app_end ] --START--
INFO: Run Behavior\ShowPageTraceBehavior [ RunTime:0.001839s ]
INFO: [ app_end ] --END-- [ RunTime:0.001954s ]

[ 2021-07-05T22:09:02+08:00 ] 123.151.77.91 /index.php
INFO: [ app_init ] --START--
INFO: Run Behavior\BuildLiteBehavior [ RunTime:0.000030s ]
INFO: [ app_init ] --END-- [ RunTime:0.001445s ]
INFO: [ app_begin ] --START--
INFO: Run Behavior\ReadHtmlCacheBehavior [ RunTime:0.002151s ]
INFO: [ app_begin ] --END-- [ RunTime:0.002291s ]
INFO: [ view_parse ] --START--
INFO: [ template_filter ] --START--
INFO: Run Behavior\ContentReplaceBehavior [ RunTime:0.000126s ]
INFO: [ template_filter ] --END-- [ RunTime:0.000255s ]
INFO: Run Behavior\ParseTemplateBehavior [ RunTime:0.016117s ]
INFO: [ view_parse ] --END-- [ RunTime:0.016265s ]
INFO: [ view_filter ] --START--
INFO: Run Behavior\WriteHtmlCacheBehavior [ RunTime:0.002231s ]
INFO: [ view_filter ] --END-- [ RunTime:0.002347s ]
INFO: [ app_end ] --START--
INFO: Run Behavior\ShowPageTraceBehavior [ RunTime:0.002252s ]
INFO: [ app_end ] --END-- [ RunTime:0.002392s ]

[ 2021-07-05T22:09:16+08:00 ] 223.88.91.215 /index.php
INFO: [ app_init ] --START--
INFO: Run Behavior\BuildLiteBehavior [ RunTime:0.000032s ]
INFO: [ app_init ] --END-- [ RunTime:0.000943s ]
INFO: [ app_begin ] --START--
INFO: Run Behavior\ReadHtmlCacheBehavior [ RunTime:0.001840s ]
INFO: [ app_begin ] --END-- [ RunTime:0.001980s ]
SQL: SHOW COLUMNS FROM `c_users` [ RunTime:0.0029s ]
SQL: SELECT * FROM `c_users` WHERE `username` = '王沿' AND `password` = 'c2610f901735286e712ef0a11df1535b' LIMIT 1   [ RunTime:0.0002s ]
SQL: SHOW COLUMNS FROM `c_log` [ RunTime:0.0032s ]
SQL: INSERT INTO `c_log` (`name`,`t`,`ip`,`log`) VALUES ('王沿','1625494156','223.88.91.215','登录成功') [ RunTime:0.0007s ]
INFO: [ view_parse ] --START--
INFO: [ template_filter ] --START--
INFO: Run Behavior\ContentReplaceBehavior [ RunTime:0.000108s ]
INFO: [ template_filter ] --END-- [ RunTime:0.000238s ]
NOTIC: [8] Undefined variable: error C:\wwwroot\oa.52lvu.cn\Runtime\Cache\Home\cf67dc478d0f9143c4e32b762444702a.php 第 6 行.
INFO: Run Behavior\ParseTemplateBehavior [ RunTime:0.013960s ]
INFO: [ view_parse ] --END-- [ RunTime:0.014111s ]
INFO: [ view_filter ] --START--
INFO: Run Behavior\WriteHtmlCacheBehavior [ RunTime:0.001677s ]
INFO: [ view_filter ] --END-- [ RunTime:0.001802s ]
INFO: [ app_end ] --START--
INFO: Run Behavior\ShowPageTraceBehavior [ RunTime:0.001850s ]
INFO: [ app_end ] --END-- [ RunTime:0.001986s ]

[ 2021-07-05T22:09:17+08:00 ] 111.30.142.233 /
INFO: [ app_init ] --START--
INFO: Run Behavior\BuildLiteBehavior [ RunTime:0.000031s ]
INFO: [ app_init ] --END-- [ RunTime:0.000901s ]
INFO: [ app_begin ] --START--
INFO: Run Behavior\ReadHtmlCacheBehavior [ RunTime:0.001818s ]
INFO: [ app_begin ] --END-- [ RunTime:0.001956s ]
INFO: [ view_parse ] --START--
INFO: [ template_filter ] --START--
INFO: Run Behavior\ContentReplaceBehavior [ RunTime:0.000123s ]
INFO: [ template_filter ] --END-- [ RunTime:0.000255s ]
INFO: Run Behavior\ParseTemplateBehavior [ RunTime:0.015980s ]
INFO: [ view_parse ] --END-- [ RunTime:0.016125s ]
INFO: [ view_filter ] --START--
INFO: Run Behavior\WriteHtmlCacheBehavior [ RunTime:0.001833s ]
INFO: [ view_filter ] --END-- [ RunTime:0.001948s ]
INFO: [ app_end ] --START--
INFO: Run Behavior\ShowPageTraceBehavior [ RunTime:0.002319s ]
INFO: [ app_end ] --END-- [ RunTime:0.002437s ]

[ 2021-07-05T22:09:18+08:00 ] 220.194.106.93 /
INFO: [ app_init ] --START--
INFO: Run Behavior\BuildLiteBehavior [ RunTime:0.000030s ]
INFO: [ app_init ] --END-- [ RunTime:0.000908s ]
INFO: [ app_begin ] --START--
INFO: Run Behavior\ReadHtmlCacheBehavior [ RunTime:0.001803s ]
INFO: [ app_begin ] --END-- [ RunTime:0.001945s ]
INFO: [ view_parse ] --START--
INFO: [ template_filter ] --START--
INFO: Run Behavior\ContentReplaceBehavior [ RunTime:0.000121s ]
INFO: [ template_filter ] --END-- [ RunTime:0.000257s ]
INFO: Run Behavior\ParseTemplateBehavior [ RunTime:0.014434s ]
INFO: [ view_parse ] --END-- [ RunTime:0.014629s ]
INFO: [ view_filter ] --START--
INFO: Run Behavior\WriteHtmlCacheBehavior [ RunTime:0.001808s ]
INFO: [ view_filter ] --END-- [ RunTime:0.001960s ]
INFO: [ app_end ] --START--
INFO: Run Behavior\ShowPageTraceBehavior [ RunTime:0.002145s ]
INFO: [ app_end ] --END-- [ RunTime:0.002311s ]

[ 2021-07-05T22:09:23+08:00 ] 111.30.142.186 /
INFO: [ app_init ] --START--
INFO: Run Behavior\BuildLiteBehavior [ RunTime:0.000031s ]
INFO: [ app_init ] --END-- [ RunTime:0.001037s ]
INFO: [ app_begin ] --START--
INFO: Run Behavior\ReadHtmlCacheBehavior [ RunTime:0.002336s ]
INFO: [ app_begin ] --END-- [ RunTime:0.002476s ]
INFO: [ view_parse ] --START--
INFO: [ template_filter ] --START--
INFO: Run Behavior\ContentReplaceBehavior [ RunTime:0.000149s ]
INFO: [ template_filter ] --END-- [ RunTime:0.000297s ]
INFO: Run Behavior\ParseTemplateBehavior [ RunTime:0.014918s ]
INFO: [ view_parse ] --END-- [ RunTime:0.015063s ]
INFO: [ view_filter ] --START--
INFO: Run Behavior\WriteHtmlCacheBehavior [ RunTime:0.001705s ]
INFO: [ view_filter ] --END-- [ RunTime:0.001817s ]
INFO: [ app_end ] --START--
INFO: Run Behavior\ShowPageTraceBehavior [ RunTime:0.001818s ]
INFO: [ app_end ] --END-- [ RunTime:0.001934s ]

[ 2021-07-05T22:11:19+08:00 ] 111.30.142.186 /
INFO: [ app_init ] --START--
INFO: Run Behavior\BuildLiteBehavior [ RunTime:0.000029s ]
INFO: [ app_init ] --END-- [ RunTime:0.001274s ]
INFO: [ app_begin ] --START--
INFO: Run Behavior\ReadHtmlCacheBehavior [ RunTime:0.003227s ]
INFO: [ app_begin ] --END-- [ RunTime:0.003402s ]
INFO: [ view_parse ] --START--
INFO: [ template_filter ] --START--
INFO: Run Behavior\ContentReplaceBehavior [ RunTime:0.000119s ]
INFO: [ template_filter ] --END-- [ RunTime:0.000260s ]
INFO: Run Behavior\ParseTemplateBehavior [ RunTime:0.015157s ]
INFO: [ view_parse ] --END-- [ RunTime:0.015320s ]
INFO: [ view_filter ] --START--
INFO: Run Behavior\WriteHtmlCacheBehavior [ RunTime:0.001741s ]
INFO: [ view_filter ] --END-- [ RunTime:0.001855s ]
INFO: [ app_end ] --START--
INFO: Run Behavior\ShowPageTraceBehavior [ RunTime:0.001968s ]
INFO: [ app_end ] --END-- [ RunTime:0.002116s ]

[ 2021-07-05T22:11:29+08:00 ] 123.151.77.91 /index.php
INFO: [ app_init ] --START--
INFO: Run Behavior\BuildLiteBehavior [ RunTime:0.000031s ]
INFO: [ app_init ] --END-- [ RunTime:0.000943s ]
INFO: [ app_begin ] --START--
INFO: Run Behavior\ReadHtmlCacheBehavior [ RunTime:0.001789s ]
INFO: [ app_begin ] --END-- [ RunTime:0.001926s ]
INFO: [ view_parse ] --START--
INFO: [ template_filter ] --START--
INFO: Run Behavior\ContentReplaceBehavior [ RunTime:0.000121s ]
INFO: [ template_filter ] --END-- [ RunTime:0.000249s ]
INFO: Run Behavior\ParseTemplateBehavior [ RunTime:0.013020s ]
INFO: [ view_parse ] --END-- [ RunTime:0.013167s ]
INFO: [ view_filter ] --START--
INFO: Run Behavior\WriteHtmlCacheBehavior [ RunTime:0.001615s ]
INFO: [ view_filter ] --END-- [ RunTime:0.001728s ]
INFO: [ app_end ] --START--
INFO: Run Behavior\ShowPageTraceBehavior [ RunTime:0.001875s ]
INFO: [ app_end ] --END-- [ RunTime:0.001991s ]

