[ 2021-06-30T08:24:16+08:00 ] 115.60.62.74 /
INFO: [ app_init ] --START--
INFO: Run Behavior\BuildLiteBehavior [ RunTime:0.000030s ]
INFO: [ app_init ] --END-- [ RunTime:0.001031s ]
INFO: [ app_begin ] --START--
INFO: Run Behavior\ReadHtmlCacheBehavior [ RunTime:0.001886s ]
INFO: [ app_begin ] --END-- [ RunTime:0.002024s ]
INFO: [ view_parse ] --START--
INFO: [ template_filter ] --START--
INFO: Run Behavior\ContentReplaceBehavior [ RunTime:0.000118s ]
INFO: [ template_filter ] --END-- [ RunTime:0.000253s ]
INFO: Run Behavior\ParseTemplateBehavior [ RunTime:0.017425s ]
INFO: [ view_parse ] --END-- [ RunTime:0.017570s ]
INFO: [ view_filter ] --START--
INFO: Run Behavior\WriteHtmlCacheBehavior [ RunTime:0.002463s ]
INFO: [ view_filter ] --END-- [ RunTime:0.002578s ]
INFO: [ app_end ] --START--
INFO: Run Behavior\ShowPageTraceBehavior [ RunTime:0.002338s ]
INFO: [ app_end ] --END-- [ RunTime:0.002490s ]

[ 2021-06-30T08:30:40+08:00 ] 123.149.103.170 /index.php
INFO: [ app_init ] --START--
INFO: Run Behavior\BuildLiteBehavior [ RunTime:0.000030s ]
INFO: [ app_init ] --END-- [ RunTime:0.000948s ]
INFO: [ app_begin ] --START--
INFO: Run Behavior\ReadHtmlCacheBehavior [ RunTime:0.001898s ]
INFO: [ app_begin ] --END-- [ RunTime:0.002046s ]
INFO: [ view_parse ] --START--
INFO: [ template_filter ] --START--
INFO: Run Behavior\ContentReplaceBehavior [ RunTime:0.000128s ]
INFO: [ template_filter ] --END-- [ RunTime:0.000296s ]
INFO: Run Behavior\ParseTemplateBehavior [ RunTime:0.016560s ]
INFO: [ view_parse ] --END-- [ RunTime:0.016703s ]
INFO: [ view_filter ] --START--
INFO: Run Behavior\WriteHtmlCacheBehavior [ RunTime:0.002055s ]
INFO: [ view_filter ] --END-- [ RunTime:0.002202s ]
INFO: [ app_end ] --START--
INFO: Run Behavior\ShowPageTraceBehavior [ RunTime:0.002460s ]
INFO: [ app_end ] --END-- [ RunTime:0.002594s ]

[ 2021-06-30T08:47:34+08:00 ] 223.88.11.161 /index.php/
INFO: [ app_init ] --START--
INFO: Run Behavior\BuildLiteBehavior [ RunTime:0.000029s ]
INFO: [ app_init ] --END-- [ RunTime:0.000879s ]
INFO: [ app_begin ] --START--
INFO: Run Behavior\ReadHtmlCacheBehavior [ RunTime:0.001776s ]
INFO: [ app_begin ] --END-- [ RunTime:0.001911s ]
INFO: [ view_parse ] --START--
INFO: [ template_filter ] --START--
INFO: Run Behavior\ContentReplaceBehavior [ RunTime:0.000142s ]
INFO: [ template_filter ] --END-- [ RunTime:0.000293s ]
INFO: Run Behavior\ParseTemplateBehavior [ RunTime:0.014983s ]
INFO: [ view_parse ] --END-- [ RunTime:0.015141s ]
INFO: [ view_filter ] --START--
INFO: Run Behavior\WriteHtmlCacheBehavior [ RunTime:0.001989s ]
INFO: [ view_filter ] --END-- [ RunTime:0.002134s ]
INFO: [ app_end ] --START--
INFO: Run Behavior\ShowPageTraceBehavior [ RunTime:0.002012s ]
INFO: [ app_end ] --END-- [ RunTime:0.002144s ]

[ 2021-06-30T08:47:48+08:00 ] 223.88.11.161 /index.php/
INFO: [ app_init ] --START--
INFO: Run Behavior\BuildLiteBehavior [ RunTime:0.000029s ]
INFO: [ app_init ] --END-- [ RunTime:0.000945s ]
INFO: [ app_begin ] --START--
INFO: Run Behavior\ReadHtmlCacheBehavior [ RunTime:0.001877s ]
INFO: [ app_begin ] --END-- [ RunTime:0.002012s ]
SQL: SHOW COLUMNS FROM `c_users` [ RunTime:0.0022s ]
SQL: SELECT * FROM `c_users` WHERE `username` = '李倩' AND `password` = '2b2988d5353fe5f7d0a272b269d318b9' LIMIT 1   [ RunTime:0.0002s ]
SQL: SHOW COLUMNS FROM `c_log` [ RunTime:0.0028s ]
SQL: INSERT INTO `c_log` (`name`,`t`,`ip`,`log`) VALUES ('李倩','1625014068','223.88.11.161','登录成功') [ RunTime:0.0006s ]
INFO: [ view_parse ] --START--
INFO: [ template_filter ] --START--
INFO: Run Behavior\ContentReplaceBehavior [ RunTime:0.000103s ]
INFO: [ template_filter ] --END-- [ RunTime:0.000231s ]
NOTIC: [8] Undefined variable: error C:\wwwroot\oa.52lvu.cn\Runtime\Cache\Home\cf67dc478d0f9143c4e32b762444702a.php 第 6 行.
INFO: Run Behavior\ParseTemplateBehavior [ RunTime:0.014149s ]
INFO: [ view_parse ] --END-- [ RunTime:0.014298s ]
INFO: [ view_filter ] --START--
INFO: Run Behavior\WriteHtmlCacheBehavior [ RunTime:0.001874s ]
INFO: [ view_filter ] --END-- [ RunTime:0.001989s ]
INFO: [ app_end ] --START--
INFO: Run Behavior\ShowPageTraceBehavior [ RunTime:0.002014s ]
INFO: [ app_end ] --END-- [ RunTime:0.002142s ]

[ 2021-06-30T09:14:41+08:00 ] 115.60.144.189 /
INFO: [ app_init ] --START--
INFO: Run Behavior\BuildLiteBehavior [ RunTime:0.000031s ]
INFO: [ app_init ] --END-- [ RunTime:0.000986s ]
INFO: [ app_begin ] --START--
INFO: Run Behavior\ReadHtmlCacheBehavior [ RunTime:0.001981s ]
INFO: [ app_begin ] --END-- [ RunTime:0.002164s ]
INFO: [ view_parse ] --START--
INFO: [ template_filter ] --START--
INFO: Run Behavior\ContentReplaceBehavior [ RunTime:0.000138s ]
INFO: [ template_filter ] --END-- [ RunTime:0.000305s ]
INFO: Run Behavior\ParseTemplateBehavior [ RunTime:0.014278s ]
INFO: [ view_parse ] --END-- [ RunTime:0.014459s ]
INFO: [ view_filter ] --START--
INFO: Run Behavior\WriteHtmlCacheBehavior [ RunTime:0.001841s ]
INFO: [ view_filter ] --END-- [ RunTime:0.001980s ]
INFO: [ app_end ] --START--
INFO: Run Behavior\ShowPageTraceBehavior [ RunTime:0.001963s ]
INFO: [ app_end ] --END-- [ RunTime:0.002107s ]

[ 2021-06-30T10:50:31+08:00 ] 115.60.57.91 /
INFO: [ app_init ] --START--
INFO: Run Behavior\BuildLiteBehavior [ RunTime:0.000032s ]
INFO: [ app_init ] --END-- [ RunTime:0.001077s ]
INFO: [ app_begin ] --START--
INFO: Run Behavior\ReadHtmlCacheBehavior [ RunTime:0.002144s ]
INFO: [ app_begin ] --END-- [ RunTime:0.002315s ]
INFO: [ view_parse ] --START--
INFO: [ template_filter ] --START--
INFO: Run Behavior\ContentReplaceBehavior [ RunTime:0.000117s ]
INFO: [ template_filter ] --END-- [ RunTime:0.000247s ]
INFO: Run Behavior\ParseTemplateBehavior [ RunTime:0.014058s ]
INFO: [ view_parse ] --END-- [ RunTime:0.014214s ]
INFO: [ view_filter ] --START--
INFO: Run Behavior\WriteHtmlCacheBehavior [ RunTime:0.001617s ]
INFO: [ view_filter ] --END-- [ RunTime:0.001730s ]
INFO: [ app_end ] --START--
INFO: Run Behavior\ShowPageTraceBehavior [ RunTime:0.001947s ]
INFO: [ app_end ] --END-- [ RunTime:0.002087s ]

[ 2021-06-30T10:50:41+08:00 ] 115.60.57.91 /
INFO: [ app_init ] --START--
INFO: Run Behavior\BuildLiteBehavior [ RunTime:0.000036s ]
INFO: [ app_init ] --END-- [ RunTime:0.000986s ]
INFO: [ app_begin ] --START--
INFO: Run Behavior\ReadHtmlCacheBehavior [ RunTime:0.001917s ]
INFO: [ app_begin ] --END-- [ RunTime:0.002067s ]
SQL: SHOW COLUMNS FROM `c_users` [ RunTime:0.0021s ]
SQL: SELECT * FROM `c_users` WHERE `username` = '李雪静' AND `password` = 'a65daa2d77588f2fb99257b639871940' LIMIT 1   [ RunTime:0.0003s ]
SQL: SHOW COLUMNS FROM `c_log` [ RunTime:0.0016s ]
SQL: INSERT INTO `c_log` (`name`,`t`,`ip`,`log`) VALUES ('李雪静','1625021441','115.60.57.91','登录成功') [ RunTime:0.0002s ]
INFO: [ view_parse ] --START--
INFO: [ template_filter ] --START--
INFO: Run Behavior\ContentReplaceBehavior [ RunTime:0.000103s ]
INFO: [ template_filter ] --END-- [ RunTime:0.000246s ]
NOTIC: [8] Undefined variable: error C:\wwwroot\oa.52lvu.cn\Runtime\Cache\Home\cf67dc478d0f9143c4e32b762444702a.php 第 6 行.
INFO: Run Behavior\ParseTemplateBehavior [ RunTime:0.014504s ]
INFO: [ view_parse ] --END-- [ RunTime:0.014656s ]
INFO: [ view_filter ] --START--
INFO: Run Behavior\WriteHtmlCacheBehavior [ RunTime:0.001667s ]
INFO: [ view_filter ] --END-- [ RunTime:0.001834s ]
INFO: [ app_end ] --START--
INFO: Run Behavior\ShowPageTraceBehavior [ RunTime:0.001828s ]
INFO: [ app_end ] --END-- [ RunTime:0.001944s ]

[ 2021-06-30T10:55:57+08:00 ] 115.60.57.91 /index.php/
INFO: [ app_init ] --START--
INFO: Run Behavior\BuildLiteBehavior [ RunTime:0.000038s ]
INFO: [ app_init ] --END-- [ RunTime:0.001066s ]
INFO: [ app_begin ] --START--
INFO: Run Behavior\ReadHtmlCacheBehavior [ RunTime:0.001931s ]
INFO: [ app_begin ] --END-- [ RunTime:0.002126s ]
INFO: [ view_parse ] --START--
INFO: [ template_filter ] --START--
INFO: Run Behavior\ContentReplaceBehavior [ RunTime:0.000116s ]
INFO: [ template_filter ] --END-- [ RunTime:0.000243s ]
INFO: Run Behavior\ParseTemplateBehavior [ RunTime:0.013578s ]
INFO: [ view_parse ] --END-- [ RunTime:0.013711s ]
INFO: [ view_filter ] --START--
INFO: Run Behavior\WriteHtmlCacheBehavior [ RunTime:0.001671s ]
INFO: [ view_filter ] --END-- [ RunTime:0.001783s ]
INFO: [ app_end ] --START--
INFO: Run Behavior\ShowPageTraceBehavior [ RunTime:0.001807s ]
INFO: [ app_end ] --END-- [ RunTime:0.001920s ]

[ 2021-06-30T10:56:13+08:00 ] 115.60.57.91 /index.php/
INFO: [ app_init ] --START--
INFO: Run Behavior\BuildLiteBehavior [ RunTime:0.000036s ]
INFO: [ app_init ] --END-- [ RunTime:0.001041s ]
INFO: [ app_begin ] --START--
INFO: Run Behavior\ReadHtmlCacheBehavior [ RunTime:0.002073s ]
INFO: [ app_begin ] --END-- [ RunTime:0.002243s ]
SQL: SHOW COLUMNS FROM `c_users` [ RunTime:0.0023s ]
SQL: SELECT * FROM `c_users` WHERE `username` = '纪姝梅' AND `password` = 'e10adc3949ba59abbe56e057f20f883e' LIMIT 1   [ RunTime:0.0003s ]
SQL: SHOW COLUMNS FROM `c_log` [ RunTime:0.0017s ]
SQL: INSERT INTO `c_log` (`name`,`t`,`ip`,`log`) VALUES ('纪姝梅','1625021773','115.60.57.91','登录成功') [ RunTime:0.0003s ]
INFO: [ view_parse ] --START--
INFO: [ template_filter ] --START--
INFO: Run Behavior\ContentReplaceBehavior [ RunTime:0.000186s ]
INFO: [ template_filter ] --END-- [ RunTime:0.000411s ]
NOTIC: [8] Undefined variable: error C:\wwwroot\oa.52lvu.cn\Runtime\Cache\Home\cf67dc478d0f9143c4e32b762444702a.php 第 6 行.
INFO: Run Behavior\ParseTemplateBehavior [ RunTime:0.022596s ]
INFO: [ view_parse ] --END-- [ RunTime:0.022807s ]
INFO: [ view_filter ] --START--
INFO: Run Behavior\WriteHtmlCacheBehavior [ RunTime:0.002775s ]
INFO: [ view_filter ] --END-- [ RunTime:0.002979s ]
INFO: [ app_end ] --START--
INFO: Run Behavior\ShowPageTraceBehavior [ RunTime:0.003025s ]
INFO: [ app_end ] --END-- [ RunTime:0.003241s ]

[ 2021-06-30T11:31:02+08:00 ] 115.60.57.91 /
INFO: [ app_init ] --START--
INFO: Run Behavior\BuildLiteBehavior [ RunTime:0.000031s ]
INFO: [ app_init ] --END-- [ RunTime:0.001297s ]
INFO: [ app_begin ] --START--
INFO: Run Behavior\ReadHtmlCacheBehavior [ RunTime:0.002231s ]
INFO: [ app_begin ] --END-- [ RunTime:0.002368s ]
INFO: [ view_parse ] --START--
INFO: [ template_filter ] --START--
INFO: Run Behavior\ContentReplaceBehavior [ RunTime:0.000116s ]
INFO: [ template_filter ] --END-- [ RunTime:0.000261s ]
INFO: Run Behavior\ParseTemplateBehavior [ RunTime:0.016275s ]
INFO: [ view_parse ] --END-- [ RunTime:0.016431s ]
INFO: [ view_filter ] --START--
INFO: Run Behavior\WriteHtmlCacheBehavior [ RunTime:0.002188s ]
INFO: [ view_filter ] --END-- [ RunTime:0.002321s ]
INFO: [ app_end ] --START--
INFO: Run Behavior\ShowPageTraceBehavior [ RunTime:0.002332s ]
INFO: [ app_end ] --END-- [ RunTime:0.002450s ]

[ 2021-06-30T11:31:09+08:00 ] 115.60.57.91 /
INFO: [ app_init ] --START--
INFO: Run Behavior\BuildLiteBehavior [ RunTime:0.000037s ]
INFO: [ app_init ] --END-- [ RunTime:0.000989s ]
INFO: [ app_begin ] --START--
INFO: Run Behavior\ReadHtmlCacheBehavior [ RunTime:0.001913s ]
INFO: [ app_begin ] --END-- [ RunTime:0.002051s ]
SQL: SHOW COLUMNS FROM `c_users` [ RunTime:0.0030s ]
SQL: SELECT * FROM `c_users` WHERE `username` = '李雪静' AND `password` = 'a65daa2d77588f2fb99257b639871940' LIMIT 1   [ RunTime:0.0002s ]
SQL: SHOW COLUMNS FROM `c_log` [ RunTime:0.0023s ]
SQL: INSERT INTO `c_log` (`name`,`t`,`ip`,`log`) VALUES ('李雪静','1625023869','115.60.57.91','登录成功') [ RunTime:0.0008s ]
INFO: [ view_parse ] --START--
INFO: [ template_filter ] --START--
INFO: Run Behavior\ContentReplaceBehavior [ RunTime:0.000125s ]
INFO: [ template_filter ] --END-- [ RunTime:0.000255s ]
NOTIC: [8] Undefined variable: error C:\wwwroot\oa.52lvu.cn\Runtime\Cache\Home\cf67dc478d0f9143c4e32b762444702a.php 第 6 行.
INFO: Run Behavior\ParseTemplateBehavior [ RunTime:0.014589s ]
INFO: [ view_parse ] --END-- [ RunTime:0.014714s ]
INFO: [ view_filter ] --START--
INFO: Run Behavior\WriteHtmlCacheBehavior [ RunTime:0.001727s ]
INFO: [ view_filter ] --END-- [ RunTime:0.001842s ]
INFO: [ app_end ] --START--
INFO: Run Behavior\ShowPageTraceBehavior [ RunTime:0.002013s ]
INFO: [ app_end ] --END-- [ RunTime:0.002150s ]

[ 2021-06-30T12:04:25+08:00 ] 223.88.11.161 /index.php/
INFO: [ app_init ] --START--
INFO: Run Behavior\BuildLiteBehavior [ RunTime:0.000033s ]
INFO: [ app_init ] --END-- [ RunTime:0.001537s ]
INFO: [ app_begin ] --START--
INFO: Run Behavior\ReadHtmlCacheBehavior [ RunTime:0.002444s ]
INFO: [ app_begin ] --END-- [ RunTime:0.002578s ]
INFO: [ view_parse ] --START--
INFO: [ template_filter ] --START--
INFO: Run Behavior\ContentReplaceBehavior [ RunTime:0.000142s ]
INFO: [ template_filter ] --END-- [ RunTime:0.000309s ]
INFO: Run Behavior\ParseTemplateBehavior [ RunTime:0.016836s ]
INFO: [ view_parse ] --END-- [ RunTime:0.017004s ]
INFO: [ view_filter ] --START--
INFO: Run Behavior\WriteHtmlCacheBehavior [ RunTime:0.002194s ]
INFO: [ view_filter ] --END-- [ RunTime:0.002328s ]
INFO: [ app_end ] --START--
INFO: Run Behavior\ShowPageTraceBehavior [ RunTime:0.002479s ]
INFO: [ app_end ] --END-- [ RunTime:0.002618s ]

[ 2021-06-30T12:04:38+08:00 ] 223.88.11.161 /index.php/
INFO: [ app_init ] --START--
INFO: Run Behavior\BuildLiteBehavior [ RunTime:0.000031s ]
INFO: [ app_init ] --END-- [ RunTime:0.000949s ]
INFO: [ app_begin ] --START--
INFO: Run Behavior\ReadHtmlCacheBehavior [ RunTime:0.001839s ]
INFO: [ app_begin ] --END-- [ RunTime:0.001992s ]
SQL: SHOW COLUMNS FROM `c_users` [ RunTime:0.0023s ]
SQL: SELECT * FROM `c_users` WHERE `username` = '李倩' AND `password` = '2b2988d5353fe5f7d0a272b269d318b9' LIMIT 1   [ RunTime:0.0002s ]
SQL: SHOW COLUMNS FROM `c_log` [ RunTime:0.0024s ]
SQL: INSERT INTO `c_log` (`name`,`t`,`ip`,`log`) VALUES ('李倩','1625025878','223.88.11.161','登录成功') [ RunTime:0.0003s ]
INFO: [ view_parse ] --START--
INFO: [ template_filter ] --START--
INFO: Run Behavior\ContentReplaceBehavior [ RunTime:0.000106s ]
INFO: [ template_filter ] --END-- [ RunTime:0.000228s ]
NOTIC: [8] Undefined variable: error C:\wwwroot\oa.52lvu.cn\Runtime\Cache\Home\cf67dc478d0f9143c4e32b762444702a.php 第 6 行.
INFO: Run Behavior\ParseTemplateBehavior [ RunTime:0.014488s ]
INFO: [ view_parse ] --END-- [ RunTime:0.014644s ]
INFO: [ view_filter ] --START--
INFO: Run Behavior\WriteHtmlCacheBehavior [ RunTime:0.001753s ]
INFO: [ view_filter ] --END-- [ RunTime:0.001896s ]
INFO: [ app_end ] --START--
INFO: Run Behavior\ShowPageTraceBehavior [ RunTime:0.001910s ]
INFO: [ app_end ] --END-- [ RunTime:0.002023s ]

[ 2021-06-30T12:58:54+08:00 ] 47.101.59.104 /
INFO: [ app_init ] --START--
INFO: Run Behavior\BuildLiteBehavior [ RunTime:0.000030s ]
INFO: [ app_init ] --END-- [ RunTime:0.001639s ]
INFO: [ app_begin ] --START--
INFO: Run Behavior\ReadHtmlCacheBehavior [ RunTime:0.002326s ]
INFO: [ app_begin ] --END-- [ RunTime:0.002482s ]
INFO: [ view_parse ] --START--
INFO: [ template_filter ] --START--
INFO: Run Behavior\ContentReplaceBehavior [ RunTime:0.000135s ]
INFO: [ template_filter ] --END-- [ RunTime:0.000274s ]
INFO: Run Behavior\ParseTemplateBehavior [ RunTime:0.016304s ]
INFO: [ view_parse ] --END-- [ RunTime:0.016451s ]
INFO: [ view_filter ] --START--
INFO: Run Behavior\WriteHtmlCacheBehavior [ RunTime:0.002218s ]
INFO: [ view_filter ] --END-- [ RunTime:0.002351s ]
INFO: [ app_end ] --START--
INFO: Run Behavior\ShowPageTraceBehavior [ RunTime:0.002214s ]
INFO: [ app_end ] --END-- [ RunTime:0.002349s ]

[ 2021-06-30T13:52:46+08:00 ] 115.60.57.91 /
INFO: [ app_init ] --START--
INFO: Run Behavior\BuildLiteBehavior [ RunTime:0.000049s ]
INFO: [ app_init ] --END-- [ RunTime:0.000968s ]
INFO: [ app_begin ] --START--
INFO: Run Behavior\ReadHtmlCacheBehavior [ RunTime:0.001971s ]
INFO: [ app_begin ] --END-- [ RunTime:0.002103s ]
INFO: [ view_parse ] --START--
INFO: [ template_filter ] --START--
INFO: Run Behavior\ContentReplaceBehavior [ RunTime:0.000117s ]
INFO: [ template_filter ] --END-- [ RunTime:0.000251s ]
INFO: Run Behavior\ParseTemplateBehavior [ RunTime:0.015339s ]
INFO: [ view_parse ] --END-- [ RunTime:0.015499s ]
INFO: [ view_filter ] --START--
INFO: Run Behavior\WriteHtmlCacheBehavior [ RunTime:0.001692s ]
INFO: [ view_filter ] --END-- [ RunTime:0.001808s ]
INFO: [ app_end ] --START--
INFO: Run Behavior\ShowPageTraceBehavior [ RunTime:0.002156s ]
INFO: [ app_end ] --END-- [ RunTime:0.002279s ]

[ 2021-06-30T16:03:42+08:00 ] 115.60.57.91 /index.php/
INFO: [ app_init ] --START--
INFO: Run Behavior\BuildLiteBehavior [ RunTime:0.000030s ]
INFO: [ app_init ] --END-- [ RunTime:0.000945s ]
INFO: [ app_begin ] --START--
INFO: Run Behavior\ReadHtmlCacheBehavior [ RunTime:0.001851s ]
INFO: [ app_begin ] --END-- [ RunTime:0.001987s ]
INFO: [ view_parse ] --START--
INFO: [ template_filter ] --START--
INFO: Run Behavior\ContentReplaceBehavior [ RunTime:0.000123s ]
INFO: [ template_filter ] --END-- [ RunTime:0.000256s ]
INFO: Run Behavior\ParseTemplateBehavior [ RunTime:0.016868s ]
INFO: [ view_parse ] --END-- [ RunTime:0.017023s ]
INFO: [ view_filter ] --START--
INFO: Run Behavior\WriteHtmlCacheBehavior [ RunTime:0.001848s ]
INFO: [ view_filter ] --END-- [ RunTime:0.002036s ]
INFO: [ app_end ] --START--
INFO: Run Behavior\ShowPageTraceBehavior [ RunTime:0.002166s ]
INFO: [ app_end ] --END-- [ RunTime:0.002306s ]

[ 2021-06-30T16:03:51+08:00 ] 115.60.57.91 /index.php/
INFO: [ app_init ] --START--
INFO: Run Behavior\BuildLiteBehavior [ RunTime:0.000030s ]
INFO: [ app_init ] --END-- [ RunTime:0.000944s ]
INFO: [ app_begin ] --START--
INFO: Run Behavior\ReadHtmlCacheBehavior [ RunTime:0.001817s ]
INFO: [ app_begin ] --END-- [ RunTime:0.001958s ]
SQL: SHOW COLUMNS FROM `c_users` [ RunTime:0.0023s ]
SQL: SELECT * FROM `c_users` WHERE `username` = '纪姝梅' AND `password` = 'e10adc3949ba59abbe56e057f20f883e' LIMIT 1   [ RunTime:0.0002s ]
SQL: SHOW COLUMNS FROM `c_log` [ RunTime:0.0032s ]
SQL: INSERT INTO `c_log` (`name`,`t`,`ip`,`log`) VALUES ('纪姝梅','1625040231','115.60.57.91','登录成功') [ RunTime:0.0006s ]
INFO: [ view_parse ] --START--
INFO: [ template_filter ] --START--
INFO: Run Behavior\ContentReplaceBehavior [ RunTime:0.000113s ]
INFO: [ template_filter ] --END-- [ RunTime:0.000237s ]
NOTIC: [8] Undefined variable: error C:\wwwroot\oa.52lvu.cn\Runtime\Cache\Home\cf67dc478d0f9143c4e32b762444702a.php 第 6 行.
INFO: Run Behavior\ParseTemplateBehavior [ RunTime:0.013643s ]
INFO: [ view_parse ] --END-- [ RunTime:0.013784s ]
INFO: [ view_filter ] --START--
INFO: Run Behavior\WriteHtmlCacheBehavior [ RunTime:0.001893s ]
INFO: [ view_filter ] --END-- [ RunTime:0.002027s ]
INFO: [ app_end ] --START--
INFO: Run Behavior\ShowPageTraceBehavior [ RunTime:0.002036s ]
INFO: [ app_end ] --END-- [ RunTime:0.002173s ]

[ 2021-06-30T16:15:55+08:00 ] 115.60.57.91 /
INFO: [ app_init ] --START--
INFO: Run Behavior\BuildLiteBehavior [ RunTime:0.000029s ]
INFO: [ app_init ] --END-- [ RunTime:0.001045s ]
INFO: [ app_begin ] --START--
INFO: Run Behavior\ReadHtmlCacheBehavior [ RunTime:0.001775s ]
INFO: [ app_begin ] --END-- [ RunTime:0.001933s ]
INFO: [ view_parse ] --START--
INFO: [ template_filter ] --START--
INFO: Run Behavior\ContentReplaceBehavior [ RunTime:0.000116s ]
INFO: [ template_filter ] --END-- [ RunTime:0.000247s ]
INFO: Run Behavior\ParseTemplateBehavior [ RunTime:0.013142s ]
INFO: [ view_parse ] --END-- [ RunTime:0.013287s ]
INFO: [ view_filter ] --START--
INFO: Run Behavior\WriteHtmlCacheBehavior [ RunTime:0.001722s ]
INFO: [ view_filter ] --END-- [ RunTime:0.001836s ]
INFO: [ app_end ] --START--
INFO: Run Behavior\ShowPageTraceBehavior [ RunTime:0.001788s ]
INFO: [ app_end ] --END-- [ RunTime:0.001908s ]

[ 2021-06-30T16:16:05+08:00 ] 115.60.57.91 /
INFO: [ app_init ] --START--
INFO: Run Behavior\BuildLiteBehavior [ RunTime:0.000029s ]
INFO: [ app_init ] --END-- [ RunTime:0.000962s ]
INFO: [ app_begin ] --START--
INFO: Run Behavior\ReadHtmlCacheBehavior [ RunTime:0.001782s ]
INFO: [ app_begin ] --END-- [ RunTime:0.001918s ]
SQL: SHOW COLUMNS FROM `c_users` [ RunTime:0.0019s ]
SQL: SELECT * FROM `c_users` WHERE `username` = '李雪静' AND `password` = 'b8a7d459d3e73e33e08477ea0e43f0d5' LIMIT 1   [ RunTime:0.0004s ]
SQL: SHOW COLUMNS FROM `c_log` [ RunTime:0.0015s ]
NOTIC: [8] A session had already been started - ignoring session_start() C:\wwwroot\oa.52lvu.cn\Application\Common\Common\function.php 第 1497 行.
SQL: SELECT `username` FROM `c_users` WHERE `id` = 200 LIMIT 1   [ RunTime:0.0001s ]
SQL: INSERT INTO `c_log` (`name`,`t`,`ip`,`log`) VALUES ('李雪静','1625040965','115.60.57.91','登录失败') [ RunTime:0.0003s ]
INFO: [ view_parse ] --START--
INFO: [ template_filter ] --START--
INFO: Run Behavior\ContentReplaceBehavior [ RunTime:0.000127s ]
INFO: [ template_filter ] --END-- [ RunTime:0.000257s ]
NOTIC: [8] Undefined variable: message C:\wwwroot\oa.52lvu.cn\Runtime\Cache\Home\cf67dc478d0f9143c4e32b762444702a.php 第 6 行.
INFO: Run Behavior\ParseTemplateBehavior [ RunTime:0.014950s ]
INFO: [ view_parse ] --END-- [ RunTime:0.015106s ]
INFO: [ view_filter ] --START--
INFO: Run Behavior\WriteHtmlCacheBehavior [ RunTime:0.001804s ]
INFO: [ view_filter ] --END-- [ RunTime:0.001922s ]

[ 2021-06-30T16:16:07+08:00 ] 115.60.57.91 /
INFO: [ app_init ] --START--
INFO: Run Behavior\BuildLiteBehavior [ RunTime:0.000031s ]
INFO: [ app_init ] --END-- [ RunTime:0.000952s ]
INFO: [ app_begin ] --START--
INFO: Run Behavior\ReadHtmlCacheBehavior [ RunTime:0.001811s ]
INFO: [ app_begin ] --END-- [ RunTime:0.001955s ]
INFO: [ view_parse ] --START--
INFO: [ template_filter ] --START--
INFO: Run Behavior\ContentReplaceBehavior [ RunTime:0.000119s ]
INFO: [ template_filter ] --END-- [ RunTime:0.000251s ]
INFO: Run Behavior\ParseTemplateBehavior [ RunTime:0.013521s ]
INFO: [ view_parse ] --END-- [ RunTime:0.013708s ]
INFO: [ view_filter ] --START--
INFO: Run Behavior\WriteHtmlCacheBehavior [ RunTime:0.001652s ]
INFO: [ view_filter ] --END-- [ RunTime:0.001768s ]
INFO: [ app_end ] --START--
INFO: Run Behavior\ShowPageTraceBehavior [ RunTime:0.001814s ]
INFO: [ app_end ] --END-- [ RunTime:0.001931s ]

[ 2021-06-30T16:16:12+08:00 ] 115.60.57.91 /
INFO: [ app_init ] --START--
INFO: Run Behavior\BuildLiteBehavior [ RunTime:0.000030s ]
INFO: [ app_init ] --END-- [ RunTime:0.000927s ]
INFO: [ app_begin ] --START--
INFO: Run Behavior\ReadHtmlCacheBehavior [ RunTime:0.001847s ]
INFO: [ app_begin ] --END-- [ RunTime:0.001979s ]
SQL: SHOW COLUMNS FROM `c_users` [ RunTime:0.0022s ]
SQL: SELECT * FROM `c_users` WHERE `username` = '李雪静' AND `password` = 'a65daa2d77588f2fb99257b639871940' LIMIT 1   [ RunTime:0.0002s ]
SQL: SHOW COLUMNS FROM `c_log` [ RunTime:0.0016s ]
SQL: INSERT INTO `c_log` (`name`,`t`,`ip`,`log`) VALUES ('李雪静','1625040972','115.60.57.91','登录成功') [ RunTime:0.0003s ]
INFO: [ view_parse ] --START--
INFO: [ template_filter ] --START--
INFO: Run Behavior\ContentReplaceBehavior [ RunTime:0.000105s ]
INFO: [ template_filter ] --END-- [ RunTime:0.000227s ]
NOTIC: [8] Undefined variable: error C:\wwwroot\oa.52lvu.cn\Runtime\Cache\Home\cf67dc478d0f9143c4e32b762444702a.php 第 6 行.
INFO: Run Behavior\ParseTemplateBehavior [ RunTime:0.014332s ]
INFO: [ view_parse ] --END-- [ RunTime:0.014459s ]
INFO: [ view_filter ] --START--
INFO: Run Behavior\WriteHtmlCacheBehavior [ RunTime:0.001677s ]
INFO: [ view_filter ] --END-- [ RunTime:0.001786s ]
INFO: [ app_end ] --START--
INFO: Run Behavior\ShowPageTraceBehavior [ RunTime:0.001840s ]
INFO: [ app_end ] --END-- [ RunTime:0.001954s ]

[ 2021-06-30T16:28:03+08:00 ] 115.60.57.91 /index.php
INFO: [ app_init ] --START--
INFO: Run Behavior\BuildLiteBehavior [ RunTime:0.000033s ]
INFO: [ app_init ] --END-- [ RunTime:0.000969s ]
INFO: [ app_begin ] --START--
INFO: Run Behavior\ReadHtmlCacheBehavior [ RunTime:0.002072s ]
INFO: [ app_begin ] --END-- [ RunTime:0.002248s ]
INFO: [ view_parse ] --START--
INFO: [ template_filter ] --START--
INFO: Run Behavior\ContentReplaceBehavior [ RunTime:0.000132s ]
INFO: [ template_filter ] --END-- [ RunTime:0.000275s ]
INFO: Run Behavior\ParseTemplateBehavior [ RunTime:0.014278s ]
INFO: [ view_parse ] --END-- [ RunTime:0.014421s ]
INFO: [ view_filter ] --START--
INFO: Run Behavior\WriteHtmlCacheBehavior [ RunTime:0.001770s ]
INFO: [ view_filter ] --END-- [ RunTime:0.001907s ]
INFO: [ app_end ] --START--
INFO: Run Behavior\ShowPageTraceBehavior [ RunTime:0.001983s ]
INFO: [ app_end ] --END-- [ RunTime:0.002117s ]

[ 2021-06-30T16:28:22+08:00 ] 115.60.57.91 /index.php
INFO: [ app_init ] --START--
INFO: Run Behavior\BuildLiteBehavior [ RunTime:0.000038s ]
INFO: [ app_init ] --END-- [ RunTime:0.000953s ]
INFO: [ app_begin ] --START--
INFO: Run Behavior\ReadHtmlCacheBehavior [ RunTime:0.001959s ]
INFO: [ app_begin ] --END-- [ RunTime:0.002114s ]
SQL: SHOW COLUMNS FROM `c_users` [ RunTime:0.0021s ]
SQL: SELECT * FROM `c_users` WHERE `username` = '刘会萍' AND `password` = 'e10adc3949ba59abbe56e057f20f883e' LIMIT 1   [ RunTime:0.0002s ]
SQL: SHOW COLUMNS FROM `c_log` [ RunTime:0.0015s ]
SQL: INSERT INTO `c_log` (`name`,`t`,`ip`,`log`) VALUES ('刘会萍','1625041702','115.60.57.91','登录成功') [ RunTime:0.0003s ]
INFO: [ view_parse ] --START--
INFO: [ template_filter ] --START--
INFO: Run Behavior\ContentReplaceBehavior [ RunTime:0.000104s ]
INFO: [ template_filter ] --END-- [ RunTime:0.000243s ]
NOTIC: [8] Undefined variable: error C:\wwwroot\oa.52lvu.cn\Runtime\Cache\Home\cf67dc478d0f9143c4e32b762444702a.php 第 6 行.
INFO: Run Behavior\ParseTemplateBehavior [ RunTime:0.014785s ]
INFO: [ view_parse ] --END-- [ RunTime:0.014934s ]
INFO: [ view_filter ] --START--
INFO: Run Behavior\WriteHtmlCacheBehavior [ RunTime:0.001692s ]
INFO: [ view_filter ] --END-- [ RunTime:0.001805s ]
INFO: [ app_end ] --START--
INFO: Run Behavior\ShowPageTraceBehavior [ RunTime:0.001765s ]
INFO: [ app_end ] --END-- [ RunTime:0.001880s ]

[ 2021-06-30T17:19:50+08:00 ] 115.60.57.91 /index.php
INFO: [ app_init ] --START--
INFO: Run Behavior\BuildLiteBehavior [ RunTime:0.000028s ]
INFO: [ app_init ] --END-- [ RunTime:0.000908s ]
INFO: [ app_begin ] --START--
INFO: Run Behavior\ReadHtmlCacheBehavior [ RunTime:0.001778s ]
INFO: [ app_begin ] --END-- [ RunTime:0.001909s ]
INFO: [ view_parse ] --START--
INFO: [ template_filter ] --START--
INFO: Run Behavior\ContentReplaceBehavior [ RunTime:0.000124s ]
INFO: [ template_filter ] --END-- [ RunTime:0.000281s ]
INFO: Run Behavior\ParseTemplateBehavior [ RunTime:0.013439s ]
INFO: [ view_parse ] --END-- [ RunTime:0.013571s ]
INFO: [ view_filter ] --START--
INFO: Run Behavior\WriteHtmlCacheBehavior [ RunTime:0.002141s ]
INFO: [ view_filter ] --END-- [ RunTime:0.002259s ]
INFO: [ app_end ] --START--
INFO: Run Behavior\ShowPageTraceBehavior [ RunTime:0.002095s ]
INFO: [ app_end ] --END-- [ RunTime:0.002262s ]

[ 2021-06-30T17:19:52+08:00 ] 115.60.57.91 /index.php
INFO: [ app_init ] --START--
INFO: Run Behavior\BuildLiteBehavior [ RunTime:0.000029s ]
INFO: [ app_init ] --END-- [ RunTime:0.000959s ]
INFO: [ app_begin ] --START--
INFO: Run Behavior\ReadHtmlCacheBehavior [ RunTime:0.001782s ]
INFO: [ app_begin ] --END-- [ RunTime:0.001918s ]
SQL: SHOW COLUMNS FROM `c_users` [ RunTime:0.0020s ]
SQL: SELECT * FROM `c_users` WHERE `username` = '丁浩' AND `password` = 'e10adc3949ba59abbe56e057f20f883e' LIMIT 1   [ RunTime:0.0002s ]
SQL: SHOW COLUMNS FROM `c_log` [ RunTime:0.0016s ]
SQL: INSERT INTO `c_log` (`name`,`t`,`ip`,`log`) VALUES ('丁浩','1625044792','115.60.57.91','登录成功') [ RunTime:0.0002s ]
INFO: [ view_parse ] --START--
INFO: [ template_filter ] --START--
INFO: Run Behavior\ContentReplaceBehavior [ RunTime:0.000141s ]
INFO: [ template_filter ] --END-- [ RunTime:0.000318s ]
NOTIC: [8] Undefined variable: error C:\wwwroot\oa.52lvu.cn\Runtime\Cache\Home\cf67dc478d0f9143c4e32b762444702a.php 第 6 行.
INFO: Run Behavior\ParseTemplateBehavior [ RunTime:0.015015s ]
INFO: [ view_parse ] --END-- [ RunTime:0.015153s ]
INFO: [ view_filter ] --START--
INFO: Run Behavior\WriteHtmlCacheBehavior [ RunTime:0.001801s ]
INFO: [ view_filter ] --END-- [ RunTime:0.001916s ]
INFO: [ app_end ] --START--
INFO: Run Behavior\ShowPageTraceBehavior [ RunTime:0.001972s ]
INFO: [ app_end ] --END-- [ RunTime:0.002122s ]

[ 2021-06-30T17:37:10+08:00 ] 123.151.77.91 /index.php/
INFO: [ app_init ] --START--
INFO: Run Behavior\BuildLiteBehavior [ RunTime:0.000029s ]
INFO: [ app_init ] --END-- [ RunTime:0.000962s ]
INFO: [ app_begin ] --START--
INFO: Run Behavior\ReadHtmlCacheBehavior [ RunTime:0.001917s ]
INFO: [ app_begin ] --END-- [ RunTime:0.002046s ]
INFO: [ view_parse ] --START--
INFO: [ template_filter ] --START--
INFO: Run Behavior\ContentReplaceBehavior [ RunTime:0.000115s ]
INFO: [ template_filter ] --END-- [ RunTime:0.000239s ]
INFO: Run Behavior\ParseTemplateBehavior [ RunTime:0.014145s ]
INFO: [ view_parse ] --END-- [ RunTime:0.014288s ]
INFO: [ view_filter ] --START--
INFO: Run Behavior\WriteHtmlCacheBehavior [ RunTime:0.001682s ]
INFO: [ view_filter ] --END-- [ RunTime:0.001800s ]
INFO: [ app_end ] --START--
INFO: Run Behavior\ShowPageTraceBehavior [ RunTime:0.001848s ]
INFO: [ app_end ] --END-- [ RunTime:0.001977s ]

[ 2021-06-30T17:37:25+08:00 ] 123.151.77.91 /index.php/
INFO: [ app_init ] --START--
INFO: Run Behavior\BuildLiteBehavior [ RunTime:0.000029s ]
INFO: [ app_init ] --END-- [ RunTime:0.000941s ]
INFO: [ app_begin ] --START--
INFO: Run Behavior\ReadHtmlCacheBehavior [ RunTime:0.001894s ]
INFO: [ app_begin ] --END-- [ RunTime:0.002028s ]
INFO: [ view_parse ] --START--
INFO: [ template_filter ] --START--
INFO: Run Behavior\ContentReplaceBehavior [ RunTime:0.000124s ]
INFO: [ template_filter ] --END-- [ RunTime:0.000264s ]
INFO: Run Behavior\ParseTemplateBehavior [ RunTime:0.014345s ]
INFO: [ view_parse ] --END-- [ RunTime:0.014501s ]
INFO: [ view_filter ] --START--
INFO: Run Behavior\WriteHtmlCacheBehavior [ RunTime:0.001869s ]
INFO: [ view_filter ] --END-- [ RunTime:0.002004s ]
INFO: [ app_end ] --START--
INFO: Run Behavior\ShowPageTraceBehavior [ RunTime:0.002145s ]
INFO: [ app_end ] --END-- [ RunTime:0.002261s ]

[ 2021-06-30T17:37:25+08:00 ] 111.30.142.186 /
INFO: [ app_init ] --START--
INFO: Run Behavior\BuildLiteBehavior [ RunTime:0.000030s ]
INFO: [ app_init ] --END-- [ RunTime:0.000958s ]
INFO: [ app_begin ] --START--
INFO: Run Behavior\ReadHtmlCacheBehavior [ RunTime:0.001848s ]
INFO: [ app_begin ] --END-- [ RunTime:0.001977s ]
INFO: [ view_parse ] --START--
INFO: [ template_filter ] --START--
INFO: Run Behavior\ContentReplaceBehavior [ RunTime:0.000118s ]
INFO: [ template_filter ] --END-- [ RunTime:0.000289s ]
INFO: Run Behavior\ParseTemplateBehavior [ RunTime:0.017667s ]
INFO: [ view_parse ] --END-- [ RunTime:0.017812s ]
INFO: [ view_filter ] --START--
INFO: Run Behavior\WriteHtmlCacheBehavior [ RunTime:0.002195s ]
INFO: [ view_filter ] --END-- [ RunTime:0.002334s ]
INFO: [ app_end ] --START--
INFO: Run Behavior\ShowPageTraceBehavior [ RunTime:0.002789s ]
INFO: [ app_end ] --END-- [ RunTime:0.002908s ]

[ 2021-06-30T17:37:25+08:00 ] 220.194.106.94 /
INFO: [ app_init ] --START--
INFO: Run Behavior\BuildLiteBehavior [ RunTime:0.000036s ]
INFO: [ app_init ] --END-- [ RunTime:0.001026s ]
INFO: [ app_begin ] --START--
INFO: Run Behavior\ReadHtmlCacheBehavior [ RunTime:0.002123s ]
INFO: [ app_begin ] --END-- [ RunTime:0.002255s ]
INFO: [ view_parse ] --START--
INFO: [ template_filter ] --START--
INFO: Run Behavior\ContentReplaceBehavior [ RunTime:0.000117s ]
INFO: [ template_filter ] --END-- [ RunTime:0.000277s ]
INFO: Run Behavior\ParseTemplateBehavior [ RunTime:0.015749s ]
INFO: [ view_parse ] --END-- [ RunTime:0.015893s ]
INFO: [ view_filter ] --START--
INFO: Run Behavior\WriteHtmlCacheBehavior [ RunTime:0.001868s ]
INFO: [ view_filter ] --END-- [ RunTime:0.001998s ]
INFO: [ app_end ] --START--
INFO: Run Behavior\ShowPageTraceBehavior [ RunTime:0.002077s ]
INFO: [ app_end ] --END-- [ RunTime:0.002202s ]

[ 2021-06-30T17:37:38+08:00 ] 223.88.11.161 /index.php/
INFO: [ app_init ] --START--
INFO: Run Behavior\BuildLiteBehavior [ RunTime:0.000038s ]
INFO: [ app_init ] --END-- [ RunTime:0.001118s ]
INFO: [ app_begin ] --START--
INFO: Run Behavior\ReadHtmlCacheBehavior [ RunTime:0.001910s ]
INFO: [ app_begin ] --END-- [ RunTime:0.002058s ]
SQL: SHOW COLUMNS FROM `c_users` [ RunTime:0.0035s ]
SQL: SELECT * FROM `c_users` WHERE `username` = '李倩' AND `password` = '2b2988d5353fe5f7d0a272b269d318b9' LIMIT 1   [ RunTime:0.0002s ]
SQL: SHOW COLUMNS FROM `c_log` [ RunTime:0.0017s ]
SQL: INSERT INTO `c_log` (`name`,`t`,`ip`,`log`) VALUES ('李倩','1625045858','223.88.11.161','登录成功') [ RunTime:0.0002s ]
INFO: [ view_parse ] --START--
INFO: [ template_filter ] --START--
INFO: Run Behavior\ContentReplaceBehavior [ RunTime:0.000106s ]
INFO: [ template_filter ] --END-- [ RunTime:0.000233s ]
NOTIC: [8] Undefined variable: error C:\wwwroot\oa.52lvu.cn\Runtime\Cache\Home\cf67dc478d0f9143c4e32b762444702a.php 第 6 行.
INFO: Run Behavior\ParseTemplateBehavior [ RunTime:0.014526s ]
INFO: [ view_parse ] --END-- [ RunTime:0.014659s ]
INFO: [ view_filter ] --START--
INFO: Run Behavior\WriteHtmlCacheBehavior [ RunTime:0.001735s ]
INFO: [ view_filter ] --END-- [ RunTime:0.001852s ]
INFO: [ app_end ] --START--
INFO: Run Behavior\ShowPageTraceBehavior [ RunTime:0.001880s ]
INFO: [ app_end ] --END-- [ RunTime:0.002005s ]

[ 2021-06-30T17:37:39+08:00 ] 111.30.142.186 /
INFO: [ app_init ] --START--
INFO: Run Behavior\BuildLiteBehavior [ RunTime:0.000030s ]
INFO: [ app_init ] --END-- [ RunTime:0.001107s ]
INFO: [ app_begin ] --START--
INFO: Run Behavior\ReadHtmlCacheBehavior [ RunTime:0.002316s ]
INFO: [ app_begin ] --END-- [ RunTime:0.002451s ]
INFO: [ view_parse ] --START--
INFO: [ template_filter ] --START--
INFO: Run Behavior\ContentReplaceBehavior [ RunTime:0.000116s ]
INFO: [ template_filter ] --END-- [ RunTime:0.000242s ]
INFO: Run Behavior\ParseTemplateBehavior [ RunTime:0.014749s ]
INFO: [ view_parse ] --END-- [ RunTime:0.014887s ]
INFO: [ view_filter ] --START--
INFO: Run Behavior\WriteHtmlCacheBehavior [ RunTime:0.001752s ]
INFO: [ view_filter ] --END-- [ RunTime:0.001864s ]
INFO: [ app_end ] --START--
INFO: Run Behavior\ShowPageTraceBehavior [ RunTime:0.001878s ]
INFO: [ app_end ] --END-- [ RunTime:0.001993s ]

[ 2021-06-30T17:37:44+08:00 ] 111.30.142.78 /
INFO: [ app_init ] --START--
INFO: Run Behavior\BuildLiteBehavior [ RunTime:0.000028s ]
INFO: [ app_init ] --END-- [ RunTime:0.001169s ]
INFO: [ app_begin ] --START--
INFO: Run Behavior\ReadHtmlCacheBehavior [ RunTime:0.002974s ]
INFO: [ app_begin ] --END-- [ RunTime:0.003247s ]
INFO: [ view_parse ] --START--
INFO: [ template_filter ] --START--
INFO: Run Behavior\ContentReplaceBehavior [ RunTime:0.000138s ]
INFO: [ template_filter ] --END-- [ RunTime:0.000275s ]
INFO: Run Behavior\ParseTemplateBehavior [ RunTime:0.016551s ]
INFO: [ view_parse ] --END-- [ RunTime:0.016702s ]
INFO: [ view_filter ] --START--
INFO: Run Behavior\WriteHtmlCacheBehavior [ RunTime:0.001911s ]
INFO: [ view_filter ] --END-- [ RunTime:0.002031s ]
INFO: [ app_end ] --START--
INFO: Run Behavior\ShowPageTraceBehavior [ RunTime:0.002151s ]
INFO: [ app_end ] --END-- [ RunTime:0.002282s ]

[ 2021-06-30T17:54:06+08:00 ] 115.60.57.91 /index.php/
INFO: [ app_init ] --START--
INFO: Run Behavior\BuildLiteBehavior [ RunTime:0.000040s ]
INFO: [ app_init ] --END-- [ RunTime:0.001232s ]
INFO: [ app_begin ] --START--
INFO: Run Behavior\ReadHtmlCacheBehavior [ RunTime:0.002540s ]
INFO: [ app_begin ] --END-- [ RunTime:0.002733s ]
INFO: [ view_parse ] --START--
INFO: [ template_filter ] --START--
INFO: Run Behavior\ContentReplaceBehavior [ RunTime:0.000120s ]
INFO: [ template_filter ] --END-- [ RunTime:0.000254s ]
INFO: Run Behavior\ParseTemplateBehavior [ RunTime:0.015418s ]
INFO: [ view_parse ] --END-- [ RunTime:0.015592s ]
INFO: [ view_filter ] --START--
INFO: Run Behavior\WriteHtmlCacheBehavior [ RunTime:0.001733s ]
INFO: [ view_filter ] --END-- [ RunTime:0.001853s ]
INFO: [ app_end ] --START--
INFO: Run Behavior\ShowPageTraceBehavior [ RunTime:0.001867s ]
INFO: [ app_end ] --END-- [ RunTime:0.001982s ]

[ 2021-06-30T17:54:15+08:00 ] 115.60.57.91 /index.php/
INFO: [ app_init ] --START--
INFO: Run Behavior\BuildLiteBehavior [ RunTime:0.000031s ]
INFO: [ app_init ] --END-- [ RunTime:0.000956s ]
INFO: [ app_begin ] --START--
INFO: Run Behavior\ReadHtmlCacheBehavior [ RunTime:0.001900s ]
INFO: [ app_begin ] --END-- [ RunTime:0.002037s ]
SQL: SHOW COLUMNS FROM `c_users` [ RunTime:0.0019s ]
SQL: SELECT * FROM `c_users` WHERE `username` = '纪姝梅' AND `password` = 'e10adc3949ba59abbe56e057f20f883e' LIMIT 1   [ RunTime:0.0002s ]
SQL: SHOW COLUMNS FROM `c_log` [ RunTime:0.0016s ]
SQL: INSERT INTO `c_log` (`name`,`t`,`ip`,`log`) VALUES ('纪姝梅','1625046855','115.60.57.91','登录成功') [ RunTime:0.0002s ]
INFO: [ view_parse ] --START--
INFO: [ template_filter ] --START--
INFO: Run Behavior\ContentReplaceBehavior [ RunTime:0.000108s ]
INFO: [ template_filter ] --END-- [ RunTime:0.000241s ]
NOTIC: [8] Undefined variable: error C:\wwwroot\oa.52lvu.cn\Runtime\Cache\Home\cf67dc478d0f9143c4e32b762444702a.php 第 6 行.
INFO: Run Behavior\ParseTemplateBehavior [ RunTime:0.015090s ]
INFO: [ view_parse ] --END-- [ RunTime:0.015235s ]
INFO: [ view_filter ] --START--
INFO: Run Behavior\WriteHtmlCacheBehavior [ RunTime:0.001765s ]
INFO: [ view_filter ] --END-- [ RunTime:0.001886s ]
INFO: [ app_end ] --START--
INFO: Run Behavior\ShowPageTraceBehavior [ RunTime:0.001913s ]
INFO: [ app_end ] --END-- [ RunTime:0.002030s ]

[ 2021-06-30T18:41:44+08:00 ] 27.115.124.6 /
INFO: [ app_init ] --START--
INFO: Run Behavior\BuildLiteBehavior [ RunTime:0.000030s ]
INFO: [ app_init ] --END-- [ RunTime:0.000905s ]
INFO: [ app_begin ] --START--
INFO: Run Behavior\ReadHtmlCacheBehavior [ RunTime:0.001894s ]
INFO: [ app_begin ] --END-- [ RunTime:0.002042s ]
INFO: [ view_parse ] --START--
INFO: [ template_filter ] --START--
INFO: Run Behavior\ContentReplaceBehavior [ RunTime:0.000116s ]
INFO: [ template_filter ] --END-- [ RunTime:0.000240s ]
INFO: Run Behavior\ParseTemplateBehavior [ RunTime:0.013678s ]
INFO: [ view_parse ] --END-- [ RunTime:0.013818s ]
INFO: [ view_filter ] --START--
INFO: Run Behavior\WriteHtmlCacheBehavior [ RunTime:0.001665s ]
INFO: [ view_filter ] --END-- [ RunTime:0.001777s ]
INFO: [ app_end ] --START--
INFO: Run Behavior\ShowPageTraceBehavior [ RunTime:0.001884s ]
INFO: [ app_end ] --END-- [ RunTime:0.001998s ]

[ 2021-06-30T18:41:48+08:00 ] 27.115.124.6 /
INFO: [ app_init ] --START--
INFO: Run Behavior\BuildLiteBehavior [ RunTime:0.000034s ]
INFO: [ app_init ] --END-- [ RunTime:0.000994s ]
INFO: [ app_begin ] --START--
INFO: Run Behavior\ReadHtmlCacheBehavior [ RunTime:0.002861s ]
INFO: [ app_begin ] --END-- [ RunTime:0.003077s ]
INFO: [ view_parse ] --START--
INFO: [ template_filter ] --START--
INFO: Run Behavior\ContentReplaceBehavior [ RunTime:0.000124s ]
INFO: [ template_filter ] --END-- [ RunTime:0.000315s ]
INFO: Run Behavior\ParseTemplateBehavior [ RunTime:0.015361s ]
INFO: [ view_parse ] --END-- [ RunTime:0.015549s ]
INFO: [ view_filter ] --START--
INFO: Run Behavior\WriteHtmlCacheBehavior [ RunTime:0.002027s ]
INFO: [ view_filter ] --END-- [ RunTime:0.002183s ]
INFO: [ app_end ] --START--
INFO: Run Behavior\ShowPageTraceBehavior [ RunTime:0.002210s ]
INFO: [ app_end ] --END-- [ RunTime:0.002345s ]

[ 2021-06-30T18:51:56+08:00 ] 123.151.77.91 /index.php
INFO: [ app_init ] --START--
INFO: Run Behavior\BuildLiteBehavior [ RunTime:0.000031s ]
INFO: [ app_init ] --END-- [ RunTime:0.000927s ]
INFO: [ app_begin ] --START--
INFO: Run Behavior\ReadHtmlCacheBehavior [ RunTime:0.001997s ]
INFO: [ app_begin ] --END-- [ RunTime:0.002133s ]
INFO: [ view_parse ] --START--
INFO: [ template_filter ] --START--
INFO: Run Behavior\ContentReplaceBehavior [ RunTime:0.000142s ]
INFO: [ template_filter ] --END-- [ RunTime:0.000270s ]
INFO: Run Behavior\ParseTemplateBehavior [ RunTime:0.013772s ]
INFO: [ view_parse ] --END-- [ RunTime:0.013925s ]
INFO: [ view_filter ] --START--
INFO: Run Behavior\WriteHtmlCacheBehavior [ RunTime:0.001710s ]
INFO: [ view_filter ] --END-- [ RunTime:0.001823s ]
INFO: [ app_end ] --START--
INFO: Run Behavior\ShowPageTraceBehavior [ RunTime:0.001855s ]
INFO: [ app_end ] --END-- [ RunTime:0.001971s ]

[ 2021-06-30T18:52:21+08:00 ] 106.33.167.248 /index.php
INFO: [ app_init ] --START--
INFO: Run Behavior\BuildLiteBehavior [ RunTime:0.000031s ]
INFO: [ app_init ] --END-- [ RunTime:0.000967s ]
INFO: [ app_begin ] --START--
INFO: Run Behavior\ReadHtmlCacheBehavior [ RunTime:0.001939s ]
INFO: [ app_begin ] --END-- [ RunTime:0.002098s ]
SQL: SHOW COLUMNS FROM `c_users` [ RunTime:0.0029s ]
SQL: SELECT * FROM `c_users` WHERE `username` = '王沿' AND `password` = 'c2610f901735286e712ef0a11df1535b' LIMIT 1   [ RunTime:0.0002s ]
SQL: SHOW COLUMNS FROM `c_log` [ RunTime:0.0022s ]
SQL: INSERT INTO `c_log` (`name`,`t`,`ip`,`log`) VALUES ('王沿','1625050341','106.33.167.248','登录成功') [ RunTime:0.0003s ]
INFO: [ view_parse ] --START--
INFO: [ template_filter ] --START--
INFO: Run Behavior\ContentReplaceBehavior [ RunTime:0.000109s ]
INFO: [ template_filter ] --END-- [ RunTime:0.000237s ]
NOTIC: [8] Undefined variable: error C:\wwwroot\oa.52lvu.cn\Runtime\Cache\Home\cf67dc478d0f9143c4e32b762444702a.php 第 6 行.
INFO: Run Behavior\ParseTemplateBehavior [ RunTime:0.015689s ]
INFO: [ view_parse ] --END-- [ RunTime:0.015836s ]
INFO: [ view_filter ] --START--
INFO: Run Behavior\WriteHtmlCacheBehavior [ RunTime:0.001840s ]
INFO: [ view_filter ] --END-- [ RunTime:0.001978s ]
INFO: [ app_end ] --START--
INFO: Run Behavior\ShowPageTraceBehavior [ RunTime:0.001972s ]
INFO: [ app_end ] --END-- [ RunTime:0.002107s ]

[ 2021-06-30T19:08:14+08:00 ] 180.163.220.67 /index.php
INFO: [ app_init ] --START--
INFO: Run Behavior\BuildLiteBehavior [ RunTime:0.000076s ]
INFO: [ app_init ] --END-- [ RunTime:0.001083s ]
INFO: [ app_begin ] --START--
INFO: Run Behavior\ReadHtmlCacheBehavior [ RunTime:0.002010s ]
INFO: [ app_begin ] --END-- [ RunTime:0.002144s ]
INFO: [ view_parse ] --START--
INFO: [ template_filter ] --START--
INFO: Run Behavior\ContentReplaceBehavior [ RunTime:0.000117s ]
INFO: [ template_filter ] --END-- [ RunTime:0.000248s ]
INFO: Run Behavior\ParseTemplateBehavior [ RunTime:0.013941s ]
INFO: [ view_parse ] --END-- [ RunTime:0.014094s ]
INFO: [ view_filter ] --START--
INFO: Run Behavior\WriteHtmlCacheBehavior [ RunTime:0.001775s ]
INFO: [ view_filter ] --END-- [ RunTime:0.001894s ]
INFO: [ app_end ] --START--
INFO: Run Behavior\ShowPageTraceBehavior [ RunTime:0.002015s ]
INFO: [ app_end ] --END-- [ RunTime:0.002142s ]

[ 2021-06-30T19:39:20+08:00 ] 123.150.174.182 /
INFO: [ app_init ] --START--
INFO: Run Behavior\BuildLiteBehavior [ RunTime:0.000029s ]
INFO: [ app_init ] --END-- [ RunTime:0.000902s ]
INFO: [ app_begin ] --START--
INFO: Run Behavior\ReadHtmlCacheBehavior [ RunTime:0.001825s ]
INFO: [ app_begin ] --END-- [ RunTime:0.001970s ]
INFO: [ view_parse ] --START--
INFO: [ template_filter ] --START--
INFO: Run Behavior\ContentReplaceBehavior [ RunTime:0.000135s ]
INFO: [ template_filter ] --END-- [ RunTime:0.000262s ]
INFO: Run Behavior\ParseTemplateBehavior [ RunTime:0.013982s ]
INFO: [ view_parse ] --END-- [ RunTime:0.014126s ]
INFO: [ view_filter ] --START--
INFO: Run Behavior\WriteHtmlCacheBehavior [ RunTime:0.001695s ]
INFO: [ view_filter ] --END-- [ RunTime:0.001810s ]
INFO: [ app_end ] --START--
INFO: Run Behavior\ShowPageTraceBehavior [ RunTime:0.001849s ]
INFO: [ app_end ] --END-- [ RunTime:0.001965s ]

[ 2021-06-30T19:39:31+08:00 ] 106.33.0.79 /
INFO: [ app_init ] --START--
INFO: Run Behavior\BuildLiteBehavior [ RunTime:0.000029s ]
INFO: [ app_init ] --END-- [ RunTime:0.000929s ]
INFO: [ app_begin ] --START--
INFO: Run Behavior\ReadHtmlCacheBehavior [ RunTime:0.001852s ]
INFO: [ app_begin ] --END-- [ RunTime:0.001984s ]
SQL: SHOW COLUMNS FROM `c_users` [ RunTime:0.0024s ]
SQL: SELECT * FROM `c_users` WHERE `username` = '李雪静' AND `password` = 'a65daa2d77588f2fb99257b639871940' LIMIT 1   [ RunTime:0.0002s ]
SQL: SHOW COLUMNS FROM `c_log` [ RunTime:0.0019s ]
SQL: INSERT INTO `c_log` (`name`,`t`,`ip`,`log`) VALUES ('李雪静','1625053171','106.33.0.79','登录成功') [ RunTime:0.0003s ]
INFO: [ view_parse ] --START--
INFO: [ template_filter ] --START--
INFO: Run Behavior\ContentReplaceBehavior [ RunTime:0.000116s ]
INFO: [ template_filter ] --END-- [ RunTime:0.000246s ]
NOTIC: [8] Undefined variable: error C:\wwwroot\oa.52lvu.cn\Runtime\Cache\Home\cf67dc478d0f9143c4e32b762444702a.php 第 6 行.
INFO: Run Behavior\ParseTemplateBehavior [ RunTime:0.014886s ]
INFO: [ view_parse ] --END-- [ RunTime:0.015013s ]
INFO: [ view_filter ] --START--
INFO: Run Behavior\WriteHtmlCacheBehavior [ RunTime:0.001768s ]
INFO: [ view_filter ] --END-- [ RunTime:0.001883s ]
INFO: [ app_end ] --START--
INFO: Run Behavior\ShowPageTraceBehavior [ RunTime:0.001924s ]
INFO: [ app_end ] --END-- [ RunTime:0.002038s ]

[ 2021-06-30T20:29:04+08:00 ] 111.30.142.227 /
INFO: [ app_init ] --START--
INFO: Run Behavior\BuildLiteBehavior [ RunTime:0.000033s ]
INFO: [ app_init ] --END-- [ RunTime:0.001033s ]
INFO: [ app_begin ] --START--
INFO: Run Behavior\ReadHtmlCacheBehavior [ RunTime:0.001933s ]
INFO: [ app_begin ] --END-- [ RunTime:0.002065s ]
INFO: [ view_parse ] --START--
INFO: [ template_filter ] --START--
INFO: Run Behavior\ContentReplaceBehavior [ RunTime:0.000136s ]
INFO: [ template_filter ] --END-- [ RunTime:0.000281s ]
INFO: Run Behavior\ParseTemplateBehavior [ RunTime:0.017623s ]
INFO: [ view_parse ] --END-- [ RunTime:0.017789s ]
INFO: [ view_filter ] --START--
INFO: Run Behavior\WriteHtmlCacheBehavior [ RunTime:0.003439s ]
INFO: [ view_filter ] --END-- [ RunTime:0.003556s ]
INFO: [ app_end ] --START--
INFO: Run Behavior\ShowPageTraceBehavior [ RunTime:0.004250s ]
INFO: [ app_end ] --END-- [ RunTime:0.004380s ]

[ 2021-06-30T20:29:04+08:00 ] 123.150.174.182 /
INFO: [ app_init ] --START--
INFO: Run Behavior\BuildLiteBehavior [ RunTime:0.000030s ]
INFO: [ app_init ] --END-- [ RunTime:0.001150s ]
INFO: [ app_begin ] --START--
INFO: Run Behavior\ReadHtmlCacheBehavior [ RunTime:0.002681s ]
INFO: [ app_begin ] --END-- [ RunTime:0.002816s ]
INFO: [ view_parse ] --START--
INFO: [ template_filter ] --START--
INFO: Run Behavior\ContentReplaceBehavior [ RunTime:0.000115s ]
INFO: [ template_filter ] --END-- [ RunTime:0.000237s ]
INFO: Run Behavior\ParseTemplateBehavior [ RunTime:0.018842s ]
INFO: [ view_parse ] --END-- [ RunTime:0.018982s ]
INFO: [ view_filter ] --START--
INFO: Run Behavior\WriteHtmlCacheBehavior [ RunTime:0.002507s ]
INFO: [ view_filter ] --END-- [ RunTime:0.002662s ]
INFO: [ app_end ] --START--
INFO: Run Behavior\ShowPageTraceBehavior [ RunTime:0.002672s ]
INFO: [ app_end ] --END-- [ RunTime:0.002798s ]

[ 2021-06-30T20:29:04+08:00 ] 123.151.77.91 /index.php/
INFO: [ app_init ] --START--
INFO: Run Behavior\BuildLiteBehavior [ RunTime:0.000031s ]
INFO: [ app_init ] --END-- [ RunTime:0.001277s ]
INFO: [ app_begin ] --START--
INFO: Run Behavior\ReadHtmlCacheBehavior [ RunTime:0.002431s ]
INFO: [ app_begin ] --END-- [ RunTime:0.002593s ]
INFO: [ view_parse ] --START--
INFO: [ template_filter ] --START--
INFO: Run Behavior\ContentReplaceBehavior [ RunTime:0.000117s ]
INFO: [ template_filter ] --END-- [ RunTime:0.000243s ]
INFO: Run Behavior\ParseTemplateBehavior [ RunTime:0.013825s ]
INFO: [ view_parse ] --END-- [ RunTime:0.013985s ]
INFO: [ view_filter ] --START--
INFO: Run Behavior\WriteHtmlCacheBehavior [ RunTime:0.001730s ]
INFO: [ view_filter ] --END-- [ RunTime:0.001870s ]
INFO: [ app_end ] --START--
INFO: Run Behavior\ShowPageTraceBehavior [ RunTime:0.001911s ]
INFO: [ app_end ] --END-- [ RunTime:0.002042s ]

[ 2021-06-30T20:29:25+08:00 ] 223.88.61.185 /index.php/
INFO: [ app_init ] --START--
INFO: Run Behavior\BuildLiteBehavior [ RunTime:0.000029s ]
INFO: [ app_init ] --END-- [ RunTime:0.000910s ]
INFO: [ app_begin ] --START--
INFO: Run Behavior\ReadHtmlCacheBehavior [ RunTime:0.001973s ]
INFO: [ app_begin ] --END-- [ RunTime:0.002110s ]
SQL: SHOW COLUMNS FROM `c_users` [ RunTime:0.0024s ]
SQL: SELECT * FROM `c_users` WHERE `username` = '李倩' AND `password` = '2b2988d5353fe5f7d0a272b269d318b9' LIMIT 1   [ RunTime:0.0002s ]
SQL: SHOW COLUMNS FROM `c_log` [ RunTime:0.0025s ]
SQL: INSERT INTO `c_log` (`name`,`t`,`ip`,`log`) VALUES ('李倩','1625056165','223.88.61.185','登录成功') [ RunTime:0.0003s ]
INFO: [ view_parse ] --START--
INFO: [ template_filter ] --START--
INFO: Run Behavior\ContentReplaceBehavior [ RunTime:0.000109s ]
INFO: [ template_filter ] --END-- [ RunTime:0.000233s ]
NOTIC: [8] Undefined variable: error C:\wwwroot\oa.52lvu.cn\Runtime\Cache\Home\cf67dc478d0f9143c4e32b762444702a.php 第 6 行.
INFO: Run Behavior\ParseTemplateBehavior [ RunTime:0.013738s ]
INFO: [ view_parse ] --END-- [ RunTime:0.013866s ]
INFO: [ view_filter ] --START--
INFO: Run Behavior\WriteHtmlCacheBehavior [ RunTime:0.001700s ]
INFO: [ view_filter ] --END-- [ RunTime:0.001810s ]
INFO: [ app_end ] --START--
INFO: Run Behavior\ShowPageTraceBehavior [ RunTime:0.001849s ]
INFO: [ app_end ] --END-- [ RunTime:0.001962s ]

[ 2021-06-30T20:47:46+08:00 ] 39.173.116.4 /
INFO: [ app_init ] --START--
INFO: Run Behavior\BuildLiteBehavior [ RunTime:0.000030s ]
INFO: [ app_init ] --END-- [ RunTime:0.000916s ]
INFO: [ app_begin ] --START--
INFO: Run Behavior\ReadHtmlCacheBehavior [ RunTime:0.002112s ]
INFO: [ app_begin ] --END-- [ RunTime:0.002249s ]
INFO: [ view_parse ] --START--
INFO: [ template_filter ] --START--
INFO: Run Behavior\ContentReplaceBehavior [ RunTime:0.000118s ]
INFO: [ template_filter ] --END-- [ RunTime:0.000258s ]
INFO: Run Behavior\ParseTemplateBehavior [ RunTime:0.014517s ]
INFO: [ view_parse ] --END-- [ RunTime:0.014690s ]
INFO: [ view_filter ] --START--
INFO: Run Behavior\WriteHtmlCacheBehavior [ RunTime:0.001854s ]
INFO: [ view_filter ] --END-- [ RunTime:0.001989s ]
INFO: [ app_end ] --START--
INFO: Run Behavior\ShowPageTraceBehavior [ RunTime:0.001986s ]
INFO: [ app_end ] --END-- [ RunTime:0.002102s ]

[ 2021-06-30T21:06:39+08:00 ] 123.14.114.232 /
INFO: [ app_init ] --START--
INFO: Run Behavior\BuildLiteBehavior [ RunTime:0.000030s ]
INFO: [ app_init ] --END-- [ RunTime:0.000964s ]
INFO: [ app_begin ] --START--
INFO: Run Behavior\ReadHtmlCacheBehavior [ RunTime:0.001839s ]
INFO: [ app_begin ] --END-- [ RunTime:0.001979s ]
INFO: [ view_parse ] --START--
INFO: [ template_filter ] --START--
INFO: Run Behavior\ContentReplaceBehavior [ RunTime:0.000141s ]
INFO: [ template_filter ] --END-- [ RunTime:0.000288s ]
INFO: Run Behavior\ParseTemplateBehavior [ RunTime:0.016290s ]
INFO: [ view_parse ] --END-- [ RunTime:0.016434s ]
INFO: [ view_filter ] --START--
INFO: Run Behavior\WriteHtmlCacheBehavior [ RunTime:0.002097s ]
INFO: [ view_filter ] --END-- [ RunTime:0.002234s ]
INFO: [ app_end ] --START--
INFO: Run Behavior\ShowPageTraceBehavior [ RunTime:0.002031s ]
INFO: [ app_end ] --END-- [ RunTime:0.002150s ]

[ 2021-06-30T21:06:50+08:00 ] 123.14.114.232 /
INFO: [ app_init ] --START--
INFO: Run Behavior\BuildLiteBehavior [ RunTime:0.000032s ]
INFO: [ app_init ] --END-- [ RunTime:0.001036s ]
INFO: [ app_begin ] --START--
INFO: Run Behavior\ReadHtmlCacheBehavior [ RunTime:0.001993s ]
INFO: [ app_begin ] --END-- [ RunTime:0.002139s ]
SQL: SHOW COLUMNS FROM `c_users` [ RunTime:0.0024s ]
SQL: SELECT * FROM `c_users` WHERE `username` = '李雪静' AND `password` = 'a65daa2d77588f2fb99257b639871940' LIMIT 1   [ RunTime:0.0002s ]
SQL: SHOW COLUMNS FROM `c_log` [ RunTime:0.0018s ]
SQL: INSERT INTO `c_log` (`name`,`t`,`ip`,`log`) VALUES ('李雪静','1625058410','123.14.114.232','登录成功') [ RunTime:0.0003s ]
INFO: [ view_parse ] --START--
INFO: [ template_filter ] --START--
INFO: Run Behavior\ContentReplaceBehavior [ RunTime:0.000104s ]
INFO: [ template_filter ] --END-- [ RunTime:0.000230s ]
NOTIC: [8] Undefined variable: error C:\wwwroot\oa.52lvu.cn\Runtime\Cache\Home\cf67dc478d0f9143c4e32b762444702a.php 第 6 行.
INFO: Run Behavior\ParseTemplateBehavior [ RunTime:0.013854s ]
INFO: [ view_parse ] --END-- [ RunTime:0.013976s ]
INFO: [ view_filter ] --START--
INFO: Run Behavior\WriteHtmlCacheBehavior [ RunTime:0.001670s ]
INFO: [ view_filter ] --END-- [ RunTime:0.001780s ]
INFO: [ app_end ] --START--
INFO: Run Behavior\ShowPageTraceBehavior [ RunTime:0.001922s ]
INFO: [ app_end ] --END-- [ RunTime:0.002036s ]

[ 2021-06-30T23:33:33+08:00 ] 123.52.30.223 /index.php
INFO: [ app_init ] --START--
INFO: Run Behavior\BuildLiteBehavior [ RunTime:0.000032s ]
INFO: [ app_init ] --END-- [ RunTime:0.000975s ]
INFO: [ app_begin ] --START--
INFO: Run Behavior\ReadHtmlCacheBehavior [ RunTime:0.001905s ]
INFO: [ app_begin ] --END-- [ RunTime:0.002040s ]
INFO: [ view_parse ] --START--
INFO: [ template_filter ] --START--
INFO: Run Behavior\ContentReplaceBehavior [ RunTime:0.000134s ]
INFO: [ template_filter ] --END-- [ RunTime:0.000286s ]
INFO: Run Behavior\ParseTemplateBehavior [ RunTime:0.014626s ]
INFO: [ view_parse ] --END-- [ RunTime:0.014785s ]
INFO: [ view_filter ] --START--
INFO: Run Behavior\WriteHtmlCacheBehavior [ RunTime:0.001784s ]
INFO: [ view_filter ] --END-- [ RunTime:0.001915s ]
INFO: [ app_end ] --START--
INFO: Run Behavior\ShowPageTraceBehavior [ RunTime:0.001997s ]
INFO: [ app_end ] --END-- [ RunTime:0.002130s ]

[ 2021-06-30T23:34:50+08:00 ] 123.52.30.223 /index.php
INFO: [ app_init ] --START--
INFO: Run Behavior\BuildLiteBehavior [ RunTime:0.000029s ]
INFO: [ app_init ] --END-- [ RunTime:0.000888s ]
INFO: [ app_begin ] --START--
INFO: Run Behavior\ReadHtmlCacheBehavior [ RunTime:0.001779s ]
INFO: [ app_begin ] --END-- [ RunTime:0.001911s ]
SQL: SHOW COLUMNS FROM `c_users` [ RunTime:0.0026s ]
SQL: SELECT * FROM `c_users` WHERE `username` = '丁浩' AND `password` = 'e10adc3949ba59abbe56e057f20f883e' LIMIT 1   [ RunTime:0.0002s ]
SQL: SHOW COLUMNS FROM `c_log` [ RunTime:0.0021s ]
SQL: INSERT INTO `c_log` (`name`,`t`,`ip`,`log`) VALUES ('丁浩','1625067290','123.52.30.223','登录成功') [ RunTime:0.0003s ]
INFO: [ view_parse ] --START--
INFO: [ template_filter ] --START--
INFO: Run Behavior\ContentReplaceBehavior [ RunTime:0.000172s ]
INFO: [ template_filter ] --END-- [ RunTime:0.000336s ]
NOTIC: [8] Undefined variable: error C:\wwwroot\oa.52lvu.cn\Runtime\Cache\Home\cf67dc478d0f9143c4e32b762444702a.php 第 6 行.
INFO: Run Behavior\ParseTemplateBehavior [ RunTime:0.015473s ]
INFO: [ view_parse ] --END-- [ RunTime:0.015654s ]
INFO: [ view_filter ] --START--
INFO: Run Behavior\WriteHtmlCacheBehavior [ RunTime:0.002139s ]
INFO: [ view_filter ] --END-- [ RunTime:0.002299s ]
INFO: [ app_end ] --START--
INFO: Run Behavior\ShowPageTraceBehavior [ RunTime:0.001957s ]
INFO: [ app_end ] --END-- [ RunTime:0.002081s ]

