[ 2021-05-27T04:18:43+08:00 ] 42.236.10.114 /
INFO: [ app_init ] --START--
INFO: Run Behavior\BuildLiteBehavior [ RunTime:0.000030s ]
INFO: [ app_init ] --END-- [ RunTime:0.000982s ]
INFO: [ app_begin ] --START--
INFO: Run Behavior\ReadHtmlCacheBehavior [ RunTime:0.001872s ]
INFO: [ app_begin ] --END-- [ RunTime:0.002010s ]
INFO: [ view_parse ] --START--
INFO: [ template_filter ] --START--
INFO: Run Behavior\ContentReplaceBehavior [ RunTime:0.000130s ]
INFO: [ template_filter ] --END-- [ RunTime:0.000279s ]
INFO: Run Behavior\ParseTemplateBehavior [ RunTime:0.017069s ]
INFO: [ view_parse ] --END-- [ RunTime:0.017227s ]
INFO: [ view_filter ] --START--
INFO: Run Behavior\WriteHtmlCacheBehavior [ RunTime:0.002189s ]
INFO: [ view_filter ] --END-- [ RunTime:0.002318s ]
INFO: [ app_end ] --START--
INFO: Run Behavior\ShowPageTraceBehavior [ RunTime:0.002285s ]
INFO: [ app_end ] --END-- [ RunTime:0.002399s ]

[ 2021-05-27T04:18:47+08:00 ] 42.236.10.125 /
INFO: [ app_init ] --START--
INFO: Run Behavior\BuildLiteBehavior [ RunTime:0.000046s ]
INFO: [ app_init ] --END-- [ RunTime:0.000971s ]
INFO: [ app_begin ] --START--
INFO: Run Behavior\ReadHtmlCacheBehavior [ RunTime:0.001835s ]
INFO: [ app_begin ] --END-- [ RunTime:0.001969s ]
INFO: [ view_parse ] --START--
INFO: [ template_filter ] --START--
INFO: Run Behavior\ContentReplaceBehavior [ RunTime:0.000132s ]
INFO: [ template_filter ] --END-- [ RunTime:0.000306s ]
INFO: Run Behavior\ParseTemplateBehavior [ RunTime:0.013428s ]
INFO: [ view_parse ] --END-- [ RunTime:0.013569s ]
INFO: [ view_filter ] --START--
INFO: Run Behavior\WriteHtmlCacheBehavior [ RunTime:0.001652s ]
INFO: [ view_filter ] --END-- [ RunTime:0.001765s ]
INFO: [ app_end ] --START--
INFO: Run Behavior\ShowPageTraceBehavior [ RunTime:0.001800s ]
INFO: [ app_end ] --END-- [ RunTime:0.001926s ]

[ 2021-05-27T08:35:00+08:00 ] 61.129.7.236 /
INFO: [ app_init ] --START--
INFO: Run Behavior\BuildLiteBehavior [ RunTime:0.000038s ]
INFO: [ app_init ] --END-- [ RunTime:0.000907s ]
INFO: [ app_begin ] --START--
INFO: Run Behavior\ReadHtmlCacheBehavior [ RunTime:0.001883s ]
INFO: [ app_begin ] --END-- [ RunTime:0.002016s ]
INFO: [ view_parse ] --START--
INFO: [ template_filter ] --START--
INFO: Run Behavior\ContentReplaceBehavior [ RunTime:0.000161s ]
INFO: [ template_filter ] --END-- [ RunTime:0.000292s ]
INFO: Run Behavior\ParseTemplateBehavior [ RunTime:0.013572s ]
INFO: [ view_parse ] --END-- [ RunTime:0.013709s ]
INFO: [ view_filter ] --START--
INFO: Run Behavior\WriteHtmlCacheBehavior [ RunTime:0.001626s ]
INFO: [ view_filter ] --END-- [ RunTime:0.001760s ]
INFO: [ app_end ] --START--
INFO: Run Behavior\ShowPageTraceBehavior [ RunTime:0.001851s ]
INFO: [ app_end ] --END-- [ RunTime:0.001970s ]

[ 2021-05-27T08:37:46+08:00 ] 115.60.62.6 /
INFO: [ app_init ] --START--
INFO: Run Behavior\BuildLiteBehavior [ RunTime:0.000035s ]
INFO: [ app_init ] --END-- [ RunTime:0.001076s ]
INFO: [ app_begin ] --START--
INFO: Run Behavior\ReadHtmlCacheBehavior [ RunTime:0.002505s ]
INFO: [ app_begin ] --END-- [ RunTime:0.002639s ]
INFO: [ view_parse ] --START--
INFO: [ template_filter ] --START--
INFO: Run Behavior\ContentReplaceBehavior [ RunTime:0.000154s ]
INFO: [ template_filter ] --END-- [ RunTime:0.000296s ]
INFO: Run Behavior\ParseTemplateBehavior [ RunTime:0.015615s ]
INFO: [ view_parse ] --END-- [ RunTime:0.015756s ]
INFO: [ view_filter ] --START--
INFO: Run Behavior\WriteHtmlCacheBehavior [ RunTime:0.001712s ]
INFO: [ view_filter ] --END-- [ RunTime:0.001833s ]
INFO: [ app_end ] --START--
INFO: Run Behavior\ShowPageTraceBehavior [ RunTime:0.001820s ]
INFO: [ app_end ] --END-- [ RunTime:0.001937s ]

[ 2021-05-27T08:41:47+08:00 ] 115.60.62.71 /
INFO: [ app_init ] --START--
INFO: Run Behavior\BuildLiteBehavior [ RunTime:0.000029s ]
INFO: [ app_init ] --END-- [ RunTime:0.000927s ]
INFO: [ app_begin ] --START--
INFO: Run Behavior\ReadHtmlCacheBehavior [ RunTime:0.001854s ]
INFO: [ app_begin ] --END-- [ RunTime:0.001994s ]
INFO: [ view_parse ] --START--
INFO: [ template_filter ] --START--
INFO: Run Behavior\ContentReplaceBehavior [ RunTime:0.000118s ]
INFO: [ template_filter ] --END-- [ RunTime:0.000251s ]
INFO: Run Behavior\ParseTemplateBehavior [ RunTime:0.013615s ]
INFO: [ view_parse ] --END-- [ RunTime:0.013750s ]
INFO: [ view_filter ] --START--
INFO: Run Behavior\WriteHtmlCacheBehavior [ RunTime:0.001609s ]
INFO: [ view_filter ] --END-- [ RunTime:0.001720s ]
INFO: [ app_end ] --START--
INFO: Run Behavior\ShowPageTraceBehavior [ RunTime:0.001774s ]
INFO: [ app_end ] --END-- [ RunTime:0.001887s ]

[ 2021-05-27T08:49:30+08:00 ] 115.60.62.71 /index.php/
INFO: [ app_init ] --START--
INFO: Run Behavior\BuildLiteBehavior [ RunTime:0.000028s ]
INFO: [ app_init ] --END-- [ RunTime:0.000878s ]
INFO: [ app_begin ] --START--
INFO: Run Behavior\ReadHtmlCacheBehavior [ RunTime:0.001840s ]
INFO: [ app_begin ] --END-- [ RunTime:0.001976s ]
INFO: [ view_parse ] --START--
INFO: [ template_filter ] --START--
INFO: Run Behavior\ContentReplaceBehavior [ RunTime:0.000125s ]
INFO: [ template_filter ] --END-- [ RunTime:0.000250s ]
INFO: Run Behavior\ParseTemplateBehavior [ RunTime:0.012972s ]
INFO: [ view_parse ] --END-- [ RunTime:0.013099s ]
INFO: [ view_filter ] --START--
INFO: Run Behavior\WriteHtmlCacheBehavior [ RunTime:0.001599s ]
INFO: [ view_filter ] --END-- [ RunTime:0.001715s ]
INFO: [ app_end ] --START--
INFO: Run Behavior\ShowPageTraceBehavior [ RunTime:0.001796s ]
INFO: [ app_end ] --END-- [ RunTime:0.001910s ]

[ 2021-05-27T08:50:10+08:00 ] 115.60.62.71 /index.php/
INFO: [ app_init ] --START--
INFO: Run Behavior\BuildLiteBehavior [ RunTime:0.000040s ]
INFO: [ app_init ] --END-- [ RunTime:0.000899s ]
INFO: [ app_begin ] --START--
INFO: Run Behavior\ReadHtmlCacheBehavior [ RunTime:0.001961s ]
INFO: [ app_begin ] --END-- [ RunTime:0.002099s ]
SQL: SHOW COLUMNS FROM `c_users` [ RunTime:0.0022s ]
SQL: SELECT * FROM `c_users` WHERE `username` = '李倩' AND `password` = 'e57c9c8b15a82745dd4ecbead593094f' LIMIT 1   [ RunTime:0.0003s ]
SQL: SHOW COLUMNS FROM `c_log` [ RunTime:0.0030s ]
SQL: INSERT INTO `c_log` (`name`,`t`,`ip`,`log`) VALUES ('李倩','1622076609','115.60.62.71','登录成功') [ RunTime:0.0006s ]
INFO: [ view_parse ] --START--
INFO: [ template_filter ] --START--
INFO: Run Behavior\ContentReplaceBehavior [ RunTime:0.000104s ]
INFO: [ template_filter ] --END-- [ RunTime:0.000230s ]
NOTIC: [8] Undefined variable: error C:\wwwroot\oa.52lvu.cn\Runtime\Cache\Home\cf67dc478d0f9143c4e32b762444702a.php 第 6 行.
INFO: Run Behavior\ParseTemplateBehavior [ RunTime:0.014325s ]
INFO: [ view_parse ] --END-- [ RunTime:0.014474s ]
INFO: [ view_filter ] --START--
INFO: Run Behavior\WriteHtmlCacheBehavior [ RunTime:0.001662s ]
INFO: [ view_filter ] --END-- [ RunTime:0.001775s ]
INFO: [ app_end ] --START--
INFO: Run Behavior\ShowPageTraceBehavior [ RunTime:0.001855s ]
INFO: [ app_end ] --END-- [ RunTime:0.001978s ]

[ 2021-05-27T09:00:34+08:00 ] 115.60.62.6 /index.php
INFO: [ app_init ] --START--
INFO: Run Behavior\BuildLiteBehavior [ RunTime:0.000029s ]
INFO: [ app_init ] --END-- [ RunTime:0.000948s ]
INFO: [ app_begin ] --START--
INFO: Run Behavior\ReadHtmlCacheBehavior [ RunTime:0.001795s ]
INFO: [ app_begin ] --END-- [ RunTime:0.001927s ]
INFO: [ view_parse ] --START--
INFO: [ template_filter ] --START--
INFO: Run Behavior\ContentReplaceBehavior [ RunTime:0.000115s ]
INFO: [ template_filter ] --END-- [ RunTime:0.000239s ]
INFO: Run Behavior\ParseTemplateBehavior [ RunTime:0.013762s ]
INFO: [ view_parse ] --END-- [ RunTime:0.013903s ]
INFO: [ view_filter ] --START--
INFO: Run Behavior\WriteHtmlCacheBehavior [ RunTime:0.001664s ]
INFO: [ view_filter ] --END-- [ RunTime:0.001777s ]
INFO: [ app_end ] --START--
INFO: Run Behavior\ShowPageTraceBehavior [ RunTime:0.001817s ]
INFO: [ app_end ] --END-- [ RunTime:0.001944s ]

[ 2021-05-27T09:00:37+08:00 ] 115.60.62.6 /index.php
INFO: [ app_init ] --START--
INFO: Run Behavior\BuildLiteBehavior [ RunTime:0.000030s ]
INFO: [ app_init ] --END-- [ RunTime:0.001036s ]
INFO: [ app_begin ] --START--
INFO: Run Behavior\ReadHtmlCacheBehavior [ RunTime:0.001989s ]
INFO: [ app_begin ] --END-- [ RunTime:0.002150s ]
SQL: SHOW COLUMNS FROM `c_users` [ RunTime:0.0021s ]
SQL: SELECT * FROM `c_users` WHERE `username` = 'fxtadmin' AND `password` = 'b5716abd3bb2722cb34cde3c2f7d8d7e' LIMIT 1   [ RunTime:0.0002s ]
SQL: SHOW COLUMNS FROM `c_log` [ RunTime:0.0022s ]
SQL: INSERT INTO `c_log` (`name`,`t`,`ip`,`log`) VALUES ('fxtadmin','1622077237','115.60.62.6','登录成功') [ RunTime:0.0003s ]
INFO: [ view_parse ] --START--
INFO: [ template_filter ] --START--
INFO: Run Behavior\ContentReplaceBehavior [ RunTime:0.000122s ]
INFO: [ template_filter ] --END-- [ RunTime:0.000265s ]
NOTIC: [8] Undefined variable: error C:\wwwroot\oa.52lvu.cn\Runtime\Cache\Home\cf67dc478d0f9143c4e32b762444702a.php 第 6 行.
INFO: Run Behavior\ParseTemplateBehavior [ RunTime:0.014116s ]
INFO: [ view_parse ] --END-- [ RunTime:0.014280s ]
INFO: [ view_filter ] --START--
INFO: Run Behavior\WriteHtmlCacheBehavior [ RunTime:0.001844s ]
INFO: [ view_filter ] --END-- [ RunTime:0.001983s ]
INFO: [ app_end ] --START--
INFO: Run Behavior\ShowPageTraceBehavior [ RunTime:0.001825s ]
INFO: [ app_end ] --END-- [ RunTime:0.001936s ]

[ 2021-05-27T09:06:17+08:00 ] 115.60.62.71 /index.php/
INFO: [ app_init ] --START--
INFO: Run Behavior\BuildLiteBehavior [ RunTime:0.000029s ]
INFO: [ app_init ] --END-- [ RunTime:0.000928s ]
INFO: [ app_begin ] --START--
INFO: Run Behavior\ReadHtmlCacheBehavior [ RunTime:0.002059s ]
INFO: [ app_begin ] --END-- [ RunTime:0.002223s ]
INFO: [ view_parse ] --START--
INFO: [ template_filter ] --START--
INFO: Run Behavior\ContentReplaceBehavior [ RunTime:0.000135s ]
INFO: [ template_filter ] --END-- [ RunTime:0.000274s ]
INFO: Run Behavior\ParseTemplateBehavior [ RunTime:0.013973s ]
INFO: [ view_parse ] --END-- [ RunTime:0.014123s ]
INFO: [ view_filter ] --START--
INFO: Run Behavior\WriteHtmlCacheBehavior [ RunTime:0.001917s ]
INFO: [ view_filter ] --END-- [ RunTime:0.002075s ]
INFO: [ app_end ] --START--
INFO: Run Behavior\ShowPageTraceBehavior [ RunTime:0.002080s ]
INFO: [ app_end ] --END-- [ RunTime:0.002230s ]

[ 2021-05-27T09:24:21+08:00 ] 1.198.17.93 /
INFO: [ app_init ] --START--
INFO: Run Behavior\BuildLiteBehavior [ RunTime:0.000029s ]
INFO: [ app_init ] --END-- [ RunTime:0.000943s ]
INFO: [ app_begin ] --START--
INFO: Run Behavior\ReadHtmlCacheBehavior [ RunTime:0.002140s ]
INFO: [ app_begin ] --END-- [ RunTime:0.002290s ]
INFO: [ view_parse ] --START--
INFO: [ template_filter ] --START--
INFO: Run Behavior\ContentReplaceBehavior [ RunTime:0.000116s ]
INFO: [ template_filter ] --END-- [ RunTime:0.000245s ]
INFO: Run Behavior\ParseTemplateBehavior [ RunTime:0.013712s ]
INFO: [ view_parse ] --END-- [ RunTime:0.013856s ]
INFO: [ view_filter ] --START--
INFO: Run Behavior\WriteHtmlCacheBehavior [ RunTime:0.001732s ]
INFO: [ view_filter ] --END-- [ RunTime:0.001845s ]
INFO: [ app_end ] --START--
INFO: Run Behavior\ShowPageTraceBehavior [ RunTime:0.001855s ]
INFO: [ app_end ] --END-- [ RunTime:0.001971s ]

[ 2021-05-27T09:28:58+08:00 ] 115.60.62.71 /index.php/
INFO: [ app_init ] --START--
INFO: Run Behavior\BuildLiteBehavior [ RunTime:0.000031s ]
INFO: [ app_init ] --END-- [ RunTime:0.000996s ]
INFO: [ app_begin ] --START--
INFO: Run Behavior\ReadHtmlCacheBehavior [ RunTime:0.001916s ]
INFO: [ app_begin ] --END-- [ RunTime:0.002057s ]
INFO: [ view_parse ] --START--
INFO: [ template_filter ] --START--
INFO: Run Behavior\ContentReplaceBehavior [ RunTime:0.000143s ]
INFO: [ template_filter ] --END-- [ RunTime:0.000273s ]
INFO: Run Behavior\ParseTemplateBehavior [ RunTime:0.014201s ]
INFO: [ view_parse ] --END-- [ RunTime:0.014342s ]
INFO: [ view_filter ] --START--
INFO: Run Behavior\WriteHtmlCacheBehavior [ RunTime:0.001723s ]
INFO: [ view_filter ] --END-- [ RunTime:0.001838s ]
INFO: [ app_end ] --START--
INFO: Run Behavior\ShowPageTraceBehavior [ RunTime:0.001885s ]
INFO: [ app_end ] --END-- [ RunTime:0.002001s ]

[ 2021-05-27T09:29:07+08:00 ] 115.60.62.71 /index.php/
INFO: [ app_init ] --START--
INFO: Run Behavior\BuildLiteBehavior [ RunTime:0.000030s ]
INFO: [ app_init ] --END-- [ RunTime:0.001104s ]
INFO: [ app_begin ] --START--
INFO: Run Behavior\ReadHtmlCacheBehavior [ RunTime:0.002105s ]
INFO: [ app_begin ] --END-- [ RunTime:0.002291s ]
SQL: SHOW COLUMNS FROM `c_users` [ RunTime:0.0023s ]
SQL: SELECT * FROM `c_users` WHERE `username` = '赵坤' AND `password` = '4607e782c4d86fd5364d7e4508bb10d9' LIMIT 1   [ RunTime:0.0002s ]
SQL: SHOW COLUMNS FROM `c_log` [ RunTime:0.0023s ]
SQL: INSERT INTO `c_log` (`name`,`t`,`ip`,`log`) VALUES ('赵坤','1622078947','115.60.62.71','登录成功') [ RunTime:0.0003s ]
INFO: [ view_parse ] --START--
INFO: [ template_filter ] --START--
INFO: Run Behavior\ContentReplaceBehavior [ RunTime:0.000107s ]
INFO: [ template_filter ] --END-- [ RunTime:0.000252s ]
NOTIC: [8] Undefined variable: error C:\wwwroot\oa.52lvu.cn\Runtime\Cache\Home\cf67dc478d0f9143c4e32b762444702a.php 第 6 行.
INFO: Run Behavior\ParseTemplateBehavior [ RunTime:0.013677s ]
INFO: [ view_parse ] --END-- [ RunTime:0.013800s ]
INFO: [ view_filter ] --START--
INFO: Run Behavior\WriteHtmlCacheBehavior [ RunTime:0.001649s ]
INFO: [ view_filter ] --END-- [ RunTime:0.001770s ]
INFO: [ app_end ] --START--
INFO: Run Behavior\ShowPageTraceBehavior [ RunTime:0.001795s ]
INFO: [ app_end ] --END-- [ RunTime:0.001908s ]

[ 2021-05-27T09:39:15+08:00 ] 115.60.149.53 /
INFO: [ app_init ] --START--
INFO: Run Behavior\BuildLiteBehavior [ RunTime:0.000040s ]
INFO: [ app_init ] --END-- [ RunTime:0.001277s ]
INFO: [ app_begin ] --START--
INFO: Run Behavior\ReadHtmlCacheBehavior [ RunTime:0.002692s ]
INFO: [ app_begin ] --END-- [ RunTime:0.002837s ]
INFO: [ view_parse ] --START--
INFO: [ template_filter ] --START--
INFO: Run Behavior\ContentReplaceBehavior [ RunTime:0.000117s ]
INFO: [ template_filter ] --END-- [ RunTime:0.000256s ]
INFO: Run Behavior\ParseTemplateBehavior [ RunTime:0.017096s ]
INFO: [ view_parse ] --END-- [ RunTime:0.017247s ]
INFO: [ view_filter ] --START--
INFO: Run Behavior\WriteHtmlCacheBehavior [ RunTime:0.001989s ]
INFO: [ view_filter ] --END-- [ RunTime:0.002104s ]
INFO: [ app_end ] --START--
INFO: Run Behavior\ShowPageTraceBehavior [ RunTime:0.002389s ]
INFO: [ app_end ] --END-- [ RunTime:0.002532s ]

[ 2021-05-27T10:15:20+08:00 ] 115.60.62.71 /index.php
INFO: [ app_init ] --START--
INFO: Run Behavior\BuildLiteBehavior [ RunTime:0.000029s ]
INFO: [ app_init ] --END-- [ RunTime:0.000920s ]
INFO: [ app_begin ] --START--
INFO: Run Behavior\ReadHtmlCacheBehavior [ RunTime:0.001795s ]
INFO: [ app_begin ] --END-- [ RunTime:0.001922s ]
INFO: [ view_parse ] --START--
INFO: [ template_filter ] --START--
INFO: Run Behavior\ContentReplaceBehavior [ RunTime:0.000130s ]
INFO: [ template_filter ] --END-- [ RunTime:0.000268s ]
INFO: Run Behavior\ParseTemplateBehavior [ RunTime:0.013628s ]
INFO: [ view_parse ] --END-- [ RunTime:0.013767s ]
INFO: [ view_filter ] --START--
INFO: Run Behavior\WriteHtmlCacheBehavior [ RunTime:0.001909s ]
INFO: [ view_filter ] --END-- [ RunTime:0.002025s ]
INFO: [ app_end ] --START--
INFO: Run Behavior\ShowPageTraceBehavior [ RunTime:0.002055s ]
INFO: [ app_end ] --END-- [ RunTime:0.002206s ]

[ 2021-05-27T10:15:34+08:00 ] 115.60.62.71 /index.php
INFO: [ app_init ] --START--
INFO: Run Behavior\BuildLiteBehavior [ RunTime:0.000029s ]
INFO: [ app_init ] --END-- [ RunTime:0.000922s ]
INFO: [ app_begin ] --START--
INFO: Run Behavior\ReadHtmlCacheBehavior [ RunTime:0.001776s ]
INFO: [ app_begin ] --END-- [ RunTime:0.001905s ]
SQL: SHOW COLUMNS FROM `c_users` [ RunTime:0.0026s ]
SQL: SELECT * FROM `c_users` WHERE `username` = '王沿' AND `password` = 'c2610f901735286e712ef0a11df1535b' LIMIT 1   [ RunTime:0.0002s ]
SQL: SHOW COLUMNS FROM `c_log` [ RunTime:0.0033s ]
SQL: INSERT INTO `c_log` (`name`,`t`,`ip`,`log`) VALUES ('王沿','1622081734','115.60.62.71','登录成功') [ RunTime:0.0003s ]
INFO: [ view_parse ] --START--
INFO: [ template_filter ] --START--
INFO: Run Behavior\ContentReplaceBehavior [ RunTime:0.000105s ]
INFO: [ template_filter ] --END-- [ RunTime:0.000235s ]
NOTIC: [8] Undefined variable: error C:\wwwroot\oa.52lvu.cn\Runtime\Cache\Home\cf67dc478d0f9143c4e32b762444702a.php 第 6 行.
INFO: Run Behavior\ParseTemplateBehavior [ RunTime:0.014792s ]
INFO: [ view_parse ] --END-- [ RunTime:0.014917s ]
INFO: [ view_filter ] --START--
INFO: Run Behavior\WriteHtmlCacheBehavior [ RunTime:0.001651s ]
INFO: [ view_filter ] --END-- [ RunTime:0.001761s ]
INFO: [ app_end ] --START--
INFO: Run Behavior\ShowPageTraceBehavior [ RunTime:0.001919s ]
INFO: [ app_end ] --END-- [ RunTime:0.002039s ]

[ 2021-05-27T11:31:12+08:00 ] 115.60.62.6 /index.php
INFO: [ app_init ] --START--
INFO: Run Behavior\BuildLiteBehavior [ RunTime:0.000030s ]
INFO: [ app_init ] --END-- [ RunTime:0.000937s ]
INFO: [ app_begin ] --START--
INFO: Run Behavior\ReadHtmlCacheBehavior [ RunTime:0.001840s ]
INFO: [ app_begin ] --END-- [ RunTime:0.001974s ]
INFO: [ view_parse ] --START--
INFO: [ template_filter ] --START--
INFO: Run Behavior\ContentReplaceBehavior [ RunTime:0.000116s ]
INFO: [ template_filter ] --END-- [ RunTime:0.000265s ]
INFO: Run Behavior\ParseTemplateBehavior [ RunTime:0.014013s ]
INFO: [ view_parse ] --END-- [ RunTime:0.014154s ]
INFO: [ view_filter ] --START--
INFO: Run Behavior\WriteHtmlCacheBehavior [ RunTime:0.001711s ]
INFO: [ view_filter ] --END-- [ RunTime:0.001825s ]
INFO: [ app_end ] --START--
INFO: Run Behavior\ShowPageTraceBehavior [ RunTime:0.001811s ]
INFO: [ app_end ] --END-- [ RunTime:0.001933s ]

[ 2021-05-27T11:31:14+08:00 ] 115.60.62.6 /index.php
INFO: [ app_init ] --START--
INFO: Run Behavior\BuildLiteBehavior [ RunTime:0.000028s ]
INFO: [ app_init ] --END-- [ RunTime:0.000891s ]
INFO: [ app_begin ] --START--
INFO: Run Behavior\ReadHtmlCacheBehavior [ RunTime:0.002031s ]
INFO: [ app_begin ] --END-- [ RunTime:0.002165s ]
SQL: SHOW COLUMNS FROM `c_users` [ RunTime:0.0021s ]
SQL: SELECT * FROM `c_users` WHERE `username` = 'fxtadmin' AND `password` = 'b5716abd3bb2722cb34cde3c2f7d8d7e' LIMIT 1   [ RunTime:0.0002s ]
SQL: SHOW COLUMNS FROM `c_log` [ RunTime:0.0020s ]
SQL: INSERT INTO `c_log` (`name`,`t`,`ip`,`log`) VALUES ('fxtadmin','1622086274','115.60.62.6','登录成功') [ RunTime:0.0003s ]
INFO: [ view_parse ] --START--
INFO: [ template_filter ] --START--
INFO: Run Behavior\ContentReplaceBehavior [ RunTime:0.000104s ]
INFO: [ template_filter ] --END-- [ RunTime:0.000230s ]
NOTIC: [8] Undefined variable: error C:\wwwroot\oa.52lvu.cn\Runtime\Cache\Home\cf67dc478d0f9143c4e32b762444702a.php 第 6 行.
INFO: Run Behavior\ParseTemplateBehavior [ RunTime:0.015019s ]
INFO: [ view_parse ] --END-- [ RunTime:0.015145s ]
INFO: [ view_filter ] --START--
INFO: Run Behavior\WriteHtmlCacheBehavior [ RunTime:0.001705s ]
INFO: [ view_filter ] --END-- [ RunTime:0.001815s ]
INFO: [ app_end ] --START--
INFO: Run Behavior\ShowPageTraceBehavior [ RunTime:0.001809s ]
INFO: [ app_end ] --END-- [ RunTime:0.001921s ]

[ 2021-05-27T11:44:12+08:00 ] 115.60.62.71 /
INFO: [ app_init ] --START--
INFO: Run Behavior\BuildLiteBehavior [ RunTime:0.000031s ]
INFO: [ app_init ] --END-- [ RunTime:0.000956s ]
INFO: [ app_begin ] --START--
INFO: Run Behavior\ReadHtmlCacheBehavior [ RunTime:0.001861s ]
INFO: [ app_begin ] --END-- [ RunTime:0.002005s ]
INFO: [ view_parse ] --START--
INFO: [ template_filter ] --START--
INFO: Run Behavior\ContentReplaceBehavior [ RunTime:0.000119s ]
INFO: [ template_filter ] --END-- [ RunTime:0.000261s ]
INFO: Run Behavior\ParseTemplateBehavior [ RunTime:0.014296s ]
INFO: [ view_parse ] --END-- [ RunTime:0.014435s ]
INFO: [ view_filter ] --START--
INFO: Run Behavior\WriteHtmlCacheBehavior [ RunTime:0.001667s ]
INFO: [ view_filter ] --END-- [ RunTime:0.001791s ]
INFO: [ app_end ] --START--
INFO: Run Behavior\ShowPageTraceBehavior [ RunTime:0.001836s ]
INFO: [ app_end ] --END-- [ RunTime:0.001951s ]

[ 2021-05-27T11:44:19+08:00 ] 115.60.62.71 /
INFO: [ app_init ] --START--
INFO: Run Behavior\BuildLiteBehavior [ RunTime:0.000030s ]
INFO: [ app_init ] --END-- [ RunTime:0.001096s ]
INFO: [ app_begin ] --START--
INFO: Run Behavior\ReadHtmlCacheBehavior [ RunTime:0.001790s ]
INFO: [ app_begin ] --END-- [ RunTime:0.001936s ]
SQL: SHOW COLUMNS FROM `c_users` [ RunTime:0.0022s ]
SQL: SELECT * FROM `c_users` WHERE `username` = '李丹宁' AND `password` = 'f5d330086b3f411f98b2b97d7b3052cb' LIMIT 1   [ RunTime:0.0002s ]
SQL: SHOW COLUMNS FROM `c_log` [ RunTime:0.0017s ]
SQL: INSERT INTO `c_log` (`name`,`t`,`ip`,`log`) VALUES ('李丹宁','1622087058','115.60.62.71','登录成功') [ RunTime:0.0003s ]
INFO: [ view_parse ] --START--
INFO: [ template_filter ] --START--
INFO: Run Behavior\ContentReplaceBehavior [ RunTime:0.000108s ]
INFO: [ template_filter ] --END-- [ RunTime:0.000244s ]
NOTIC: [8] Undefined variable: error C:\wwwroot\oa.52lvu.cn\Runtime\Cache\Home\cf67dc478d0f9143c4e32b762444702a.php 第 6 行.
INFO: Run Behavior\ParseTemplateBehavior [ RunTime:0.014185s ]
INFO: [ view_parse ] --END-- [ RunTime:0.014342s ]
INFO: [ view_filter ] --START--
INFO: Run Behavior\WriteHtmlCacheBehavior [ RunTime:0.001654s ]
INFO: [ view_filter ] --END-- [ RunTime:0.001767s ]
INFO: [ app_end ] --START--
INFO: Run Behavior\ShowPageTraceBehavior [ RunTime:0.001811s ]
INFO: [ app_end ] --END-- [ RunTime:0.001949s ]

[ 2021-05-27T11:45:13+08:00 ] 180.97.118.221 /
INFO: [ app_init ] --START--
INFO: Run Behavior\BuildLiteBehavior [ RunTime:0.000039s ]
INFO: [ app_init ] --END-- [ RunTime:0.001121s ]
INFO: [ app_begin ] --START--
INFO: Run Behavior\ReadHtmlCacheBehavior [ RunTime:0.001857s ]
INFO: [ app_begin ] --END-- [ RunTime:0.001994s ]
INFO: [ view_parse ] --START--
INFO: [ template_filter ] --START--
INFO: Run Behavior\ContentReplaceBehavior [ RunTime:0.000117s ]
INFO: [ template_filter ] --END-- [ RunTime:0.000245s ]
INFO: Run Behavior\ParseTemplateBehavior [ RunTime:0.013650s ]
INFO: [ view_parse ] --END-- [ RunTime:0.013795s ]
INFO: [ view_filter ] --START--
INFO: Run Behavior\WriteHtmlCacheBehavior [ RunTime:0.001659s ]
INFO: [ view_filter ] --END-- [ RunTime:0.001782s ]
INFO: [ app_end ] --START--
INFO: Run Behavior\ShowPageTraceBehavior [ RunTime:0.001928s ]
INFO: [ app_end ] --END-- [ RunTime:0.002044s ]

[ 2021-05-27T11:47:58+08:00 ] 115.60.62.71 /
INFO: [ app_init ] --START--
INFO: Run Behavior\BuildLiteBehavior [ RunTime:0.000028s ]
INFO: [ app_init ] --END-- [ RunTime:0.001020s ]
INFO: [ app_begin ] --START--
INFO: Run Behavior\ReadHtmlCacheBehavior [ RunTime:0.002188s ]
INFO: [ app_begin ] --END-- [ RunTime:0.002325s ]
INFO: [ view_parse ] --START--
INFO: [ template_filter ] --START--
INFO: Run Behavior\ContentReplaceBehavior [ RunTime:0.000149s ]
INFO: [ template_filter ] --END-- [ RunTime:0.000295s ]
INFO: Run Behavior\ParseTemplateBehavior [ RunTime:0.015059s ]
INFO: [ view_parse ] --END-- [ RunTime:0.015217s ]
INFO: [ view_filter ] --START--
INFO: Run Behavior\WriteHtmlCacheBehavior [ RunTime:0.001778s ]
INFO: [ view_filter ] --END-- [ RunTime:0.001904s ]
INFO: [ app_end ] --START--
INFO: Run Behavior\ShowPageTraceBehavior [ RunTime:0.002123s ]
INFO: [ app_end ] --END-- [ RunTime:0.002274s ]

[ 2021-05-27T11:48:05+08:00 ] 115.60.62.71 /
INFO: [ app_init ] --START--
INFO: Run Behavior\BuildLiteBehavior [ RunTime:0.000031s ]
INFO: [ app_init ] --END-- [ RunTime:0.000894s ]
INFO: [ app_begin ] --START--
INFO: Run Behavior\ReadHtmlCacheBehavior [ RunTime:0.001822s ]
INFO: [ app_begin ] --END-- [ RunTime:0.001956s ]
SQL: SHOW COLUMNS FROM `c_users` [ RunTime:0.0023s ]
SQL: SELECT * FROM `c_users` WHERE `username` = '李丹宁' AND `password` = 'f5d330086b3f411f98b2b97d7b3052cb' LIMIT 1   [ RunTime:0.0002s ]
SQL: SHOW COLUMNS FROM `c_log` [ RunTime:0.0017s ]
SQL: INSERT INTO `c_log` (`name`,`t`,`ip`,`log`) VALUES ('李丹宁','1622087285','115.60.62.71','登录成功') [ RunTime:0.0003s ]
INFO: [ view_parse ] --START--
INFO: [ template_filter ] --START--
INFO: Run Behavior\ContentReplaceBehavior [ RunTime:0.000104s ]
INFO: [ template_filter ] --END-- [ RunTime:0.000225s ]
NOTIC: [8] Undefined variable: error C:\wwwroot\oa.52lvu.cn\Runtime\Cache\Home\cf67dc478d0f9143c4e32b762444702a.php 第 6 行.
INFO: Run Behavior\ParseTemplateBehavior [ RunTime:0.014620s ]
INFO: [ view_parse ] --END-- [ RunTime:0.014752s ]
INFO: [ view_filter ] --START--
INFO: Run Behavior\WriteHtmlCacheBehavior [ RunTime:0.001821s ]
INFO: [ view_filter ] --END-- [ RunTime:0.001960s ]
INFO: [ app_end ] --START--
INFO: Run Behavior\ShowPageTraceBehavior [ RunTime:0.002024s ]
INFO: [ app_end ] --END-- [ RunTime:0.002148s ]

[ 2021-05-27T11:48:06+08:00 ] 115.60.62.71 /
INFO: [ app_init ] --START--
INFO: Run Behavior\BuildLiteBehavior [ RunTime:0.000035s ]
INFO: [ app_init ] --END-- [ RunTime:0.000927s ]
INFO: [ app_begin ] --START--
INFO: Run Behavior\ReadHtmlCacheBehavior [ RunTime:0.001794s ]
INFO: [ app_begin ] --END-- [ RunTime:0.001927s ]
SQL: SHOW COLUMNS FROM `c_users` [ RunTime:0.0024s ]
SQL: SELECT * FROM `c_users` WHERE `username` = '李丹宁' AND `password` = 'f5d330086b3f411f98b2b97d7b3052cb' LIMIT 1   [ RunTime:0.0002s ]
SQL: SHOW COLUMNS FROM `c_log` [ RunTime:0.0018s ]
SQL: INSERT INTO `c_log` (`name`,`t`,`ip`,`log`) VALUES ('李丹宁','1622087286','115.60.62.71','登录成功') [ RunTime:0.0002s ]
INFO: [ view_parse ] --START--
INFO: [ template_filter ] --START--
INFO: Run Behavior\ContentReplaceBehavior [ RunTime:0.000103s ]
INFO: [ template_filter ] --END-- [ RunTime:0.000227s ]
NOTIC: [8] Undefined variable: error C:\wwwroot\oa.52lvu.cn\Runtime\Cache\Home\cf67dc478d0f9143c4e32b762444702a.php 第 6 行.
INFO: Run Behavior\ParseTemplateBehavior [ RunTime:0.014388s ]
INFO: [ view_parse ] --END-- [ RunTime:0.014537s ]
INFO: [ view_filter ] --START--
INFO: Run Behavior\WriteHtmlCacheBehavior [ RunTime:0.001757s ]
INFO: [ view_filter ] --END-- [ RunTime:0.001869s ]
INFO: [ app_end ] --START--
INFO: Run Behavior\ShowPageTraceBehavior [ RunTime:0.001917s ]
INFO: [ app_end ] --END-- [ RunTime:0.002030s ]

[ 2021-05-27T15:27:14+08:00 ] 115.60.62.71 /index.php/Home/Index/logout
INFO: [ app_init ] --START--
INFO: Run Behavior\BuildLiteBehavior [ RunTime:0.000027s ]
INFO: [ app_init ] --END-- [ RunTime:0.000966s ]
INFO: [ app_begin ] --START--
INFO: Run Behavior\ReadHtmlCacheBehavior [ RunTime:0.002341s ]
INFO: [ app_begin ] --END-- [ RunTime:0.002499s ]
INFO: [ view_parse ] --START--
INFO: [ template_filter ] --START--
INFO: Run Behavior\ContentReplaceBehavior [ RunTime:0.000113s ]
INFO: [ template_filter ] --END-- [ RunTime:0.000244s ]
NOTIC: [8] Undefined variable: error C:\wwwroot\oa.52lvu.cn\Runtime\Cache\Home\cf67dc478d0f9143c4e32b762444702a.php 第 6 行.
INFO: Run Behavior\ParseTemplateBehavior [ RunTime:0.014879s ]
INFO: [ view_parse ] --END-- [ RunTime:0.015023s ]
INFO: [ view_filter ] --START--
INFO: Run Behavior\WriteHtmlCacheBehavior [ RunTime:0.001825s ]
INFO: [ view_filter ] --END-- [ RunTime:0.001937s ]
INFO: [ app_end ] --START--
INFO: Run Behavior\ShowPageTraceBehavior [ RunTime:0.002154s ]
INFO: [ app_end ] --END-- [ RunTime:0.002290s ]

[ 2021-05-27T15:27:15+08:00 ] 115.60.62.71 /index.php/Home/Index/index
INFO: [ app_init ] --START--
INFO: Run Behavior\BuildLiteBehavior [ RunTime:0.000028s ]
INFO: [ app_init ] --END-- [ RunTime:0.000885s ]
INFO: [ app_begin ] --START--
INFO: Run Behavior\ReadHtmlCacheBehavior [ RunTime:0.001888s ]
INFO: [ app_begin ] --END-- [ RunTime:0.002036s ]
INFO: [ view_parse ] --START--
INFO: [ template_filter ] --START--
INFO: Run Behavior\ContentReplaceBehavior [ RunTime:0.000122s ]
INFO: [ template_filter ] --END-- [ RunTime:0.000247s ]
INFO: Run Behavior\ParseTemplateBehavior [ RunTime:0.013338s ]
INFO: [ view_parse ] --END-- [ RunTime:0.013477s ]
INFO: [ view_filter ] --START--
INFO: Run Behavior\WriteHtmlCacheBehavior [ RunTime:0.001661s ]
INFO: [ view_filter ] --END-- [ RunTime:0.001772s ]
INFO: [ app_end ] --START--
INFO: Run Behavior\ShowPageTraceBehavior [ RunTime:0.001844s ]
INFO: [ app_end ] --END-- [ RunTime:0.001957s ]

[ 2021-05-27T15:27:25+08:00 ] 115.60.62.71 /index.php/Home/Index/index
INFO: [ app_init ] --START--
INFO: Run Behavior\BuildLiteBehavior [ RunTime:0.000031s ]
INFO: [ app_init ] --END-- [ RunTime:0.000980s ]
INFO: [ app_begin ] --START--
INFO: Run Behavior\ReadHtmlCacheBehavior [ RunTime:0.001900s ]
INFO: [ app_begin ] --END-- [ RunTime:0.002039s ]
SQL: SHOW COLUMNS FROM `c_users` [ RunTime:0.0021s ]
SQL: SELECT * FROM `c_users` WHERE `username` = '尹惠琳' AND `password` = '66224119d2c9f45b8fcae8539e3d9d14' LIMIT 1   [ RunTime:0.0002s ]
SQL: SHOW COLUMNS FROM `c_log` [ RunTime:0.0020s ]
SQL: INSERT INTO `c_log` (`name`,`t`,`ip`,`log`) VALUES ('尹惠琳','1622100445','115.60.62.71','登录成功') [ RunTime:0.0003s ]
INFO: [ view_parse ] --START--
INFO: [ template_filter ] --START--
INFO: Run Behavior\ContentReplaceBehavior [ RunTime:0.000119s ]
INFO: [ template_filter ] --END-- [ RunTime:0.000259s ]
NOTIC: [8] Undefined variable: error C:\wwwroot\oa.52lvu.cn\Runtime\Cache\Home\cf67dc478d0f9143c4e32b762444702a.php 第 6 行.
INFO: Run Behavior\ParseTemplateBehavior [ RunTime:0.013993s ]
INFO: [ view_parse ] --END-- [ RunTime:0.014140s ]
INFO: [ view_filter ] --START--
INFO: Run Behavior\WriteHtmlCacheBehavior [ RunTime:0.001693s ]
INFO: [ view_filter ] --END-- [ RunTime:0.001805s ]
INFO: [ app_end ] --START--
INFO: Run Behavior\ShowPageTraceBehavior [ RunTime:0.001916s ]
INFO: [ app_end ] --END-- [ RunTime:0.002040s ]

[ 2021-05-27T15:27:53+08:00 ] 115.60.62.71 /index.php/
INFO: [ app_init ] --START--
INFO: Run Behavior\BuildLiteBehavior [ RunTime:0.000029s ]
INFO: [ app_init ] --END-- [ RunTime:0.000915s ]
INFO: [ app_begin ] --START--
INFO: Run Behavior\ReadHtmlCacheBehavior [ RunTime:0.001866s ]
INFO: [ app_begin ] --END-- [ RunTime:0.002057s ]
INFO: [ view_parse ] --START--
INFO: [ template_filter ] --START--
INFO: Run Behavior\ContentReplaceBehavior [ RunTime:0.000119s ]
INFO: [ template_filter ] --END-- [ RunTime:0.000276s ]
INFO: Run Behavior\ParseTemplateBehavior [ RunTime:0.013468s ]
INFO: [ view_parse ] --END-- [ RunTime:0.013611s ]
INFO: [ view_filter ] --START--
INFO: Run Behavior\WriteHtmlCacheBehavior [ RunTime:0.001697s ]
INFO: [ view_filter ] --END-- [ RunTime:0.001809s ]
INFO: [ app_end ] --START--
INFO: Run Behavior\ShowPageTraceBehavior [ RunTime:0.001880s ]
INFO: [ app_end ] --END-- [ RunTime:0.001993s ]

[ 2021-05-27T15:28:00+08:00 ] 115.60.62.71 /index.php/
INFO: [ app_init ] --START--
INFO: Run Behavior\BuildLiteBehavior [ RunTime:0.000029s ]
INFO: [ app_init ] --END-- [ RunTime:0.000923s ]
INFO: [ app_begin ] --START--
INFO: Run Behavior\ReadHtmlCacheBehavior [ RunTime:0.001849s ]
INFO: [ app_begin ] --END-- [ RunTime:0.001986s ]
SQL: SHOW COLUMNS FROM `c_users` [ RunTime:0.0021s ]
SQL: SELECT * FROM `c_users` WHERE `username` = '徐琳茜' AND `password` = '508df4cb2f4d8f80519256258cfb975f' LIMIT 1   [ RunTime:0.0002s ]
SQL: SHOW COLUMNS FROM `c_log` [ RunTime:0.0017s ]
SQL: INSERT INTO `c_log` (`name`,`t`,`ip`,`log`) VALUES ('徐琳茜','1622100480','115.60.62.71','登录成功') [ RunTime:0.0002s ]
INFO: [ view_parse ] --START--
INFO: [ template_filter ] --START--
INFO: Run Behavior\ContentReplaceBehavior [ RunTime:0.000115s ]
INFO: [ template_filter ] --END-- [ RunTime:0.000258s ]
NOTIC: [8] Undefined variable: error C:\wwwroot\oa.52lvu.cn\Runtime\Cache\Home\cf67dc478d0f9143c4e32b762444702a.php 第 6 行.
INFO: Run Behavior\ParseTemplateBehavior [ RunTime:0.014441s ]
INFO: [ view_parse ] --END-- [ RunTime:0.014568s ]
INFO: [ view_filter ] --START--
INFO: Run Behavior\WriteHtmlCacheBehavior [ RunTime:0.001683s ]
INFO: [ view_filter ] --END-- [ RunTime:0.001792s ]
INFO: [ app_end ] --START--
INFO: Run Behavior\ShowPageTraceBehavior [ RunTime:0.001872s ]
INFO: [ app_end ] --END-- [ RunTime:0.001985s ]

[ 2021-05-27T15:28:15+08:00 ] 61.129.7.236 /index.php/Home/Index/logout
INFO: [ app_init ] --START--
INFO: Run Behavior\BuildLiteBehavior [ RunTime:0.000038s ]
INFO: [ app_init ] --END-- [ RunTime:0.000962s ]
INFO: [ app_begin ] --START--
INFO: Run Behavior\ReadHtmlCacheBehavior [ RunTime:0.001865s ]
INFO: [ app_begin ] --END-- [ RunTime:0.002001s ]
INFO: [ view_parse ] --START--
INFO: [ template_filter ] --START--
INFO: Run Behavior\ContentReplaceBehavior [ RunTime:0.000132s ]
INFO: [ template_filter ] --END-- [ RunTime:0.000261s ]
NOTIC: [8] Undefined variable: error C:\wwwroot\oa.52lvu.cn\Runtime\Cache\Home\cf67dc478d0f9143c4e32b762444702a.php 第 6 行.
INFO: Run Behavior\ParseTemplateBehavior [ RunTime:0.014594s ]
INFO: [ view_parse ] --END-- [ RunTime:0.014737s ]
INFO: [ view_filter ] --START--
INFO: Run Behavior\WriteHtmlCacheBehavior [ RunTime:0.001830s ]
INFO: [ view_filter ] --END-- [ RunTime:0.001950s ]
INFO: [ app_end ] --START--
INFO: Run Behavior\ShowPageTraceBehavior [ RunTime:0.001975s ]
INFO: [ app_end ] --END-- [ RunTime:0.002110s ]

[ 2021-05-27T17:51:26+08:00 ] 115.60.62.71 /index.php
INFO: [ app_init ] --START--
INFO: Run Behavior\BuildLiteBehavior [ RunTime:0.000032s ]
INFO: [ app_init ] --END-- [ RunTime:0.001080s ]
INFO: [ app_begin ] --START--
INFO: Run Behavior\ReadHtmlCacheBehavior [ RunTime:0.001882s ]
INFO: [ app_begin ] --END-- [ RunTime:0.002030s ]
INFO: [ view_parse ] --START--
INFO: [ template_filter ] --START--
INFO: Run Behavior\ContentReplaceBehavior [ RunTime:0.000122s ]
INFO: [ template_filter ] --END-- [ RunTime:0.000251s ]
INFO: Run Behavior\ParseTemplateBehavior [ RunTime:0.015056s ]
INFO: [ view_parse ] --END-- [ RunTime:0.015214s ]
INFO: [ view_filter ] --START--
INFO: Run Behavior\WriteHtmlCacheBehavior [ RunTime:0.001647s ]
INFO: [ view_filter ] --END-- [ RunTime:0.001760s ]
INFO: [ app_end ] --START--
INFO: Run Behavior\ShowPageTraceBehavior [ RunTime:0.001806s ]
INFO: [ app_end ] --END-- [ RunTime:0.001930s ]

[ 2021-05-27T17:51:35+08:00 ] 115.60.62.71 /index.php
INFO: [ app_init ] --START--
INFO: Run Behavior\BuildLiteBehavior [ RunTime:0.000031s ]
INFO: [ app_init ] --END-- [ RunTime:0.001140s ]
INFO: [ app_begin ] --START--
INFO: Run Behavior\ReadHtmlCacheBehavior [ RunTime:0.002448s ]
INFO: [ app_begin ] --END-- [ RunTime:0.002595s ]
SQL: SHOW COLUMNS FROM `c_users` [ RunTime:0.0024s ]
SQL: SELECT * FROM `c_users` WHERE `username` = '王沿' AND `password` = 'c2610f901735286e712ef0a11df1535b' LIMIT 1   [ RunTime:0.0002s ]
SQL: SHOW COLUMNS FROM `c_log` [ RunTime:0.0030s ]
SQL: INSERT INTO `c_log` (`name`,`t`,`ip`,`log`) VALUES ('王沿','1622109095','115.60.62.71','登录成功') [ RunTime:0.0006s ]
INFO: [ view_parse ] --START--
INFO: [ template_filter ] --START--
INFO: Run Behavior\ContentReplaceBehavior [ RunTime:0.000104s ]
INFO: [ template_filter ] --END-- [ RunTime:0.000227s ]
NOTIC: [8] Undefined variable: error C:\wwwroot\oa.52lvu.cn\Runtime\Cache\Home\cf67dc478d0f9143c4e32b762444702a.php 第 6 行.
INFO: Run Behavior\ParseTemplateBehavior [ RunTime:0.014820s ]
INFO: [ view_parse ] --END-- [ RunTime:0.014986s ]
INFO: [ view_filter ] --START--
INFO: Run Behavior\WriteHtmlCacheBehavior [ RunTime:0.001867s ]
INFO: [ view_filter ] --END-- [ RunTime:0.001988s ]
INFO: [ app_end ] --START--
INFO: Run Behavior\ShowPageTraceBehavior [ RunTime:0.001900s ]
INFO: [ app_end ] --END-- [ RunTime:0.002014s ]

[ 2021-05-27T17:52:08+08:00 ] 115.60.62.71 /index.php
INFO: [ app_init ] --START--
INFO: Run Behavior\BuildLiteBehavior [ RunTime:0.000028s ]
INFO: [ app_init ] --END-- [ RunTime:0.000887s ]
INFO: [ app_begin ] --START--
INFO: Run Behavior\ReadHtmlCacheBehavior [ RunTime:0.001789s ]
INFO: [ app_begin ] --END-- [ RunTime:0.001921s ]
INFO: [ view_parse ] --START--
INFO: [ template_filter ] --START--
INFO: Run Behavior\ContentReplaceBehavior [ RunTime:0.000120s ]
INFO: [ template_filter ] --END-- [ RunTime:0.000248s ]
INFO: Run Behavior\ParseTemplateBehavior [ RunTime:0.014786s ]
INFO: [ view_parse ] --END-- [ RunTime:0.014939s ]
INFO: [ view_filter ] --START--
INFO: Run Behavior\WriteHtmlCacheBehavior [ RunTime:0.001763s ]
INFO: [ view_filter ] --END-- [ RunTime:0.001876s ]
INFO: [ app_end ] --START--
INFO: Run Behavior\ShowPageTraceBehavior [ RunTime:0.001962s ]
INFO: [ app_end ] --END-- [ RunTime:0.002089s ]

[ 2021-05-27T17:52:17+08:00 ] 115.60.62.71 /index.php
INFO: [ app_init ] --START--
INFO: Run Behavior\BuildLiteBehavior [ RunTime:0.000030s ]
INFO: [ app_init ] --END-- [ RunTime:0.001061s ]
INFO: [ app_begin ] --START--
INFO: Run Behavior\ReadHtmlCacheBehavior [ RunTime:0.001873s ]
INFO: [ app_begin ] --END-- [ RunTime:0.002007s ]
SQL: SHOW COLUMNS FROM `c_users` [ RunTime:0.0026s ]
SQL: SELECT * FROM `c_users` WHERE `username` = '王沿' AND `password` = 'c2610f901735286e712ef0a11df1535b' LIMIT 1   [ RunTime:0.0002s ]
SQL: SHOW COLUMNS FROM `c_log` [ RunTime:0.0015s ]
SQL: INSERT INTO `c_log` (`name`,`t`,`ip`,`log`) VALUES ('王沿','1622109136','115.60.62.71','登录成功') [ RunTime:0.0002s ]
INFO: [ view_parse ] --START--
INFO: [ template_filter ] --START--
INFO: Run Behavior\ContentReplaceBehavior [ RunTime:0.000102s ]
INFO: [ template_filter ] --END-- [ RunTime:0.000229s ]
NOTIC: [8] Undefined variable: error C:\wwwroot\oa.52lvu.cn\Runtime\Cache\Home\cf67dc478d0f9143c4e32b762444702a.php 第 6 行.
INFO: Run Behavior\ParseTemplateBehavior [ RunTime:0.014214s ]
INFO: [ view_parse ] --END-- [ RunTime:0.014346s ]
INFO: [ view_filter ] --START--
INFO: Run Behavior\WriteHtmlCacheBehavior [ RunTime:0.001849s ]
INFO: [ view_filter ] --END-- [ RunTime:0.001966s ]
INFO: [ app_end ] --START--
INFO: Run Behavior\ShowPageTraceBehavior [ RunTime:0.002195s ]
INFO: [ app_end ] --END-- [ RunTime:0.002352s ]

[ 2021-05-27T20:54:06+08:00 ] 220.194.106.94 /
INFO: [ app_init ] --START--
INFO: Run Behavior\BuildLiteBehavior [ RunTime:0.000044s ]
INFO: [ app_init ] --END-- [ RunTime:0.001822s ]
INFO: [ app_begin ] --START--
INFO: Run Behavior\ReadHtmlCacheBehavior [ RunTime:0.004154s ]
INFO: [ app_begin ] --END-- [ RunTime:0.004369s ]
INFO: [ view_parse ] --START--
INFO: [ template_filter ] --START--
INFO: Run Behavior\ContentReplaceBehavior [ RunTime:0.000121s ]
INFO: [ template_filter ] --END-- [ RunTime:0.000266s ]
INFO: Run Behavior\ParseTemplateBehavior [ RunTime:0.020186s ]
INFO: [ view_parse ] --END-- [ RunTime:0.020334s ]
INFO: [ view_filter ] --START--
INFO: Run Behavior\WriteHtmlCacheBehavior [ RunTime:0.002848s ]
INFO: [ view_filter ] --END-- [ RunTime:0.002964s ]
INFO: [ app_end ] --START--
INFO: Run Behavior\ShowPageTraceBehavior [ RunTime:0.003314s ]
INFO: [ app_end ] --END-- [ RunTime:0.003432s ]

[ 2021-05-27T20:54:06+08:00 ] 123.150.174.182 /
INFO: [ app_init ] --START--
INFO: Run Behavior\BuildLiteBehavior [ RunTime:0.000031s ]
INFO: [ app_init ] --END-- [ RunTime:0.002069s ]
INFO: [ app_begin ] --START--
INFO: Run Behavior\ReadHtmlCacheBehavior [ RunTime:0.004014s ]
INFO: [ app_begin ] --END-- [ RunTime:0.004213s ]
INFO: [ view_parse ] --START--
INFO: [ template_filter ] --START--
INFO: Run Behavior\ContentReplaceBehavior [ RunTime:0.000129s ]
INFO: [ template_filter ] --END-- [ RunTime:0.000270s ]
INFO: Run Behavior\ParseTemplateBehavior [ RunTime:0.020479s ]
INFO: [ view_parse ] --END-- [ RunTime:0.020639s ]
INFO: [ view_filter ] --START--
INFO: Run Behavior\WriteHtmlCacheBehavior [ RunTime:0.002562s ]
INFO: [ view_filter ] --END-- [ RunTime:0.002698s ]
INFO: [ app_end ] --START--
INFO: Run Behavior\ShowPageTraceBehavior [ RunTime:0.003245s ]
INFO: [ app_end ] --END-- [ RunTime:0.003362s ]

[ 2021-05-27T20:54:07+08:00 ] 111.30.142.233 /
INFO: [ app_init ] --START--
INFO: Run Behavior\BuildLiteBehavior [ RunTime:0.000030s ]
INFO: [ app_init ] --END-- [ RunTime:0.000912s ]
INFO: [ app_begin ] --START--
INFO: Run Behavior\ReadHtmlCacheBehavior [ RunTime:0.002058s ]
INFO: [ app_begin ] --END-- [ RunTime:0.002194s ]
INFO: [ view_parse ] --START--
INFO: [ template_filter ] --START--
INFO: Run Behavior\ContentReplaceBehavior [ RunTime:0.000116s ]
INFO: [ template_filter ] --END-- [ RunTime:0.000242s ]
INFO: Run Behavior\ParseTemplateBehavior [ RunTime:0.013503s ]
INFO: [ view_parse ] --END-- [ RunTime:0.013640s ]
INFO: [ view_filter ] --START--
INFO: Run Behavior\WriteHtmlCacheBehavior [ RunTime:0.001659s ]
INFO: [ view_filter ] --END-- [ RunTime:0.001772s ]
INFO: [ app_end ] --START--
INFO: Run Behavior\ShowPageTraceBehavior [ RunTime:0.002295s ]
INFO: [ app_end ] --END-- [ RunTime:0.002410s ]

[ 2021-05-27T20:54:18+08:00 ] 223.88.39.150 /
INFO: [ app_init ] --START--
INFO: Run Behavior\BuildLiteBehavior [ RunTime:0.000038s ]
INFO: [ app_init ] --END-- [ RunTime:0.000936s ]
INFO: [ app_begin ] --START--
INFO: Run Behavior\ReadHtmlCacheBehavior [ RunTime:0.001838s ]
INFO: [ app_begin ] --END-- [ RunTime:0.001985s ]
SQL: SHOW COLUMNS FROM `c_users` [ RunTime:0.0026s ]
SQL: SELECT * FROM `c_users` WHERE `username` = '李丹宁' AND `password` = 'f5d330086b3f411f98b2b97d7b3052cb' LIMIT 1   [ RunTime:0.0002s ]
SQL: SHOW COLUMNS FROM `c_log` [ RunTime:0.0037s ]
SQL: INSERT INTO `c_log` (`name`,`t`,`ip`,`log`) VALUES ('李丹宁','1622120058','223.88.39.150','登录成功') [ RunTime:0.0005s ]
INFO: [ view_parse ] --START--
INFO: [ template_filter ] --START--
INFO: Run Behavior\ContentReplaceBehavior [ RunTime:0.000107s ]
INFO: [ template_filter ] --END-- [ RunTime:0.000235s ]
NOTIC: [8] Undefined variable: error C:\wwwroot\oa.52lvu.cn\Runtime\Cache\Home\cf67dc478d0f9143c4e32b762444702a.php 第 6 行.
INFO: Run Behavior\ParseTemplateBehavior [ RunTime:0.015232s ]
INFO: [ view_parse ] --END-- [ RunTime:0.015367s ]
INFO: [ view_filter ] --START--
INFO: Run Behavior\WriteHtmlCacheBehavior [ RunTime:0.001792s ]
INFO: [ view_filter ] --END-- [ RunTime:0.001911s ]
INFO: [ app_end ] --START--
INFO: Run Behavior\ShowPageTraceBehavior [ RunTime:0.001923s ]
INFO: [ app_end ] --END-- [ RunTime:0.002050s ]

[ 2021-05-27T20:57:00+08:00 ] 123.150.174.182 /
INFO: [ app_init ] --START--
INFO: Run Behavior\BuildLiteBehavior [ RunTime:0.000030s ]
INFO: [ app_init ] --END-- [ RunTime:0.000955s ]
INFO: [ app_begin ] --START--
INFO: Run Behavior\ReadHtmlCacheBehavior [ RunTime:0.001894s ]
INFO: [ app_begin ] --END-- [ RunTime:0.002032s ]
INFO: [ view_parse ] --START--
INFO: [ template_filter ] --START--
INFO: Run Behavior\ContentReplaceBehavior [ RunTime:0.000115s ]
INFO: [ template_filter ] --END-- [ RunTime:0.000246s ]
INFO: Run Behavior\ParseTemplateBehavior [ RunTime:0.014668s ]
INFO: [ view_parse ] --END-- [ RunTime:0.014821s ]
INFO: [ view_filter ] --START--
INFO: Run Behavior\WriteHtmlCacheBehavior [ RunTime:0.001752s ]
INFO: [ view_filter ] --END-- [ RunTime:0.001867s ]
INFO: [ app_end ] --START--
INFO: Run Behavior\ShowPageTraceBehavior [ RunTime:0.001977s ]
INFO: [ app_end ] --END-- [ RunTime:0.002103s ]

[ 2021-05-27T20:57:13+08:00 ] 223.88.39.150 /
INFO: [ app_init ] --START--
INFO: Run Behavior\BuildLiteBehavior [ RunTime:0.000029s ]
INFO: [ app_init ] --END-- [ RunTime:0.000957s ]
INFO: [ app_begin ] --START--
INFO: Run Behavior\ReadHtmlCacheBehavior [ RunTime:0.001886s ]
INFO: [ app_begin ] --END-- [ RunTime:0.002027s ]
SQL: SHOW COLUMNS FROM `c_users` [ RunTime:0.0028s ]
SQL: SELECT * FROM `c_users` WHERE `username` = '李丹宁' AND `password` = 'f5d330086b3f411f98b2b97d7b3052cb' LIMIT 1   [ RunTime:0.0002s ]
SQL: SHOW COLUMNS FROM `c_log` [ RunTime:0.0021s ]
SQL: INSERT INTO `c_log` (`name`,`t`,`ip`,`log`) VALUES ('李丹宁','1622120233','223.88.39.150','登录成功') [ RunTime:0.0003s ]
INFO: [ view_parse ] --START--
INFO: [ template_filter ] --START--
INFO: Run Behavior\ContentReplaceBehavior [ RunTime:0.000106s ]
INFO: [ template_filter ] --END-- [ RunTime:0.000232s ]
NOTIC: [8] Undefined variable: error C:\wwwroot\oa.52lvu.cn\Runtime\Cache\Home\cf67dc478d0f9143c4e32b762444702a.php 第 6 行.
INFO: Run Behavior\ParseTemplateBehavior [ RunTime:0.015028s ]
INFO: [ view_parse ] --END-- [ RunTime:0.015154s ]
INFO: [ view_filter ] --START--
INFO: Run Behavior\WriteHtmlCacheBehavior [ RunTime:0.001831s ]
INFO: [ view_filter ] --END-- [ RunTime:0.001947s ]
INFO: [ app_end ] --START--
INFO: Run Behavior\ShowPageTraceBehavior [ RunTime:0.001967s ]
INFO: [ app_end ] --END-- [ RunTime:0.002085s ]

