[ 2020-09-27T18:21:23+08:00 ] 223.88.36.122 /index.php/Admin/Jzx/index?keyword=&xiadan=&sid=0&date_start=2020-09-27&date_end=2020-09-27
INFO: [ app_init ] --START--
INFO: Run Behavior\BuildLiteBehavior [ RunTime:0.000000s ]
INFO: [ app_init ] --END-- [ RunTime:0.000000s ]
INFO: [ app_begin ] --START--
INFO: Run Behavior\ReadHtmlCacheBehavior [ RunTime:0.000000s ]
INFO: [ app_begin ] --END-- [ RunTime:0.000000s ]
SQL: SHOW COLUMNS FROM `c_auth_group_access` [ RunTime:0.0000s ]
SQL: SELECT `uid`,`group_id`,`title`,`rules` FROM c_auth_group_access a INNER JOIN c_auth_group g on a.group_id=g.id  WHERE ( a.uid='88' and g.status='1' )  [ RunTime:0.0000s ]
SQL: SHOW COLUMNS FROM `c_auth_rule` [ RunTime:0.0000s ]
SQL: SELECT `condition`,`name` FROM `c_auth_rule` WHERE `id` IN ('6','96','137','20','1','2','3','4','5','64','161','21','7','8','9','10','11','12','13','14','15','16','123','124','125','127','19','147','148','149','150','151','152','156','162','159','157','158') AND `type` = 1 AND `status` = 1  [ RunTime:0.0000s ]
NOTIC: [2048] Declaration of Common\Model\AdminNavModel::getTreeData() should be compatible with that of Common\Model\BaseModel::getTreeData() C:\wwwroot\oa.52lvu.cn\Application\Common\Model\AdminNavModel.class.php 第 7 行.
SQL: SHOW COLUMNS FROM `c_admin_nav` [ RunTime:0.0000s ]
SQL: SELECT * FROM `c_admin_nav` ORDER BY order_number is null,`order_number`,`id`  [ RunTime:0.0000s ]
SQL: SHOW COLUMNS FROM `c_users` [ RunTime:0.0156s ]
SQL: SELECT `isleader` FROM `c_users` WHERE ( id=88 ) LIMIT 1   [ RunTime:0.0000s ]
SQL: SHOW COLUMNS FROM `c_auth_group` [ RunTime:0.0000s ]
SQL: SELECT `id`,`title` FROM `c_auth_group`  [ RunTime:0.0000s ]
NOTIC: [8] Undefined index: pid C:\wwwroot\oa.52lvu.cn\ThinkPHP\Library\Vendor\Tree.class.php 第 71 行.
NOTIC: [8] Undefined index: pid C:\wwwroot\oa.52lvu.cn\ThinkPHP\Library\Vendor\Tree.class.php 第 71 行.
NOTIC: [8] Undefined index: pid C:\wwwroot\oa.52lvu.cn\ThinkPHP\Library\Vendor\Tree.class.php 第 71 行.
NOTIC: [8] Undefined index: pid C:\wwwroot\oa.52lvu.cn\ThinkPHP\Library\Vendor\Tree.class.php 第 71 行.
NOTIC: [8] Undefined index: pid C:\wwwroot\oa.52lvu.cn\ThinkPHP\Library\Vendor\Tree.class.php 第 71 行.
NOTIC: [8] Undefined index: pid C:\wwwroot\oa.52lvu.cn\ThinkPHP\Library\Vendor\Tree.class.php 第 71 行.
NOTIC: [8] Undefined variable: pid C:\wwwroot\oa.52lvu.cn\ThinkPHP\Library\Vendor\Tree.class.php 第 141 行.
NOTIC: [8] Undefined index: pid C:\wwwroot\oa.52lvu.cn\ThinkPHP\Library\Vendor\Tree.class.php 第 71 行.
NOTIC: [8] Undefined index: pid C:\wwwroot\oa.52lvu.cn\ThinkPHP\Library\Vendor\Tree.class.php 第 71 行.
NOTIC: [8] Undefined index: pid C:\wwwroot\oa.52lvu.cn\ThinkPHP\Library\Vendor\Tree.class.php 第 71 行.
NOTIC: [8] Undefined index: pid C:\wwwroot\oa.52lvu.cn\ThinkPHP\Library\Vendor\Tree.class.php 第 71 行.
NOTIC: [8] Undefined index: pid C:\wwwroot\oa.52lvu.cn\ThinkPHP\Library\Vendor\Tree.class.php 第 71 行.
NOTIC: [8] Undefined index: pid C:\wwwroot\oa.52lvu.cn\ThinkPHP\Library\Vendor\Tree.class.php 第 71 行.
NOTIC: [8] Undefined variable: pid C:\wwwroot\oa.52lvu.cn\ThinkPHP\Library\Vendor\Tree.class.php 第 141 行.
NOTIC: [8] Undefined index: pid C:\wwwroot\oa.52lvu.cn\ThinkPHP\Library\Vendor\Tree.class.php 第 71 行.
NOTIC: [8] Undefined index: pid C:\wwwroot\oa.52lvu.cn\ThinkPHP\Library\Vendor\Tree.class.php 第 71 行.
NOTIC: [8] Undefined index: pid C:\wwwroot\oa.52lvu.cn\ThinkPHP\Library\Vendor\Tree.class.php 第 71 行.
NOTIC: [8] Undefined index: pid C:\wwwroot\oa.52lvu.cn\ThinkPHP\Library\Vendor\Tree.class.php 第 71 行.
NOTIC: [8] Undefined index: pid C:\wwwroot\oa.52lvu.cn\ThinkPHP\Library\Vendor\Tree.class.php 第 71 行.
NOTIC: [8] Undefined index: pid C:\wwwroot\oa.52lvu.cn\ThinkPHP\Library\Vendor\Tree.class.php 第 71 行.
NOTIC: [8] Undefined variable: pid C:\wwwroot\oa.52lvu.cn\ThinkPHP\Library\Vendor\Tree.class.php 第 141 行.
NOTIC: [8] Undefined index: pid C:\wwwroot\oa.52lvu.cn\ThinkPHP\Library\Vendor\Tree.class.php 第 71 行.
NOTIC: [8] Undefined index: pid C:\wwwroot\oa.52lvu.cn\ThinkPHP\Library\Vendor\Tree.class.php 第 71 行.
NOTIC: [8] Undefined index: pid C:\wwwroot\oa.52lvu.cn\ThinkPHP\Library\Vendor\Tree.class.php 第 71 行.
NOTIC: [8] Undefined index: pid C:\wwwroot\oa.52lvu.cn\ThinkPHP\Library\Vendor\Tree.class.php 第 71 行.
NOTIC: [8] Undefined index: pid C:\wwwroot\oa.52lvu.cn\ThinkPHP\Library\Vendor\Tree.class.php 第 71 行.
NOTIC: [8] Undefined index: pid C:\wwwroot\oa.52lvu.cn\ThinkPHP\Library\Vendor\Tree.class.php 第 71 行.
NOTIC: [8] Undefined variable: pid C:\wwwroot\oa.52lvu.cn\ThinkPHP\Library\Vendor\Tree.class.php 第 141 行.
NOTIC: [8] Undefined index: pid C:\wwwroot\oa.52lvu.cn\ThinkPHP\Library\Vendor\Tree.class.php 第 71 行.
NOTIC: [8] Undefined index: pid C:\wwwroot\oa.52lvu.cn\ThinkPHP\Library\Vendor\Tree.class.php 第 71 行.
NOTIC: [8] Undefined index: pid C:\wwwroot\oa.52lvu.cn\ThinkPHP\Library\Vendor\Tree.class.php 第 71 行.
NOTIC: [8] Undefined index: pid C:\wwwroot\oa.52lvu.cn\ThinkPHP\Library\Vendor\Tree.class.php 第 71 行.
NOTIC: [8] Undefined index: pid C:\wwwroot\oa.52lvu.cn\ThinkPHP\Library\Vendor\Tree.class.php 第 71 行.
NOTIC: [8] Undefined index: pid C:\wwwroot\oa.52lvu.cn\ThinkPHP\Library\Vendor\Tree.class.php 第 71 行.
NOTIC: [8] Undefined variable: pid C:\wwwroot\oa.52lvu.cn\ThinkPHP\Library\Vendor\Tree.class.php 第 141 行.
NOTIC: [8] Undefined index: pid C:\wwwroot\oa.52lvu.cn\ThinkPHP\Library\Vendor\Tree.class.php 第 71 行.
NOTIC: [8] Undefined index: pid C:\wwwroot\oa.52lvu.cn\ThinkPHP\Library\Vendor\Tree.class.php 第 71 行.
NOTIC: [8] Undefined index: pid C:\wwwroot\oa.52lvu.cn\ThinkPHP\Library\Vendor\Tree.class.php 第 71 行.
NOTIC: [8] Undefined index: pid C:\wwwroot\oa.52lvu.cn\ThinkPHP\Library\Vendor\Tree.class.php 第 71 行.
NOTIC: [8] Undefined index: pid C:\wwwroot\oa.52lvu.cn\ThinkPHP\Library\Vendor\Tree.class.php 第 71 行.
NOTIC: [8] Undefined index: pid C:\wwwroot\oa.52lvu.cn\ThinkPHP\Library\Vendor\Tree.class.php 第 71 行.
NOTIC: [8] Undefined variable: pid C:\wwwroot\oa.52lvu.cn\ThinkPHP\Library\Vendor\Tree.class.php 第 141 行.
NOTIC: [8] Undefined index: pid C:\wwwroot\oa.52lvu.cn\ThinkPHP\Library\Vendor\Tree.class.php 第 71 行.
NOTIC: [8] Undefined index: pid C:\wwwroot\oa.52lvu.cn\ThinkPHP\Library\Vendor\Tree.class.php 第 71 行.
NOTIC: [8] Undefined index: pid C:\wwwroot\oa.52lvu.cn\ThinkPHP\Library\Vendor\Tree.class.php 第 71 行.
NOTIC: [8] Undefined index: pid C:\wwwroot\oa.52lvu.cn\ThinkPHP\Library\Vendor\Tree.class.php 第 71 行.
NOTIC: [8] Undefined index: pid C:\wwwroot\oa.52lvu.cn\ThinkPHP\Library\Vendor\Tree.class.php 第 71 行.
NOTIC: [8] Undefined index: pid C:\wwwroot\oa.52lvu.cn\ThinkPHP\Library\Vendor\Tree.class.php 第 71 行.
SQL: SHOW COLUMNS FROM `c_case_jzx` [ RunTime:0.0000s ]
SQL: SELECT COUNT(*) AS tp_count FROM `c_case_jzx` WHERE (  1 = 1  ) AND `time` BETWEEN 1601136000 AND 1601222400 LIMIT 1   [ RunTime:0.0000s ]
NOTIC: [2048] Only variables should be passed by reference C:\wwwroot\oa.52lvu.cn\ThinkPHP\Library\Think\Db\Driver.class.php 第 769 行.
SQL: SELECT * FROM `c_case_jzx` WHERE (  1 = 1  ) AND `time` BETWEEN 1601136000 AND 1601222400 ORDER BY `time` desc LIMIT 0,100   [ RunTime:0.0000s ]
SQL: SHOW COLUMNS FROM `c_tree` [ RunTime:0.0000s ]
SQL: SELECT `name` FROM `c_tree` WHERE ( id=6 ) LIMIT 1   [ RunTime:0.0000s ]
SQL: SELECT `name` FROM `c_tree` WHERE ( id=76 ) LIMIT 1   [ RunTime:0.0000s ]
SQL: SELECT `name` FROM `c_tree` WHERE ( id=695 ) LIMIT 1   [ RunTime:0.0000s ]
SQL: SHOW COLUMNS FROM `c_pro_info` [ RunTime:0.0000s ]
SQL: SELECT * FROM `c_pro_info` WHERE ( ord_id=3787 )  [ RunTime:0.0000s ]
SQL: SHOW COLUMNS FROM `c_zp_info` [ RunTime:0.0000s ]
SQL: SELECT * FROM `c_zp_info` WHERE ( ord_id=3787 )  [ RunTime:0.0000s ]
SQL: SELECT `name` FROM `c_tree` WHERE ( id=26 ) LIMIT 1   [ RunTime:0.0000s ]
SQL: SELECT `name` FROM `c_tree` WHERE ( id=323 ) LIMIT 1   [ RunTime:0.0000s ]
SQL: SELECT `name` FROM `c_tree` WHERE ( id=2757 ) LIMIT 1   [ RunTime:0.0000s ]
SQL: SELECT * FROM `c_pro_info` WHERE ( ord_id=3786 )  [ RunTime:0.0000s ]
SQL: SELECT * FROM `c_zp_info` WHERE ( ord_id=3786 )  [ RunTime:0.0000s ]
SQL: SELECT `name` FROM `c_tree` WHERE ( id=16 ) LIMIT 1   [ RunTime:0.0000s ]
SQL: SELECT `name` FROM `c_tree` WHERE ( id=222 ) LIMIT 1   [ RunTime:0.0000s ]
SQL: SELECT `name` FROM `c_tree` WHERE ( id=1878 ) LIMIT 1   [ RunTime:0.0000s ]
SQL: SELECT * FROM `c_pro_info` WHERE ( ord_id=3785 )  [ RunTime:0.0000s ]
SQL: SELECT * FROM `c_zp_info` WHERE ( ord_id=3785 )  [ RunTime:0.0000s ]
SQL: SELECT `name` FROM `c_tree` WHERE ( id=18 ) LIMIT 1   [ RunTime:0.0000s ]
SQL: SELECT `name` FROM `c_tree` WHERE ( id=244 ) LIMIT 1   [ RunTime:0.0000s ]
SQL: SELECT `name` FROM `c_tree` WHERE ( id=2064 ) LIMIT 1   [ RunTime:0.0000s ]
SQL: SELECT * FROM `c_pro_info` WHERE ( ord_id=3784 )  [ RunTime:0.0000s ]
SQL: SELECT * FROM `c_zp_info` WHERE ( ord_id=3784 )  [ RunTime:0.0000s ]
SQL: SELECT `name` FROM `c_tree` WHERE ( id=16 ) LIMIT 1   [ RunTime:0.0000s ]
SQL: SELECT `name` FROM `c_tree` WHERE ( id=226 ) LIMIT 1   [ RunTime:0.0000s ]
SQL: SELECT `name` FROM `c_tree` WHERE ( id=1906 ) LIMIT 1   [ RunTime:0.0000s ]
SQL: SELECT * FROM `c_pro_info` WHERE ( ord_id=3783 )  [ RunTime:0.0000s ]
SQL: SELECT * FROM `c_zp_info` WHERE ( ord_id=3783 )  [ RunTime:0.0000s ]
SQL: SELECT `name` FROM `c_tree` WHERE ( id=26 ) LIMIT 1   [ RunTime:0.0000s ]
SQL: SELECT `name` FROM `c_tree` WHERE ( id=337 ) LIMIT 1   [ RunTime:0.0000s ]
SQL: SELECT `name` FROM `c_tree` WHERE ( id=2872 ) LIMIT 1   [ RunTime:0.0000s ]
SQL: SELECT * FROM `c_pro_info` WHERE ( ord_id=3781 )  [ RunTime:0.0000s ]
SQL: SELECT * FROM `c_zp_info` WHERE ( ord_id=3781 )  [ RunTime:0.0000s ]
SQL: SELECT `name` FROM `c_tree` WHERE ( id=8 ) LIMIT 1   [ RunTime:0.0000s ]
SQL: SELECT `name` FROM `c_tree` WHERE ( id=111 ) LIMIT 1   [ RunTime:0.0000s ]
SQL: SELECT `name` FROM `c_tree` WHERE ( id=0 ) LIMIT 1   [ RunTime:0.0000s ]
SQL: SELECT * FROM `c_pro_info` WHERE ( ord_id=3782 )  [ RunTime:0.0000s ]
SQL: SELECT * FROM `c_zp_info` WHERE ( ord_id=3782 )  [ RunTime:0.0000s ]
INFO: [ view_parse ] --START--
INFO: [ template_filter ] --START--
INFO: Run Behavior\ContentReplaceBehavior [ RunTime:0.000000s ]
INFO: [ template_filter ] --END-- [ RunTime:0.000000s ]
INFO: Run Behavior\ParseTemplateBehavior [ RunTime:0.062500s ]
INFO: [ view_parse ] --END-- [ RunTime:0.062500s ]
INFO: [ view_filter ] --START--
INFO: Run Behavior\WriteHtmlCacheBehavior [ RunTime:0.000000s ]
INFO: [ view_filter ] --END-- [ RunTime:0.000000s ]
INFO: [ app_end ] --START--
INFO: Run Behavior\ShowPageTraceBehavior [ RunTime:0.000000s ]
INFO: [ app_end ] --END-- [ RunTime:0.000000s ]

[ 2020-09-27T18:21:35+08:00 ] 223.88.36.122 /index.php/Admin/Jzx/xls?keyword=&xiadan=&sid=0&date_start=2020-09-27&date_end=2020-09-27
INFO: [ app_init ] --START--
INFO: Run Behavior\BuildLiteBehavior [ RunTime:0.000000s ]
INFO: [ app_init ] --END-- [ RunTime:0.000000s ]
INFO: [ app_begin ] --START--
INFO: Run Behavior\ReadHtmlCacheBehavior [ RunTime:0.000000s ]
INFO: [ app_begin ] --END-- [ RunTime:0.000000s ]
SQL: SHOW COLUMNS FROM `c_auth_group_access` [ RunTime:0.0000s ]
SQL: SELECT `uid`,`group_id`,`title`,`rules` FROM c_auth_group_access a INNER JOIN c_auth_group g on a.group_id=g.id  WHERE ( a.uid='88' and g.status='1' )  [ RunTime:0.0000s ]
SQL: SHOW COLUMNS FROM `c_auth_rule` [ RunTime:0.0000s ]
SQL: SELECT `condition`,`name` FROM `c_auth_rule` WHERE `id` IN ('6','96','137','20','1','2','3','4','5','64','161','21','7','8','9','10','11','12','13','14','15','16','123','124','125','127','19','147','148','149','150','151','152','156','162','159','157','158') AND `type` = 1 AND `status` = 1  [ RunTime:0.0000s ]
NOTIC: [2048] Declaration of Common\Model\AdminNavModel::getTreeData() should be compatible with that of Common\Model\BaseModel::getTreeData() C:\wwwroot\oa.52lvu.cn\Application\Common\Model\AdminNavModel.class.php 第 7 行.
SQL: SHOW COLUMNS FROM `c_admin_nav` [ RunTime:0.0000s ]
SQL: SELECT * FROM `c_admin_nav` ORDER BY order_number is null,`order_number`,`id`  [ RunTime:0.0000s ]
SQL: SHOW COLUMNS FROM `c_users` [ RunTime:0.0000s ]
SQL: SELECT `isleader` FROM `c_users` WHERE ( id=88 ) LIMIT 1   [ RunTime:0.0000s ]
SQL: SHOW COLUMNS FROM `c_case_jzx` [ RunTime:0.0000s ]
SQL: SELECT COUNT(*) AS tp_count FROM `c_case_jzx` WHERE (  1 = 1  ) AND `time` BETWEEN 1601136000 AND 1601222400 LIMIT 1   [ RunTime:0.0000s ]
NOTIC: [2048] Only variables should be passed by reference C:\wwwroot\oa.52lvu.cn\ThinkPHP\Library\Think\Db\Driver.class.php 第 769 行.
SQL: SELECT * FROM `c_case_jzx` WHERE (  1 = 1  ) AND `time` BETWEEN 1601136000 AND 1601222400 ORDER BY `time` desc LIMIT 0,10000000   [ RunTime:0.0000s ]
SQL: SHOW COLUMNS FROM `c_pro_info` [ RunTime:0.0000s ]
SQL: SELECT * FROM `c_pro_info` WHERE ( ord_id=3787 )  [ RunTime:0.0000s ]
SQL: SHOW COLUMNS FROM `c_zp_info` [ RunTime:0.0156s ]
SQL: SELECT * FROM `c_zp_info` WHERE ( ord_id=3787 )  [ RunTime:0.0000s ]
SQL: SHOW COLUMNS FROM `c_tree` [ RunTime:0.0000s ]
SQL: SELECT `name` FROM `c_tree` WHERE ( id=6 ) LIMIT 1   [ RunTime:0.0000s ]
SQL: SELECT `name` FROM `c_tree` WHERE ( id=76 ) LIMIT 1   [ RunTime:0.0000s ]
SQL: SELECT `name` FROM `c_tree` WHERE ( id=695 ) LIMIT 1   [ RunTime:0.0000s ]
SQL: SELECT * FROM `c_pro_info` WHERE ( ord_id=3786 )  [ RunTime:0.0000s ]
SQL: SELECT * FROM `c_zp_info` WHERE ( ord_id=3786 )  [ RunTime:0.0000s ]
SQL: SELECT `name` FROM `c_tree` WHERE ( id=26 ) LIMIT 1   [ RunTime:0.0000s ]
SQL: SELECT `name` FROM `c_tree` WHERE ( id=323 ) LIMIT 1   [ RunTime:0.0000s ]
SQL: SELECT `name` FROM `c_tree` WHERE ( id=2757 ) LIMIT 1   [ RunTime:0.0000s ]
SQL: SELECT * FROM `c_pro_info` WHERE ( ord_id=3785 )  [ RunTime:0.0000s ]
SQL: SELECT * FROM `c_zp_info` WHERE ( ord_id=3785 )  [ RunTime:0.0000s ]
SQL: SELECT `name` FROM `c_tree` WHERE ( id=16 ) LIMIT 1   [ RunTime:0.0000s ]
SQL: SELECT `name` FROM `c_tree` WHERE ( id=222 ) LIMIT 1   [ RunTime:0.0000s ]
SQL: SELECT `name` FROM `c_tree` WHERE ( id=1878 ) LIMIT 1   [ RunTime:0.0000s ]
SQL: SELECT * FROM `c_pro_info` WHERE ( ord_id=3784 )  [ RunTime:0.0000s ]
SQL: SELECT * FROM `c_zp_info` WHERE ( ord_id=3784 )  [ RunTime:0.0000s ]
SQL: SELECT `name` FROM `c_tree` WHERE ( id=18 ) LIMIT 1   [ RunTime:0.0000s ]
SQL: SELECT `name` FROM `c_tree` WHERE ( id=244 ) LIMIT 1   [ RunTime:0.0000s ]
SQL: SELECT `name` FROM `c_tree` WHERE ( id=2064 ) LIMIT 1   [ RunTime:0.0000s ]
SQL: SELECT * FROM `c_pro_info` WHERE ( ord_id=3783 )  [ RunTime:0.0000s ]
SQL: SELECT * FROM `c_zp_info` WHERE ( ord_id=3783 )  [ RunTime:0.0000s ]
SQL: SELECT `name` FROM `c_tree` WHERE ( id=16 ) LIMIT 1   [ RunTime:0.0000s ]
SQL: SELECT `name` FROM `c_tree` WHERE ( id=226 ) LIMIT 1   [ RunTime:0.0000s ]
SQL: SELECT `name` FROM `c_tree` WHERE ( id=1906 ) LIMIT 1   [ RunTime:0.0000s ]
SQL: SELECT * FROM `c_pro_info` WHERE ( ord_id=3781 )  [ RunTime:0.0000s ]
SQL: SELECT * FROM `c_zp_info` WHERE ( ord_id=3781 )  [ RunTime:0.0000s ]
SQL: SELECT `name` FROM `c_tree` WHERE ( id=26 ) LIMIT 1   [ RunTime:0.0000s ]
SQL: SELECT `name` FROM `c_tree` WHERE ( id=337 ) LIMIT 1   [ RunTime:0.0000s ]
SQL: SELECT `name` FROM `c_tree` WHERE ( id=2872 ) LIMIT 1   [ RunTime:0.0000s ]
SQL: SELECT * FROM `c_pro_info` WHERE ( ord_id=3782 )  [ RunTime:0.0000s ]
SQL: SELECT * FROM `c_zp_info` WHERE ( ord_id=3782 )  [ RunTime:0.0000s ]
SQL: SELECT `name` FROM `c_tree` WHERE ( id=8 ) LIMIT 1   [ RunTime:0.0000s ]
SQL: SELECT `name` FROM `c_tree` WHERE ( id=111 ) LIMIT 1   [ RunTime:0.0000s ]
SQL: SELECT `name` FROM `c_tree` WHERE ( id=0 ) LIMIT 1   [ RunTime:0.0000s ]
NOTIC: [8] Use of undefined constant 姓名 - assumed '姓名' C:\wwwroot\oa.52lvu.cn\Application\Admin\Controller\JzxController.class.php 第 482 行.
NOTIC: [8] Use of undefined constant 性别 - assumed '性别' C:\wwwroot\oa.52lvu.cn\Application\Admin\Controller\JzxController.class.php 第 482 行.
NOTIC: [8] Use of undefined constant 产品1 - assumed '产品1' C:\wwwroot\oa.52lvu.cn\Application\Admin\Controller\JzxController.class.php 第 482 行.
NOTIC: [8] Use of undefined constant 数量1 - assumed '数量1' C:\wwwroot\oa.52lvu.cn\Application\Admin\Controller\JzxController.class.php 第 482 行.
NOTIC: [8] Use of undefined constant 产品2 - assumed '产品2' C:\wwwroot\oa.52lvu.cn\Application\Admin\Controller\JzxController.class.php 第 482 行.
NOTIC: [8] Use of undefined constant 数量2 - assumed '数量2' C:\wwwroot\oa.52lvu.cn\Application\Admin\Controller\JzxController.class.php 第 482 行.
NOTIC: [8] Use of undefined constant 产品3 - assumed '产品3' C:\wwwroot\oa.52lvu.cn\Application\Admin\Controller\JzxController.class.php 第 482 行.
NOTIC: [8] Use of undefined constant 数量3 - assumed '数量3' C:\wwwroot\oa.52lvu.cn\Application\Admin\Controller\JzxController.class.php 第 482 行.
NOTIC: [8] Use of undefined constant 产品4 - assumed '产品4' C:\wwwroot\oa.52lvu.cn\Application\Admin\Controller\JzxController.class.php 第 482 行.
NOTIC: [8] Use of undefined constant 数量4 - assumed '数量4' C:\wwwroot\oa.52lvu.cn\Application\Admin\Controller\JzxController.class.php 第 482 行.
NOTIC: [8] Use of undefined constant 产品5 - assumed '产品5' C:\wwwroot\oa.52lvu.cn\Application\Admin\Controller\JzxController.class.php 第 482 行.
NOTIC: [8] Use of undefined constant 数量5 - assumed '数量5' C:\wwwroot\oa.52lvu.cn\Application\Admin\Controller\JzxController.class.php 第 482 行.
NOTIC: [8] Use of undefined constant 产品6 - assumed '产品6' C:\wwwroot\oa.52lvu.cn\Application\Admin\Controller\JzxController.class.php 第 482 行.
NOTIC: [8] Use of undefined constant 数量6 - assumed '数量6' C:\wwwroot\oa.52lvu.cn\Application\Admin\Controller\JzxController.class.php 第 482 行.
NOTIC: [8] Use of undefined constant 赠品1 - assumed '赠品1' C:\wwwroot\oa.52lvu.cn\Application\Admin\Controller\JzxController.class.php 第 482 行.
NOTIC: [8] Use of undefined constant 数量1 - assumed '数量1' C:\wwwroot\oa.52lvu.cn\Application\Admin\Controller\JzxController.class.php 第 482 行.
NOTIC: [8] Use of undefined constant 赠品2 - assumed '赠品2' C:\wwwroot\oa.52lvu.cn\Application\Admin\Controller\JzxController.class.php 第 482 行.
NOTIC: [8] Use of undefined constant 数量2 - assumed '数量2' C:\wwwroot\oa.52lvu.cn\Application\Admin\Controller\JzxController.class.php 第 482 行.
NOTIC: [8] Use of undefined constant 赠品3 - assumed '赠品3' C:\wwwroot\oa.52lvu.cn\Application\Admin\Controller\JzxController.class.php 第 482 行.
NOTIC: [8] Use of undefined constant 数量3 - assumed '数量3' C:\wwwroot\oa.52lvu.cn\Application\Admin\Controller\JzxController.class.php 第 482 行.
NOTIC: [8] Use of undefined constant 赠品4 - assumed '赠品4' C:\wwwroot\oa.52lvu.cn\Application\Admin\Controller\JzxController.class.php 第 482 行.
NOTIC: [8] Use of undefined constant 数量4 - assumed '数量4' C:\wwwroot\oa.52lvu.cn\Application\Admin\Controller\JzxController.class.php 第 482 行.
NOTIC: [8] Use of undefined constant 收货地址 - assumed '收货地址' C:\wwwroot\oa.52lvu.cn\Application\Admin\Controller\JzxController.class.php 第 482 行.
NOTIC: [8] Use of undefined constant 录单人 - assumed '录单人' C:\wwwroot\oa.52lvu.cn\Application\Admin\Controller\JzxController.class.php 第 482 行.
NOTIC: [8] Use of undefined constant 微信号 - assumed '微信号' C:\wwwroot\oa.52lvu.cn\Application\Admin\Controller\JzxController.class.php 第 482 行.
NOTIC: [8] Use of undefined constant 录单时间 - assumed '录单时间' C:\wwwroot\oa.52lvu.cn\Application\Admin\Controller\JzxController.class.php 第 482 行.
NOTIC: [8] Use of undefined constant 快递公司 - assumed '快递公司' C:\wwwroot\oa.52lvu.cn\Application\Admin\Controller\JzxController.class.php 第 482 行.
NOTIC: [8] Use of undefined constant 快递单号 - assumed '快递单号' C:\wwwroot\oa.52lvu.cn\Application\Admin\Controller\JzxController.class.php 第 482 行.
NOTIC: [8] Use of undefined constant 备注 - assumed '备注' C:\wwwroot\oa.52lvu.cn\Application\Admin\Controller\JzxController.class.php 第 482 行.
NOTIC: [8] Use of undefined constant 省份 - assumed '省份' C:\wwwroot\oa.52lvu.cn\Application\Admin\Controller\JzxController.class.php 第 482 行.
NOTIC: [8] Use of undefined constant 地区 - assumed '地区' C:\wwwroot\oa.52lvu.cn\Application\Admin\Controller\JzxController.class.php 第 482 行.
NOTIC: [8] Use of undefined constant 县镇 - assumed '县镇' C:\wwwroot\oa.52lvu.cn\Application\Admin\Controller\JzxController.class.php 第 482 行.
NOTIC: [8] Use of undefined constant 订单类型 - assumed '订单类型' C:\wwwroot\oa.52lvu.cn\Application\Admin\Controller\JzxController.class.php 第 482 行.
NOTIC: [8] Use of undefined constant 总额 - assumed '总额' C:\wwwroot\oa.52lvu.cn\Application\Admin\Controller\JzxController.class.php 第 482 行.
NOTIC: [8] Use of undefined constant 预付 - assumed '预付' C:\wwwroot\oa.52lvu.cn\Application\Admin\Controller\JzxController.class.php 第 482 行.
NOTIC: [8] Use of undefined constant 代收 - assumed '代收' C:\wwwroot\oa.52lvu.cn\Application\Admin\Controller\JzxController.class.php 第 482 行.
NOTIC: [8] Use of undefined constant 支付方式 - assumed '支付方式' C:\wwwroot\oa.52lvu.cn\Application\Admin\Controller\JzxController.class.php 第 482 行.
NOTIC: [8] Use of undefined constant 订单状态 - assumed '订单状态' C:\wwwroot\oa.52lvu.cn\Application\Admin\Controller\JzxController.class.php 第 482 行.
NOTIC: [2] realpath() [<a href='function.realpath'>function.realpath</a>]: open_basedir restriction in effect. File(C:\Windows) is not within the allowed path(s): (C:/wwwroot/oa.52lvu.cn/;C:/Windows/Temp/;C:/Temp/;C:/BtSoft/temp/session/) C:\wwwroot\oa.52lvu.cn\ThinkPHP\Library\Vendor\PHPExcel\PHPExcel\Shared\File.php 第 175 行.

[ 2020-09-27T18:58:50+08:00 ] 123.151.77.90 /index.php/Admin/Jzx/index
INFO: [ app_init ] --START--
INFO: Run Behavior\BuildLiteBehavior [ RunTime:0.000000s ]
INFO: [ app_init ] --END-- [ RunTime:0.015625s ]
INFO: [ app_begin ] --START--
INFO: Run Behavior\ReadHtmlCacheBehavior [ RunTime:0.000000s ]
INFO: [ app_begin ] --END-- [ RunTime:0.000000s ]
SQL: SHOW COLUMNS FROM `c_auth_group_access` [ RunTime:0.0000s ]
SQL: SELECT `uid`,`group_id`,`title`,`rules` FROM c_auth_group_access a INNER JOIN c_auth_group g on a.group_id=g.id  WHERE ( a.uid='176' and g.status='1' )  [ RunTime:0.0000s ]
SQL: SHOW COLUMNS FROM `c_auth_rule` [ RunTime:0.0000s ]
SQL: SELECT `condition`,`name` FROM `c_auth_rule` WHERE `id` IN ('6','96','137','147','148','149','150','152','156','162','159','157','158') AND `type` = 1 AND `status` = 1  [ RunTime:0.0000s ]
NOTIC: [2048] Declaration of Common\Model\AdminNavModel::getTreeData() should be compatible with that of Common\Model\BaseModel::getTreeData() C:\wwwroot\oa.52lvu.cn\Application\Common\Model\AdminNavModel.class.php 第 7 行.
SQL: SHOW COLUMNS FROM `c_admin_nav` [ RunTime:0.0000s ]
SQL: SELECT * FROM `c_admin_nav` ORDER BY order_number is null,`order_number`,`id`  [ RunTime:0.0000s ]
SQL: SHOW COLUMNS FROM `c_users` [ RunTime:0.0000s ]
SQL: SELECT `isleader` FROM `c_users` WHERE ( id=176 ) LIMIT 1   [ RunTime:0.0000s ]
SQL: SHOW COLUMNS FROM `c_auth_group` [ RunTime:0.0000s ]
SQL: SELECT `id`,`title` FROM `c_auth_group`  [ RunTime:0.0000s ]
NOTIC: [8] Undefined index: pid C:\wwwroot\oa.52lvu.cn\ThinkPHP\Library\Vendor\Tree.class.php 第 71 行.
NOTIC: [8] Undefined index: pid C:\wwwroot\oa.52lvu.cn\ThinkPHP\Library\Vendor\Tree.class.php 第 71 行.
NOTIC: [8] Undefined index: pid C:\wwwroot\oa.52lvu.cn\ThinkPHP\Library\Vendor\Tree.class.php 第 71 行.
NOTIC: [8] Undefined index: pid C:\wwwroot\oa.52lvu.cn\ThinkPHP\Library\Vendor\Tree.class.php 第 71 行.
NOTIC: [8] Undefined index: pid C:\wwwroot\oa.52lvu.cn\ThinkPHP\Library\Vendor\Tree.class.php 第 71 行.
NOTIC: [8] Undefined index: pid C:\wwwroot\oa.52lvu.cn\ThinkPHP\Library\Vendor\Tree.class.php 第 71 行.
NOTIC: [8] Undefined variable: pid C:\wwwroot\oa.52lvu.cn\ThinkPHP\Library\Vendor\Tree.class.php 第 141 行.
NOTIC: [8] Undefined index: pid C:\wwwroot\oa.52lvu.cn\ThinkPHP\Library\Vendor\Tree.class.php 第 71 行.
NOTIC: [8] Undefined index: pid C:\wwwroot\oa.52lvu.cn\ThinkPHP\Library\Vendor\Tree.class.php 第 71 行.
NOTIC: [8] Undefined index: pid C:\wwwroot\oa.52lvu.cn\ThinkPHP\Library\Vendor\Tree.class.php 第 71 行.
NOTIC: [8] Undefined index: pid C:\wwwroot\oa.52lvu.cn\ThinkPHP\Library\Vendor\Tree.class.php 第 71 行.
NOTIC: [8] Undefined index: pid C:\wwwroot\oa.52lvu.cn\ThinkPHP\Library\Vendor\Tree.class.php 第 71 行.
NOTIC: [8] Undefined index: pid C:\wwwroot\oa.52lvu.cn\ThinkPHP\Library\Vendor\Tree.class.php 第 71 行.
NOTIC: [8] Undefined variable: pid C:\wwwroot\oa.52lvu.cn\ThinkPHP\Library\Vendor\Tree.class.php 第 141 行.
NOTIC: [8] Undefined index: pid C:\wwwroot\oa.52lvu.cn\ThinkPHP\Library\Vendor\Tree.class.php 第 71 行.
NOTIC: [8] Undefined index: pid C:\wwwroot\oa.52lvu.cn\ThinkPHP\Library\Vendor\Tree.class.php 第 71 行.
NOTIC: [8] Undefined index: pid C:\wwwroot\oa.52lvu.cn\ThinkPHP\Library\Vendor\Tree.class.php 第 71 行.
NOTIC: [8] Undefined index: pid C:\wwwroot\oa.52lvu.cn\ThinkPHP\Library\Vendor\Tree.class.php 第 71 行.
NOTIC: [8] Undefined index: pid C:\wwwroot\oa.52lvu.cn\ThinkPHP\Library\Vendor\Tree.class.php 第 71 行.
NOTIC: [8] Undefined index: pid C:\wwwroot\oa.52lvu.cn\ThinkPHP\Library\Vendor\Tree.class.php 第 71 行.
NOTIC: [8] Undefined variable: pid C:\wwwroot\oa.52lvu.cn\ThinkPHP\Library\Vendor\Tree.class.php 第 141 行.
NOTIC: [8] Undefined index: pid C:\wwwroot\oa.52lvu.cn\ThinkPHP\Library\Vendor\Tree.class.php 第 71 行.
NOTIC: [8] Undefined index: pid C:\wwwroot\oa.52lvu.cn\ThinkPHP\Library\Vendor\Tree.class.php 第 71 行.
NOTIC: [8] Undefined index: pid C:\wwwroot\oa.52lvu.cn\ThinkPHP\Library\Vendor\Tree.class.php 第 71 行.
NOTIC: [8] Undefined index: pid C:\wwwroot\oa.52lvu.cn\ThinkPHP\Library\Vendor\Tree.class.php 第 71 行.
NOTIC: [8] Undefined index: pid C:\wwwroot\oa.52lvu.cn\ThinkPHP\Library\Vendor\Tree.class.php 第 71 行.
NOTIC: [8] Undefined index: pid C:\wwwroot\oa.52lvu.cn\ThinkPHP\Library\Vendor\Tree.class.php 第 71 行.
NOTIC: [8] Undefined variable: pid C:\wwwroot\oa.52lvu.cn\ThinkPHP\Library\Vendor\Tree.class.php 第 141 行.
NOTIC: [8] Undefined index: pid C:\wwwroot\oa.52lvu.cn\ThinkPHP\Library\Vendor\Tree.class.php 第 71 行.
NOTIC: [8] Undefined index: pid C:\wwwroot\oa.52lvu.cn\ThinkPHP\Library\Vendor\Tree.class.php 第 71 行.
NOTIC: [8] Undefined index: pid C:\wwwroot\oa.52lvu.cn\ThinkPHP\Library\Vendor\Tree.class.php 第 71 行.
NOTIC: [8] Undefined index: pid C:\wwwroot\oa.52lvu.cn\ThinkPHP\Library\Vendor\Tree.class.php 第 71 行.
NOTIC: [8] Undefined index: pid C:\wwwroot\oa.52lvu.cn\ThinkPHP\Library\Vendor\Tree.class.php 第 71 行.
NOTIC: [8] Undefined index: pid C:\wwwroot\oa.52lvu.cn\ThinkPHP\Library\Vendor\Tree.class.php 第 71 行.
NOTIC: [8] Undefined variable: pid C:\wwwroot\oa.52lvu.cn\ThinkPHP\Library\Vendor\Tree.class.php 第 141 行.
NOTIC: [8] Undefined index: pid C:\wwwroot\oa.52lvu.cn\ThinkPHP\Library\Vendor\Tree.class.php 第 71 行.
NOTIC: [8] Undefined index: pid C:\wwwroot\oa.52lvu.cn\ThinkPHP\Library\Vendor\Tree.class.php 第 71 行.
NOTIC: [8] Undefined index: pid C:\wwwroot\oa.52lvu.cn\ThinkPHP\Library\Vendor\Tree.class.php 第 71 行.
NOTIC: [8] Undefined index: pid C:\wwwroot\oa.52lvu.cn\ThinkPHP\Library\Vendor\Tree.class.php 第 71 行.
NOTIC: [8] Undefined index: pid C:\wwwroot\oa.52lvu.cn\ThinkPHP\Library\Vendor\Tree.class.php 第 71 行.
NOTIC: [8] Undefined index: pid C:\wwwroot\oa.52lvu.cn\ThinkPHP\Library\Vendor\Tree.class.php 第 71 行.
NOTIC: [8] Undefined variable: pid C:\wwwroot\oa.52lvu.cn\ThinkPHP\Library\Vendor\Tree.class.php 第 141 行.
NOTIC: [8] Undefined index: pid C:\wwwroot\oa.52lvu.cn\ThinkPHP\Library\Vendor\Tree.class.php 第 71 行.
NOTIC: [8] Undefined index: pid C:\wwwroot\oa.52lvu.cn\ThinkPHP\Library\Vendor\Tree.class.php 第 71 行.
NOTIC: [8] Undefined index: pid C:\wwwroot\oa.52lvu.cn\ThinkPHP\Library\Vendor\Tree.class.php 第 71 行.
NOTIC: [8] Undefined index: pid C:\wwwroot\oa.52lvu.cn\ThinkPHP\Library\Vendor\Tree.class.php 第 71 行.
NOTIC: [8] Undefined index: pid C:\wwwroot\oa.52lvu.cn\ThinkPHP\Library\Vendor\Tree.class.php 第 71 行.
NOTIC: [8] Undefined index: pid C:\wwwroot\oa.52lvu.cn\ThinkPHP\Library\Vendor\Tree.class.php 第 71 行.
SQL: SHOW COLUMNS FROM `c_case_jzx` [ RunTime:0.0000s ]
SQL: SELECT COUNT(*) AS tp_count FROM `c_case_jzx` WHERE `uid` = 176 LIMIT 1   [ RunTime:0.0000s ]
NOTIC: [2048] Only variables should be passed by reference C:\wwwroot\oa.52lvu.cn\ThinkPHP\Library\Think\Db\Driver.class.php 第 769 行.
SQL: SELECT * FROM `c_case_jzx` WHERE `uid` = 176 ORDER BY `time` desc LIMIT 0,100   [ RunTime:0.0000s ]
SQL: SHOW COLUMNS FROM `c_tree` [ RunTime:0.0000s ]
SQL: SELECT `name` FROM `c_tree` WHERE ( id=26 ) LIMIT 1   [ RunTime:0.0000s ]
SQL: SELECT `name` FROM `c_tree` WHERE ( id=323 ) LIMIT 1   [ RunTime:0.0000s ]
SQL: SELECT `name` FROM `c_tree` WHERE ( id=2757 ) LIMIT 1   [ RunTime:0.0000s ]
SQL: SHOW COLUMNS FROM `c_pro_info` [ RunTime:0.0000s ]
SQL: SELECT * FROM `c_pro_info` WHERE ( ord_id=3786 )  [ RunTime:0.0000s ]
SQL: SHOW COLUMNS FROM `c_zp_info` [ RunTime:0.0156s ]
SQL: SELECT * FROM `c_zp_info` WHERE ( ord_id=3786 )  [ RunTime:0.0000s ]
SQL: SELECT `name` FROM `c_tree` WHERE ( id=26 ) LIMIT 1   [ RunTime:0.0000s ]
SQL: SELECT `name` FROM `c_tree` WHERE ( id=337 ) LIMIT 1   [ RunTime:0.0000s ]
SQL: SELECT `name` FROM `c_tree` WHERE ( id=2872 ) LIMIT 1   [ RunTime:0.0000s ]
SQL: SELECT * FROM `c_pro_info` WHERE ( ord_id=3781 )  [ RunTime:0.0000s ]
SQL: SELECT * FROM `c_zp_info` WHERE ( ord_id=3781 )  [ RunTime:0.0000s ]
SQL: SELECT `name` FROM `c_tree` WHERE ( id=16 ) LIMIT 1   [ RunTime:0.0000s ]
SQL: SELECT `name` FROM `c_tree` WHERE ( id=222 ) LIMIT 1   [ RunTime:0.0000s ]
SQL: SELECT `name` FROM `c_tree` WHERE ( id=1874 ) LIMIT 1   [ RunTime:0.0000s ]
SQL: SELECT * FROM `c_pro_info` WHERE ( ord_id=3777 )  [ RunTime:0.0000s ]
SQL: SELECT * FROM `c_zp_info` WHERE ( ord_id=3777 )  [ RunTime:0.0000s ]
SQL: SELECT `name` FROM `c_tree` WHERE ( id=29 ) LIMIT 1   [ RunTime:0.0000s ]
SQL: SELECT `name` FROM `c_tree` WHERE ( id=351 ) LIMIT 1   [ RunTime:0.0000s ]
SQL: SELECT `name` FROM `c_tree` WHERE ( id=0 ) LIMIT 1   [ RunTime:0.0000s ]
SQL: SELECT * FROM `c_pro_info` WHERE ( ord_id=3747 )  [ RunTime:0.0000s ]
SQL: SELECT * FROM `c_zp_info` WHERE ( ord_id=3747 )  [ RunTime:0.0000s ]
SQL: SELECT `name` FROM `c_tree` WHERE ( id=16 ) LIMIT 1   [ RunTime:0.0000s ]
SQL: SELECT `name` FROM `c_tree` WHERE ( id=223 ) LIMIT 1   [ RunTime:0.0000s ]
SQL: SELECT `name` FROM `c_tree` WHERE ( id=1883 ) LIMIT 1   [ RunTime:0.0000s ]
SQL: SELECT * FROM `c_pro_info` WHERE ( ord_id=3746 )  [ RunTime:0.0000s ]
SQL: SELECT * FROM `c_zp_info` WHERE ( ord_id=3746 )  [ RunTime:0.0000s ]
SQL: SELECT `name` FROM `c_tree` WHERE ( id=31 ) LIMIT 1   [ RunTime:0.0000s ]
SQL: SELECT `name` FROM `c_tree` WHERE ( id=384 ) LIMIT 1   [ RunTime:0.0000s ]
SQL: SELECT `name` FROM `c_tree` WHERE ( id=3247 ) LIMIT 1   [ RunTime:0.0000s ]
SQL: SELECT * FROM `c_pro_info` WHERE ( ord_id=3743 )  [ RunTime:0.0000s ]
SQL: SELECT * FROM `c_zp_info` WHERE ( ord_id=3743 )  [ RunTime:0.0000s ]
SQL: SELECT `name` FROM `c_tree` WHERE ( id=14 ) LIMIT 1   [ RunTime:0.0000s ]
SQL: SELECT `name` FROM `c_tree` WHERE ( id=200 ) LIMIT 1   [ RunTime:0.0000s ]
SQL: SELECT `name` FROM `c_tree` WHERE ( id=1671 ) LIMIT 1   [ RunTime:0.0000s ]
SQL: SELECT * FROM `c_pro_info` WHERE ( ord_id=3708 )  [ RunTime:0.0000s ]
SQL: SELECT * FROM `c_zp_info` WHERE ( ord_id=3708 )  [ RunTime:0.0000s ]
SQL: SELECT `name` FROM `c_tree` WHERE ( id=16 ) LIMIT 1   [ RunTime:0.0000s ]
SQL: SELECT `name` FROM `c_tree` WHERE ( id=222 ) LIMIT 1   [ RunTime:0.0000s ]
SQL: SELECT `name` FROM `c_tree` WHERE ( id=1874 ) LIMIT 1   [ RunTime:0.0000s ]
SQL: SELECT * FROM `c_pro_info` WHERE ( ord_id=3678 )  [ RunTime:0.0000s ]
SQL: SELECT * FROM `c_zp_info` WHERE ( ord_id=3678 )  [ RunTime:0.0000s ]
SQL: SELECT `name` FROM `c_tree` WHERE ( id=0 ) LIMIT 1   [ RunTime:0.0000s ]
SQL: SELECT `name` FROM `c_tree` WHERE ( id=0 ) LIMIT 1   [ RunTime:0.0000s ]
SQL: SELECT `name` FROM `c_tree` WHERE ( id=0 ) LIMIT 1   [ RunTime:0.0000s ]
SQL: SELECT * FROM `c_pro_info` WHERE ( ord_id=3677 )  [ RunTime:0.0000s ]
SQL: SELECT * FROM `c_zp_info` WHERE ( ord_id=3677 )  [ RunTime:0.0000s ]
SQL: SELECT `name` FROM `c_tree` WHERE ( id=6 ) LIMIT 1   [ RunTime:0.0000s ]
SQL: SELECT `name` FROM `c_tree` WHERE ( id=79 ) LIMIT 1   [ RunTime:0.0000s ]
SQL: SELECT `name` FROM `c_tree` WHERE ( id=736 ) LIMIT 1   [ RunTime:0.0000s ]
SQL: SELECT * FROM `c_pro_info` WHERE ( ord_id=3672 )  [ RunTime:0.0000s ]
SQL: SELECT * FROM `c_zp_info` WHERE ( ord_id=3672 )  [ RunTime:0.0000s ]
SQL: SELECT `name` FROM `c_tree` WHERE ( id=5 ) LIMIT 1   [ RunTime:0.0000s ]
SQL: SELECT `name` FROM `c_tree` WHERE ( id=66 ) LIMIT 1   [ RunTime:0.0000s ]
SQL: SELECT `name` FROM `c_tree` WHERE ( id=633 ) LIMIT 1   [ RunTime:0.0000s ]
SQL: SELECT * FROM `c_pro_info` WHERE ( ord_id=3665 )  [ RunTime:0.0000s ]
SQL: SELECT * FROM `c_zp_info` WHERE ( ord_id=3665 )  [ RunTime:0.0000s ]
SQL: SELECT `name` FROM `c_tree` WHERE ( id=26 ) LIMIT 1   [ RunTime:0.0000s ]
SQL: SELECT `name` FROM `c_tree` WHERE ( id=337 ) LIMIT 1   [ RunTime:0.0000s ]
SQL: SELECT `name` FROM `c_tree` WHERE ( id=2872 ) LIMIT 1   [ RunTime:0.0000s ]
SQL: SELECT * FROM `c_pro_info` WHERE ( ord_id=3655 )  [ RunTime:0.0000s ]
SQL: SELECT * FROM `c_zp_info` WHERE ( ord_id=3655 )  [ RunTime:0.0000s ]
SQL: SELECT `name` FROM `c_tree` WHERE ( id=3 ) LIMIT 1   [ RunTime:0.0000s ]
SQL: SELECT `name` FROM `c_tree` WHERE ( id=40 ) LIMIT 1   [ RunTime:0.0000s ]
SQL: SELECT `name` FROM `c_tree` WHERE ( id=429 ) LIMIT 1   [ RunTime:0.0000s ]
SQL: SELECT * FROM `c_pro_info` WHERE ( ord_id=3635 )  [ RunTime:0.0000s ]
SQL: SELECT * FROM `c_zp_info` WHERE ( ord_id=3635 )  [ RunTime:0.0000s ]
SQL: SELECT `name` FROM `c_tree` WHERE ( id=6 ) LIMIT 1   [ RunTime:0.0000s ]
SQL: SELECT `name` FROM `c_tree` WHERE ( id=84 ) LIMIT 1   [ RunTime:0.0000s ]
SQL: SELECT `name` FROM `c_tree` WHERE ( id=773 ) LIMIT 1   [ RunTime:0.0000s ]
SQL: SELECT * FROM `c_pro_info` WHERE ( ord_id=3614 )  [ RunTime:0.0000s ]
SQL: SELECT * FROM `c_zp_info` WHERE ( ord_id=3614 )  [ RunTime:0.0000s ]
SQL: SELECT `name` FROM `c_tree` WHERE ( id=6 ) LIMIT 1   [ RunTime:0.0000s ]
SQL: SELECT `name` FROM `c_tree` WHERE ( id=81 ) LIMIT 1   [ RunTime:0.0000s ]
SQL: SELECT `name` FROM `c_tree` WHERE ( id=751 ) LIMIT 1   [ RunTime:0.0000s ]
SQL: SELECT * FROM `c_pro_info` WHERE ( ord_id=3612 )  [ RunTime:0.0000s ]
SQL: SELECT * FROM `c_zp_info` WHERE ( ord_id=3612 )  [ RunTime:0.0000s ]
SQL: SELECT `name` FROM `c_tree` WHERE ( id=14 ) LIMIT 1   [ RunTime:0.0000s ]
SQL: SELECT `name` FROM `c_tree` WHERE ( id=209 ) LIMIT 1   [ RunTime:0.0000s ]
SQL: SELECT `name` FROM `c_tree` WHERE ( id=1760 ) LIMIT 1   [ RunTime:0.0000s ]
SQL: SELECT * FROM `c_pro_info` WHERE ( ord_id=3589 )  [ RunTime:0.0000s ]
SQL: SELECT * FROM `c_zp_info` WHERE ( ord_id=3589 )  [ RunTime:0.0000s ]
SQL: SELECT `name` FROM `c_tree` WHERE ( id=3 ) LIMIT 1   [ RunTime:0.0000s ]
SQL: SELECT `name` FROM `c_tree` WHERE ( id=48 ) LIMIT 1   [ RunTime:0.0000s ]
SQL: SELECT `name` FROM `c_tree` WHERE ( id=478 ) LIMIT 1   [ RunTime:0.0000s ]
SQL: SELECT * FROM `c_pro_info` WHERE ( ord_id=3584 )  [ RunTime:0.0000s ]
SQL: SELECT * FROM `c_zp_info` WHERE ( ord_id=3584 )  [ RunTime:0.0000s ]
SQL: SELECT `name` FROM `c_tree` WHERE ( id=16 ) LIMIT 1   [ RunTime:0.0000s ]
SQL: SELECT `name` FROM `c_tree` WHERE ( id=222 ) LIMIT 1   [ RunTime:0.0000s ]
SQL: SELECT `name` FROM `c_tree` WHERE ( id=1874 ) LIMIT 1   [ RunTime:0.0000s ]
SQL: SELECT * FROM `c_pro_info` WHERE ( ord_id=3569 )  [ RunTime:0.0000s ]
SQL: SELECT * FROM `c_zp_info` WHERE ( ord_id=3569 )  [ RunTime:0.0000s ]
SQL: SELECT `name` FROM `c_tree` WHERE ( id=16 ) LIMIT 1   [ RunTime:0.0000s ]
SQL: SELECT `name` FROM `c_tree` WHERE ( id=231 ) LIMIT 1   [ RunTime:0.0000s ]
SQL: SELECT `name` FROM `c_tree` WHERE ( id=1950 ) LIMIT 1   [ RunTime:0.0000s ]
SQL: SELECT * FROM `c_pro_info` WHERE ( ord_id=3567 )  [ RunTime:0.0000s ]
SQL: SELECT * FROM `c_zp_info` WHERE ( ord_id=3567 )  [ RunTime:0.0000s ]
SQL: SELECT `name` FROM `c_tree` WHERE ( id=3 ) LIMIT 1   [ RunTime:0.0000s ]
SQL: SELECT `name` FROM `c_tree` WHERE ( id=49 ) LIMIT 1   [ RunTime:0.0000s ]
SQL: SELECT `name` FROM `c_tree` WHERE ( id=482 ) LIMIT 1   [ RunTime:0.0000s ]
SQL: SELECT * FROM `c_pro_info` WHERE ( ord_id=3564 )  [ RunTime:0.0000s ]
SQL: SELECT * FROM `c_zp_info` WHERE ( ord_id=3564 )  [ RunTime:0.0000s ]
SQL: SELECT `name` FROM `c_tree` WHERE ( id=26 ) LIMIT 1   [ RunTime:0.0000s ]
SQL: SELECT `name` FROM `c_tree` WHERE ( id=323 ) LIMIT 1   [ RunTime:0.0000s ]
SQL: SELECT `name` FROM `c_tree` WHERE ( id=2757 ) LIMIT 1   [ RunTime:0.0000s ]
SQL: SELECT * FROM `c_pro_info` WHERE ( ord_id=3561 )  [ RunTime:0.0000s ]
SQL: SELECT * FROM `c_zp_info` WHERE ( ord_id=3561 )  [ RunTime:0.0000s ]
INFO: [ view_parse ] --START--
INFO: [ template_filter ] --START--
INFO: Run Behavior\ContentReplaceBehavior [ RunTime:0.000000s ]
INFO: [ template_filter ] --END-- [ RunTime:0.000000s ]
INFO: Run Behavior\ParseTemplateBehavior [ RunTime:0.062500s ]
INFO: [ view_parse ] --END-- [ RunTime:0.062500s ]
INFO: [ view_filter ] --START--
INFO: Run Behavior\WriteHtmlCacheBehavior [ RunTime:0.000000s ]
INFO: [ view_filter ] --END-- [ RunTime:0.000000s ]
INFO: [ app_end ] --START--
INFO: Run Behavior\ShowPageTraceBehavior [ RunTime:0.000000s ]
INFO: [ app_end ] --END-- [ RunTime:0.000000s ]

[ 2020-09-27T18:59:03+08:00 ] 123.151.77.90 /index.php/Admin/Jzx/add_case
INFO: [ app_init ] --START--
INFO: Run Behavior\BuildLiteBehavior [ RunTime:0.000000s ]
INFO: [ app_init ] --END-- [ RunTime:0.000000s ]
INFO: [ app_begin ] --START--
INFO: Run Behavior\ReadHtmlCacheBehavior [ RunTime:0.000000s ]
INFO: [ app_begin ] --END-- [ RunTime:0.000000s ]
SQL: SHOW COLUMNS FROM `c_auth_group_access` [ RunTime:0.0000s ]
SQL: SELECT `uid`,`group_id`,`title`,`rules` FROM c_auth_group_access a INNER JOIN c_auth_group g on a.group_id=g.id  WHERE ( a.uid='176' and g.status='1' )  [ RunTime:0.0000s ]
SQL: SHOW COLUMNS FROM `c_auth_rule` [ RunTime:0.0000s ]
SQL: SELECT `condition`,`name` FROM `c_auth_rule` WHERE `id` IN ('6','96','137','147','148','149','150','152','156','162','159','157','158') AND `type` = 1 AND `status` = 1  [ RunTime:0.0000s ]
NOTIC: [2048] Declaration of Common\Model\AdminNavModel::getTreeData() should be compatible with that of Common\Model\BaseModel::getTreeData() C:\wwwroot\oa.52lvu.cn\Application\Common\Model\AdminNavModel.class.php 第 7 行.
SQL: SHOW COLUMNS FROM `c_admin_nav` [ RunTime:0.0000s ]
SQL: SELECT * FROM `c_admin_nav` ORDER BY order_number is null,`order_number`,`id`  [ RunTime:0.0000s ]
SQL: SHOW COLUMNS FROM `c_tree` [ RunTime:0.0000s ]
SQL: SELECT * FROM `c_tree` WHERE `pid` = 1  [ RunTime:0.0000s ]
INFO: [ view_parse ] --START--
INFO: [ template_filter ] --START--
INFO: Run Behavior\ContentReplaceBehavior [ RunTime:0.000000s ]
INFO: [ template_filter ] --END-- [ RunTime:0.000000s ]
INFO: Run Behavior\ParseTemplateBehavior [ RunTime:0.031250s ]
INFO: [ view_parse ] --END-- [ RunTime:0.031250s ]
INFO: [ view_filter ] --START--
INFO: Run Behavior\WriteHtmlCacheBehavior [ RunTime:0.000000s ]
INFO: [ view_filter ] --END-- [ RunTime:0.000000s ]
INFO: [ app_end ] --START--
INFO: Run Behavior\ShowPageTraceBehavior [ RunTime:0.000000s ]
INFO: [ app_end ] --END-- [ RunTime:0.000000s ]

[ 2020-09-27T18:59:47+08:00 ] 113.96.232.119 /index.php/Admin/Jzx/add_case
INFO: [ app_init ] --START--
INFO: Run Behavior\BuildLiteBehavior [ RunTime:0.000000s ]
INFO: [ app_init ] --END-- [ RunTime:0.000000s ]
INFO: [ app_begin ] --START--
INFO: Run Behavior\ReadHtmlCacheBehavior [ RunTime:0.000000s ]
INFO: [ app_begin ] --END-- [ RunTime:0.000000s ]
NOTIC: [8] Undefined index: user C:\wwwroot\oa.52lvu.cn\Application\Common\Controller\AdminBaseController.class.php 第 15 行.
SQL: SHOW COLUMNS FROM `c_auth_group_access` [ RunTime:0.0000s ]
SQL: SELECT `uid`,`group_id`,`title`,`rules` FROM c_auth_group_access a INNER JOIN c_auth_group g on a.group_id=g.id  WHERE ( a.uid='' and g.status='1' )  [ RunTime:0.0000s ]
SQL: SHOW COLUMNS FROM `c_auth_rule` [ RunTime:0.0000s ]
SQL: SELECT `condition`,`name` FROM `c_auth_rule` WHERE `id` IN ('6','96','137','147','148','149','150','152','156','162','159','157','158') AND `type` = 1 AND `status` = 1  [ RunTime:0.0000s ]
NOTIC: [2048] Declaration of Common\Model\AdminNavModel::getTreeData() should be compatible with that of Common\Model\BaseModel::getTreeData() C:\wwwroot\oa.52lvu.cn\Application\Common\Model\AdminNavModel.class.php 第 7 行.
SQL: SHOW COLUMNS FROM `c_admin_nav` [ RunTime:0.0156s ]
SQL: SELECT * FROM `c_admin_nav` ORDER BY order_number is null,`order_number`,`id`  [ RunTime:0.0000s ]
NOTIC: [8] Undefined index: user C:\wwwroot\oa.52lvu.cn\Application\Common\Model\AdminNavModel.class.php 第 45 行.
NOTIC: [8] Undefined index: user C:\wwwroot\oa.52lvu.cn\Application\Common\Model\AdminNavModel.class.php 第 45 行.
NOTIC: [8] Undefined index: user C:\wwwroot\oa.52lvu.cn\Application\Common\Model\AdminNavModel.class.php 第 45 行.
NOTIC: [8] Undefined index: user C:\wwwroot\oa.52lvu.cn\Application\Common\Model\AdminNavModel.class.php 第 45 行.
NOTIC: [8] Undefined index: user C:\wwwroot\oa.52lvu.cn\Application\Common\Model\AdminNavModel.class.php 第 45 行.
NOTIC: [8] Undefined index: user C:\wwwroot\oa.52lvu.cn\Application\Common\Model\AdminNavModel.class.php 第 47 行.
NOTIC: [8] Undefined index: user C:\wwwroot\oa.52lvu.cn\Application\Common\Model\AdminNavModel.class.php 第 45 行.
NOTIC: [8] Undefined index: user C:\wwwroot\oa.52lvu.cn\Application\Common\Model\AdminNavModel.class.php 第 47 行.
SQL: SHOW COLUMNS FROM `c_tree` [ RunTime:0.0000s ]
SQL: SELECT * FROM `c_tree` WHERE `pid` = 1  [ RunTime:0.0000s ]
INFO: [ view_parse ] --START--
INFO: [ template_filter ] --START--
INFO: Run Behavior\ContentReplaceBehavior [ RunTime:0.015625s ]
INFO: [ template_filter ] --END-- [ RunTime:0.015625s ]
NOTIC: [8] Undefined index: user C:\wwwroot\oa.52lvu.cn\Runtime\Cache\Admin\ea1da546275d5c90d44f26e2a75ce7f2.php 第 87 行.
INFO: Run Behavior\ParseTemplateBehavior [ RunTime:0.031250s ]
INFO: [ view_parse ] --END-- [ RunTime:0.031250s ]
INFO: [ view_filter ] --START--
INFO: Run Behavior\WriteHtmlCacheBehavior [ RunTime:0.000000s ]
INFO: [ view_filter ] --END-- [ RunTime:0.000000s ]
INFO: [ app_end ] --START--
INFO: Run Behavior\ShowPageTraceBehavior [ RunTime:0.000000s ]
INFO: [ app_end ] --END-- [ RunTime:0.000000s ]

[ 2020-09-27T19:00:19+08:00 ] 106.34.67.111 /index.php/Admin/Jzx/getRegion?pid=16&type=2
INFO: [ app_init ] --START--
INFO: Run Behavior\BuildLiteBehavior [ RunTime:0.000000s ]
INFO: [ app_init ] --END-- [ RunTime:0.000000s ]
INFO: [ app_begin ] --START--
INFO: Run Behavior\ReadHtmlCacheBehavior [ RunTime:0.000000s ]
INFO: [ app_begin ] --END-- [ RunTime:0.000000s ]
SQL: SHOW COLUMNS FROM `c_auth_group_access` [ RunTime:0.0000s ]
SQL: SELECT `uid`,`group_id`,`title`,`rules` FROM c_auth_group_access a INNER JOIN c_auth_group g on a.group_id=g.id  WHERE ( a.uid='176' and g.status='1' )  [ RunTime:0.0000s ]
SQL: SHOW COLUMNS FROM `c_auth_rule` [ RunTime:0.0000s ]
SQL: SELECT `condition`,`name` FROM `c_auth_rule` WHERE `id` IN ('6','96','137','147','148','149','150','152','156','162','159','157','158') AND `type` = 1 AND `status` = 1  [ RunTime:0.0000s ]
NOTIC: [2048] Declaration of Common\Model\AdminNavModel::getTreeData() should be compatible with that of Common\Model\BaseModel::getTreeData() C:\wwwroot\oa.52lvu.cn\Application\Common\Model\AdminNavModel.class.php 第 7 行.
SQL: SHOW COLUMNS FROM `c_admin_nav` [ RunTime:0.0000s ]
SQL: SELECT * FROM `c_admin_nav` ORDER BY order_number is null,`order_number`,`id`  [ RunTime:0.0000s ]
SQL: SHOW COLUMNS FROM `c_tree` [ RunTime:0.0000s ]
SQL: SELECT * FROM `c_tree` WHERE `pid` = 16 AND `type` = 2  [ RunTime:0.0000s ]
INFO: [ app_end ] --START--
INFO: Run Behavior\ShowPageTraceBehavior [ RunTime:0.000000s ]
INFO: [ app_end ] --END-- [ RunTime:0.000000s ]

[ 2020-09-27T19:00:21+08:00 ] 106.34.67.111 /index.php/Admin/Jzx/getRegion?pid=223&type=3
INFO: [ app_init ] --START--
INFO: Run Behavior\BuildLiteBehavior [ RunTime:0.000000s ]
INFO: [ app_init ] --END-- [ RunTime:0.000000s ]
INFO: [ app_begin ] --START--
INFO: Run Behavior\ReadHtmlCacheBehavior [ RunTime:0.000000s ]
INFO: [ app_begin ] --END-- [ RunTime:0.000000s ]
SQL: SHOW COLUMNS FROM `c_auth_group_access` [ RunTime:0.0000s ]
SQL: SELECT `uid`,`group_id`,`title`,`rules` FROM c_auth_group_access a INNER JOIN c_auth_group g on a.group_id=g.id  WHERE ( a.uid='176' and g.status='1' )  [ RunTime:0.0000s ]
SQL: SHOW COLUMNS FROM `c_auth_rule` [ RunTime:0.0000s ]
SQL: SELECT `condition`,`name` FROM `c_auth_rule` WHERE `id` IN ('6','96','137','147','148','149','150','152','156','162','159','157','158') AND `type` = 1 AND `status` = 1  [ RunTime:0.0000s ]
NOTIC: [2048] Declaration of Common\Model\AdminNavModel::getTreeData() should be compatible with that of Common\Model\BaseModel::getTreeData() C:\wwwroot\oa.52lvu.cn\Application\Common\Model\AdminNavModel.class.php 第 7 行.
SQL: SHOW COLUMNS FROM `c_admin_nav` [ RunTime:0.0000s ]
SQL: SELECT * FROM `c_admin_nav` ORDER BY order_number is null,`order_number`,`id`  [ RunTime:0.0000s ]
SQL: SHOW COLUMNS FROM `c_tree` [ RunTime:0.0000s ]
SQL: SELECT * FROM `c_tree` WHERE `pid` = 223 AND `type` = 3  [ RunTime:0.0000s ]
INFO: [ app_end ] --START--
INFO: Run Behavior\ShowPageTraceBehavior [ RunTime:0.015625s ]
INFO: [ app_end ] --END-- [ RunTime:0.015625s ]

[ 2020-09-27T19:00:52+08:00 ] 106.34.67.111 /index.php/Admin/Jzx/add_case
INFO: [ app_init ] --START--
INFO: Run Behavior\BuildLiteBehavior [ RunTime:0.000000s ]
INFO: [ app_init ] --END-- [ RunTime:0.000000s ]
INFO: [ app_begin ] --START--
INFO: Run Behavior\ReadHtmlCacheBehavior [ RunTime:0.000000s ]
INFO: [ app_begin ] --END-- [ RunTime:0.000000s ]
SQL: SHOW COLUMNS FROM `c_auth_group_access` [ RunTime:0.0000s ]
SQL: SELECT `uid`,`group_id`,`title`,`rules` FROM c_auth_group_access a INNER JOIN c_auth_group g on a.group_id=g.id  WHERE ( a.uid='176' and g.status='1' )  [ RunTime:0.0000s ]
SQL: SHOW COLUMNS FROM `c_auth_rule` [ RunTime:0.0000s ]
SQL: SELECT `condition`,`name` FROM `c_auth_rule` WHERE `id` IN ('6','96','137','147','148','149','150','152','156','162','159','157','158') AND `type` = 1 AND `status` = 1  [ RunTime:0.0000s ]
NOTIC: [2048] Declaration of Common\Model\AdminNavModel::getTreeData() should be compatible with that of Common\Model\BaseModel::getTreeData() C:\wwwroot\oa.52lvu.cn\Application\Common\Model\AdminNavModel.class.php 第 7 行.
SQL: SHOW COLUMNS FROM `c_admin_nav` [ RunTime:0.0000s ]
SQL: SELECT * FROM `c_admin_nav` ORDER BY order_number is null,`order_number`,`id`  [ RunTime:0.0000s ]
SQL: SHOW COLUMNS FROM `c_auth_group_access` [ RunTime:0.0000s ]
SQL: SELECT `group_id` FROM `c_auth_group_access` WHERE ( uid=176 ) LIMIT 1   [ RunTime:0.0000s ]
NOTIC: [8] Undefined index: pro_info C:\wwwroot\oa.52lvu.cn\Application\Admin\Controller\JzxController.class.php 第 152 行.
SQL: SHOW COLUMNS FROM `c_case_jzx` [ RunTime:0.0000s ]
SQL: INSERT INTO `c_case_jzx` (`name`,`phone`,`sex`,`all_money`,`prepaid_money`,`collection_money`,`pay_order`,`order_type`,`province`,`city`,`town`,`address`,`content`,`write_name`,`write_wx`,`pid`,`uid`,`pro_info`,`time`) VALUES ('陶卫成','13815037806','1','693','193','500','1','1','16','223','1883','新景花苑12幢乙单元1201','','刘雅莉','fxt0237','11','176','','1601204452') [ RunTime:0.0156s ]
SQL: SHOW COLUMNS FROM `c_pro_info` [ RunTime:0.0000s ]
SQL: INSERT INTO `c_pro_info` (`pro_info`,`num`,`guige`,`ord_id`) VALUES ('清咽散','1','盒','3788') [ RunTime:0.0000s ]
SQL: INSERT INTO `c_pro_info` (`pro_info`,`num`,`guige`,`ord_id`) VALUES ('舒咽贴','1','盒','3788') [ RunTime:0.0000s ]
SQL: SHOW COLUMNS FROM `c_zp_info` [ RunTime:0.0000s ]
SQL: INSERT INTO `c_zp_info` (`zp_info`,`num`,`guige`,`ord_id`) VALUES ('','','盒','3788') [ RunTime:0.0000s ]
NOTIC: [8] Undefined variable: id C:\wwwroot\oa.52lvu.cn\Application\Admin\Controller\JzxController.class.php 第 173 行.
SQL: SHOW COLUMNS FROM `c_log` [ RunTime:0.0000s ]
NOTIC: [8] A session had already been started - ignoring session_start() C:\wwwroot\oa.52lvu.cn\Application\Common\Common\function.php 第 1497 行.
SQL: SHOW COLUMNS FROM `c_users` [ RunTime:0.0000s ]
SQL: SELECT `username` FROM `c_users` WHERE `id` = 176 LIMIT 1   [ RunTime:0.0000s ]
SQL: INSERT INTO `c_log` (`name`,`t`,`ip`,`log`) VALUES ('刘雅莉','1601204452','106.34.67.111','添加订单ID：') [ RunTime:0.0000s ]
INFO: [ view_parse ] --START--
INFO: [ template_filter ] --START--
INFO: Run Behavior\ContentReplaceBehavior [ RunTime:0.000000s ]
INFO: [ template_filter ] --END-- [ RunTime:0.000000s ]
INFO: Run Behavior\ParseTemplateBehavior [ RunTime:0.015625s ]
INFO: [ view_parse ] --END-- [ RunTime:0.015625s ]
INFO: [ view_filter ] --START--
INFO: Run Behavior\WriteHtmlCacheBehavior [ RunTime:0.000000s ]
INFO: [ view_filter ] --END-- [ RunTime:0.000000s ]
INFO: [ app_end ] --START--
INFO: Run Behavior\ShowPageTraceBehavior [ RunTime:0.000000s ]
INFO: [ app_end ] --END-- [ RunTime:0.000000s ]

[ 2020-09-27T19:00:53+08:00 ] 123.151.77.90 /index.php/Admin/Jzx/index
INFO: [ app_init ] --START--
INFO: Run Behavior\BuildLiteBehavior [ RunTime:0.000000s ]
INFO: [ app_init ] --END-- [ RunTime:0.000977s ]
INFO: [ app_begin ] --START--
INFO: Run Behavior\ReadHtmlCacheBehavior [ RunTime:0.000976s ]
INFO: [ app_begin ] --END-- [ RunTime:0.000976s ]
SQL: SHOW COLUMNS FROM `c_auth_group_access` [ RunTime:0.0010s ]
SQL: SELECT `uid`,`group_id`,`title`,`rules` FROM c_auth_group_access a INNER JOIN c_auth_group g on a.group_id=g.id  WHERE ( a.uid='176' and g.status='1' )  [ RunTime:0.0010s ]
SQL: SHOW COLUMNS FROM `c_auth_rule` [ RunTime:0.0010s ]
SQL: SELECT `condition`,`name` FROM `c_auth_rule` WHERE `id` IN ('6','96','137','147','148','149','150','152','156','162','159','157','158') AND `type` = 1 AND `status` = 1  [ RunTime:0.0000s ]
NOTIC: [2048] Declaration of Common\Model\AdminNavModel::getTreeData() should be compatible with that of Common\Model\BaseModel::getTreeData() C:\wwwroot\oa.52lvu.cn\Application\Common\Model\AdminNavModel.class.php 第 7 行.
SQL: SHOW COLUMNS FROM `c_admin_nav` [ RunTime:0.0010s ]
SQL: SELECT * FROM `c_admin_nav` ORDER BY order_number is null,`order_number`,`id`  [ RunTime:0.0000s ]
SQL: SHOW COLUMNS FROM `c_users` [ RunTime:0.0010s ]
SQL: SELECT `isleader` FROM `c_users` WHERE ( id=176 ) LIMIT 1   [ RunTime:0.0000s ]
SQL: SHOW COLUMNS FROM `c_auth_group` [ RunTime:0.0010s ]
SQL: SELECT `id`,`title` FROM `c_auth_group`  [ RunTime:0.0010s ]
NOTIC: [8] Undefined index: pid C:\wwwroot\oa.52lvu.cn\ThinkPHP\Library\Vendor\Tree.class.php 第 71 行.
NOTIC: [8] Undefined index: pid C:\wwwroot\oa.52lvu.cn\ThinkPHP\Library\Vendor\Tree.class.php 第 71 行.
NOTIC: [8] Undefined index: pid C:\wwwroot\oa.52lvu.cn\ThinkPHP\Library\Vendor\Tree.class.php 第 71 行.
NOTIC: [8] Undefined index: pid C:\wwwroot\oa.52lvu.cn\ThinkPHP\Library\Vendor\Tree.class.php 第 71 行.
NOTIC: [8] Undefined index: pid C:\wwwroot\oa.52lvu.cn\ThinkPHP\Library\Vendor\Tree.class.php 第 71 行.
NOTIC: [8] Undefined index: pid C:\wwwroot\oa.52lvu.cn\ThinkPHP\Library\Vendor\Tree.class.php 第 71 行.
NOTIC: [8] Undefined variable: pid C:\wwwroot\oa.52lvu.cn\ThinkPHP\Library\Vendor\Tree.class.php 第 141 行.
NOTIC: [8] Undefined index: pid C:\wwwroot\oa.52lvu.cn\ThinkPHP\Library\Vendor\Tree.class.php 第 71 行.
NOTIC: [8] Undefined index: pid C:\wwwroot\oa.52lvu.cn\ThinkPHP\Library\Vendor\Tree.class.php 第 71 行.
NOTIC: [8] Undefined index: pid C:\wwwroot\oa.52lvu.cn\ThinkPHP\Library\Vendor\Tree.class.php 第 71 行.
NOTIC: [8] Undefined index: pid C:\wwwroot\oa.52lvu.cn\ThinkPHP\Library\Vendor\Tree.class.php 第 71 行.
NOTIC: [8] Undefined index: pid C:\wwwroot\oa.52lvu.cn\ThinkPHP\Library\Vendor\Tree.class.php 第 71 行.
NOTIC: [8] Undefined index: pid C:\wwwroot\oa.52lvu.cn\ThinkPHP\Library\Vendor\Tree.class.php 第 71 行.
NOTIC: [8] Undefined variable: pid C:\wwwroot\oa.52lvu.cn\ThinkPHP\Library\Vendor\Tree.class.php 第 141 行.
NOTIC: [8] Undefined index: pid C:\wwwroot\oa.52lvu.cn\ThinkPHP\Library\Vendor\Tree.class.php 第 71 行.
NOTIC: [8] Undefined index: pid C:\wwwroot\oa.52lvu.cn\ThinkPHP\Library\Vendor\Tree.class.php 第 71 行.
NOTIC: [8] Undefined index: pid C:\wwwroot\oa.52lvu.cn\ThinkPHP\Library\Vendor\Tree.class.php 第 71 行.
NOTIC: [8] Undefined index: pid C:\wwwroot\oa.52lvu.cn\ThinkPHP\Library\Vendor\Tree.class.php 第 71 行.
NOTIC: [8] Undefined index: pid C:\wwwroot\oa.52lvu.cn\ThinkPHP\Library\Vendor\Tree.class.php 第 71 行.
NOTIC: [8] Undefined index: pid C:\wwwroot\oa.52lvu.cn\ThinkPHP\Library\Vendor\Tree.class.php 第 71 行.
NOTIC: [8] Undefined variable: pid C:\wwwroot\oa.52lvu.cn\ThinkPHP\Library\Vendor\Tree.class.php 第 141 行.
NOTIC: [8] Undefined index: pid C:\wwwroot\oa.52lvu.cn\ThinkPHP\Library\Vendor\Tree.class.php 第 71 行.
NOTIC: [8] Undefined index: pid C:\wwwroot\oa.52lvu.cn\ThinkPHP\Library\Vendor\Tree.class.php 第 71 行.
NOTIC: [8] Undefined index: pid C:\wwwroot\oa.52lvu.cn\ThinkPHP\Library\Vendor\Tree.class.php 第 71 行.
NOTIC: [8] Undefined index: pid C:\wwwroot\oa.52lvu.cn\ThinkPHP\Library\Vendor\Tree.class.php 第 71 行.
NOTIC: [8] Undefined index: pid C:\wwwroot\oa.52lvu.cn\ThinkPHP\Library\Vendor\Tree.class.php 第 71 行.
NOTIC: [8] Undefined index: pid C:\wwwroot\oa.52lvu.cn\ThinkPHP\Library\Vendor\Tree.class.php 第 71 行.
NOTIC: [8] Undefined variable: pid C:\wwwroot\oa.52lvu.cn\ThinkPHP\Library\Vendor\Tree.class.php 第 141 行.
NOTIC: [8] Undefined index: pid C:\wwwroot\oa.52lvu.cn\ThinkPHP\Library\Vendor\Tree.class.php 第 71 行.
NOTIC: [8] Undefined index: pid C:\wwwroot\oa.52lvu.cn\ThinkPHP\Library\Vendor\Tree.class.php 第 71 行.
NOTIC: [8] Undefined index: pid C:\wwwroot\oa.52lvu.cn\ThinkPHP\Library\Vendor\Tree.class.php 第 71 行.
NOTIC: [8] Undefined index: pid C:\wwwroot\oa.52lvu.cn\ThinkPHP\Library\Vendor\Tree.class.php 第 71 行.
NOTIC: [8] Undefined index: pid C:\wwwroot\oa.52lvu.cn\ThinkPHP\Library\Vendor\Tree.class.php 第 71 行.
NOTIC: [8] Undefined index: pid C:\wwwroot\oa.52lvu.cn\ThinkPHP\Library\Vendor\Tree.class.php 第 71 行.
NOTIC: [8] Undefined variable: pid C:\wwwroot\oa.52lvu.cn\ThinkPHP\Library\Vendor\Tree.class.php 第 141 行.
NOTIC: [8] Undefined index: pid C:\wwwroot\oa.52lvu.cn\ThinkPHP\Library\Vendor\Tree.class.php 第 71 行.
NOTIC: [8] Undefined index: pid C:\wwwroot\oa.52lvu.cn\ThinkPHP\Library\Vendor\Tree.class.php 第 71 行.
NOTIC: [8] Undefined index: pid C:\wwwroot\oa.52lvu.cn\ThinkPHP\Library\Vendor\Tree.class.php 第 71 行.
NOTIC: [8] Undefined index: pid C:\wwwroot\oa.52lvu.cn\ThinkPHP\Library\Vendor\Tree.class.php 第 71 行.
NOTIC: [8] Undefined index: pid C:\wwwroot\oa.52lvu.cn\ThinkPHP\Library\Vendor\Tree.class.php 第 71 行.
NOTIC: [8] Undefined index: pid C:\wwwroot\oa.52lvu.cn\ThinkPHP\Library\Vendor\Tree.class.php 第 71 行.
NOTIC: [8] Undefined variable: pid C:\wwwroot\oa.52lvu.cn\ThinkPHP\Library\Vendor\Tree.class.php 第 141 行.
NOTIC: [8] Undefined index: pid C:\wwwroot\oa.52lvu.cn\ThinkPHP\Library\Vendor\Tree.class.php 第 71 行.
NOTIC: [8] Undefined index: pid C:\wwwroot\oa.52lvu.cn\ThinkPHP\Library\Vendor\Tree.class.php 第 71 行.
NOTIC: [8] Undefined index: pid C:\wwwroot\oa.52lvu.cn\ThinkPHP\Library\Vendor\Tree.class.php 第 71 行.
NOTIC: [8] Undefined index: pid C:\wwwroot\oa.52lvu.cn\ThinkPHP\Library\Vendor\Tree.class.php 第 71 行.
NOTIC: [8] Undefined index: pid C:\wwwroot\oa.52lvu.cn\ThinkPHP\Library\Vendor\Tree.class.php 第 71 行.
NOTIC: [8] Undefined index: pid C:\wwwroot\oa.52lvu.cn\ThinkPHP\Library\Vendor\Tree.class.php 第 71 行.
SQL: SHOW COLUMNS FROM `c_case_jzx` [ RunTime:0.0010s ]
SQL: SELECT COUNT(*) AS tp_count FROM `c_case_jzx` WHERE `uid` = 176 LIMIT 1   [ RunTime:0.0010s ]
NOTIC: [2048] Only variables should be passed by reference C:\wwwroot\oa.52lvu.cn\ThinkPHP\Library\Think\Db\Driver.class.php 第 769 行.
SQL: SELECT * FROM `c_case_jzx` WHERE `uid` = 176 ORDER BY `time` desc LIMIT 0,100   [ RunTime:0.0010s ]
SQL: SHOW COLUMNS FROM `c_tree` [ RunTime:0.0010s ]
SQL: SELECT `name` FROM `c_tree` WHERE ( id=16 ) LIMIT 1   [ RunTime:0.0000s ]
SQL: SELECT `name` FROM `c_tree` WHERE ( id=223 ) LIMIT 1   [ RunTime:0.0000s ]
SQL: SELECT `name` FROM `c_tree` WHERE ( id=1883 ) LIMIT 1   [ RunTime:0.0000s ]
SQL: SHOW COLUMNS FROM `c_pro_info` [ RunTime:0.0010s ]
SQL: SELECT * FROM `c_pro_info` WHERE ( ord_id=3788 )  [ RunTime:0.0010s ]
SQL: SHOW COLUMNS FROM `c_zp_info` [ RunTime:0.0010s ]
SQL: SELECT * FROM `c_zp_info` WHERE ( ord_id=3788 )  [ RunTime:0.0000s ]
SQL: SELECT `name` FROM `c_tree` WHERE ( id=26 ) LIMIT 1   [ RunTime:0.0010s ]
SQL: SELECT `name` FROM `c_tree` WHERE ( id=323 ) LIMIT 1   [ RunTime:0.0000s ]
SQL: SELECT `name` FROM `c_tree` WHERE ( id=2757 ) LIMIT 1   [ RunTime:0.0000s ]
SQL: SELECT * FROM `c_pro_info` WHERE ( ord_id=3786 )  [ RunTime:0.0020s ]
SQL: SELECT * FROM `c_zp_info` WHERE ( ord_id=3786 )  [ RunTime:0.0000s ]
SQL: SELECT `name` FROM `c_tree` WHERE ( id=26 ) LIMIT 1   [ RunTime:0.0000s ]
SQL: SELECT `name` FROM `c_tree` WHERE ( id=337 ) LIMIT 1   [ RunTime:0.0000s ]
SQL: SELECT `name` FROM `c_tree` WHERE ( id=2872 ) LIMIT 1   [ RunTime:0.0000s ]
SQL: SELECT * FROM `c_pro_info` WHERE ( ord_id=3781 )  [ RunTime:0.0010s ]
SQL: SELECT * FROM `c_zp_info` WHERE ( ord_id=3781 )  [ RunTime:0.0010s ]
SQL: SELECT `name` FROM `c_tree` WHERE ( id=16 ) LIMIT 1   [ RunTime:0.0010s ]
SQL: SELECT `name` FROM `c_tree` WHERE ( id=222 ) LIMIT 1   [ RunTime:0.0000s ]
SQL: SELECT `name` FROM `c_tree` WHERE ( id=1874 ) LIMIT 1   [ RunTime:0.0000s ]
SQL: SELECT * FROM `c_pro_info` WHERE ( ord_id=3777 )  [ RunTime:0.0020s ]
SQL: SELECT * FROM `c_zp_info` WHERE ( ord_id=3777 )  [ RunTime:0.0000s ]
SQL: SELECT `name` FROM `c_tree` WHERE ( id=29 ) LIMIT 1   [ RunTime:0.0000s ]
SQL: SELECT `name` FROM `c_tree` WHERE ( id=351 ) LIMIT 1   [ RunTime:0.0000s ]
SQL: SELECT `name` FROM `c_tree` WHERE ( id=0 ) LIMIT 1   [ RunTime:0.0000s ]
SQL: SELECT * FROM `c_pro_info` WHERE ( ord_id=3747 )  [ RunTime:0.0010s ]
SQL: SELECT * FROM `c_zp_info` WHERE ( ord_id=3747 )  [ RunTime:0.0000s ]
SQL: SELECT `name` FROM `c_tree` WHERE ( id=16 ) LIMIT 1   [ RunTime:0.0010s ]
SQL: SELECT `name` FROM `c_tree` WHERE ( id=223 ) LIMIT 1   [ RunTime:0.0000s ]
SQL: SELECT `name` FROM `c_tree` WHERE ( id=1883 ) LIMIT 1   [ RunTime:0.0000s ]
SQL: SELECT * FROM `c_pro_info` WHERE ( ord_id=3746 )  [ RunTime:0.0010s ]
SQL: SELECT * FROM `c_zp_info` WHERE ( ord_id=3746 )  [ RunTime:0.0000s ]
SQL: SELECT `name` FROM `c_tree` WHERE ( id=31 ) LIMIT 1   [ RunTime:0.0000s ]
SQL: SELECT `name` FROM `c_tree` WHERE ( id=384 ) LIMIT 1   [ RunTime:0.0010s ]
SQL: SELECT `name` FROM `c_tree` WHERE ( id=3247 ) LIMIT 1   [ RunTime:0.0000s ]
SQL: SELECT * FROM `c_pro_info` WHERE ( ord_id=3743 )  [ RunTime:0.0010s ]
SQL: SELECT * FROM `c_zp_info` WHERE ( ord_id=3743 )  [ RunTime:0.0010s ]
SQL: SELECT `name` FROM `c_tree` WHERE ( id=14 ) LIMIT 1   [ RunTime:0.0000s ]
SQL: SELECT `name` FROM `c_tree` WHERE ( id=200 ) LIMIT 1   [ RunTime:0.0000s ]
SQL: SELECT `name` FROM `c_tree` WHERE ( id=1671 ) LIMIT 1   [ RunTime:0.0000s ]
SQL: SELECT * FROM `c_pro_info` WHERE ( ord_id=3708 )  [ RunTime:0.0010s ]
SQL: SELECT * FROM `c_zp_info` WHERE ( ord_id=3708 )  [ RunTime:0.0000s ]
SQL: SELECT `name` FROM `c_tree` WHERE ( id=16 ) LIMIT 1   [ RunTime:0.0000s ]
SQL: SELECT `name` FROM `c_tree` WHERE ( id=222 ) LIMIT 1   [ RunTime:0.0000s ]
SQL: SELECT `name` FROM `c_tree` WHERE ( id=1874 ) LIMIT 1   [ RunTime:0.0000s ]
SQL: SELECT * FROM `c_pro_info` WHERE ( ord_id=3678 )  [ RunTime:0.0010s ]
SQL: SELECT * FROM `c_zp_info` WHERE ( ord_id=3678 )  [ RunTime:0.0010s ]
SQL: SELECT `name` FROM `c_tree` WHERE ( id=0 ) LIMIT 1   [ RunTime:0.0000s ]
SQL: SELECT `name` FROM `c_tree` WHERE ( id=0 ) LIMIT 1   [ RunTime:0.0000s ]
SQL: SELECT `name` FROM `c_tree` WHERE ( id=0 ) LIMIT 1   [ RunTime:0.0010s ]
SQL: SELECT * FROM `c_pro_info` WHERE ( ord_id=3677 )  [ RunTime:0.0010s ]
SQL: SELECT * FROM `c_zp_info` WHERE ( ord_id=3677 )  [ RunTime:0.0000s ]
SQL: SELECT `name` FROM `c_tree` WHERE ( id=6 ) LIMIT 1   [ RunTime:0.0000s ]
SQL: SELECT `name` FROM `c_tree` WHERE ( id=79 ) LIMIT 1   [ RunTime:0.0000s ]
SQL: SELECT `name` FROM `c_tree` WHERE ( id=736 ) LIMIT 1   [ RunTime:0.0000s ]
SQL: SELECT * FROM `c_pro_info` WHERE ( ord_id=3672 )  [ RunTime:0.0010s ]
SQL: SELECT * FROM `c_zp_info` WHERE ( ord_id=3672 )  [ RunTime:0.0000s ]
SQL: SELECT `name` FROM `c_tree` WHERE ( id=5 ) LIMIT 1   [ RunTime:0.0000s ]
SQL: SELECT `name` FROM `c_tree` WHERE ( id=66 ) LIMIT 1   [ RunTime:0.0000s ]
SQL: SELECT `name` FROM `c_tree` WHERE ( id=633 ) LIMIT 1   [ RunTime:0.0000s ]
SQL: SELECT * FROM `c_pro_info` WHERE ( ord_id=3665 )  [ RunTime:0.0010s ]
SQL: SELECT * FROM `c_zp_info` WHERE ( ord_id=3665 )  [ RunTime:0.0000s ]
SQL: SELECT `name` FROM `c_tree` WHERE ( id=26 ) LIMIT 1   [ RunTime:0.0010s ]
SQL: SELECT `name` FROM `c_tree` WHERE ( id=337 ) LIMIT 1   [ RunTime:0.0000s ]
SQL: SELECT `name` FROM `c_tree` WHERE ( id=2872 ) LIMIT 1   [ RunTime:0.0000s ]
SQL: SELECT * FROM `c_pro_info` WHERE ( ord_id=3655 )  [ RunTime:0.0010s ]
SQL: SELECT * FROM `c_zp_info` WHERE ( ord_id=3655 )  [ RunTime:0.0000s ]
SQL: SELECT `name` FROM `c_tree` WHERE ( id=3 ) LIMIT 1   [ RunTime:0.0000s ]
SQL: SELECT `name` FROM `c_tree` WHERE ( id=40 ) LIMIT 1   [ RunTime:0.0000s ]
SQL: SELECT `name` FROM `c_tree` WHERE ( id=429 ) LIMIT 1   [ RunTime:0.0000s ]
SQL: SELECT * FROM `c_pro_info` WHERE ( ord_id=3635 )  [ RunTime:0.0010s ]
SQL: SELECT * FROM `c_zp_info` WHERE ( ord_id=3635 )  [ RunTime:0.0000s ]
SQL: SELECT `name` FROM `c_tree` WHERE ( id=6 ) LIMIT 1   [ RunTime:0.0010s ]
SQL: SELECT `name` FROM `c_tree` WHERE ( id=84 ) LIMIT 1   [ RunTime:0.0000s ]
SQL: SELECT `name` FROM `c_tree` WHERE ( id=773 ) LIMIT 1   [ RunTime:0.0000s ]
SQL: SELECT * FROM `c_pro_info` WHERE ( ord_id=3614 )  [ RunTime:0.0010s ]
SQL: SELECT * FROM `c_zp_info` WHERE ( ord_id=3614 )  [ RunTime:0.0000s ]
SQL: SELECT `name` FROM `c_tree` WHERE ( id=6 ) LIMIT 1   [ RunTime:0.0000s ]
SQL: SELECT `name` FROM `c_tree` WHERE ( id=81 ) LIMIT 1   [ RunTime:0.0010s ]
SQL: SELECT `name` FROM `c_tree` WHERE ( id=751 ) LIMIT 1   [ RunTime:0.0000s ]
SQL: SELECT * FROM `c_pro_info` WHERE ( ord_id=3612 )  [ RunTime:0.0010s ]
SQL: SELECT * FROM `c_zp_info` WHERE ( ord_id=3612 )  [ RunTime:0.0010s ]
SQL: SELECT `name` FROM `c_tree` WHERE ( id=14 ) LIMIT 1   [ RunTime:0.0000s ]
SQL: SELECT `name` FROM `c_tree` WHERE ( id=209 ) LIMIT 1   [ RunTime:0.0000s ]
SQL: SELECT `name` FROM `c_tree` WHERE ( id=1760 ) LIMIT 1   [ RunTime:0.0000s ]
SQL: SELECT * FROM `c_pro_info` WHERE ( ord_id=3589 )  [ RunTime:0.0010s ]
SQL: SELECT * FROM `c_zp_info` WHERE ( ord_id=3589 )  [ RunTime:0.0000s ]
SQL: SELECT `name` FROM `c_tree` WHERE ( id=3 ) LIMIT 1   [ RunTime:0.0000s ]
SQL: SELECT `name` FROM `c_tree` WHERE ( id=48 ) LIMIT 1   [ RunTime:0.0000s ]
SQL: SELECT `name` FROM `c_tree` WHERE ( id=478 ) LIMIT 1   [ RunTime:0.0000s ]
SQL: SELECT * FROM `c_pro_info` WHERE ( ord_id=3584 )  [ RunTime:0.0010s ]
SQL: SELECT * FROM `c_zp_info` WHERE ( ord_id=3584 )  [ RunTime:0.0010s ]
SQL: SELECT `name` FROM `c_tree` WHERE ( id=16 ) LIMIT 1   [ RunTime:0.0000s ]
SQL: SELECT `name` FROM `c_tree` WHERE ( id=222 ) LIMIT 1   [ RunTime:0.0000s ]
SQL: SELECT `name` FROM `c_tree` WHERE ( id=1874 ) LIMIT 1   [ RunTime:0.0010s ]
SQL: SELECT * FROM `c_pro_info` WHERE ( ord_id=3569 )  [ RunTime:0.0010s ]
SQL: SELECT * FROM `c_zp_info` WHERE ( ord_id=3569 )  [ RunTime:0.0000s ]
SQL: SELECT `name` FROM `c_tree` WHERE ( id=16 ) LIMIT 1   [ RunTime:0.0000s ]
SQL: SELECT `name` FROM `c_tree` WHERE ( id=231 ) LIMIT 1   [ RunTime:0.0000s ]
SQL: SELECT `name` FROM `c_tree` WHERE ( id=1950 ) LIMIT 1   [ RunTime:0.0000s ]
SQL: SELECT * FROM `c_pro_info` WHERE ( ord_id=3567 )  [ RunTime:0.0010s ]
SQL: SELECT * FROM `c_zp_info` WHERE ( ord_id=3567 )  [ RunTime:0.0000s ]
SQL: SELECT `name` FROM `c_tree` WHERE ( id=3 ) LIMIT 1   [ RunTime:0.0000s ]
SQL: SELECT `name` FROM `c_tree` WHERE ( id=49 ) LIMIT 1   [ RunTime:0.0000s ]
SQL: SELECT `name` FROM `c_tree` WHERE ( id=482 ) LIMIT 1   [ RunTime:0.0000s ]
SQL: SELECT * FROM `c_pro_info` WHERE ( ord_id=3564 )  [ RunTime:0.0010s ]
SQL: SELECT * FROM `c_zp_info` WHERE ( ord_id=3564 )  [ RunTime:0.0000s ]
SQL: SELECT `name` FROM `c_tree` WHERE ( id=26 ) LIMIT 1   [ RunTime:0.0010s ]
SQL: SELECT `name` FROM `c_tree` WHERE ( id=323 ) LIMIT 1   [ RunTime:0.0000s ]
SQL: SELECT `name` FROM `c_tree` WHERE ( id=2757 ) LIMIT 1   [ RunTime:0.0000s ]
SQL: SELECT * FROM `c_pro_info` WHERE ( ord_id=3561 )  [ RunTime:0.0010s ]
SQL: SELECT * FROM `c_zp_info` WHERE ( ord_id=3561 )  [ RunTime:0.0000s ]
INFO: [ view_parse ] --START--
INFO: [ template_filter ] --START--
INFO: Run Behavior\ContentReplaceBehavior [ RunTime:0.000000s ]
INFO: [ template_filter ] --END-- [ RunTime:0.000000s ]
INFO: Run Behavior\ParseTemplateBehavior [ RunTime:0.070308s ]
INFO: [ view_parse ] --END-- [ RunTime:0.070308s ]
INFO: [ view_filter ] --START--
INFO: Run Behavior\WriteHtmlCacheBehavior [ RunTime:0.000976s ]
INFO: [ view_filter ] --END-- [ RunTime:0.000976s ]
INFO: [ app_end ] --START--
INFO: Run Behavior\ShowPageTraceBehavior [ RunTime:0.000977s ]
INFO: [ app_end ] --END-- [ RunTime:0.000977s ]

[ 2020-09-27T19:01:00+08:00 ] 123.151.77.90 /index.php/Admin/Jzx/add_case
INFO: [ app_init ] --START--
INFO: Run Behavior\BuildLiteBehavior [ RunTime:0.000000s ]
INFO: [ app_init ] --END-- [ RunTime:0.000000s ]
INFO: [ app_begin ] --START--
INFO: Run Behavior\ReadHtmlCacheBehavior [ RunTime:0.000000s ]
INFO: [ app_begin ] --END-- [ RunTime:0.000000s ]
SQL: SHOW COLUMNS FROM `c_auth_group_access` [ RunTime:0.0000s ]
SQL: SELECT `uid`,`group_id`,`title`,`rules` FROM c_auth_group_access a INNER JOIN c_auth_group g on a.group_id=g.id  WHERE ( a.uid='176' and g.status='1' )  [ RunTime:0.0000s ]
SQL: SHOW COLUMNS FROM `c_auth_rule` [ RunTime:0.0000s ]
SQL: SELECT `condition`,`name` FROM `c_auth_rule` WHERE `id` IN ('6','96','137','147','148','149','150','152','156','162','159','157','158') AND `type` = 1 AND `status` = 1  [ RunTime:0.0000s ]
NOTIC: [2048] Declaration of Common\Model\AdminNavModel::getTreeData() should be compatible with that of Common\Model\BaseModel::getTreeData() C:\wwwroot\oa.52lvu.cn\Application\Common\Model\AdminNavModel.class.php 第 7 行.
SQL: SHOW COLUMNS FROM `c_admin_nav` [ RunTime:0.0000s ]
SQL: SELECT * FROM `c_admin_nav` ORDER BY order_number is null,`order_number`,`id`  [ RunTime:0.0000s ]
SQL: SHOW COLUMNS FROM `c_tree` [ RunTime:0.0000s ]
SQL: SELECT * FROM `c_tree` WHERE `pid` = 1  [ RunTime:0.0000s ]
INFO: [ view_parse ] --START--
INFO: [ template_filter ] --START--
INFO: Run Behavior\ContentReplaceBehavior [ RunTime:0.000000s ]
INFO: [ template_filter ] --END-- [ RunTime:0.000000s ]
INFO: Run Behavior\ParseTemplateBehavior [ RunTime:0.031250s ]
INFO: [ view_parse ] --END-- [ RunTime:0.031250s ]
INFO: [ view_filter ] --START--
INFO: Run Behavior\WriteHtmlCacheBehavior [ RunTime:0.000000s ]
INFO: [ view_filter ] --END-- [ RunTime:0.000000s ]
INFO: [ app_end ] --START--
INFO: Run Behavior\ShowPageTraceBehavior [ RunTime:0.000000s ]
INFO: [ app_end ] --END-- [ RunTime:0.000000s ]

