[ 2021-01-27T19:27:21+08:00 ] 123.151.76.158 /index.php/Admin/Jzx/index
INFO: [ app_init ] --START--
INFO: Run Behavior\BuildLiteBehavior [ RunTime:0.000000s ]
INFO: [ app_init ] --END-- [ RunTime:0.000000s ]
INFO: [ app_begin ] --START--
INFO: Run Behavior\ReadHtmlCacheBehavior [ RunTime:0.000000s ]
INFO: [ app_begin ] --END-- [ RunTime:0.000000s ]
SQL: SHOW COLUMNS FROM `c_auth_group_access` [ RunTime:0.0000s ]
SQL: SELECT `uid`,`group_id`,`title`,`rules` FROM c_auth_group_access a INNER JOIN c_auth_group g on a.group_id=g.id  WHERE ( a.uid='180' and g.status='1' )  [ RunTime:0.0000s ]
SQL: SHOW COLUMNS FROM `c_auth_rule` [ RunTime:0.0000s ]
SQL: SELECT `condition`,`name` FROM `c_auth_rule` WHERE `id` IN ('6','96','137','147','148','149','159','157','158') AND `type` = 1 AND `status` = 1  [ RunTime:0.0000s ]
NOTIC: [2048] Declaration of Common\Model\AdminNavModel::getTreeData() should be compatible with that of Common\Model\BaseModel::getTreeData() C:\wwwroot\oa.52lvu.cn\Application\Common\Model\AdminNavModel.class.php 第 7 行.
SQL: SHOW COLUMNS FROM `c_admin_nav` [ RunTime:0.0000s ]
SQL: SELECT * FROM `c_admin_nav` ORDER BY order_number is null,`order_number`,`id`  [ RunTime:0.0000s ]
SQL: SHOW COLUMNS FROM `c_users` [ RunTime:0.0000s ]
SQL: SELECT `isleader` FROM `c_users` WHERE ( id=180 ) LIMIT 1   [ RunTime:0.0000s ]
SQL: SHOW COLUMNS FROM `c_auth_group` [ RunTime:0.0000s ]
SQL: SELECT `id`,`title` FROM `c_auth_group`  [ RunTime:0.0000s ]
NOTIC: [8] Undefined index: pid C:\wwwroot\oa.52lvu.cn\ThinkPHP\Library\Vendor\Tree.class.php 第 71 行.
NOTIC: [8] Undefined index: pid C:\wwwroot\oa.52lvu.cn\ThinkPHP\Library\Vendor\Tree.class.php 第 71 行.
NOTIC: [8] Undefined index: pid C:\wwwroot\oa.52lvu.cn\ThinkPHP\Library\Vendor\Tree.class.php 第 71 行.
NOTIC: [8] Undefined index: pid C:\wwwroot\oa.52lvu.cn\ThinkPHP\Library\Vendor\Tree.class.php 第 71 行.
NOTIC: [8] Undefined index: pid C:\wwwroot\oa.52lvu.cn\ThinkPHP\Library\Vendor\Tree.class.php 第 71 行.
NOTIC: [8] Undefined index: pid C:\wwwroot\oa.52lvu.cn\ThinkPHP\Library\Vendor\Tree.class.php 第 71 行.
NOTIC: [8] Undefined index: pid C:\wwwroot\oa.52lvu.cn\ThinkPHP\Library\Vendor\Tree.class.php 第 71 行.
NOTIC: [8] Undefined variable: pid C:\wwwroot\oa.52lvu.cn\ThinkPHP\Library\Vendor\Tree.class.php 第 141 行.
NOTIC: [8] Undefined index: pid C:\wwwroot\oa.52lvu.cn\ThinkPHP\Library\Vendor\Tree.class.php 第 71 行.
NOTIC: [8] Undefined index: pid C:\wwwroot\oa.52lvu.cn\ThinkPHP\Library\Vendor\Tree.class.php 第 71 行.
NOTIC: [8] Undefined index: pid C:\wwwroot\oa.52lvu.cn\ThinkPHP\Library\Vendor\Tree.class.php 第 71 行.
NOTIC: [8] Undefined index: pid C:\wwwroot\oa.52lvu.cn\ThinkPHP\Library\Vendor\Tree.class.php 第 71 行.
NOTIC: [8] Undefined index: pid C:\wwwroot\oa.52lvu.cn\ThinkPHP\Library\Vendor\Tree.class.php 第 71 行.
NOTIC: [8] Undefined index: pid C:\wwwroot\oa.52lvu.cn\ThinkPHP\Library\Vendor\Tree.class.php 第 71 行.
NOTIC: [8] Undefined index: pid C:\wwwroot\oa.52lvu.cn\ThinkPHP\Library\Vendor\Tree.class.php 第 71 行.
NOTIC: [8] Undefined variable: pid C:\wwwroot\oa.52lvu.cn\ThinkPHP\Library\Vendor\Tree.class.php 第 141 行.
NOTIC: [8] Undefined index: pid C:\wwwroot\oa.52lvu.cn\ThinkPHP\Library\Vendor\Tree.class.php 第 71 行.
NOTIC: [8] Undefined index: pid C:\wwwroot\oa.52lvu.cn\ThinkPHP\Library\Vendor\Tree.class.php 第 71 行.
NOTIC: [8] Undefined index: pid C:\wwwroot\oa.52lvu.cn\ThinkPHP\Library\Vendor\Tree.class.php 第 71 行.
NOTIC: [8] Undefined index: pid C:\wwwroot\oa.52lvu.cn\ThinkPHP\Library\Vendor\Tree.class.php 第 71 行.
NOTIC: [8] Undefined index: pid C:\wwwroot\oa.52lvu.cn\ThinkPHP\Library\Vendor\Tree.class.php 第 71 行.
NOTIC: [8] Undefined index: pid C:\wwwroot\oa.52lvu.cn\ThinkPHP\Library\Vendor\Tree.class.php 第 71 行.
NOTIC: [8] Undefined index: pid C:\wwwroot\oa.52lvu.cn\ThinkPHP\Library\Vendor\Tree.class.php 第 71 行.
NOTIC: [8] Undefined variable: pid C:\wwwroot\oa.52lvu.cn\ThinkPHP\Library\Vendor\Tree.class.php 第 141 行.
NOTIC: [8] Undefined index: pid C:\wwwroot\oa.52lvu.cn\ThinkPHP\Library\Vendor\Tree.class.php 第 71 行.
NOTIC: [8] Undefined index: pid C:\wwwroot\oa.52lvu.cn\ThinkPHP\Library\Vendor\Tree.class.php 第 71 行.
NOTIC: [8] Undefined index: pid C:\wwwroot\oa.52lvu.cn\ThinkPHP\Library\Vendor\Tree.class.php 第 71 行.
NOTIC: [8] Undefined index: pid C:\wwwroot\oa.52lvu.cn\ThinkPHP\Library\Vendor\Tree.class.php 第 71 行.
NOTIC: [8] Undefined index: pid C:\wwwroot\oa.52lvu.cn\ThinkPHP\Library\Vendor\Tree.class.php 第 71 行.
NOTIC: [8] Undefined index: pid C:\wwwroot\oa.52lvu.cn\ThinkPHP\Library\Vendor\Tree.class.php 第 71 行.
NOTIC: [8] Undefined index: pid C:\wwwroot\oa.52lvu.cn\ThinkPHP\Library\Vendor\Tree.class.php 第 71 行.
NOTIC: [8] Undefined variable: pid C:\wwwroot\oa.52lvu.cn\ThinkPHP\Library\Vendor\Tree.class.php 第 141 行.
NOTIC: [8] Undefined index: pid C:\wwwroot\oa.52lvu.cn\ThinkPHP\Library\Vendor\Tree.class.php 第 71 行.
NOTIC: [8] Undefined index: pid C:\wwwroot\oa.52lvu.cn\ThinkPHP\Library\Vendor\Tree.class.php 第 71 行.
NOTIC: [8] Undefined index: pid C:\wwwroot\oa.52lvu.cn\ThinkPHP\Library\Vendor\Tree.class.php 第 71 行.
NOTIC: [8] Undefined index: pid C:\wwwroot\oa.52lvu.cn\ThinkPHP\Library\Vendor\Tree.class.php 第 71 行.
NOTIC: [8] Undefined index: pid C:\wwwroot\oa.52lvu.cn\ThinkPHP\Library\Vendor\Tree.class.php 第 71 行.
NOTIC: [8] Undefined index: pid C:\wwwroot\oa.52lvu.cn\ThinkPHP\Library\Vendor\Tree.class.php 第 71 行.
NOTIC: [8] Undefined index: pid C:\wwwroot\oa.52lvu.cn\ThinkPHP\Library\Vendor\Tree.class.php 第 71 行.
NOTIC: [8] Undefined variable: pid C:\wwwroot\oa.52lvu.cn\ThinkPHP\Library\Vendor\Tree.class.php 第 141 行.
NOTIC: [8] Undefined index: pid C:\wwwroot\oa.52lvu.cn\ThinkPHP\Library\Vendor\Tree.class.php 第 71 行.
NOTIC: [8] Undefined index: pid C:\wwwroot\oa.52lvu.cn\ThinkPHP\Library\Vendor\Tree.class.php 第 71 行.
NOTIC: [8] Undefined index: pid C:\wwwroot\oa.52lvu.cn\ThinkPHP\Library\Vendor\Tree.class.php 第 71 行.
NOTIC: [8] Undefined index: pid C:\wwwroot\oa.52lvu.cn\ThinkPHP\Library\Vendor\Tree.class.php 第 71 行.
NOTIC: [8] Undefined index: pid C:\wwwroot\oa.52lvu.cn\ThinkPHP\Library\Vendor\Tree.class.php 第 71 行.
NOTIC: [8] Undefined index: pid C:\wwwroot\oa.52lvu.cn\ThinkPHP\Library\Vendor\Tree.class.php 第 71 行.
NOTIC: [8] Undefined index: pid C:\wwwroot\oa.52lvu.cn\ThinkPHP\Library\Vendor\Tree.class.php 第 71 行.
NOTIC: [8] Undefined variable: pid C:\wwwroot\oa.52lvu.cn\ThinkPHP\Library\Vendor\Tree.class.php 第 141 行.
NOTIC: [8] Undefined index: pid C:\wwwroot\oa.52lvu.cn\ThinkPHP\Library\Vendor\Tree.class.php 第 71 行.
NOTIC: [8] Undefined index: pid C:\wwwroot\oa.52lvu.cn\ThinkPHP\Library\Vendor\Tree.class.php 第 71 行.
NOTIC: [8] Undefined index: pid C:\wwwroot\oa.52lvu.cn\ThinkPHP\Library\Vendor\Tree.class.php 第 71 行.
NOTIC: [8] Undefined index: pid C:\wwwroot\oa.52lvu.cn\ThinkPHP\Library\Vendor\Tree.class.php 第 71 行.
NOTIC: [8] Undefined index: pid C:\wwwroot\oa.52lvu.cn\ThinkPHP\Library\Vendor\Tree.class.php 第 71 行.
NOTIC: [8] Undefined index: pid C:\wwwroot\oa.52lvu.cn\ThinkPHP\Library\Vendor\Tree.class.php 第 71 行.
NOTIC: [8] Undefined index: pid C:\wwwroot\oa.52lvu.cn\ThinkPHP\Library\Vendor\Tree.class.php 第 71 行.
NOTIC: [8] Undefined variable: pid C:\wwwroot\oa.52lvu.cn\ThinkPHP\Library\Vendor\Tree.class.php 第 141 行.
NOTIC: [8] Undefined index: pid C:\wwwroot\oa.52lvu.cn\ThinkPHP\Library\Vendor\Tree.class.php 第 71 行.
NOTIC: [8] Undefined index: pid C:\wwwroot\oa.52lvu.cn\ThinkPHP\Library\Vendor\Tree.class.php 第 71 行.
NOTIC: [8] Undefined index: pid C:\wwwroot\oa.52lvu.cn\ThinkPHP\Library\Vendor\Tree.class.php 第 71 行.
NOTIC: [8] Undefined index: pid C:\wwwroot\oa.52lvu.cn\ThinkPHP\Library\Vendor\Tree.class.php 第 71 行.
NOTIC: [8] Undefined index: pid C:\wwwroot\oa.52lvu.cn\ThinkPHP\Library\Vendor\Tree.class.php 第 71 行.
NOTIC: [8] Undefined index: pid C:\wwwroot\oa.52lvu.cn\ThinkPHP\Library\Vendor\Tree.class.php 第 71 行.
NOTIC: [8] Undefined index: pid C:\wwwroot\oa.52lvu.cn\ThinkPHP\Library\Vendor\Tree.class.php 第 71 行.
SQL: SHOW COLUMNS FROM `c_case_jzx` [ RunTime:0.0156s ]
SQL: SELECT COUNT(*) AS tp_count FROM `c_case_jzx` WHERE `uid` = 180 LIMIT 1   [ RunTime:0.0000s ]
NOTIC: [2048] Only variables should be passed by reference C:\wwwroot\oa.52lvu.cn\ThinkPHP\Library\Think\Db\Driver.class.php 第 769 行.
SQL: SELECT * FROM `c_case_jzx` WHERE `uid` = 180 ORDER BY `time` desc LIMIT 0,100   [ RunTime:0.0000s ]
SQL: SHOW COLUMNS FROM `c_tree` [ RunTime:0.0000s ]
SQL: SELECT `name` FROM `c_tree` WHERE ( id=0 ) LIMIT 1   [ RunTime:0.0000s ]
SQL: SELECT `name` FROM `c_tree` WHERE ( id=0 ) LIMIT 1   [ RunTime:0.0000s ]
SQL: SELECT `name` FROM `c_tree` WHERE ( id=0 ) LIMIT 1   [ RunTime:0.0000s ]
SQL: SHOW COLUMNS FROM `c_pro_info` [ RunTime:0.0000s ]
SQL: SELECT * FROM `c_pro_info` WHERE ( ord_id=5390 )  [ RunTime:0.0000s ]
SQL: SHOW COLUMNS FROM `c_zp_info` [ RunTime:0.0000s ]
SQL: SELECT * FROM `c_zp_info` WHERE ( ord_id=5390 )  [ RunTime:0.0000s ]
SQL: SELECT `name` FROM `c_tree` WHERE ( id=0 ) LIMIT 1   [ RunTime:0.0000s ]
SQL: SELECT `name` FROM `c_tree` WHERE ( id=0 ) LIMIT 1   [ RunTime:0.0000s ]
SQL: SELECT `name` FROM `c_tree` WHERE ( id=0 ) LIMIT 1   [ RunTime:0.0000s ]
SQL: SELECT * FROM `c_pro_info` WHERE ( ord_id=5380 )  [ RunTime:0.0000s ]
SQL: SELECT * FROM `c_zp_info` WHERE ( ord_id=5380 )  [ RunTime:0.0000s ]
SQL: SELECT `name` FROM `c_tree` WHERE ( id=0 ) LIMIT 1   [ RunTime:0.0000s ]
SQL: SELECT `name` FROM `c_tree` WHERE ( id=0 ) LIMIT 1   [ RunTime:0.0000s ]
SQL: SELECT `name` FROM `c_tree` WHERE ( id=0 ) LIMIT 1   [ RunTime:0.0000s ]
SQL: SELECT * FROM `c_pro_info` WHERE ( ord_id=5343 )  [ RunTime:0.0000s ]
SQL: SELECT * FROM `c_zp_info` WHERE ( ord_id=5343 )  [ RunTime:0.0000s ]
SQL: SELECT `name` FROM `c_tree` WHERE ( id=0 ) LIMIT 1   [ RunTime:0.0000s ]
SQL: SELECT `name` FROM `c_tree` WHERE ( id=0 ) LIMIT 1   [ RunTime:0.0000s ]
SQL: SELECT `name` FROM `c_tree` WHERE ( id=0 ) LIMIT 1   [ RunTime:0.0000s ]
SQL: SELECT * FROM `c_pro_info` WHERE ( ord_id=5331 )  [ RunTime:0.0000s ]
SQL: SELECT * FROM `c_zp_info` WHERE ( ord_id=5331 )  [ RunTime:0.0000s ]
SQL: SELECT `name` FROM `c_tree` WHERE ( id=0 ) LIMIT 1   [ RunTime:0.0000s ]
SQL: SELECT `name` FROM `c_tree` WHERE ( id=0 ) LIMIT 1   [ RunTime:0.0000s ]
SQL: SELECT `name` FROM `c_tree` WHERE ( id=0 ) LIMIT 1   [ RunTime:0.0000s ]
SQL: SELECT * FROM `c_pro_info` WHERE ( ord_id=5297 )  [ RunTime:0.0000s ]
SQL: SELECT * FROM `c_zp_info` WHERE ( ord_id=5297 )  [ RunTime:0.0000s ]
SQL: SELECT `name` FROM `c_tree` WHERE ( id=0 ) LIMIT 1   [ RunTime:0.0000s ]
SQL: SELECT `name` FROM `c_tree` WHERE ( id=0 ) LIMIT 1   [ RunTime:0.0000s ]
SQL: SELECT `name` FROM `c_tree` WHERE ( id=0 ) LIMIT 1   [ RunTime:0.0000s ]
SQL: SELECT * FROM `c_pro_info` WHERE ( ord_id=5287 )  [ RunTime:0.0000s ]
SQL: SELECT * FROM `c_zp_info` WHERE ( ord_id=5287 )  [ RunTime:0.0000s ]
SQL: SELECT `name` FROM `c_tree` WHERE ( id=0 ) LIMIT 1   [ RunTime:0.0000s ]
SQL: SELECT `name` FROM `c_tree` WHERE ( id=0 ) LIMIT 1   [ RunTime:0.0000s ]
SQL: SELECT `name` FROM `c_tree` WHERE ( id=0 ) LIMIT 1   [ RunTime:0.0000s ]
SQL: SELECT * FROM `c_pro_info` WHERE ( ord_id=5284 )  [ RunTime:0.0000s ]
SQL: SELECT * FROM `c_zp_info` WHERE ( ord_id=5284 )  [ RunTime:0.0000s ]
SQL: SELECT `name` FROM `c_tree` WHERE ( id=0 ) LIMIT 1   [ RunTime:0.0000s ]
SQL: SELECT `name` FROM `c_tree` WHERE ( id=0 ) LIMIT 1   [ RunTime:0.0000s ]
SQL: SELECT `name` FROM `c_tree` WHERE ( id=0 ) LIMIT 1   [ RunTime:0.0000s ]
SQL: SELECT * FROM `c_pro_info` WHERE ( ord_id=5277 )  [ RunTime:0.0000s ]
SQL: SELECT * FROM `c_zp_info` WHERE ( ord_id=5277 )  [ RunTime:0.0000s ]
SQL: SELECT `name` FROM `c_tree` WHERE ( id=0 ) LIMIT 1   [ RunTime:0.0000s ]
SQL: SELECT `name` FROM `c_tree` WHERE ( id=0 ) LIMIT 1   [ RunTime:0.0000s ]
SQL: SELECT `name` FROM `c_tree` WHERE ( id=0 ) LIMIT 1   [ RunTime:0.0000s ]
SQL: SELECT * FROM `c_pro_info` WHERE ( ord_id=5257 )  [ RunTime:0.0156s ]
SQL: SELECT * FROM `c_zp_info` WHERE ( ord_id=5257 )  [ RunTime:0.0000s ]
SQL: SELECT `name` FROM `c_tree` WHERE ( id=0 ) LIMIT 1   [ RunTime:0.0000s ]
SQL: SELECT `name` FROM `c_tree` WHERE ( id=0 ) LIMIT 1   [ RunTime:0.0000s ]
SQL: SELECT `name` FROM `c_tree` WHERE ( id=0 ) LIMIT 1   [ RunTime:0.0000s ]
SQL: SELECT * FROM `c_pro_info` WHERE ( ord_id=5255 )  [ RunTime:0.0000s ]
SQL: SELECT * FROM `c_zp_info` WHERE ( ord_id=5255 )  [ RunTime:0.0000s ]
SQL: SELECT `name` FROM `c_tree` WHERE ( id=0 ) LIMIT 1   [ RunTime:0.0000s ]
SQL: SELECT `name` FROM `c_tree` WHERE ( id=0 ) LIMIT 1   [ RunTime:0.0000s ]
SQL: SELECT `name` FROM `c_tree` WHERE ( id=0 ) LIMIT 1   [ RunTime:0.0000s ]
SQL: SELECT * FROM `c_pro_info` WHERE ( ord_id=5243 )  [ RunTime:0.0000s ]
SQL: SELECT * FROM `c_zp_info` WHERE ( ord_id=5243 )  [ RunTime:0.0000s ]
SQL: SELECT `name` FROM `c_tree` WHERE ( id=0 ) LIMIT 1   [ RunTime:0.0000s ]
SQL: SELECT `name` FROM `c_tree` WHERE ( id=0 ) LIMIT 1   [ RunTime:0.0000s ]
SQL: SELECT `name` FROM `c_tree` WHERE ( id=0 ) LIMIT 1   [ RunTime:0.0000s ]
SQL: SELECT * FROM `c_pro_info` WHERE ( ord_id=5234 )  [ RunTime:0.0000s ]
SQL: SELECT * FROM `c_zp_info` WHERE ( ord_id=5234 )  [ RunTime:0.0000s ]
SQL: SELECT `name` FROM `c_tree` WHERE ( id=0 ) LIMIT 1   [ RunTime:0.0000s ]
SQL: SELECT `name` FROM `c_tree` WHERE ( id=0 ) LIMIT 1   [ RunTime:0.0000s ]
SQL: SELECT `name` FROM `c_tree` WHERE ( id=0 ) LIMIT 1   [ RunTime:0.0000s ]
SQL: SELECT * FROM `c_pro_info` WHERE ( ord_id=5232 )  [ RunTime:0.0000s ]
SQL: SELECT * FROM `c_zp_info` WHERE ( ord_id=5232 )  [ RunTime:0.0000s ]
SQL: SELECT `name` FROM `c_tree` WHERE ( id=0 ) LIMIT 1   [ RunTime:0.0000s ]
SQL: SELECT `name` FROM `c_tree` WHERE ( id=0 ) LIMIT 1   [ RunTime:0.0000s ]
SQL: SELECT `name` FROM `c_tree` WHERE ( id=0 ) LIMIT 1   [ RunTime:0.0000s ]
SQL: SELECT * FROM `c_pro_info` WHERE ( ord_id=5228 )  [ RunTime:0.0000s ]
SQL: SELECT * FROM `c_zp_info` WHERE ( ord_id=5228 )  [ RunTime:0.0000s ]
SQL: SELECT `name` FROM `c_tree` WHERE ( id=0 ) LIMIT 1   [ RunTime:0.0000s ]
SQL: SELECT `name` FROM `c_tree` WHERE ( id=0 ) LIMIT 1   [ RunTime:0.0000s ]
SQL: SELECT `name` FROM `c_tree` WHERE ( id=0 ) LIMIT 1   [ RunTime:0.0000s ]
SQL: SELECT * FROM `c_pro_info` WHERE ( ord_id=5220 )  [ RunTime:0.0000s ]
SQL: SELECT * FROM `c_zp_info` WHERE ( ord_id=5220 )  [ RunTime:0.0156s ]
SQL: SELECT `name` FROM `c_tree` WHERE ( id=0 ) LIMIT 1   [ RunTime:0.0000s ]
SQL: SELECT `name` FROM `c_tree` WHERE ( id=0 ) LIMIT 1   [ RunTime:0.0000s ]
SQL: SELECT `name` FROM `c_tree` WHERE ( id=0 ) LIMIT 1   [ RunTime:0.0000s ]
SQL: SELECT * FROM `c_pro_info` WHERE ( ord_id=5219 )  [ RunTime:0.0000s ]
SQL: SELECT * FROM `c_zp_info` WHERE ( ord_id=5219 )  [ RunTime:0.0000s ]
SQL: SELECT `name` FROM `c_tree` WHERE ( id=0 ) LIMIT 1   [ RunTime:0.0000s ]
SQL: SELECT `name` FROM `c_tree` WHERE ( id=0 ) LIMIT 1   [ RunTime:0.0000s ]
SQL: SELECT `name` FROM `c_tree` WHERE ( id=0 ) LIMIT 1   [ RunTime:0.0000s ]
SQL: SELECT * FROM `c_pro_info` WHERE ( ord_id=5195 )  [ RunTime:0.0000s ]
SQL: SELECT * FROM `c_zp_info` WHERE ( ord_id=5195 )  [ RunTime:0.0000s ]
SQL: SELECT `name` FROM `c_tree` WHERE ( id=0 ) LIMIT 1   [ RunTime:0.0000s ]
SQL: SELECT `name` FROM `c_tree` WHERE ( id=0 ) LIMIT 1   [ RunTime:0.0000s ]
SQL: SELECT `name` FROM `c_tree` WHERE ( id=0 ) LIMIT 1   [ RunTime:0.0000s ]
SQL: SELECT * FROM `c_pro_info` WHERE ( ord_id=5185 )  [ RunTime:0.0000s ]
SQL: SELECT * FROM `c_zp_info` WHERE ( ord_id=5185 )  [ RunTime:0.0000s ]
SQL: SELECT `name` FROM `c_tree` WHERE ( id=0 ) LIMIT 1   [ RunTime:0.0000s ]
SQL: SELECT `name` FROM `c_tree` WHERE ( id=0 ) LIMIT 1   [ RunTime:0.0000s ]
SQL: SELECT `name` FROM `c_tree` WHERE ( id=0 ) LIMIT 1   [ RunTime:0.0000s ]
SQL: SELECT * FROM `c_pro_info` WHERE ( ord_id=5169 )  [ RunTime:0.0000s ]
SQL: SELECT * FROM `c_zp_info` WHERE ( ord_id=5169 )  [ RunTime:0.0000s ]
SQL: SELECT `name` FROM `c_tree` WHERE ( id=0 ) LIMIT 1   [ RunTime:0.0000s ]
SQL: SELECT `name` FROM `c_tree` WHERE ( id=0 ) LIMIT 1   [ RunTime:0.0000s ]
SQL: SELECT `name` FROM `c_tree` WHERE ( id=0 ) LIMIT 1   [ RunTime:0.0000s ]
SQL: SELECT * FROM `c_pro_info` WHERE ( ord_id=5153 )  [ RunTime:0.0000s ]
SQL: SELECT * FROM `c_zp_info` WHERE ( ord_id=5153 )  [ RunTime:0.0000s ]
SQL: SELECT `name` FROM `c_tree` WHERE ( id=0 ) LIMIT 1   [ RunTime:0.0000s ]
SQL: SELECT `name` FROM `c_tree` WHERE ( id=0 ) LIMIT 1   [ RunTime:0.0000s ]
SQL: SELECT `name` FROM `c_tree` WHERE ( id=0 ) LIMIT 1   [ RunTime:0.0000s ]
SQL: SELECT * FROM `c_pro_info` WHERE ( ord_id=5147 )  [ RunTime:0.0000s ]
SQL: SELECT * FROM `c_zp_info` WHERE ( ord_id=5147 )  [ RunTime:0.0000s ]
SQL: SELECT `name` FROM `c_tree` WHERE ( id=0 ) LIMIT 1   [ RunTime:0.0000s ]
SQL: SELECT `name` FROM `c_tree` WHERE ( id=0 ) LIMIT 1   [ RunTime:0.0000s ]
SQL: SELECT `name` FROM `c_tree` WHERE ( id=0 ) LIMIT 1   [ RunTime:0.0156s ]
SQL: SELECT * FROM `c_pro_info` WHERE ( ord_id=5140 )  [ RunTime:0.0000s ]
SQL: SELECT * FROM `c_zp_info` WHERE ( ord_id=5140 )  [ RunTime:0.0000s ]
SQL: SELECT `name` FROM `c_tree` WHERE ( id=0 ) LIMIT 1   [ RunTime:0.0000s ]
SQL: SELECT `name` FROM `c_tree` WHERE ( id=0 ) LIMIT 1   [ RunTime:0.0000s ]
SQL: SELECT `name` FROM `c_tree` WHERE ( id=0 ) LIMIT 1   [ RunTime:0.0000s ]
SQL: SELECT * FROM `c_pro_info` WHERE ( ord_id=5107 )  [ RunTime:0.0000s ]
SQL: SELECT * FROM `c_zp_info` WHERE ( ord_id=5107 )  [ RunTime:0.0000s ]
SQL: SELECT `name` FROM `c_tree` WHERE ( id=0 ) LIMIT 1   [ RunTime:0.0000s ]
SQL: SELECT `name` FROM `c_tree` WHERE ( id=0 ) LIMIT 1   [ RunTime:0.0000s ]
SQL: SELECT `name` FROM `c_tree` WHERE ( id=0 ) LIMIT 1   [ RunTime:0.0000s ]
SQL: SELECT * FROM `c_pro_info` WHERE ( ord_id=5106 )  [ RunTime:0.0000s ]
SQL: SELECT * FROM `c_zp_info` WHERE ( ord_id=5106 )  [ RunTime:0.0000s ]
SQL: SELECT `name` FROM `c_tree` WHERE ( id=0 ) LIMIT 1   [ RunTime:0.0000s ]
SQL: SELECT `name` FROM `c_tree` WHERE ( id=0 ) LIMIT 1   [ RunTime:0.0000s ]
SQL: SELECT `name` FROM `c_tree` WHERE ( id=0 ) LIMIT 1   [ RunTime:0.0000s ]
SQL: SELECT * FROM `c_pro_info` WHERE ( ord_id=5090 )  [ RunTime:0.0156s ]
SQL: SELECT * FROM `c_zp_info` WHERE ( ord_id=5090 )  [ RunTime:0.0000s ]
SQL: SELECT `name` FROM `c_tree` WHERE ( id=0 ) LIMIT 1   [ RunTime:0.0000s ]
SQL: SELECT `name` FROM `c_tree` WHERE ( id=0 ) LIMIT 1   [ RunTime:0.0000s ]
SQL: SELECT `name` FROM `c_tree` WHERE ( id=0 ) LIMIT 1   [ RunTime:0.0000s ]
SQL: SELECT * FROM `c_pro_info` WHERE ( ord_id=5089 )  [ RunTime:0.0000s ]
SQL: SELECT * FROM `c_zp_info` WHERE ( ord_id=5089 )  [ RunTime:0.0000s ]
SQL: SELECT `name` FROM `c_tree` WHERE ( id=0 ) LIMIT 1   [ RunTime:0.0000s ]
SQL: SELECT `name` FROM `c_tree` WHERE ( id=0 ) LIMIT 1   [ RunTime:0.0000s ]
SQL: SELECT `name` FROM `c_tree` WHERE ( id=0 ) LIMIT 1   [ RunTime:0.0000s ]
SQL: SELECT * FROM `c_pro_info` WHERE ( ord_id=5064 )  [ RunTime:0.0000s ]
SQL: SELECT * FROM `c_zp_info` WHERE ( ord_id=5064 )  [ RunTime:0.0000s ]
SQL: SELECT `name` FROM `c_tree` WHERE ( id=0 ) LIMIT 1   [ RunTime:0.0000s ]
SQL: SELECT `name` FROM `c_tree` WHERE ( id=0 ) LIMIT 1   [ RunTime:0.0000s ]
SQL: SELECT `name` FROM `c_tree` WHERE ( id=0 ) LIMIT 1   [ RunTime:0.0000s ]
SQL: SELECT * FROM `c_pro_info` WHERE ( ord_id=5058 )  [ RunTime:0.0000s ]
SQL: SELECT * FROM `c_zp_info` WHERE ( ord_id=5058 )  [ RunTime:0.0000s ]
SQL: SELECT `name` FROM `c_tree` WHERE ( id=0 ) LIMIT 1   [ RunTime:0.0000s ]
SQL: SELECT `name` FROM `c_tree` WHERE ( id=0 ) LIMIT 1   [ RunTime:0.0000s ]
SQL: SELECT `name` FROM `c_tree` WHERE ( id=0 ) LIMIT 1   [ RunTime:0.0000s ]
SQL: SELECT * FROM `c_pro_info` WHERE ( ord_id=5057 )  [ RunTime:0.0000s ]
SQL: SELECT * FROM `c_zp_info` WHERE ( ord_id=5057 )  [ RunTime:0.0000s ]
SQL: SELECT `name` FROM `c_tree` WHERE ( id=0 ) LIMIT 1   [ RunTime:0.0000s ]
SQL: SELECT `name` FROM `c_tree` WHERE ( id=0 ) LIMIT 1   [ RunTime:0.0000s ]
SQL: SELECT `name` FROM `c_tree` WHERE ( id=0 ) LIMIT 1   [ RunTime:0.0000s ]
SQL: SELECT * FROM `c_pro_info` WHERE ( ord_id=5048 )  [ RunTime:0.0000s ]
SQL: SELECT * FROM `c_zp_info` WHERE ( ord_id=5048 )  [ RunTime:0.0000s ]
SQL: SELECT `name` FROM `c_tree` WHERE ( id=0 ) LIMIT 1   [ RunTime:0.0000s ]
SQL: SELECT `name` FROM `c_tree` WHERE ( id=0 ) LIMIT 1   [ RunTime:0.0000s ]
SQL: SELECT `name` FROM `c_tree` WHERE ( id=0 ) LIMIT 1   [ RunTime:0.0000s ]
SQL: SELECT * FROM `c_pro_info` WHERE ( ord_id=5019 )  [ RunTime:0.0000s ]
SQL: SELECT * FROM `c_zp_info` WHERE ( ord_id=5019 )  [ RunTime:0.0156s ]
SQL: SELECT `name` FROM `c_tree` WHERE ( id=0 ) LIMIT 1   [ RunTime:0.0000s ]
SQL: SELECT `name` FROM `c_tree` WHERE ( id=0 ) LIMIT 1   [ RunTime:0.0000s ]
SQL: SELECT `name` FROM `c_tree` WHERE ( id=0 ) LIMIT 1   [ RunTime:0.0000s ]
SQL: SELECT * FROM `c_pro_info` WHERE ( ord_id=5015 )  [ RunTime:0.0000s ]
SQL: SELECT * FROM `c_zp_info` WHERE ( ord_id=5015 )  [ RunTime:0.0000s ]
SQL: SELECT `name` FROM `c_tree` WHERE ( id=0 ) LIMIT 1   [ RunTime:0.0000s ]
SQL: SELECT `name` FROM `c_tree` WHERE ( id=0 ) LIMIT 1   [ RunTime:0.0000s ]
SQL: SELECT `name` FROM `c_tree` WHERE ( id=0 ) LIMIT 1   [ RunTime:0.0000s ]
SQL: SELECT * FROM `c_pro_info` WHERE ( ord_id=4999 )  [ RunTime:0.0000s ]
SQL: SELECT * FROM `c_zp_info` WHERE ( ord_id=4999 )  [ RunTime:0.0000s ]
SQL: SELECT `name` FROM `c_tree` WHERE ( id=0 ) LIMIT 1   [ RunTime:0.0000s ]
SQL: SELECT `name` FROM `c_tree` WHERE ( id=0 ) LIMIT 1   [ RunTime:0.0000s ]
SQL: SELECT `name` FROM `c_tree` WHERE ( id=0 ) LIMIT 1   [ RunTime:0.0000s ]
SQL: SELECT * FROM `c_pro_info` WHERE ( ord_id=4987 )  [ RunTime:0.0000s ]
SQL: SELECT * FROM `c_zp_info` WHERE ( ord_id=4987 )  [ RunTime:0.0000s ]
SQL: SELECT `name` FROM `c_tree` WHERE ( id=0 ) LIMIT 1   [ RunTime:0.0000s ]
SQL: SELECT `name` FROM `c_tree` WHERE ( id=0 ) LIMIT 1   [ RunTime:0.0000s ]
SQL: SELECT `name` FROM `c_tree` WHERE ( id=0 ) LIMIT 1   [ RunTime:0.0000s ]
SQL: SELECT * FROM `c_pro_info` WHERE ( ord_id=4979 )  [ RunTime:0.0000s ]
SQL: SELECT * FROM `c_zp_info` WHERE ( ord_id=4979 )  [ RunTime:0.0000s ]
SQL: SELECT `name` FROM `c_tree` WHERE ( id=0 ) LIMIT 1   [ RunTime:0.0000s ]
SQL: SELECT `name` FROM `c_tree` WHERE ( id=0 ) LIMIT 1   [ RunTime:0.0000s ]
SQL: SELECT `name` FROM `c_tree` WHERE ( id=0 ) LIMIT 1   [ RunTime:0.0000s ]
SQL: SELECT * FROM `c_pro_info` WHERE ( ord_id=4966 )  [ RunTime:0.0000s ]
SQL: SELECT * FROM `c_zp_info` WHERE ( ord_id=4966 )  [ RunTime:0.0000s ]
SQL: SELECT `name` FROM `c_tree` WHERE ( id=0 ) LIMIT 1   [ RunTime:0.0000s ]
SQL: SELECT `name` FROM `c_tree` WHERE ( id=0 ) LIMIT 1   [ RunTime:0.0000s ]
SQL: SELECT `name` FROM `c_tree` WHERE ( id=0 ) LIMIT 1   [ RunTime:0.0000s ]
SQL: SELECT * FROM `c_pro_info` WHERE ( ord_id=4956 )  [ RunTime:0.0000s ]
SQL: SELECT * FROM `c_zp_info` WHERE ( ord_id=4956 )  [ RunTime:0.0000s ]
SQL: SELECT `name` FROM `c_tree` WHERE ( id=0 ) LIMIT 1   [ RunTime:0.0000s ]
SQL: SELECT `name` FROM `c_tree` WHERE ( id=0 ) LIMIT 1   [ RunTime:0.0156s ]
SQL: SELECT `name` FROM `c_tree` WHERE ( id=0 ) LIMIT 1   [ RunTime:0.0000s ]
SQL: SELECT * FROM `c_pro_info` WHERE ( ord_id=4932 )  [ RunTime:0.0000s ]
SQL: SELECT * FROM `c_zp_info` WHERE ( ord_id=4932 )  [ RunTime:0.0000s ]
SQL: SELECT `name` FROM `c_tree` WHERE ( id=0 ) LIMIT 1   [ RunTime:0.0000s ]
SQL: SELECT `name` FROM `c_tree` WHERE ( id=0 ) LIMIT 1   [ RunTime:0.0000s ]
SQL: SELECT `name` FROM `c_tree` WHERE ( id=0 ) LIMIT 1   [ RunTime:0.0000s ]
SQL: SELECT * FROM `c_pro_info` WHERE ( ord_id=4926 )  [ RunTime:0.0000s ]
SQL: SELECT * FROM `c_zp_info` WHERE ( ord_id=4926 )  [ RunTime:0.0000s ]
SQL: SELECT `name` FROM `c_tree` WHERE ( id=0 ) LIMIT 1   [ RunTime:0.0000s ]
SQL: SELECT `name` FROM `c_tree` WHERE ( id=0 ) LIMIT 1   [ RunTime:0.0000s ]
SQL: SELECT `name` FROM `c_tree` WHERE ( id=0 ) LIMIT 1   [ RunTime:0.0000s ]
SQL: SELECT * FROM `c_pro_info` WHERE ( ord_id=4904 )  [ RunTime:0.0000s ]
SQL: SELECT * FROM `c_zp_info` WHERE ( ord_id=4904 )  [ RunTime:0.0000s ]
SQL: SELECT `name` FROM `c_tree` WHERE ( id=0 ) LIMIT 1   [ RunTime:0.0000s ]
SQL: SELECT `name` FROM `c_tree` WHERE ( id=0 ) LIMIT 1   [ RunTime:0.0000s ]
SQL: SELECT `name` FROM `c_tree` WHERE ( id=0 ) LIMIT 1   [ RunTime:0.0000s ]
SQL: SELECT * FROM `c_pro_info` WHERE ( ord_id=4898 )  [ RunTime:0.0000s ]
SQL: SELECT * FROM `c_zp_info` WHERE ( ord_id=4898 )  [ RunTime:0.0000s ]
SQL: SELECT `name` FROM `c_tree` WHERE ( id=0 ) LIMIT 1   [ RunTime:0.0000s ]
SQL: SELECT `name` FROM `c_tree` WHERE ( id=0 ) LIMIT 1   [ RunTime:0.0000s ]
SQL: SELECT `name` FROM `c_tree` WHERE ( id=0 ) LIMIT 1   [ RunTime:0.0000s ]
SQL: SELECT * FROM `c_pro_info` WHERE ( ord_id=4891 )  [ RunTime:0.0000s ]
SQL: SELECT * FROM `c_zp_info` WHERE ( ord_id=4891 )  [ RunTime:0.0156s ]
SQL: SELECT `name` FROM `c_tree` WHERE ( id=0 ) LIMIT 1   [ RunTime:0.0000s ]
SQL: SELECT `name` FROM `c_tree` WHERE ( id=0 ) LIMIT 1   [ RunTime:0.0000s ]
SQL: SELECT `name` FROM `c_tree` WHERE ( id=0 ) LIMIT 1   [ RunTime:0.0000s ]
SQL: SELECT * FROM `c_pro_info` WHERE ( ord_id=4887 )  [ RunTime:0.0000s ]
SQL: SELECT * FROM `c_zp_info` WHERE ( ord_id=4887 )  [ RunTime:0.0000s ]
SQL: SELECT `name` FROM `c_tree` WHERE ( id=0 ) LIMIT 1   [ RunTime:0.0000s ]
SQL: SELECT `name` FROM `c_tree` WHERE ( id=0 ) LIMIT 1   [ RunTime:0.0000s ]
SQL: SELECT `name` FROM `c_tree` WHERE ( id=0 ) LIMIT 1   [ RunTime:0.0000s ]
SQL: SELECT * FROM `c_pro_info` WHERE ( ord_id=4882 )  [ RunTime:0.0000s ]
SQL: SELECT * FROM `c_zp_info` WHERE ( ord_id=4882 )  [ RunTime:0.0000s ]
SQL: SELECT `name` FROM `c_tree` WHERE ( id=0 ) LIMIT 1   [ RunTime:0.0000s ]
SQL: SELECT `name` FROM `c_tree` WHERE ( id=0 ) LIMIT 1   [ RunTime:0.0000s ]
SQL: SELECT `name` FROM `c_tree` WHERE ( id=0 ) LIMIT 1   [ RunTime:0.0000s ]
SQL: SELECT * FROM `c_pro_info` WHERE ( ord_id=4867 )  [ RunTime:0.0000s ]
SQL: SELECT * FROM `c_zp_info` WHERE ( ord_id=4867 )  [ RunTime:0.0000s ]
SQL: SELECT `name` FROM `c_tree` WHERE ( id=0 ) LIMIT 1   [ RunTime:0.0000s ]
SQL: SELECT `name` FROM `c_tree` WHERE ( id=0 ) LIMIT 1   [ RunTime:0.0000s ]
SQL: SELECT `name` FROM `c_tree` WHERE ( id=0 ) LIMIT 1   [ RunTime:0.0000s ]
SQL: SELECT * FROM `c_pro_info` WHERE ( ord_id=4866 )  [ RunTime:0.0000s ]
SQL: SELECT * FROM `c_zp_info` WHERE ( ord_id=4866 )  [ RunTime:0.0000s ]
SQL: SELECT `name` FROM `c_tree` WHERE ( id=0 ) LIMIT 1   [ RunTime:0.0000s ]
SQL: SELECT `name` FROM `c_tree` WHERE ( id=0 ) LIMIT 1   [ RunTime:0.0000s ]
SQL: SELECT `name` FROM `c_tree` WHERE ( id=0 ) LIMIT 1   [ RunTime:0.0000s ]
SQL: SELECT * FROM `c_pro_info` WHERE ( ord_id=4851 )  [ RunTime:0.0000s ]
SQL: SELECT * FROM `c_zp_info` WHERE ( ord_id=4851 )  [ RunTime:0.0000s ]
SQL: SELECT `name` FROM `c_tree` WHERE ( id=0 ) LIMIT 1   [ RunTime:0.0000s ]
SQL: SELECT `name` FROM `c_tree` WHERE ( id=0 ) LIMIT 1   [ RunTime:0.0000s ]
SQL: SELECT `name` FROM `c_tree` WHERE ( id=0 ) LIMIT 1   [ RunTime:0.0000s ]
SQL: SELECT * FROM `c_pro_info` WHERE ( ord_id=4827 )  [ RunTime:0.0000s ]
SQL: SELECT * FROM `c_zp_info` WHERE ( ord_id=4827 )  [ RunTime:0.0000s ]
SQL: SELECT `name` FROM `c_tree` WHERE ( id=0 ) LIMIT 1   [ RunTime:0.0000s ]
SQL: SELECT `name` FROM `c_tree` WHERE ( id=0 ) LIMIT 1   [ RunTime:0.0000s ]
SQL: SELECT `name` FROM `c_tree` WHERE ( id=0 ) LIMIT 1   [ RunTime:0.0000s ]
SQL: SELECT * FROM `c_pro_info` WHERE ( ord_id=4826 )  [ RunTime:0.0000s ]
SQL: SELECT * FROM `c_zp_info` WHERE ( ord_id=4826 )  [ RunTime:0.0000s ]
SQL: SELECT `name` FROM `c_tree` WHERE ( id=0 ) LIMIT 1   [ RunTime:0.0000s ]
SQL: SELECT `name` FROM `c_tree` WHERE ( id=0 ) LIMIT 1   [ RunTime:0.0000s ]
SQL: SELECT `name` FROM `c_tree` WHERE ( id=0 ) LIMIT 1   [ RunTime:0.0000s ]
SQL: SELECT * FROM `c_pro_info` WHERE ( ord_id=4819 )  [ RunTime:0.0000s ]
SQL: SELECT * FROM `c_zp_info` WHERE ( ord_id=4819 )  [ RunTime:0.0000s ]
SQL: SELECT `name` FROM `c_tree` WHERE ( id=0 ) LIMIT 1   [ RunTime:0.0000s ]
SQL: SELECT `name` FROM `c_tree` WHERE ( id=0 ) LIMIT 1   [ RunTime:0.0000s ]
SQL: SELECT `name` FROM `c_tree` WHERE ( id=0 ) LIMIT 1   [ RunTime:0.0000s ]
SQL: SELECT * FROM `c_pro_info` WHERE ( ord_id=4812 )  [ RunTime:0.0000s ]
SQL: SELECT * FROM `c_zp_info` WHERE ( ord_id=4812 )  [ RunTime:0.0000s ]
SQL: SELECT `name` FROM `c_tree` WHERE ( id=0 ) LIMIT 1   [ RunTime:0.0000s ]
SQL: SELECT `name` FROM `c_tree` WHERE ( id=0 ) LIMIT 1   [ RunTime:0.0000s ]
SQL: SELECT `name` FROM `c_tree` WHERE ( id=0 ) LIMIT 1   [ RunTime:0.0000s ]
SQL: SELECT * FROM `c_pro_info` WHERE ( ord_id=4794 )  [ RunTime:0.0000s ]
SQL: SELECT * FROM `c_zp_info` WHERE ( ord_id=4794 )  [ RunTime:0.0000s ]
SQL: SELECT `name` FROM `c_tree` WHERE ( id=0 ) LIMIT 1   [ RunTime:0.0000s ]
SQL: SELECT `name` FROM `c_tree` WHERE ( id=0 ) LIMIT 1   [ RunTime:0.0000s ]
SQL: SELECT `name` FROM `c_tree` WHERE ( id=0 ) LIMIT 1   [ RunTime:0.0000s ]
SQL: SELECT * FROM `c_pro_info` WHERE ( ord_id=4773 )  [ RunTime:0.0000s ]
SQL: SELECT * FROM `c_zp_info` WHERE ( ord_id=4773 )  [ RunTime:0.0000s ]
SQL: SELECT `name` FROM `c_tree` WHERE ( id=0 ) LIMIT 1   [ RunTime:0.0000s ]
SQL: SELECT `name` FROM `c_tree` WHERE ( id=0 ) LIMIT 1   [ RunTime:0.0000s ]
SQL: SELECT `name` FROM `c_tree` WHERE ( id=0 ) LIMIT 1   [ RunTime:0.0000s ]
SQL: SELECT * FROM `c_pro_info` WHERE ( ord_id=4763 )  [ RunTime:0.0000s ]
SQL: SELECT * FROM `c_zp_info` WHERE ( ord_id=4763 )  [ RunTime:0.0000s ]
SQL: SELECT `name` FROM `c_tree` WHERE ( id=0 ) LIMIT 1   [ RunTime:0.0000s ]
SQL: SELECT `name` FROM `c_tree` WHERE ( id=0 ) LIMIT 1   [ RunTime:0.0000s ]
SQL: SELECT `name` FROM `c_tree` WHERE ( id=0 ) LIMIT 1   [ RunTime:0.0000s ]
SQL: SELECT * FROM `c_pro_info` WHERE ( ord_id=4748 )  [ RunTime:0.0156s ]
SQL: SELECT * FROM `c_zp_info` WHERE ( ord_id=4748 )  [ RunTime:0.0000s ]
SQL: SELECT `name` FROM `c_tree` WHERE ( id=0 ) LIMIT 1   [ RunTime:0.0000s ]
SQL: SELECT `name` FROM `c_tree` WHERE ( id=0 ) LIMIT 1   [ RunTime:0.0000s ]
SQL: SELECT `name` FROM `c_tree` WHERE ( id=0 ) LIMIT 1   [ RunTime:0.0000s ]
SQL: SELECT * FROM `c_pro_info` WHERE ( ord_id=4734 )  [ RunTime:0.0000s ]
SQL: SELECT * FROM `c_zp_info` WHERE ( ord_id=4734 )  [ RunTime:0.0000s ]
SQL: SELECT `name` FROM `c_tree` WHERE ( id=0 ) LIMIT 1   [ RunTime:0.0000s ]
SQL: SELECT `name` FROM `c_tree` WHERE ( id=0 ) LIMIT 1   [ RunTime:0.0000s ]
SQL: SELECT `name` FROM `c_tree` WHERE ( id=0 ) LIMIT 1   [ RunTime:0.0000s ]
SQL: SELECT * FROM `c_pro_info` WHERE ( ord_id=4733 )  [ RunTime:0.0000s ]
SQL: SELECT * FROM `c_zp_info` WHERE ( ord_id=4733 )  [ RunTime:0.0000s ]
SQL: SELECT `name` FROM `c_tree` WHERE ( id=0 ) LIMIT 1   [ RunTime:0.0000s ]
SQL: SELECT `name` FROM `c_tree` WHERE ( id=0 ) LIMIT 1   [ RunTime:0.0000s ]
SQL: SELECT `name` FROM `c_tree` WHERE ( id=0 ) LIMIT 1   [ RunTime:0.0000s ]
SQL: SELECT * FROM `c_pro_info` WHERE ( ord_id=4716 )  [ RunTime:0.0000s ]
SQL: SELECT * FROM `c_zp_info` WHERE ( ord_id=4716 )  [ RunTime:0.0156s ]
SQL: SELECT `name` FROM `c_tree` WHERE ( id=0 ) LIMIT 1   [ RunTime:0.0000s ]
SQL: SELECT `name` FROM `c_tree` WHERE ( id=0 ) LIMIT 1   [ RunTime:0.0000s ]
SQL: SELECT `name` FROM `c_tree` WHERE ( id=0 ) LIMIT 1   [ RunTime:0.0000s ]
SQL: SELECT * FROM `c_pro_info` WHERE ( ord_id=4699 )  [ RunTime:0.0000s ]
SQL: SELECT * FROM `c_zp_info` WHERE ( ord_id=4699 )  [ RunTime:0.0000s ]
SQL: SELECT `name` FROM `c_tree` WHERE ( id=0 ) LIMIT 1   [ RunTime:0.0000s ]
SQL: SELECT `name` FROM `c_tree` WHERE ( id=0 ) LIMIT 1   [ RunTime:0.0000s ]
SQL: SELECT `name` FROM `c_tree` WHERE ( id=0 ) LIMIT 1   [ RunTime:0.0000s ]
SQL: SELECT * FROM `c_pro_info` WHERE ( ord_id=4688 )  [ RunTime:0.0000s ]
SQL: SELECT * FROM `c_zp_info` WHERE ( ord_id=4688 )  [ RunTime:0.0000s ]
SQL: SELECT `name` FROM `c_tree` WHERE ( id=0 ) LIMIT 1   [ RunTime:0.0000s ]
SQL: SELECT `name` FROM `c_tree` WHERE ( id=0 ) LIMIT 1   [ RunTime:0.0000s ]
SQL: SELECT `name` FROM `c_tree` WHERE ( id=0 ) LIMIT 1   [ RunTime:0.0000s ]
SQL: SELECT * FROM `c_pro_info` WHERE ( ord_id=4669 )  [ RunTime:0.0000s ]
SQL: SELECT * FROM `c_zp_info` WHERE ( ord_id=4669 )  [ RunTime:0.0000s ]
SQL: SELECT `name` FROM `c_tree` WHERE ( id=0 ) LIMIT 1   [ RunTime:0.0156s ]
SQL: SELECT `name` FROM `c_tree` WHERE ( id=0 ) LIMIT 1   [ RunTime:0.0000s ]
SQL: SELECT `name` FROM `c_tree` WHERE ( id=0 ) LIMIT 1   [ RunTime:0.0000s ]
SQL: SELECT * FROM `c_pro_info` WHERE ( ord_id=4668 )  [ RunTime:0.0000s ]
SQL: SELECT * FROM `c_zp_info` WHERE ( ord_id=4668 )  [ RunTime:0.0000s ]
SQL: SELECT `name` FROM `c_tree` WHERE ( id=0 ) LIMIT 1   [ RunTime:0.0000s ]
SQL: SELECT `name` FROM `c_tree` WHERE ( id=0 ) LIMIT 1   [ RunTime:0.0000s ]
SQL: SELECT `name` FROM `c_tree` WHERE ( id=0 ) LIMIT 1   [ RunTime:0.0000s ]
SQL: SELECT * FROM `c_pro_info` WHERE ( ord_id=4665 )  [ RunTime:0.0000s ]
SQL: SELECT * FROM `c_zp_info` WHERE ( ord_id=4665 )  [ RunTime:0.0000s ]
SQL: SELECT `name` FROM `c_tree` WHERE ( id=0 ) LIMIT 1   [ RunTime:0.0000s ]
SQL: SELECT `name` FROM `c_tree` WHERE ( id=0 ) LIMIT 1   [ RunTime:0.0000s ]
SQL: SELECT `name` FROM `c_tree` WHERE ( id=0 ) LIMIT 1   [ RunTime:0.0000s ]
SQL: SELECT * FROM `c_pro_info` WHERE ( ord_id=4659 )  [ RunTime:0.0000s ]
SQL: SELECT * FROM `c_zp_info` WHERE ( ord_id=4659 )  [ RunTime:0.0000s ]
SQL: SELECT `name` FROM `c_tree` WHERE ( id=0 ) LIMIT 1   [ RunTime:0.0000s ]
SQL: SELECT `name` FROM `c_tree` WHERE ( id=0 ) LIMIT 1   [ RunTime:0.0000s ]
SQL: SELECT `name` FROM `c_tree` WHERE ( id=0 ) LIMIT 1   [ RunTime:0.0000s ]
SQL: SELECT * FROM `c_pro_info` WHERE ( ord_id=4644 )  [ RunTime:0.0000s ]
SQL: SELECT * FROM `c_zp_info` WHERE ( ord_id=4644 )  [ RunTime:0.0000s ]
SQL: SELECT `name` FROM `c_tree` WHERE ( id=0 ) LIMIT 1   [ RunTime:0.0000s ]
SQL: SELECT `name` FROM `c_tree` WHERE ( id=0 ) LIMIT 1   [ RunTime:0.0000s ]
SQL: SELECT `name` FROM `c_tree` WHERE ( id=0 ) LIMIT 1   [ RunTime:0.0000s ]
SQL: SELECT * FROM `c_pro_info` WHERE ( ord_id=4636 )  [ RunTime:0.0000s ]
SQL: SELECT * FROM `c_zp_info` WHERE ( ord_id=4636 )  [ RunTime:0.0000s ]
SQL: SELECT `name` FROM `c_tree` WHERE ( id=0 ) LIMIT 1   [ RunTime:0.0000s ]
SQL: SELECT `name` FROM `c_tree` WHERE ( id=0 ) LIMIT 1   [ RunTime:0.0000s ]
SQL: SELECT `name` FROM `c_tree` WHERE ( id=0 ) LIMIT 1   [ RunTime:0.0000s ]
SQL: SELECT * FROM `c_pro_info` WHERE ( ord_id=4632 )  [ RunTime:0.0000s ]
SQL: SELECT * FROM `c_zp_info` WHERE ( ord_id=4632 )  [ RunTime:0.0000s ]
SQL: SELECT `name` FROM `c_tree` WHERE ( id=0 ) LIMIT 1   [ RunTime:0.0000s ]
SQL: SELECT `name` FROM `c_tree` WHERE ( id=0 ) LIMIT 1   [ RunTime:0.0000s ]
SQL: SELECT `name` FROM `c_tree` WHERE ( id=0 ) LIMIT 1   [ RunTime:0.0000s ]
SQL: SELECT * FROM `c_pro_info` WHERE ( ord_id=4628 )  [ RunTime:0.0156s ]
SQL: SELECT * FROM `c_zp_info` WHERE ( ord_id=4628 )  [ RunTime:0.0000s ]
SQL: SELECT `name` FROM `c_tree` WHERE ( id=0 ) LIMIT 1   [ RunTime:0.0000s ]
SQL: SELECT `name` FROM `c_tree` WHERE ( id=0 ) LIMIT 1   [ RunTime:0.0000s ]
SQL: SELECT `name` FROM `c_tree` WHERE ( id=0 ) LIMIT 1   [ RunTime:0.0000s ]
SQL: SELECT * FROM `c_pro_info` WHERE ( ord_id=4622 )  [ RunTime:0.0000s ]
SQL: SELECT * FROM `c_zp_info` WHERE ( ord_id=4622 )  [ RunTime:0.0000s ]
SQL: SELECT `name` FROM `c_tree` WHERE ( id=0 ) LIMIT 1   [ RunTime:0.0000s ]
SQL: SELECT `name` FROM `c_tree` WHERE ( id=0 ) LIMIT 1   [ RunTime:0.0000s ]
SQL: SELECT `name` FROM `c_tree` WHERE ( id=0 ) LIMIT 1   [ RunTime:0.0000s ]
SQL: SELECT * FROM `c_pro_info` WHERE ( ord_id=4615 )  [ RunTime:0.0000s ]
SQL: SELECT * FROM `c_zp_info` WHERE ( ord_id=4615 )  [ RunTime:0.0000s ]
SQL: SELECT `name` FROM `c_tree` WHERE ( id=0 ) LIMIT 1   [ RunTime:0.0000s ]
SQL: SELECT `name` FROM `c_tree` WHERE ( id=0 ) LIMIT 1   [ RunTime:0.0000s ]
SQL: SELECT `name` FROM `c_tree` WHERE ( id=0 ) LIMIT 1   [ RunTime:0.0000s ]
SQL: SELECT * FROM `c_pro_info` WHERE ( ord_id=4614 )  [ RunTime:0.0000s ]
SQL: SELECT * FROM `c_zp_info` WHERE ( ord_id=4614 )  [ RunTime:0.0000s ]
SQL: SELECT `name` FROM `c_tree` WHERE ( id=0 ) LIMIT 1   [ RunTime:0.0000s ]
SQL: SELECT `name` FROM `c_tree` WHERE ( id=0 ) LIMIT 1   [ RunTime:0.0000s ]
SQL: SELECT `name` FROM `c_tree` WHERE ( id=0 ) LIMIT 1   [ RunTime:0.0000s ]
SQL: SELECT * FROM `c_pro_info` WHERE ( ord_id=4585 )  [ RunTime:0.0000s ]
SQL: SELECT * FROM `c_zp_info` WHERE ( ord_id=4585 )  [ RunTime:0.0000s ]
SQL: SELECT `name` FROM `c_tree` WHERE ( id=0 ) LIMIT 1   [ RunTime:0.0000s ]
SQL: SELECT `name` FROM `c_tree` WHERE ( id=0 ) LIMIT 1   [ RunTime:0.0000s ]
SQL: SELECT `name` FROM `c_tree` WHERE ( id=0 ) LIMIT 1   [ RunTime:0.0000s ]
SQL: SELECT * FROM `c_pro_info` WHERE ( ord_id=4582 )  [ RunTime:0.0000s ]
SQL: SELECT * FROM `c_zp_info` WHERE ( ord_id=4582 )  [ RunTime:0.0000s ]
SQL: SELECT `name` FROM `c_tree` WHERE ( id=0 ) LIMIT 1   [ RunTime:0.0000s ]
SQL: SELECT `name` FROM `c_tree` WHERE ( id=0 ) LIMIT 1   [ RunTime:0.0000s ]
SQL: SELECT `name` FROM `c_tree` WHERE ( id=0 ) LIMIT 1   [ RunTime:0.0000s ]
SQL: SELECT * FROM `c_pro_info` WHERE ( ord_id=4581 )  [ RunTime:0.0000s ]
SQL: SELECT * FROM `c_zp_info` WHERE ( ord_id=4581 )  [ RunTime:0.0000s ]
SQL: SELECT `name` FROM `c_tree` WHERE ( id=0 ) LIMIT 1   [ RunTime:0.0000s ]
SQL: SELECT `name` FROM `c_tree` WHERE ( id=0 ) LIMIT 1   [ RunTime:0.0000s ]
SQL: SELECT `name` FROM `c_tree` WHERE ( id=0 ) LIMIT 1   [ RunTime:0.0000s ]
SQL: SELECT * FROM `c_pro_info` WHERE ( ord_id=4571 )  [ RunTime:0.0000s ]
SQL: SELECT * FROM `c_zp_info` WHERE ( ord_id=4571 )  [ RunTime:0.0000s ]
SQL: SELECT `name` FROM `c_tree` WHERE ( id=0 ) LIMIT 1   [ RunTime:0.0000s ]
SQL: SELECT `name` FROM `c_tree` WHERE ( id=0 ) LIMIT 1   [ RunTime:0.0000s ]
SQL: SELECT `name` FROM `c_tree` WHERE ( id=0 ) LIMIT 1   [ RunTime:0.0000s ]
SQL: SELECT * FROM `c_pro_info` WHERE ( ord_id=4540 )  [ RunTime:0.0000s ]
SQL: SELECT * FROM `c_zp_info` WHERE ( ord_id=4540 )  [ RunTime:0.0000s ]
SQL: SELECT `name` FROM `c_tree` WHERE ( id=0 ) LIMIT 1   [ RunTime:0.0000s ]
SQL: SELECT `name` FROM `c_tree` WHERE ( id=0 ) LIMIT 1   [ RunTime:0.0000s ]
SQL: SELECT `name` FROM `c_tree` WHERE ( id=0 ) LIMIT 1   [ RunTime:0.0000s ]
SQL: SELECT * FROM `c_pro_info` WHERE ( ord_id=4534 )  [ RunTime:0.0000s ]
SQL: SELECT * FROM `c_zp_info` WHERE ( ord_id=4534 )  [ RunTime:0.0000s ]
SQL: SELECT `name` FROM `c_tree` WHERE ( id=0 ) LIMIT 1   [ RunTime:0.0000s ]
SQL: SELECT `name` FROM `c_tree` WHERE ( id=0 ) LIMIT 1   [ RunTime:0.0000s ]
SQL: SELECT `name` FROM `c_tree` WHERE ( id=0 ) LIMIT 1   [ RunTime:0.0000s ]
SQL: SELECT * FROM `c_pro_info` WHERE ( ord_id=4520 )  [ RunTime:0.0000s ]
SQL: SELECT * FROM `c_zp_info` WHERE ( ord_id=4520 )  [ RunTime:0.0000s ]
SQL: SELECT `name` FROM `c_tree` WHERE ( id=0 ) LIMIT 1   [ RunTime:0.0000s ]
SQL: SELECT `name` FROM `c_tree` WHERE ( id=0 ) LIMIT 1   [ RunTime:0.0000s ]
SQL: SELECT `name` FROM `c_tree` WHERE ( id=0 ) LIMIT 1   [ RunTime:0.0000s ]
SQL: SELECT * FROM `c_pro_info` WHERE ( ord_id=4512 )  [ RunTime:0.0000s ]
SQL: SELECT * FROM `c_zp_info` WHERE ( ord_id=4512 )  [ RunTime:0.0000s ]
SQL: SELECT `name` FROM `c_tree` WHERE ( id=0 ) LIMIT 1   [ RunTime:0.0000s ]
SQL: SELECT `name` FROM `c_tree` WHERE ( id=0 ) LIMIT 1   [ RunTime:0.0000s ]
SQL: SELECT `name` FROM `c_tree` WHERE ( id=0 ) LIMIT 1   [ RunTime:0.0000s ]
SQL: SELECT * FROM `c_pro_info` WHERE ( ord_id=4476 )  [ RunTime:0.0000s ]
SQL: SELECT * FROM `c_zp_info` WHERE ( ord_id=4476 )  [ RunTime:0.0000s ]
SQL: SELECT `name` FROM `c_tree` WHERE ( id=0 ) LIMIT 1   [ RunTime:0.0000s ]
SQL: SELECT `name` FROM `c_tree` WHERE ( id=0 ) LIMIT 1   [ RunTime:0.0000s ]
SQL: SELECT `name` FROM `c_tree` WHERE ( id=0 ) LIMIT 1   [ RunTime:0.0000s ]
SQL: SELECT * FROM `c_pro_info` WHERE ( ord_id=4467 )  [ RunTime:0.0000s ]
SQL: SELECT * FROM `c_zp_info` WHERE ( ord_id=4467 )  [ RunTime:0.0000s ]
SQL: SELECT `name` FROM `c_tree` WHERE ( id=0 ) LIMIT 1   [ RunTime:0.0000s ]
SQL: SELECT `name` FROM `c_tree` WHERE ( id=0 ) LIMIT 1   [ RunTime:0.0000s ]
SQL: SELECT `name` FROM `c_tree` WHERE ( id=0 ) LIMIT 1   [ RunTime:0.0000s ]
SQL: SELECT * FROM `c_pro_info` WHERE ( ord_id=4466 )  [ RunTime:0.0000s ]
SQL: SELECT * FROM `c_zp_info` WHERE ( ord_id=4466 )  [ RunTime:0.0000s ]
SQL: SELECT `name` FROM `c_tree` WHERE ( id=0 ) LIMIT 1   [ RunTime:0.0000s ]
SQL: SELECT `name` FROM `c_tree` WHERE ( id=0 ) LIMIT 1   [ RunTime:0.0000s ]
SQL: SELECT `name` FROM `c_tree` WHERE ( id=0 ) LIMIT 1   [ RunTime:0.0000s ]
SQL: SELECT * FROM `c_pro_info` WHERE ( ord_id=4452 )  [ RunTime:0.0000s ]
SQL: SELECT * FROM `c_zp_info` WHERE ( ord_id=4452 )  [ RunTime:0.0000s ]
SQL: SELECT `name` FROM `c_tree` WHERE ( id=0 ) LIMIT 1   [ RunTime:0.0000s ]
SQL: SELECT `name` FROM `c_tree` WHERE ( id=0 ) LIMIT 1   [ RunTime:0.0000s ]
SQL: SELECT `name` FROM `c_tree` WHERE ( id=0 ) LIMIT 1   [ RunTime:0.0000s ]
SQL: SELECT * FROM `c_pro_info` WHERE ( ord_id=4450 )  [ RunTime:0.0156s ]
SQL: SELECT * FROM `c_zp_info` WHERE ( ord_id=4450 )  [ RunTime:0.0000s ]
SQL: SELECT `name` FROM `c_tree` WHERE ( id=0 ) LIMIT 1   [ RunTime:0.0000s ]
SQL: SELECT `name` FROM `c_tree` WHERE ( id=0 ) LIMIT 1   [ RunTime:0.0000s ]
SQL: SELECT `name` FROM `c_tree` WHERE ( id=0 ) LIMIT 1   [ RunTime:0.0000s ]
SQL: SELECT * FROM `c_pro_info` WHERE ( ord_id=4435 )  [ RunTime:0.0000s ]
SQL: SELECT * FROM `c_zp_info` WHERE ( ord_id=4435 )  [ RunTime:0.0000s ]
SQL: SELECT `name` FROM `c_tree` WHERE ( id=0 ) LIMIT 1   [ RunTime:0.0000s ]
SQL: SELECT `name` FROM `c_tree` WHERE ( id=0 ) LIMIT 1   [ RunTime:0.0000s ]
SQL: SELECT `name` FROM `c_tree` WHERE ( id=0 ) LIMIT 1   [ RunTime:0.0000s ]
SQL: SELECT * FROM `c_pro_info` WHERE ( ord_id=4433 )  [ RunTime:0.0000s ]
SQL: SELECT * FROM `c_zp_info` WHERE ( ord_id=4433 )  [ RunTime:0.0000s ]
SQL: SELECT `name` FROM `c_tree` WHERE ( id=0 ) LIMIT 1   [ RunTime:0.0000s ]
SQL: SELECT `name` FROM `c_tree` WHERE ( id=0 ) LIMIT 1   [ RunTime:0.0000s ]
SQL: SELECT `name` FROM `c_tree` WHERE ( id=0 ) LIMIT 1   [ RunTime:0.0000s ]
SQL: SELECT * FROM `c_pro_info` WHERE ( ord_id=4413 )  [ RunTime:0.0000s ]
SQL: SELECT * FROM `c_zp_info` WHERE ( ord_id=4413 )  [ RunTime:0.0000s ]
SQL: SELECT `name` FROM `c_tree` WHERE ( id=0 ) LIMIT 1   [ RunTime:0.0000s ]
SQL: SELECT `name` FROM `c_tree` WHERE ( id=0 ) LIMIT 1   [ RunTime:0.0000s ]
SQL: SELECT `name` FROM `c_tree` WHERE ( id=0 ) LIMIT 1   [ RunTime:0.0000s ]
SQL: SELECT * FROM `c_pro_info` WHERE ( ord_id=4411 )  [ RunTime:0.0000s ]
SQL: SELECT * FROM `c_zp_info` WHERE ( ord_id=4411 )  [ RunTime:0.0000s ]
SQL: SELECT `name` FROM `c_tree` WHERE ( id=0 ) LIMIT 1   [ RunTime:0.0000s ]
SQL: SELECT `name` FROM `c_tree` WHERE ( id=0 ) LIMIT 1   [ RunTime:0.0000s ]
SQL: SELECT `name` FROM `c_tree` WHERE ( id=0 ) LIMIT 1   [ RunTime:0.0000s ]
SQL: SELECT * FROM `c_pro_info` WHERE ( ord_id=4401 )  [ RunTime:0.0000s ]
SQL: SELECT * FROM `c_zp_info` WHERE ( ord_id=4401 )  [ RunTime:0.0000s ]
SQL: SELECT `name` FROM `c_tree` WHERE ( id=0 ) LIMIT 1   [ RunTime:0.0000s ]
SQL: SELECT `name` FROM `c_tree` WHERE ( id=0 ) LIMIT 1   [ RunTime:0.0000s ]
SQL: SELECT `name` FROM `c_tree` WHERE ( id=0 ) LIMIT 1   [ RunTime:0.0000s ]
SQL: SELECT * FROM `c_pro_info` WHERE ( ord_id=4400 )  [ RunTime:0.0000s ]
SQL: SELECT * FROM `c_zp_info` WHERE ( ord_id=4400 )  [ RunTime:0.0000s ]
SQL: SELECT `name` FROM `c_tree` WHERE ( id=0 ) LIMIT 1   [ RunTime:0.0000s ]
SQL: SELECT `name` FROM `c_tree` WHERE ( id=0 ) LIMIT 1   [ RunTime:0.0000s ]
SQL: SELECT `name` FROM `c_tree` WHERE ( id=0 ) LIMIT 1   [ RunTime:0.0000s ]
SQL: SELECT * FROM `c_pro_info` WHERE ( ord_id=4398 )  [ RunTime:0.0000s ]
SQL: SELECT * FROM `c_zp_info` WHERE ( ord_id=4398 )  [ RunTime:0.0000s ]
SQL: SELECT `name` FROM `c_tree` WHERE ( id=0 ) LIMIT 1   [ RunTime:0.0000s ]
SQL: SELECT `name` FROM `c_tree` WHERE ( id=0 ) LIMIT 1   [ RunTime:0.0000s ]
SQL: SELECT `name` FROM `c_tree` WHERE ( id=0 ) LIMIT 1   [ RunTime:0.0000s ]
SQL: SELECT * FROM `c_pro_info` WHERE ( ord_id=4388 )  [ RunTime:0.0000s ]
SQL: SELECT * FROM `c_zp_info` WHERE ( ord_id=4388 )  [ RunTime:0.0000s ]
SQL: SELECT `name` FROM `c_tree` WHERE ( id=0 ) LIMIT 1   [ RunTime:0.0000s ]
SQL: SELECT `name` FROM `c_tree` WHERE ( id=0 ) LIMIT 1   [ RunTime:0.0000s ]
SQL: SELECT `name` FROM `c_tree` WHERE ( id=0 ) LIMIT 1   [ RunTime:0.0000s ]
SQL: SELECT * FROM `c_pro_info` WHERE ( ord_id=4387 )  [ RunTime:0.0000s ]
SQL: SELECT * FROM `c_zp_info` WHERE ( ord_id=4387 )  [ RunTime:0.0000s ]
SQL: SELECT `name` FROM `c_tree` WHERE ( id=0 ) LIMIT 1   [ RunTime:0.0000s ]
SQL: SELECT `name` FROM `c_tree` WHERE ( id=0 ) LIMIT 1   [ RunTime:0.0000s ]
SQL: SELECT `name` FROM `c_tree` WHERE ( id=0 ) LIMIT 1   [ RunTime:0.0000s ]
SQL: SELECT * FROM `c_pro_info` WHERE ( ord_id=4386 )  [ RunTime:0.0000s ]
SQL: SELECT * FROM `c_zp_info` WHERE ( ord_id=4386 )  [ RunTime:0.0000s ]
SQL: SELECT `name` FROM `c_tree` WHERE ( id=0 ) LIMIT 1   [ RunTime:0.0000s ]
SQL: SELECT `name` FROM `c_tree` WHERE ( id=0 ) LIMIT 1   [ RunTime:0.0000s ]
SQL: SELECT `name` FROM `c_tree` WHERE ( id=0 ) LIMIT 1   [ RunTime:0.0000s ]
SQL: SELECT * FROM `c_pro_info` WHERE ( ord_id=4383 )  [ RunTime:0.0000s ]
SQL: SELECT * FROM `c_zp_info` WHERE ( ord_id=4383 )  [ RunTime:0.0000s ]
SQL: SELECT `name` FROM `c_tree` WHERE ( id=0 ) LIMIT 1   [ RunTime:0.0000s ]
SQL: SELECT `name` FROM `c_tree` WHERE ( id=0 ) LIMIT 1   [ RunTime:0.0000s ]
SQL: SELECT `name` FROM `c_tree` WHERE ( id=0 ) LIMIT 1   [ RunTime:0.0000s ]
SQL: SELECT * FROM `c_pro_info` WHERE ( ord_id=4382 )  [ RunTime:0.0000s ]
SQL: SELECT * FROM `c_zp_info` WHERE ( ord_id=4382 )  [ RunTime:0.0000s ]
SQL: SELECT `name` FROM `c_tree` WHERE ( id=0 ) LIMIT 1   [ RunTime:0.0000s ]
SQL: SELECT `name` FROM `c_tree` WHERE ( id=0 ) LIMIT 1   [ RunTime:0.0000s ]
SQL: SELECT `name` FROM `c_tree` WHERE ( id=0 ) LIMIT 1   [ RunTime:0.0000s ]
SQL: SELECT * FROM `c_pro_info` WHERE ( ord_id=4363 )  [ RunTime:0.0156s ]
SQL: SELECT * FROM `c_zp_info` WHERE ( ord_id=4363 )  [ RunTime:0.0000s ]
SQL: SELECT `name` FROM `c_tree` WHERE ( id=0 ) LIMIT 1   [ RunTime:0.0000s ]
SQL: SELECT `name` FROM `c_tree` WHERE ( id=0 ) LIMIT 1   [ RunTime:0.0000s ]
SQL: SELECT `name` FROM `c_tree` WHERE ( id=0 ) LIMIT 1   [ RunTime:0.0000s ]
SQL: SELECT * FROM `c_pro_info` WHERE ( ord_id=4362 )  [ RunTime:0.0000s ]
SQL: SELECT * FROM `c_zp_info` WHERE ( ord_id=4362 )  [ RunTime:0.0000s ]
SQL: SELECT `name` FROM `c_tree` WHERE ( id=0 ) LIMIT 1   [ RunTime:0.0000s ]
SQL: SELECT `name` FROM `c_tree` WHERE ( id=0 ) LIMIT 1   [ RunTime:0.0000s ]
SQL: SELECT `name` FROM `c_tree` WHERE ( id=0 ) LIMIT 1   [ RunTime:0.0000s ]
SQL: SELECT * FROM `c_pro_info` WHERE ( ord_id=4357 )  [ RunTime:0.0000s ]
SQL: SELECT * FROM `c_zp_info` WHERE ( ord_id=4357 )  [ RunTime:0.0000s ]
SQL: SELECT `name` FROM `c_tree` WHERE ( id=0 ) LIMIT 1   [ RunTime:0.0000s ]
SQL: SELECT `name` FROM `c_tree` WHERE ( id=0 ) LIMIT 1   [ RunTime:0.0000s ]
SQL: SELECT `name` FROM `c_tree` WHERE ( id=0 ) LIMIT 1   [ RunTime:0.0000s ]
SQL: SELECT * FROM `c_pro_info` WHERE ( ord_id=4356 )  [ RunTime:0.0156s ]
SQL: SELECT * FROM `c_zp_info` WHERE ( ord_id=4356 )  [ RunTime:0.0000s ]
INFO: [ view_parse ] --START--
INFO: [ template_filter ] --START--
INFO: Run Behavior\ContentReplaceBehavior [ RunTime:0.000000s ]
INFO: [ template_filter ] --END-- [ RunTime:0.000000s ]
INFO: Run Behavior\ParseTemplateBehavior [ RunTime:0.156250s ]
INFO: [ view_parse ] --END-- [ RunTime:0.156250s ]
INFO: [ view_filter ] --START--
INFO: Run Behavior\WriteHtmlCacheBehavior [ RunTime:0.000000s ]
INFO: [ view_filter ] --END-- [ RunTime:0.000000s ]
INFO: [ app_end ] --START--
INFO: Run Behavior\ShowPageTraceBehavior [ RunTime:0.000000s ]
INFO: [ app_end ] --END-- [ RunTime:0.000000s ]

